1|(1)Numero Empleado|0100000116|Identificador de estado Invalido (02)|
1|(9)Clave del Banco (CLABE)|00021180040474488573|Tamaño de Clave del Banco (CLABE) debe ser 18 dígitos|
1|(10)Clave del Servicio Profesional de Carrera (FUNCION)|5|Tamaño de Clave del Servicio Profesional de Carrera (FUNCION) debe ser 2 dígitos|
1|(19)Programa General|01|La Programa General no es parte del catalogo de DGRH|
1|(23)Puesto|M02035|Tamaño de Puesto debe ser  a 7 Alfanumerico|
1|(24)Número de Puesto|0367|El Número Puesto no es parte del catalogo de DGRH|
1|(27)Centro de Responsabilidad|0114690036|El Centro de Responsabilidad no corresponde al Estado|
1|(28)Cédula de Identidad (NSS)|000080986927053|Tamaño de campo Cédula de Identidad (NSS) debe ser  a 11 Caracters|
1|(30)Número de AHISA-Fuente de Financiamiento|1|Tamaño de campo Número de AHISA-Fuente de Financiamiento debe ser de 2 Digítos|
1|(35)Horario Asignado|0|Horario Asignado no corresponde al catalogo establecidas por DGRH(1-8)|
1|(38)Nivel de puesto - Nivel de puesto SPC||Nivel de puesto - Nivel de puesto SPC debe ser de 10 Digítos|
1|(48)Periodo de Aplicación Final|20160115|No Corresponde a datos de Aplicacion Final (15/28/29/30/31)|
1|(51)Tipo de Pago| 0000000000000000000000000001.0000000000|Tipo de Pago ser de 1 digitos|
1|(53)Instrumento de Pago Nuevo|00|El valor de Instrumento de Pago Nuevo no coincide con la directiva de calidad de la DGRH|
1|(54)Percepciones | 0000000540.00|Percepciones debe  ser de 10 digitos y 2 decimales|
1|(55)Deducciones | 0000000000.00|Deducciones debe  ser de 10 digitos y 2 decimales |
1|(56)Neto| 0000000540.00|Neto debe  ser de 10 digitos y 2 decimales |
1|(57)Número de Trailers-Total  de Conceptos | 0000000000000000000000000001.0000000000|Número de Trailers-Total  de Conceptos debe  ser de 2 |
1|(59)Nombre del Producto|PRDP011|Nombre del Producto debe  ser de 11 caracteres/numeros|
1|(61)Número de Cheque|010000131|Número de Cheque debe  ser de 10 Digitos|
1|(63)Indicador de TESOFE -JORNADA| 0000000000000000000000000001.0000000000|Indicador de TESOFE-JORNADA debe  ser de 2 Digitos|
1|(65)Ciclo del FONAC|F27|Ciclo del FONAC debe  ser de 4 Digitos|
1|(67)Acumulado de FONAC| 0000000000000000000000005906.0000000000|Acumulado de FONAC debe  ser de 10 Digitos|
1|(69)Licencia sin Goce de Sueldo / CLUES|ASSSA000153|Licencia sin Goce de Sueldo / CLUES No coincide el catalogo definido por la DGRH|
1|(70)Porcentaje de Pensión 01 | 0000000040.00|Porcentaje de Pensión 01   ser de 3 enteros y 2 decimales(###.##)|
1|(71)Porcentaje de Pensión 02 | 0000000000.00|Porcentaje de Pensión 02   ser de 3 enteros y 2 decimales(###.##)|
1|(72)Porcentaje de Pensión 03| 0000000000.00|Porcentaje de Pensión 03 ser de 3 enteros y 2 decimales(###.##)|
1|(73)Porcentaje de Pensión 04| 0000000000.00|Porcentaje de Pensión 04 ser de 3 enteros y 2 decimales(###.##)|
1|(74)Porcentaje de Pensión 05| 0000000000.00|Porcentaje de Pensión 04 ser de 3 enteros y 2 decimales(###.##)|
1|(75)Elección de tipo de retiro del ISSSTE| 0000000000000000000000000001.0000000000|Elección de tipo de retiro del ISSSTE 1 enteros [0,1,2]|
1|(76)Tipo de Unidad| 0000000000000000000000000002.0000000000|Tipo de Unidad 1 enteros [1,2]|
2|(1)Numero Empleado|0100000195|Identificador de estado Invalido (02)|
2|(9)Clave del Banco (CLABE)|00021180040474488573|Tamaño de Clave del Banco (CLABE) debe ser 18 dígitos|
2|(10)Clave del Servicio Profesional de Carrera (FUNCION)|2|Tamaño de Clave del Servicio Profesional de Carrera (FUNCION) debe ser 2 dígitos|
2|(19)Programa General|01|La Programa General no es parte del catalogo de DGRH|
2|(23)Puesto|M01006|Tamaño de Puesto debe ser  a 7 Alfanumerico|
2|(24)Número de Puesto|0114|El Número Puesto no es parte del catalogo de DGRH|
2|(27)Centro de Responsabilidad|0114690048|El Centro de Responsabilidad no corresponde al Estado|
2|(28)Cédula de Identidad (NSS)|000080885531725|Tamaño de campo Cédula de Identidad (NSS) debe ser  a 11 Caracters|
2|(30)Número de AHISA-Fuente de Financiamiento|1|Tamaño de campo Número de AHISA-Fuente de Financiamiento debe ser de 2 Digítos|
2|(35)Horario Asignado|0|Horario Asignado no corresponde al catalogo establecidas por DGRH(1-8)|
2|(38)Nivel de puesto - Nivel de puesto SPC||Nivel de puesto - Nivel de puesto SPC debe ser de 10 Digítos|
2|(48)Periodo de Aplicación Final|20160115|No Corresponde a datos de Aplicacion Final (15/28/29/30/31)|
2|(51)Tipo de Pago| 0000000000000000000000000001.0000000000|Tipo de Pago ser de 1 digitos|
2|(53)Instrumento de Pago Nuevo|00|El valor de Instrumento de Pago Nuevo no coincide con la directiva de calidad de la DGRH|
2|(54)Percepciones | 0000000675.00|Percepciones debe  ser de 10 digitos y 2 decimales|
2|(55)Deducciones | 0000000000.00|Deducciones debe  ser de 10 digitos y 2 decimales |
2|(56)Neto| 0000000675.00|Neto debe  ser de 10 digitos y 2 decimales |
2|(57)Número de Trailers-Total  de Conceptos | 0000000000000000000000000001.0000000000|Número de Trailers-Total  de Conceptos debe  ser de 2 |
2|(59)Nombre del Producto|PRDP011|Nombre del Producto debe  ser de 11 caracteres/numeros|
2|(61)Número de Cheque|010000132|Número de Cheque debe  ser de 10 Digitos|
2|(63)Indicador de TESOFE -JORNADA| 0000000000000000000000000001.0000000000|Indicador de TESOFE-JORNADA debe  ser de 2 Digitos|
2|(65)Ciclo del FONAC|F27|Ciclo del FONAC debe  ser de 4 Digitos|
2|(67)Acumulado de FONAC| 0000000000000000000000005906.0000000000|Acumulado de FONAC debe  ser de 10 Digitos|
2|(69)Licencia sin Goce de Sueldo / CLUES|ASSSA000800|Licencia sin Goce de Sueldo / CLUES No coincide el catalogo definido por la DGRH|
2|(70)Porcentaje de Pensión 01 | 0000000050.00|Porcentaje de Pensión 01   ser de 3 enteros y 2 decimales(###.##)|
2|(71)Porcentaje de Pensión 02 | 0000000000.00|Porcentaje de Pensión 02   ser de 3 enteros y 2 decimales(###.##)|
2|(72)Porcentaje de Pensión 03| 0000000000.00|Porcentaje de Pensión 03 ser de 3 enteros y 2 decimales(###.##)|
2|(73)Porcentaje de Pensión 04| 0000000000.00|Porcentaje de Pensión 04 ser de 3 enteros y 2 decimales(###.##)|
2|(74)Porcentaje de Pensión 05| 0000000000.00|Porcentaje de Pensión 04 ser de 3 enteros y 2 decimales(###.##)|
2|(75)Elección de tipo de retiro del ISSSTE| 0000000000000000000000000001.0000000000|Elección de tipo de retiro del ISSSTE 1 enteros [0,1,2]|
2|(76)Tipo de Unidad| 0000000000000000000000000002.0000000000|Tipo de Unidad 1 enteros [1,2]|
3|(1)Numero Empleado|0100000684|Identificador de estado Invalido (02)|
3|(9)Clave del Banco (CLABE)|00072010001983249790|Tamaño de Clave del Banco (CLABE) debe ser 18 dígitos|
3|(10)Clave del Servicio Profesional de Carrera (FUNCION)|7|Tamaño de Clave del Servicio Profesional de Carrera (FUNCION) debe ser 2 dígitos|
3|(19)Programa General|01|La Programa General no es parte del catalogo de DGRH|
3|(23)Puesto|M03004|Tamaño de Puesto debe ser  a 7 Alfanumerico|
3|(24)Número de Puesto|0260|El Número Puesto no es parte del catalogo de DGRH|
3|(27)Centro de Responsabilidad|0114690036|El Centro de Responsabilidad no corresponde al Estado|
3|(28)Cédula de Identidad (NSS)|000080885988735|Tamaño de campo Cédula de Identidad (NSS) debe ser  a 11 Caracters|
3|(30)Número de AHISA-Fuente de Financiamiento|1|Tamaño de campo Número de AHISA-Fuente de Financiamiento debe ser de 2 Digítos|
3|(35)Horario Asignado|0|Horario Asignado no corresponde al catalogo establecidas por DGRH(1-8)|
3|(38)Nivel de puesto - Nivel de puesto SPC||Nivel de puesto - Nivel de puesto SPC debe ser de 10 Digítos|
3|(48)Periodo de Aplicación Final|20160115|No Corresponde a datos de Aplicacion Final (15/28/29/30/31)|
3|(51)Tipo de Pago| 0000000000000000000000000001.0000000000|Tipo de Pago ser de 1 digitos|
3|(53)Instrumento de Pago Nuevo|00|El valor de Instrumento de Pago Nuevo no coincide con la directiva de calidad de la DGRH|
3|(54)Percepciones | 0000000540.00|Percepciones debe  ser de 10 digitos y 2 decimales|
3|(55)Deducciones | 0000000000.00|Deducciones debe  ser de 10 digitos y 2 decimales |
3|(56)Neto| 0000000540.00|Neto debe  ser de 10 digitos y 2 decimales |
3|(57)Número de Trailers-Total  de Conceptos | 0000000000000000000000000001.0000000000|Número de Trailers-Total  de Conceptos debe  ser de 2 |
3|(59)Nombre del Producto|PRDP011|Nombre del Producto debe  ser de 11 caracteres/numeros|
3|(61)Número de Cheque|000523150|Número de Cheque debe  ser de 10 Digitos|
3|(63)Indicador de TESOFE -JORNADA| 0000000000000000000000000001.0000000000|Indicador de TESOFE-JORNADA debe  ser de 2 Digitos|
3|(65)Ciclo del FONAC|F27|Ciclo del FONAC debe  ser de 4 Digitos|
3|(67)Acumulado de FONAC| 0000000000000000000000005906.0000000000|Acumulado de FONAC debe  ser de 10 Digitos|
3|(69)Licencia sin Goce de Sueldo / CLUES|ASSSA000153|Licencia sin Goce de Sueldo / CLUES No coincide el catalogo definido por la DGRH|
3|(70)Porcentaje de Pensión 01 | 0000000040.00|Porcentaje de Pensión 01   ser de 3 enteros y 2 decimales(###.##)|
3|(71)Porcentaje de Pensión 02 | 0000000000.00|Porcentaje de Pensión 02   ser de 3 enteros y 2 decimales(###.##)|
3|(72)Porcentaje de Pensión 03| 0000000000.00|Porcentaje de Pensión 03 ser de 3 enteros y 2 decimales(###.##)|
3|(73)Porcentaje de Pensión 04| 0000000000.00|Porcentaje de Pensión 04 ser de 3 enteros y 2 decimales(###.##)|
3|(74)Porcentaje de Pensión 05| 0000000000.00|Porcentaje de Pensión 04 ser de 3 enteros y 2 decimales(###.##)|
3|(75)Elección de tipo de retiro del ISSSTE| 0000000000000000000000000001.0000000000|Elección de tipo de retiro del ISSSTE 1 enteros [0,1,2]|
3|(76)Tipo de Unidad| 0000000000000000000000000002.0000000000|Tipo de Unidad 1 enteros [1,2]|
4|(1)Numero Empleado|0100001176|Identificador de estado Invalido (02)|
4|(4)Nombre del Empleado|MEZA BALTAZAR SALDI DANAE|EL campo no cumple con estructura definida PATERNO,MATERNO/NOMBRE(S)|
4|(9)Clave del Banco (CLABE)|00021180040474488573|Tamaño de Clave del Banco (CLABE) debe ser 18 dígitos|
4|(10)Clave del Servicio Profesional de Carrera (FUNCION)|6|Tamaño de Clave del Servicio Profesional de Carrera (FUNCION) debe ser 2 dígitos|
4|(19)Programa General|01|La Programa General no es parte del catalogo de DGRH|
4|(23)Puesto|M02006|Tamaño de Puesto debe ser  a 7 Alfanumerico|
4|(24)Número de Puesto|0065|El Número Puesto no es parte del catalogo de DGRH|
4|(26)Municipio|006|El Municipio no es parte del catalogo de DGRH|
4|(27)Centro de Responsabilidad|0114690100|El Centro de Responsabilidad no corresponde al Estado|
4|(28)Cédula de Identidad (NSS)|000080906753480|Tamaño de campo Cédula de Identidad (NSS) debe ser  a 11 Caracters|
4|(30)Número de AHISA-Fuente de Financiamiento|1|Tamaño de campo Número de AHISA-Fuente de Financiamiento debe ser de 2 Digítos|
4|(35)Horario Asignado|0|Horario Asignado no corresponde al catalogo establecidas por DGRH(1-8)|
4|(38)Nivel de puesto - Nivel de puesto SPC||Nivel de puesto - Nivel de puesto SPC debe ser de 10 Digítos|
4|(48)Periodo de Aplicación Final|20160115|No Corresponde a datos de Aplicacion Final (15/28/29/30/31)|
4|(51)Tipo de Pago| 0000000000000000000000000001.0000000000|Tipo de Pago ser de 1 digitos|
4|(53)Instrumento de Pago Nuevo|00|El valor de Instrumento de Pago Nuevo no coincide con la directiva de calidad de la DGRH|
4|(54)Percepciones | 0000000152.55|Percepciones debe  ser de 10 digitos y 2 decimales|
4|(55)Deducciones | 0000000000.00|Deducciones debe  ser de 10 digitos y 2 decimales |
4|(56)Neto| 0000000152.55|Neto debe  ser de 10 digitos y 2 decimales |
4|(57)Número de Trailers-Total  de Conceptos | 0000000000000000000000000001.0000000000|Número de Trailers-Total  de Conceptos debe  ser de 2 |
4|(59)Nombre del Producto|PRDP011|Nombre del Producto debe  ser de 11 caracteres/numeros|
4|(61)Número de Cheque|010000133|Número de Cheque debe  ser de 10 Digitos|
4|(63)Indicador de TESOFE -JORNADA| 0000000000000000000000000001.0000000000|Indicador de TESOFE-JORNADA debe  ser de 2 Digitos|
4|(65)Ciclo del FONAC|F27|Ciclo del FONAC debe  ser de 4 Digitos|
4|(67)Acumulado de FONAC| 0000000000000000000000005906.0000000000|Acumulado de FONAC debe  ser de 10 Digitos|
4|(69)Licencia sin Goce de Sueldo / CLUES|ASSSA000614|Licencia sin Goce de Sueldo / CLUES No coincide el catalogo definido por la DGRH|
4|(70)Porcentaje de Pensión 01 | 0000000000.00|Porcentaje de Pensión 01   ser de 3 enteros y 2 decimales(###.##)|
4|(71)Porcentaje de Pensión 02 | 0000000000.00|Porcentaje de Pensión 02   ser de 3 enteros y 2 decimales(###.##)|
4|(72)Porcentaje de Pensión 03| 0000000011.00|Porcentaje de Pensión 03 ser de 3 enteros y 2 decimales(###.##)|
4|(73)Porcentaje de Pensión 04| 0000000000.00|Porcentaje de Pensión 04 ser de 3 enteros y 2 decimales(###.##)|
4|(74)Porcentaje de Pensión 05| 0000000000.00|Porcentaje de Pensión 04 ser de 3 enteros y 2 decimales(###.##)|
4|(75)Elección de tipo de retiro del ISSSTE| 0000000000000000000000000001.0000000000|Elección de tipo de retiro del ISSSTE 1 enteros [0,1,2]|
4|(76)Tipo de Unidad| 0000000000000000000000000002.0000000000|Tipo de Unidad 1 enteros [1,2]|
5|(1)Numero Empleado|0100001254|Identificador de estado Invalido (02)|
5|(4)Nombre del Empleado|HERNANDEZ SALAZAR ROSA ISELA|EL campo no cumple con estructura definida PATERNO,MATERNO/NOMBRE(S)|
5|(9)Clave del Banco (CLABE)|00021180040474488573|Tamaño de Clave del Banco (CLABE) debe ser 18 dígitos|
5|(10)Clave del Servicio Profesional de Carrera (FUNCION)|2|Tamaño de Clave del Servicio Profesional de Carrera (FUNCION) debe ser 2 dígitos|
5|(19)Programa General|01|La Programa General no es parte del catalogo de DGRH|
5|(23)Puesto|M01006|Tamaño de Puesto debe ser  a 7 Alfanumerico|
5|(24)Número de Puesto|0128|El Número Puesto no es parte del catalogo de DGRH|
5|(27)Centro de Responsabilidad|0114690065|El Centro de Responsabilidad no corresponde al Estado|
5|(28)Cédula de Identidad (NSS)|000080895449439|Tamaño de campo Cédula de Identidad (NSS) debe ser  a 11 Caracters|
5|(30)Número de AHISA-Fuente de Financiamiento|1|Tamaño de campo Número de AHISA-Fuente de Financiamiento debe ser de 2 Digítos|
5|(35)Horario Asignado|0|Horario Asignado no corresponde al catalogo establecidas por DGRH(1-8)|
5|(38)Nivel de puesto - Nivel de puesto SPC||Nivel de puesto - Nivel de puesto SPC debe ser de 10 Digítos|
5|(48)Periodo de Aplicación Final|20160115|No Corresponde a datos de Aplicacion Final (15/28/29/30/31)|
5|(51)Tipo de Pago| 0000000000000000000000000001.0000000000|Tipo de Pago ser de 1 digitos|
5|(53)Instrumento de Pago Nuevo|00|El valor de Instrumento de Pago Nuevo no coincide con la directiva de calidad de la DGRH|
5|(54)Percepciones | 0000000648.00|Percepciones debe  ser de 10 digitos y 2 decimales|
5|(55)Deducciones | 0000000000.00|Deducciones debe  ser de 10 digitos y 2 decimales |
5|(56)Neto| 0000000648.00|Neto debe  ser de 10 digitos y 2 decimales |
5|(57)Número de Trailers-Total  de Conceptos | 0000000000000000000000000001.0000000000|Número de Trailers-Total  de Conceptos debe  ser de 2 |
5|(59)Nombre del Producto|PRDP011|Nombre del Producto debe  ser de 11 caracteres/numeros|
5|(61)Número de Cheque|010000134|Número de Cheque debe  ser de 10 Digitos|
5|(63)Indicador de TESOFE -JORNADA| 0000000000000000000000000001.0000000000|Indicador de TESOFE-JORNADA debe  ser de 2 Digitos|
5|(65)Ciclo del FONAC|F27|Ciclo del FONAC debe  ser de 4 Digitos|
5|(67)Acumulado de FONAC| 0000000000000000000000005906.0000000000|Acumulado de FONAC debe  ser de 10 Digitos|
5|(69)Licencia sin Goce de Sueldo / CLUES|ASSSA000165|Licencia sin Goce de Sueldo / CLUES No coincide el catalogo definido por la DGRH|
5|(70)Porcentaje de Pensión 01 | 0000000048.00|Porcentaje de Pensión 01   ser de 3 enteros y 2 decimales(###.##)|
5|(71)Porcentaje de Pensión 02 | 0000000000.00|Porcentaje de Pensión 02   ser de 3 enteros y 2 decimales(###.##)|
5|(72)Porcentaje de Pensión 03| 0000000000.00|Porcentaje de Pensión 03 ser de 3 enteros y 2 decimales(###.##)|
5|(73)Porcentaje de Pensión 04| 0000000000.00|Porcentaje de Pensión 04 ser de 3 enteros y 2 decimales(###.##)|
5|(74)Porcentaje de Pensión 05| 0000000000.00|Porcentaje de Pensión 04 ser de 3 enteros y 2 decimales(###.##)|
5|(75)Elección de tipo de retiro del ISSSTE| 0000000000000000000000000001.0000000000|Elección de tipo de retiro del ISSSTE 1 enteros [0,1,2]|
5|(76)Tipo de Unidad| 0000000000000000000000000002.0000000000|Tipo de Unidad 1 enteros [1,2]|
6|(1)Numero Empleado|0100001500|Identificador de estado Invalido (02)|
6|(4)Nombre del Empleado|AMARO DUARTE MARIA ELENA|EL campo no cumple con estructura definida PATERNO,MATERNO/NOMBRE(S)|
6|(9)Clave del Banco (CLABE)|00021180040474488573|Tamaño de Clave del Banco (CLABE) debe ser 18 dígitos|
6|(10)Clave del Servicio Profesional de Carrera (FUNCION)|6|Tamaño de Clave del Servicio Profesional de Carrera (FUNCION) debe ser 2 dígitos|
6|(19)Programa General|01|La Programa General no es parte del catalogo de DGRH|
6|(23)Puesto|M02006|Tamaño de Puesto debe ser  a 7 Alfanumerico|
6|(24)Número de Puesto|0068|El Número Puesto no es parte del catalogo de DGRH|
6|(27)Centro de Responsabilidad|0114690892|El Centro de Responsabilidad no corresponde al Estado|
6|(28)Cédula de Identidad (NSS)|000080006610366|Tamaño de campo Cédula de Identidad (NSS) debe ser  a 11 Caracters|
6|(30)Número de AHISA-Fuente de Financiamiento|1|Tamaño de campo Número de AHISA-Fuente de Financiamiento debe ser de 2 Digítos|
6|(35)Horario Asignado|0|Horario Asignado no corresponde al catalogo establecidas por DGRH(1-8)|
6|(38)Nivel de puesto - Nivel de puesto SPC||Nivel de puesto - Nivel de puesto SPC debe ser de 10 Digítos|
6|(48)Periodo de Aplicación Final|20160115|No Corresponde a datos de Aplicacion Final (15/28/29/30/31)|
6|(51)Tipo de Pago| 0000000000000000000000000001.0000000000|Tipo de Pago ser de 1 digitos|
6|(53)Instrumento de Pago Nuevo|00|El valor de Instrumento de Pago Nuevo no coincide con la directiva de calidad de la DGRH|
6|(54)Percepciones | 0000000202.50|Percepciones debe  ser de 10 digitos y 2 decimales|
6|(55)Deducciones | 0000000000.00|Deducciones debe  ser de 10 digitos y 2 decimales |
6|(56)Neto| 0000000202.50|Neto debe  ser de 10 digitos y 2 decimales |
6|(57)Número de Trailers-Total  de Conceptos | 0000000000000000000000000001.0000000000|Número de Trailers-Total  de Conceptos debe  ser de 2 |
6|(59)Nombre del Producto|PRDP011|Nombre del Producto debe  ser de 11 caracteres/numeros|
6|(61)Número de Cheque|010000135|Número de Cheque debe  ser de 10 Digitos|
6|(63)Indicador de TESOFE -JORNADA| 0000000000000000000000000001.0000000000|Indicador de TESOFE-JORNADA debe  ser de 2 Digitos|
6|(65)Ciclo del FONAC|F27|Ciclo del FONAC debe  ser de 4 Digitos|
6|(67)Acumulado de FONAC| 0000000000000000000000005906.0000000000|Acumulado de FONAC debe  ser de 10 Digitos|
6|(69)Licencia sin Goce de Sueldo / CLUES|ASSSA000404|Licencia sin Goce de Sueldo / CLUES No coincide el catalogo definido por la DGRH|
6|(70)Porcentaje de Pensión 01 | 0000000015.00|Porcentaje de Pensión 01   ser de 3 enteros y 2 decimales(###.##)|
6|(71)Porcentaje de Pensión 02 | 0000000000.00|Porcentaje de Pensión 02   ser de 3 enteros y 2 decimales(###.##)|
6|(72)Porcentaje de Pensión 03| 0000000000.00|Porcentaje de Pensión 03 ser de 3 enteros y 2 decimales(###.##)|
6|(73)Porcentaje de Pensión 04| 0000000000.00|Porcentaje de Pensión 04 ser de 3 enteros y 2 decimales(###.##)|
6|(74)Porcentaje de Pensión 05| 0000000000.00|Porcentaje de Pensión 04 ser de 3 enteros y 2 decimales(###.##)|
6|(75)Elección de tipo de retiro del ISSSTE| 0000000000000000000000000001.0000000000|Elección de tipo de retiro del ISSSTE 1 enteros [0,1,2]|
6|(76)Tipo de Unidad| 0000000000000000000000000002.0000000000|Tipo de Unidad 1 enteros [1,2]|
7|(1)Numero Empleado|0100001528|Identificador de estado Invalido (02)|
7|(9)Clave del Banco (CLABE)|00021180040474488573|Tamaño de Clave del Banco (CLABE) debe ser 18 dígitos|
7|(10)Clave del Servicio Profesional de Carrera (FUNCION)|7|Tamaño de Clave del Servicio Profesional de Carrera (FUNCION) debe ser 2 dígitos|
7|(19)Programa General|01|La Programa General no es parte del catalogo de DGRH|
7|(23)Puesto|M03005|Tamaño de Puesto debe ser  a 7 Alfanumerico|
7|(24)Número de Puesto|0066|El Número Puesto no es parte del catalogo de DGRH|
7|(26)Municipio|007|El Municipio no es parte del catalogo de DGRH|
7|(27)Centro de Responsabilidad|0114690830|El Centro de Responsabilidad no corresponde al Estado|
7|(28)Cédula de Identidad (NSS)|000080936823436|Tamaño de campo Cédula de Identidad (NSS) debe ser  a 11 Caracters|
7|(30)Número de AHISA-Fuente de Financiamiento|1|Tamaño de campo Número de AHISA-Fuente de Financiamiento debe ser de 2 Digítos|
7|(35)Horario Asignado|0|Horario Asignado no corresponde al catalogo establecidas por DGRH(1-8)|
7|(38)Nivel de puesto - Nivel de puesto SPC||Nivel de puesto - Nivel de puesto SPC debe ser de 10 Digítos|
7|(48)Periodo de Aplicación Final|20160115|No Corresponde a datos de Aplicacion Final (15/28/29/30/31)|
7|(51)Tipo de Pago| 0000000000000000000000000001.0000000000|Tipo de Pago ser de 1 digitos|
7|(53)Instrumento de Pago Nuevo|00|El valor de Instrumento de Pago Nuevo no coincide con la directiva de calidad de la DGRH|
7|(54)Percepciones | 0000000405.00|Percepciones debe  ser de 10 digitos y 2 decimales|
7|(55)Deducciones | 0000000000.00|Deducciones debe  ser de 10 digitos y 2 decimales |
7|(56)Neto| 0000000405.00|Neto debe  ser de 10 digitos y 2 decimales |
7|(57)Número de Trailers-Total  de Conceptos | 0000000000000000000000000001.0000000000|Número de Trailers-Total  de Conceptos debe  ser de 2 |
7|(59)Nombre del Producto|PRDP011|Nombre del Producto debe  ser de 11 caracteres/numeros|
7|(61)Número de Cheque|010000136|Número de Cheque debe  ser de 10 Digitos|
7|(63)Indicador de TESOFE -JORNADA| 0000000000000000000000000001.0000000000|Indicador de TESOFE-JORNADA debe  ser de 2 Digitos|
7|(65)Ciclo del FONAC|F27|Ciclo del FONAC debe  ser de 4 Digitos|
7|(67)Acumulado de FONAC| 0000000000000000000000005906.0000000000|Acumulado de FONAC debe  ser de 10 Digitos|
7|(69)Licencia sin Goce de Sueldo / CLUES|ASSSA000655|Licencia sin Goce de Sueldo / CLUES No coincide el catalogo definido por la DGRH|
7|(70)Porcentaje de Pensión 01 | 0000000030.00|Porcentaje de Pensión 01   ser de 3 enteros y 2 decimales(###.##)|
7|(71)Porcentaje de Pensión 02 | 0000000000.00|Porcentaje de Pensión 02   ser de 3 enteros y 2 decimales(###.##)|
7|(72)Porcentaje de Pensión 03| 0000000000.00|Porcentaje de Pensión 03 ser de 3 enteros y 2 decimales(###.##)|
7|(73)Porcentaje de Pensión 04| 0000000000.00|Porcentaje de Pensión 04 ser de 3 enteros y 2 decimales(###.##)|
7|(74)Porcentaje de Pensión 05| 0000000000.00|Porcentaje de Pensión 04 ser de 3 enteros y 2 decimales(###.##)|
7|(75)Elección de tipo de retiro del ISSSTE| 0000000000000000000000000000.0000000000|Elección de tipo de retiro del ISSSTE 1 enteros [0,1,2]|
7|(76)Tipo de Unidad| 0000000000000000000000000002.0000000000|Tipo de Unidad 1 enteros [1,2]|
8|(1)Numero Empleado|0100001846|Identificador de estado Invalido (02)|
8|(4)Nombre del Empleado|PI&A ACEVEDO MODESTA|EL campo no cumple con estructura definida PATERNO,MATERNO/NOMBRE(S)|
8|(9)Clave del Banco (CLABE)|00000000000000000105|Tamaño de Clave del Banco (CLABE) debe ser 18 dígitos|
8|(10)Clave del Servicio Profesional de Carrera (FUNCION)|2|Tamaño de Clave del Servicio Profesional de Carrera (FUNCION) debe ser 2 dígitos|
8|(19)Programa General|01|La Programa General no es parte del catalogo de DGRH|
8|(23)Puesto|M01006|Tamaño de Puesto debe ser  a 7 Alfanumerico|
8|(24)Número de Puesto|0174|El Número Puesto no es parte del catalogo de DGRH|
8|(27)Centro de Responsabilidad|0114690200|El Centro de Responsabilidad no corresponde al Estado|
8|(28)Cédula de Identidad (NSS)|000080915469821|Tamaño de campo Cédula de Identidad (NSS) debe ser  a 11 Caracters|
8|(30)Número de AHISA-Fuente de Financiamiento|1|Tamaño de campo Número de AHISA-Fuente de Financiamiento debe ser de 2 Digítos|
8|(35)Horario Asignado|0|Horario Asignado no corresponde al catalogo establecidas por DGRH(1-8)|
8|(38)Nivel de puesto - Nivel de puesto SPC||Nivel de puesto - Nivel de puesto SPC debe ser de 10 Digítos|
8|(48)Periodo de Aplicación Final|20160115|No Corresponde a datos de Aplicacion Final (15/28/29/30/31)|
8|(51)Tipo de Pago| 0000000000000000000000000001.0000000000|Tipo de Pago ser de 1 digitos|
8|(53)Instrumento de Pago Nuevo|00|El valor de Instrumento de Pago Nuevo no coincide con la directiva de calidad de la DGRH|
8|(54)Percepciones | 0000000405.00|Percepciones debe  ser de 10 digitos y 2 decimales|
8|(55)Deducciones | 0000000000.00|Deducciones debe  ser de 10 digitos y 2 decimales |
8|(56)Neto| 0000000405.00|Neto debe  ser de 10 digitos y 2 decimales |
8|(57)Número de Trailers-Total  de Conceptos | 0000000000000000000000000001.0000000000|Número de Trailers-Total  de Conceptos debe  ser de 2 |
8|(59)Nombre del Producto|PRDP011|Nombre del Producto debe  ser de 11 caracteres/numeros|
8|(61)Número de Cheque|000523151|Número de Cheque debe  ser de 10 Digitos|
8|(63)Indicador de TESOFE -JORNADA| 0000000000000000000000000001.0000000000|Indicador de TESOFE-JORNADA debe  ser de 2 Digitos|
8|(65)Ciclo del FONAC|F27|Ciclo del FONAC debe  ser de 4 Digitos|
8|(67)Acumulado de FONAC| 0000000000000000000000005906.0000000000|Acumulado de FONAC debe  ser de 10 Digitos|
8|(69)Licencia sin Goce de Sueldo / CLUES|ASSSA000392|Licencia sin Goce de Sueldo / CLUES No coincide el catalogo definido por la DGRH|
8|(70)Porcentaje de Pensión 01 | 0000000000.00|Porcentaje de Pensión 01   ser de 3 enteros y 2 decimales(###.##)|
8|(71)Porcentaje de Pensión 02 | 0000000000.00|Porcentaje de Pensión 02   ser de 3 enteros y 2 decimales(###.##)|
8|(72)Porcentaje de Pensión 03| 0000000000.00|Porcentaje de Pensión 03 ser de 3 enteros y 2 decimales(###.##)|
8|(73)Porcentaje de Pensión 04| 0000000000.00|Porcentaje de Pensión 04 ser de 3 enteros y 2 decimales(###.##)|
8|(74)Porcentaje de Pensión 05| 0000000000.00|Porcentaje de Pensión 04 ser de 3 enteros y 2 decimales(###.##)|
8|(75)Elección de tipo de retiro del ISSSTE| 0000000000000000000000000001.0000000000|Elección de tipo de retiro del ISSSTE 1 enteros [0,1,2]|
8|(76)Tipo de Unidad| 0000000000000000000000000002.0000000000|Tipo de Unidad 1 enteros [1,2]|
9|(1)Numero Empleado|0100001885|Identificador de estado Invalido (02)|
9|(4)Nombre del Empleado|MARIA GUADALUPE LOZOYA DE LIRA|EL campo no cumple con estructura definida PATERNO,MATERNO/NOMBRE(S)|
9|(9)Clave del Banco (CLABE)|00072000000000000000|Tamaño de Clave del Banco (CLABE) debe ser 18 dígitos|
9|(10)Clave del Servicio Profesional de Carrera (FUNCION)|9|Tamaño de Clave del Servicio Profesional de Carrera (FUNCION) debe ser 2 dígitos|
9|(19)Programa General|01|La Programa General no es parte del catalogo de DGRH|
9|(23)Puesto|M03024|Tamaño de Puesto debe ser  a 7 Alfanumerico|
9|(24)Número de Puesto|0086|El Número Puesto no es parte del catalogo de DGRH|
9|(26)Municipio|007|El Municipio no es parte del catalogo de DGRH|
9|(27)Centro de Responsabilidad|0114690260|El Centro de Responsabilidad no corresponde al Estado|
9|(28)Cédula de Identidad (NSS)|000000000000000|Tamaño de campo Cédula de Identidad (NSS) debe ser  a 11 Caracters|
9|(30)Número de AHISA-Fuente de Financiamiento|1|Tamaño de campo Número de AHISA-Fuente de Financiamiento debe ser de 2 Digítos|
9|(35)Horario Asignado|0|Horario Asignado no corresponde al catalogo establecidas por DGRH(1-8)|
9|(38)Nivel de puesto - Nivel de puesto SPC||Nivel de puesto - Nivel de puesto SPC debe ser de 10 Digítos|
9|(48)Periodo de Aplicación Final|20160115|No Corresponde a datos de Aplicacion Final (15/28/29/30/31)|
9|(51)Tipo de Pago| 0000000000000000000000000001.0000000000|Tipo de Pago ser de 1 digitos|
9|(53)Instrumento de Pago Nuevo|00|El valor de Instrumento de Pago Nuevo no coincide con la directiva de calidad de la DGRH|
9|(54)Percepciones | 0000000405.00|Percepciones debe  ser de 10 digitos y 2 decimales|
9|(55)Deducciones | 0000000000.00|Deducciones debe  ser de 10 digitos y 2 decimales |
9|(56)Neto| 0000000405.00|Neto debe  ser de 10 digitos y 2 decimales |
9|(57)Número de Trailers-Total  de Conceptos | 0000000000000000000000000001.0000000000|Número de Trailers-Total  de Conceptos debe  ser de 2 |
9|(59)Nombre del Producto|PRDP011|Nombre del Producto debe  ser de 11 caracteres/numeros|
9|(61)Número de Cheque|000523152|Número de Cheque debe  ser de 10 Digitos|
9|(63)Indicador de TESOFE -JORNADA| 0000000000000000000000000002.0000000000|Indicador de TESOFE-JORNADA debe  ser de 2 Digitos|
9|(65)Ciclo del FONAC|F27|Ciclo del FONAC debe  ser de 4 Digitos|
9|(67)Acumulado de FONAC| 0000000000000000000000005906.0000000000|Acumulado de FONAC debe  ser de 10 Digitos|
9|(69)Licencia sin Goce de Sueldo / CLUES|ASSSA001001|Licencia sin Goce de Sueldo / CLUES No coincide el catalogo definido por la DGRH|
9|(70)Porcentaje de Pensión 01 | 0000000030.00|Porcentaje de Pensión 01   ser de 3 enteros y 2 decimales(###.##)|
9|(71)Porcentaje de Pensión 02 | 0000000000.00|Porcentaje de Pensión 02   ser de 3 enteros y 2 decimales(###.##)|
9|(72)Porcentaje de Pensión 03| 0000000000.00|Porcentaje de Pensión 03 ser de 3 enteros y 2 decimales(###.##)|
9|(73)Porcentaje de Pensión 04| 0000000000.00|Porcentaje de Pensión 04 ser de 3 enteros y 2 decimales(###.##)|
9|(74)Porcentaje de Pensión 05| 0000000000.00|Porcentaje de Pensión 04 ser de 3 enteros y 2 decimales(###.##)|
9|(75)Elección de tipo de retiro del ISSSTE| 0000000000000000000000000000.0000000000|Elección de tipo de retiro del ISSSTE 1 enteros [0,1,2]|
9|(76)Tipo de Unidad| 0000000000000000000000000001.0000000000|Tipo de Unidad 1 enteros [1,2]|
10|(1)Numero Empleado|0100001978|Identificador de estado Invalido (02)|
10|(9)Clave del Banco (CLABE)|00021180040474488573|Tamaño de Clave del Banco (CLABE) debe ser 18 dígitos|
10|(10)Clave del Servicio Profesional de Carrera (FUNCION)|6|Tamaño de Clave del Servicio Profesional de Carrera (FUNCION) debe ser 2 dígitos|
10|(19)Programa General|01|La Programa General no es parte del catalogo de DGRH|
10|(23)Puesto|M02097|Tamaño de Puesto debe ser  a 7 Alfanumerico|
10|(24)Número de Puesto|0002|El Número Puesto no es parte del catalogo de DGRH|
10|(27)Centro de Responsabilidad|0114690017|El Centro de Responsabilidad no corresponde al Estado|
10|(28)Cédula de Identidad (NSS)|000080947059434|Tamaño de campo Cédula de Identidad (NSS) debe ser  a 11 Caracters|
10|(30)Número de AHISA-Fuente de Financiamiento|1|Tamaño de campo Número de AHISA-Fuente de Financiamiento debe ser de 2 Digítos|
10|(35)Horario Asignado|0|Horario Asignado no corresponde al catalogo establecidas por DGRH(1-8)|
10|(38)Nivel de puesto - Nivel de puesto SPC||Nivel de puesto - Nivel de puesto SPC debe ser de 10 Digítos|
10|(48)Periodo de Aplicación Final|20160115|No Corresponde a datos de Aplicacion Final (15/28/29/30/31)|
10|(51)Tipo de Pago| 0000000000000000000000000001.0000000000|Tipo de Pago ser de 1 digitos|
10|(53)Instrumento de Pago Nuevo|00|El valor de Instrumento de Pago Nuevo no coincide con la directiva de calidad de la DGRH|
10|(54)Percepciones | 0000000810.00|Percepciones debe  ser de 10 digitos y 2 decimales|
10|(55)Deducciones | 0000000000.00|Deducciones debe  ser de 10 digitos y 2 decimales |
10|(56)Neto| 0000000810.00|Neto debe  ser de 10 digitos y 2 decimales |
10|(57)Número de Trailers-Total  de Conceptos | 0000000000000000000000000001.0000000000|Número de Trailers-Total  de Conceptos debe  ser de 2 |
10|(59)Nombre del Producto|PRDP011|Nombre del Producto debe  ser de 11 caracteres/numeros|
10|(61)Número de Cheque|010000137|Número de Cheque debe  ser de 10 Digitos|
10|(63)Indicador de TESOFE -JORNADA| 0000000000000000000000000001.0000000000|Indicador de TESOFE-JORNADA debe  ser de 2 Digitos|
10|(65)Ciclo del FONAC|F27|Ciclo del FONAC debe  ser de 4 Digitos|
10|(67)Acumulado de FONAC| 0000000000000000000000005906.0000000000|Acumulado de FONAC debe  ser de 10 Digitos|
10|(69)Licencia sin Goce de Sueldo / CLUES|ASSSA001025|Licencia sin Goce de Sueldo / CLUES No coincide el catalogo definido por la DGRH|
10|(70)Porcentaje de Pensión 01 | 0000000060.00|Porcentaje de Pensión 01   ser de 3 enteros y 2 decimales(###.##)|
10|(71)Porcentaje de Pensión 02 | 0000000000.00|Porcentaje de Pensión 02   ser de 3 enteros y 2 decimales(###.##)|
10|(72)Porcentaje de Pensión 03| 0000000008.00|Porcentaje de Pensión 03 ser de 3 enteros y 2 decimales(###.##)|
10|(73)Porcentaje de Pensión 04| 0000000000.00|Porcentaje de Pensión 04 ser de 3 enteros y 2 decimales(###.##)|
10|(74)Porcentaje de Pensión 05| 0000000000.00|Porcentaje de Pensión 04 ser de 3 enteros y 2 decimales(###.##)|
10|(75)Elección de tipo de retiro del ISSSTE| 0000000000000000000000000001.0000000000|Elección de tipo de retiro del ISSSTE 1 enteros [0,1,2]|
10|(76)Tipo de Unidad| 0000000000000000000000000002.0000000000|Tipo de Unidad 1 enteros [1,2]|
11|(1)Numero Empleado|0100001978|Identificador de estado Invalido (02)|
11|(9)Clave del Banco (CLABE)|00021180040474488573|Tamaño de Clave del Banco (CLABE) debe ser 18 dígitos|
11|(10)Clave del Servicio Profesional de Carrera (FUNCION)|6|Tamaño de Clave del Servicio Profesional de Carrera (FUNCION) debe ser 2 dígitos|
11|(19)Programa General|01|La Programa General no es parte del catalogo de DGRH|
11|(23)Puesto|M02097|Tamaño de Puesto debe ser  a 7 Alfanumerico|
11|(24)Número de Puesto|0002|El Número Puesto no es parte del catalogo de DGRH|
11|(27)Centro de Responsabilidad|0114690017|El Centro de Responsabilidad no corresponde al Estado|
11|(28)Cédula de Identidad (NSS)|000080947059434|Tamaño de campo Cédula de Identidad (NSS) debe ser  a 11 Caracters|
11|(30)Número de AHISA-Fuente de Financiamiento|1|Tamaño de campo Número de AHISA-Fuente de Financiamiento debe ser de 2 Digítos|
11|(35)Horario Asignado|0|Horario Asignado no corresponde al catalogo establecidas por DGRH(1-8)|
11|(38)Nivel de puesto - Nivel de puesto SPC||Nivel de puesto - Nivel de puesto SPC debe ser de 10 Digítos|
11|(48)Periodo de Aplicación Final|20160115|No Corresponde a datos de Aplicacion Final (15/28/29/30/31)|
11|(51)Tipo de Pago| 0000000000000000000000000001.0000000000|Tipo de Pago ser de 1 digitos|
11|(53)Instrumento de Pago Nuevo|00|El valor de Instrumento de Pago Nuevo no coincide con la directiva de calidad de la DGRH|
11|(54)Percepciones | 0000000108.00|Percepciones debe  ser de 10 digitos y 2 decimales|
11|(55)Deducciones | 0000000000.00|Deducciones debe  ser de 10 digitos y 2 decimales |
11|(56)Neto| 0000000108.00|Neto debe  ser de 10 digitos y 2 decimales |
11|(57)Número de Trailers-Total  de Conceptos | 0000000000000000000000000001.0000000000|Número de Trailers-Total  de Conceptos debe  ser de 2 |
11|(59)Nombre del Producto|PRDP011|Nombre del Producto debe  ser de 11 caracteres/numeros|
11|(61)Número de Cheque|010000138|Número de Cheque debe  ser de 10 Digitos|
11|(63)Indicador de TESOFE -JORNADA| 0000000000000000000000000001.0000000000|Indicador de TESOFE-JORNADA debe  ser de 2 Digitos|
11|(65)Ciclo del FONAC|F27|Ciclo del FONAC debe  ser de 4 Digitos|
11|(67)Acumulado de FONAC| 0000000000000000000000005906.0000000000|Acumulado de FONAC debe  ser de 10 Digitos|
11|(69)Licencia sin Goce de Sueldo / CLUES|ASSSA001025|Licencia sin Goce de Sueldo / CLUES No coincide el catalogo definido por la DGRH|
11|(70)Porcentaje de Pensión 01 | 0000000060.00|Porcentaje de Pensión 01   ser de 3 enteros y 2 decimales(###.##)|
11|(71)Porcentaje de Pensión 02 | 0000000000.00|Porcentaje de Pensión 02   ser de 3 enteros y 2 decimales(###.##)|
11|(72)Porcentaje de Pensión 03| 0000000008.00|Porcentaje de Pensión 03 ser de 3 enteros y 2 decimales(###.##)|
11|(73)Porcentaje de Pensión 04| 0000000000.00|Porcentaje de Pensión 04 ser de 3 enteros y 2 decimales(###.##)|
11|(74)Porcentaje de Pensión 05| 0000000000.00|Porcentaje de Pensión 04 ser de 3 enteros y 2 decimales(###.##)|
11|(75)Elección de tipo de retiro del ISSSTE| 0000000000000000000000000001.0000000000|Elección de tipo de retiro del ISSSTE 1 enteros [0,1,2]|
11|(76)Tipo de Unidad| 0000000000000000000000000002.0000000000|Tipo de Unidad 1 enteros [1,2]|
12|(1)Numero Empleado|0100002026|Identificador de estado Invalido (02)|
12|(9)Clave del Banco (CLABE)|00021180040474488573|Tamaño de Clave del Banco (CLABE) debe ser 18 dígitos|
12|(10)Clave del Servicio Profesional de Carrera (FUNCION)|5|Tamaño de Clave del Servicio Profesional de Carrera (FUNCION) debe ser 2 dígitos|
12|(19)Programa General|01|La Programa General no es parte del catalogo de DGRH|
12|(23)Puesto|M02035|Tamaño de Puesto debe ser  a 7 Alfanumerico|
12|(24)Número de Puesto|0228|El Número Puesto no es parte del catalogo de DGRH|
12|(27)Centro de Responsabilidad|0114690081|El Centro de Responsabilidad no corresponde al Estado|
12|(28)Cédula de Identidad (NSS)|000080986311886|Tamaño de campo Cédula de Identidad (NSS) debe ser  a 11 Caracters|
12|(30)Número de AHISA-Fuente de Financiamiento|1|Tamaño de campo Número de AHISA-Fuente de Financiamiento debe ser de 2 Digítos|
12|(35)Horario Asignado|0|Horario Asignado no corresponde al catalogo establecidas por DGRH(1-8)|
12|(38)Nivel de puesto - Nivel de puesto SPC||Nivel de puesto - Nivel de puesto SPC debe ser de 10 Digítos|
12|(48)Periodo de Aplicación Final|20160115|No Corresponde a datos de Aplicacion Final (15/28/29/30/31)|
12|(51)Tipo de Pago| 0000000000000000000000000001.0000000000|Tipo de Pago ser de 1 digitos|
12|(53)Instrumento de Pago Nuevo|00|El valor de Instrumento de Pago Nuevo no coincide con la directiva de calidad de la DGRH|
12|(54)Percepciones | 0000000243.00|Percepciones debe  ser de 10 digitos y 2 decimales|
12|(55)Deducciones | 0000000000.00|Deducciones debe  ser de 10 digitos y 2 decimales |
12|(56)Neto| 0000000243.00|Neto debe  ser de 10 digitos y 2 decimales |
12|(57)Número de Trailers-Total  de Conceptos | 0000000000000000000000000001.0000000000|Número de Trailers-Total  de Conceptos debe  ser de 2 |
12|(59)Nombre del Producto|PRDP011|Nombre del Producto debe  ser de 11 caracteres/numeros|
12|(61)Número de Cheque|010000139|Número de Cheque debe  ser de 10 Digitos|
12|(63)Indicador de TESOFE -JORNADA| 0000000000000000000000000001.0000000000|Indicador de TESOFE-JORNADA debe  ser de 2 Digitos|
12|(65)Ciclo del FONAC|F27|Ciclo del FONAC debe  ser de 4 Digitos|
12|(67)Acumulado de FONAC| 0000000000000000000000005906.0000000000|Acumulado de FONAC debe  ser de 10 Digitos|
12|(69)Licencia sin Goce de Sueldo / CLUES|ASSSA001013|Licencia sin Goce de Sueldo / CLUES No coincide el catalogo definido por la DGRH|
12|(70)Porcentaje de Pensión 01 | 0000000018.00|Porcentaje de Pensión 01   ser de 3 enteros y 2 decimales(###.##)|
12|(71)Porcentaje de Pensión 02 | 0000000000.00|Porcentaje de Pensión 02   ser de 3 enteros y 2 decimales(###.##)|
12|(72)Porcentaje de Pensión 03| 0000000000.00|Porcentaje de Pensión 03 ser de 3 enteros y 2 decimales(###.##)|
12|(73)Porcentaje de Pensión 04| 0000000000.00|Porcentaje de Pensión 04 ser de 3 enteros y 2 decimales(###.##)|
12|(74)Porcentaje de Pensión 05| 0000000000.00|Porcentaje de Pensión 04 ser de 3 enteros y 2 decimales(###.##)|
12|(75)Elección de tipo de retiro del ISSSTE| 0000000000000000000000000001.0000000000|Elección de tipo de retiro del ISSSTE 1 enteros [0,1,2]|
12|(76)Tipo de Unidad| 0000000000000000000000000001.0000000000|Tipo de Unidad 1 enteros [1,2]|
13|(1)Numero Empleado|0100002031|Identificador de estado Invalido (02)|
13|(4)Nombre del Empleado|SANTOYO LABASTIDA JUANA GISELA|EL campo no cumple con estructura definida PATERNO,MATERNO/NOMBRE(S)|
13|(9)Clave del Banco (CLABE)|00000000000000000105|Tamaño de Clave del Banco (CLABE) debe ser 18 dígitos|
13|(10)Clave del Servicio Profesional de Carrera (FUNCION)|9|Tamaño de Clave del Servicio Profesional de Carrera (FUNCION) debe ser 2 dígitos|
13|(19)Programa General|01|La Programa General no es parte del catalogo de DGRH|
13|(23)Puesto|M03023|Tamaño de Puesto debe ser  a 7 Alfanumerico|
13|(24)Número de Puesto|0238|El Número Puesto no es parte del catalogo de DGRH|
13|(27)Centro de Responsabilidad|0114690892|El Centro de Responsabilidad no corresponde al Estado|
13|(28)Cédula de Identidad (NSS)|000000000000000|Tamaño de campo Cédula de Identidad (NSS) debe ser  a 11 Caracters|
13|(30)Número de AHISA-Fuente de Financiamiento|1|Tamaño de campo Número de AHISA-Fuente de Financiamiento debe ser de 2 Digítos|
13|(35)Horario Asignado|0|Horario Asignado no corresponde al catalogo establecidas por DGRH(1-8)|
13|(38)Nivel de puesto - Nivel de puesto SPC||Nivel de puesto - Nivel de puesto SPC debe ser de 10 Digítos|
13|(48)Periodo de Aplicación Final|20160115|No Corresponde a datos de Aplicacion Final (15/28/29/30/31)|
13|(51)Tipo de Pago| 0000000000000000000000000001.0000000000|Tipo de Pago ser de 1 digitos|
13|(53)Instrumento de Pago Nuevo|00|El valor de Instrumento de Pago Nuevo no coincide con la directiva de calidad de la DGRH|
13|(54)Percepciones | 0000000270.00|Percepciones debe  ser de 10 digitos y 2 decimales|
13|(55)Deducciones | 0000000000.00|Deducciones debe  ser de 10 digitos y 2 decimales |
13|(56)Neto| 0000000270.00|Neto debe  ser de 10 digitos y 2 decimales |
13|(57)Número de Trailers-Total  de Conceptos | 0000000000000000000000000001.0000000000|Número de Trailers-Total  de Conceptos debe  ser de 2 |
13|(59)Nombre del Producto|PRDP011|Nombre del Producto debe  ser de 11 caracteres/numeros|
13|(61)Número de Cheque|000523153|Número de Cheque debe  ser de 10 Digitos|
13|(63)Indicador de TESOFE -JORNADA| 0000000000000000000000000001.0000000000|Indicador de TESOFE-JORNADA debe  ser de 2 Digitos|
13|(65)Ciclo del FONAC|F27|Ciclo del FONAC debe  ser de 4 Digitos|
13|(67)Acumulado de FONAC| 0000000000000000000000005906.0000000000|Acumulado de FONAC debe  ser de 10 Digitos|
13|(69)Licencia sin Goce de Sueldo / CLUES|ASSSA000404|Licencia sin Goce de Sueldo / CLUES No coincide el catalogo definido por la DGRH|
13|(70)Porcentaje de Pensión 01 | 0000000020.00|Porcentaje de Pensión 01   ser de 3 enteros y 2 decimales(###.##)|
13|(71)Porcentaje de Pensión 02 | 0000000000.00|Porcentaje de Pensión 02   ser de 3 enteros y 2 decimales(###.##)|
13|(72)Porcentaje de Pensión 03| 0000000000.00|Porcentaje de Pensión 03 ser de 3 enteros y 2 decimales(###.##)|
13|(73)Porcentaje de Pensión 04| 0000000000.00|Porcentaje de Pensión 04 ser de 3 enteros y 2 decimales(###.##)|
13|(74)Porcentaje de Pensión 05| 0000000000.00|Porcentaje de Pensión 04 ser de 3 enteros y 2 decimales(###.##)|
13|(75)Elección de tipo de retiro del ISSSTE| 0000000000000000000000000002.0000000000|Elección de tipo de retiro del ISSSTE 1 enteros [0,1,2]|
13|(76)Tipo de Unidad| 0000000000000000000000000002.0000000000|Tipo de Unidad 1 enteros [1,2]|
14|(1)Numero Empleado|0100002196|Identificador de estado Invalido (02)|
14|(4)Nombre del Empleado|DE LA TORRE GONZALEZ NORMA ALICIA|EL campo no cumple con estructura definida PATERNO,MATERNO/NOMBRE(S)|
14|(9)Clave del Banco (CLABE)|00021180040474488573|Tamaño de Clave del Banco (CLABE) debe ser 18 dígitos|
14|(10)Clave del Servicio Profesional de Carrera (FUNCION)|7|Tamaño de Clave del Servicio Profesional de Carrera (FUNCION) debe ser 2 dígitos|
14|(19)Programa General|01|La Programa General no es parte del catalogo de DGRH|
14|(23)Puesto|M03004|Tamaño de Puesto debe ser  a 7 Alfanumerico|
14|(24)Número de Puesto|0281|El Número Puesto no es parte del catalogo de DGRH|
14|(26)Municipio|009|El Municipio no es parte del catalogo de DGRH|
14|(27)Centro de Responsabilidad|0114690190|El Centro de Responsabilidad no corresponde al Estado|
14|(28)Cédula de Identidad (NSS)|000080906361862|Tamaño de campo Cédula de Identidad (NSS) debe ser  a 11 Caracters|
14|(30)Número de AHISA-Fuente de Financiamiento|1|Tamaño de campo Número de AHISA-Fuente de Financiamiento debe ser de 2 Digítos|
14|(35)Horario Asignado|0|Horario Asignado no corresponde al catalogo establecidas por DGRH(1-8)|
14|(38)Nivel de puesto - Nivel de puesto SPC||Nivel de puesto - Nivel de puesto SPC debe ser de 10 Digítos|
14|(48)Periodo de Aplicación Final|20160115|No Corresponde a datos de Aplicacion Final (15/28/29/30/31)|
14|(51)Tipo de Pago| 0000000000000000000000000001.0000000000|Tipo de Pago ser de 1 digitos|
14|(53)Instrumento de Pago Nuevo|00|El valor de Instrumento de Pago Nuevo no coincide con la directiva de calidad de la DGRH|
14|(54)Percepciones | 0000000168.75|Percepciones debe  ser de 10 digitos y 2 decimales|
14|(55)Deducciones | 0000000000.00|Deducciones debe  ser de 10 digitos y 2 decimales |
14|(56)Neto| 0000000168.75|Neto debe  ser de 10 digitos y 2 decimales |
14|(57)Número de Trailers-Total  de Conceptos | 0000000000000000000000000001.0000000000|Número de Trailers-Total  de Conceptos debe  ser de 2 |
14|(59)Nombre del Producto|PRDP011|Nombre del Producto debe  ser de 11 caracteres/numeros|
14|(61)Número de Cheque|010000140|Número de Cheque debe  ser de 10 Digitos|
14|(63)Indicador de TESOFE -JORNADA| 0000000000000000000000000001.0000000000|Indicador de TESOFE-JORNADA debe  ser de 2 Digitos|
14|(65)Ciclo del FONAC|F27|Ciclo del FONAC debe  ser de 4 Digitos|
14|(67)Acumulado de FONAC| 0000000000000000000000005906.0000000000|Acumulado de FONAC debe  ser de 10 Digitos|
14|(69)Licencia sin Goce de Sueldo / CLUES|ASSSA000795|Licencia sin Goce de Sueldo / CLUES No coincide el catalogo definido por la DGRH|
14|(70)Porcentaje de Pensión 01 | 0000000012.00|Porcentaje de Pensión 01   ser de 3 enteros y 2 decimales(###.##)|
14|(71)Porcentaje de Pensión 02 | 0000000000.00|Porcentaje de Pensión 02   ser de 3 enteros y 2 decimales(###.##)|
14|(72)Porcentaje de Pensión 03| 0000000000.00|Porcentaje de Pensión 03 ser de 3 enteros y 2 decimales(###.##)|
14|(73)Porcentaje de Pensión 04| 0000000000.00|Porcentaje de Pensión 04 ser de 3 enteros y 2 decimales(###.##)|
14|(74)Porcentaje de Pensión 05| 0000000000.00|Porcentaje de Pensión 04 ser de 3 enteros y 2 decimales(###.##)|
14|(75)Elección de tipo de retiro del ISSSTE| 0000000000000000000000000001.0000000000|Elección de tipo de retiro del ISSSTE 1 enteros [0,1,2]|
14|(76)Tipo de Unidad| 0000000000000000000000000002.0000000000|Tipo de Unidad 1 enteros [1,2]|
15|(1)Numero Empleado|0100004054|Identificador de estado Invalido (02)|
15|(4)Nombre del Empleado|MA. LUISA GONZALEZ SOTELO|EL campo no cumple con estructura definida PATERNO,MATERNO/NOMBRE(S)|
15|(9)Clave del Banco (CLABE)|00072010000000000000|Tamaño de Clave del Banco (CLABE) debe ser 18 dígitos|
15|(10)Clave del Servicio Profesional de Carrera (FUNCION)|5|Tamaño de Clave del Servicio Profesional de Carrera (FUNCION) debe ser 2 dígitos|
15|(19)Programa General|01|La Programa General no es parte del catalogo de DGRH|
15|(23)Puesto|M02105|Tamaño de Puesto debe ser  a 7 Alfanumerico|
15|(24)Número de Puesto|0235|El Número Puesto no es parte del catalogo de DGRH|
15|(27)Centro de Responsabilidad|0114690892|El Centro de Responsabilidad no corresponde al Estado|
15|(28)Cédula de Identidad (NSS)|000000000000000|Tamaño de campo Cédula de Identidad (NSS) debe ser  a 11 Caracters|
15|(30)Número de AHISA-Fuente de Financiamiento|1|Tamaño de campo Número de AHISA-Fuente de Financiamiento debe ser de 2 Digítos|
15|(35)Horario Asignado|0|Horario Asignado no corresponde al catalogo establecidas por DGRH(1-8)|
15|(38)Nivel de puesto - Nivel de puesto SPC||Nivel de puesto - Nivel de puesto SPC debe ser de 10 Digítos|
15|(48)Periodo de Aplicación Final|20160115|No Corresponde a datos de Aplicacion Final (15/28/29/30/31)|
15|(51)Tipo de Pago| 0000000000000000000000000001.0000000000|Tipo de Pago ser de 1 digitos|
15|(53)Instrumento de Pago Nuevo|00|El valor de Instrumento de Pago Nuevo no coincide con la directiva de calidad de la DGRH|
15|(54)Percepciones | 0000000337.50|Percepciones debe  ser de 10 digitos y 2 decimales|
15|(55)Deducciones | 0000000000.00|Deducciones debe  ser de 10 digitos y 2 decimales |
15|(56)Neto| 0000000337.50|Neto debe  ser de 10 digitos y 2 decimales |
15|(57)Número de Trailers-Total  de Conceptos | 0000000000000000000000000001.0000000000|Número de Trailers-Total  de Conceptos debe  ser de 2 |
15|(59)Nombre del Producto|PRDP011|Nombre del Producto debe  ser de 11 caracteres/numeros|
15|(61)Número de Cheque|000523154|Número de Cheque debe  ser de 10 Digitos|
15|(63)Indicador de TESOFE -JORNADA| 0000000000000000000000000001.0000000000|Indicador de TESOFE-JORNADA debe  ser de 2 Digitos|
15|(65)Ciclo del FONAC|F27|Ciclo del FONAC debe  ser de 4 Digitos|
15|(67)Acumulado de FONAC| 0000000000000000000000005906.0000000000|Acumulado de FONAC debe  ser de 10 Digitos|
15|(69)Licencia sin Goce de Sueldo / CLUES|ASSSA000404|Licencia sin Goce de Sueldo / CLUES No coincide el catalogo definido por la DGRH|
15|(70)Porcentaje de Pensión 01 | 0000000025.00|Porcentaje de Pensión 01   ser de 3 enteros y 2 decimales(###.##)|
15|(71)Porcentaje de Pensión 02 | 0000000000.00|Porcentaje de Pensión 02   ser de 3 enteros y 2 decimales(###.##)|
15|(72)Porcentaje de Pensión 03| 0000000000.00|Porcentaje de Pensión 03 ser de 3 enteros y 2 decimales(###.##)|
15|(73)Porcentaje de Pensión 04| 0000000000.00|Porcentaje de Pensión 04 ser de 3 enteros y 2 decimales(###.##)|
15|(74)Porcentaje de Pensión 05| 0000000000.00|Porcentaje de Pensión 04 ser de 3 enteros y 2 decimales(###.##)|
15|(75)Elección de tipo de retiro del ISSSTE| 0000000000000000000000000000.0000000000|Elección de tipo de retiro del ISSSTE 1 enteros [0,1,2]|
15|(76)Tipo de Unidad| 0000000000000000000000000002.0000000000|Tipo de Unidad 1 enteros [1,2]|
16|(1)Numero Empleado|0100002429|Identificador de estado Invalido (02)|
16|(4)Nombre del Empleado|ALANIZ OCADIZ ALICIA|EL campo no cumple con estructura definida PATERNO,MATERNO/NOMBRE(S)|
16|(9)Clave del Banco (CLABE)|00072000000000000000|Tamaño de Clave del Banco (CLABE) debe ser 18 dígitos|
16|(10)Clave del Servicio Profesional de Carrera (FUNCION)|6|Tamaño de Clave del Servicio Profesional de Carrera (FUNCION) debe ser 2 dígitos|
16|(19)Programa General|01|La Programa General no es parte del catalogo de DGRH|
16|(23)Puesto|M02074|Tamaño de Puesto debe ser  a 7 Alfanumerico|
16|(24)Número de Puesto|0030|El Número Puesto no es parte del catalogo de DGRH|
16|(27)Centro de Responsabilidad|0114690891|El Centro de Responsabilidad no corresponde al Estado|
16|(28)Cédula de Identidad (NSS)|000080896318963|Tamaño de campo Cédula de Identidad (NSS) debe ser  a 11 Caracters|
16|(30)Número de AHISA-Fuente de Financiamiento|1|Tamaño de campo Número de AHISA-Fuente de Financiamiento debe ser de 2 Digítos|
16|(35)Horario Asignado|0|Horario Asignado no corresponde al catalogo establecidas por DGRH(1-8)|
16|(38)Nivel de puesto - Nivel de puesto SPC||Nivel de puesto - Nivel de puesto SPC debe ser de 10 Digítos|
16|(48)Periodo de Aplicación Final|20160115|No Corresponde a datos de Aplicacion Final (15/28/29/30/31)|
16|(51)Tipo de Pago| 0000000000000000000000000001.0000000000|Tipo de Pago ser de 1 digitos|
16|(53)Instrumento de Pago Nuevo|00|El valor de Instrumento de Pago Nuevo no coincide con la directiva de calidad de la DGRH|
16|(54)Percepciones | 0000000675.00|Percepciones debe  ser de 10 digitos y 2 decimales|
16|(55)Deducciones | 0000000000.00|Deducciones debe  ser de 10 digitos y 2 decimales |
16|(56)Neto| 0000000675.00|Neto debe  ser de 10 digitos y 2 decimales |
16|(57)Número de Trailers-Total  de Conceptos | 0000000000000000000000000001.0000000000|Número de Trailers-Total  de Conceptos debe  ser de 2 |
16|(59)Nombre del Producto|PRDP011|Nombre del Producto debe  ser de 11 caracteres/numeros|
16|(61)Número de Cheque|000523155|Número de Cheque debe  ser de 10 Digitos|
16|(63)Indicador de TESOFE -JORNADA| 0000000000000000000000000004.0000000000|Indicador de TESOFE-JORNADA debe  ser de 2 Digitos|
16|(65)Ciclo del FONAC|F27|Ciclo del FONAC debe  ser de 4 Digitos|
16|(67)Acumulado de FONAC| 0000000000000000000000005906.0000000000|Acumulado de FONAC debe  ser de 10 Digitos|
16|(69)Licencia sin Goce de Sueldo / CLUES|ASSSA000030|Licencia sin Goce de Sueldo / CLUES No coincide el catalogo definido por la DGRH|
16|(70)Porcentaje de Pensión 01 | 0000000050.00|Porcentaje de Pensión 01   ser de 3 enteros y 2 decimales(###.##)|
16|(71)Porcentaje de Pensión 02 | 0000000000.00|Porcentaje de Pensión 02   ser de 3 enteros y 2 decimales(###.##)|
16|(72)Porcentaje de Pensión 03| 0000000000.00|Porcentaje de Pensión 03 ser de 3 enteros y 2 decimales(###.##)|
16|(73)Porcentaje de Pensión 04| 0000000000.00|Porcentaje de Pensión 04 ser de 3 enteros y 2 decimales(###.##)|
16|(74)Porcentaje de Pensión 05| 0000000000.00|Porcentaje de Pensión 04 ser de 3 enteros y 2 decimales(###.##)|
16|(75)Elección de tipo de retiro del ISSSTE| 0000000000000000000000000001.0000000000|Elección de tipo de retiro del ISSSTE 1 enteros [0,1,2]|
16|(76)Tipo de Unidad| 0000000000000000000000000002.0000000000|Tipo de Unidad 1 enteros [1,2]|
