1|(1)Numero Empleado|0400000066|Identificador de estado Invalido (01)|
1|(9)Clave del Banco (CLABE)|00012050014437298189|Tamaño de Clave del Banco (CLABE) debe ser 18 dígitos|
1|(10)Clave del Servicio Profesional de Carrera (FUNCION)|9|Tamaño de Clave del Servicio Profesional de Carrera (FUNCION) debe ser 2 dígitos|
1|(23)Puesto|M03021|Tamaño de Puesto debe ser  a 7 Alfanumerico|
1|(24)Número de Puesto|0032|El Número Puesto no es parte del catalogo de DGRH|
1|(27)Centro de Responsabilidad|0414720430|El Centro de Responsabilidad no corresponde al Estado|
1|(28)Cédula de Identidad (NSS)|000080066635493|Tamaño de campo Cédula de Identidad (NSS) debe ser  a 11 Caracters|
1|(30)Número de AHISA-Fuente de Financiamiento|1|Tamaño de campo Número de AHISA-Fuente de Financiamiento debe ser de 2 Digítos|
1|(38)Nivel de puesto - Nivel de puesto SPC||Nivel de puesto - Nivel de puesto SPC debe ser de 10 Digítos|
1|(42)Fecha de Reingreso||Fecha de Reingreso debe ser de 8 Digíto(AAAAMMDD (AAAA=año, MM=mes, DD=día))|
1|(48)Periodo de Aplicación Final|20160115|No Corresponde a datos de Aplicacion Final (15/28/29/30/31)|
1|(50)Año de Proceso Real|2016|No se aceptan años posteriores a año de periodo de pago inicial y perido de pago final |
1|(51)Tipo de Pago| 0000000000000000000000000006.0000000000|Tipo de Pago ser de 1 digitos|
1|(54)Percepciones | 0000001497.96|Percepciones debe  ser de 10 digitos y 2 decimales|
1|(55)Deducciones | 0000000437.72|Deducciones debe  ser de 10 digitos y 2 decimales |
1|(56)Neto| 0000001060.24|Neto debe  ser de 10 digitos y 2 decimales |
1|(57)Número de Trailers-Total  de Conceptos | 0000000000000000000000000003.0000000000|Número de Trailers-Total  de Conceptos debe  ser de 2 |
1|(59)Nombre del Producto|PRDE011|Nombre del Producto debe  ser de 11 caracteres/numeros|
1|(61)Número de Cheque|200003735|Número de Cheque debe  ser de 10 Digitos|
1|(63)Indicador de TESOFE -JORNADA| 0000000000000000000000000002.0000000000|Indicador de TESOFE-JORNADA debe  ser de 2 Digitos|
1|(65)Ciclo del FONAC|27|Ciclo del FONAC debe  ser de 4 Digitos|
1|(67)Acumulado de FONAC| 0000000000000000000000005086.0000000000|Acumulado de FONAC debe  ser de 10 Digitos|
1|(69)Licencia sin Goce de Sueldo / CLUES|CCSSA017345|Licencia sin Goce de Sueldo / CLUES No coincide el catalogo definido por la DGRH|
1|(70)Porcentaje de Pensión 01 | 0000000000.00|Porcentaje de Pensión 01   ser de 3 enteros y 2 decimales(###.##)|
1|(71)Porcentaje de Pensión 02 | 0000000000.00|Porcentaje de Pensión 02   ser de 3 enteros y 2 decimales(###.##)|
1|(72)Porcentaje de Pensión 03| 0000000000.00|Porcentaje de Pensión 03 ser de 3 enteros y 2 decimales(###.##)|
1|(73)Porcentaje de Pensión 04| 0000000000.00|Porcentaje de Pensión 04 ser de 3 enteros y 2 decimales(###.##)|
1|(74)Porcentaje de Pensión 05| 0000000000.00|Porcentaje de Pensión 04 ser de 3 enteros y 2 decimales(###.##)|
1|(75)Elección de tipo de retiro del ISSSTE| 0000000000000000000000000000.0000000000|Elección de tipo de retiro del ISSSTE 1 enteros [0,1,2]|
1|(76)Tipo de Unidad| 0000000000000000000000000001.0000000000|Tipo de Unidad 1 enteros [1,2]|
2|(1)Numero Empleado|0400004326|Identificador de estado Invalido (01)|
2|(9)Clave del Banco (CLABE)|00012050011127694177|Tamaño de Clave del Banco (CLABE) debe ser 18 dígitos|
2|(10)Clave del Servicio Profesional de Carrera (FUNCION)|2|Tamaño de Clave del Servicio Profesional de Carrera (FUNCION) debe ser 2 dígitos|
2|(23)Puesto|M01006|Tamaño de Puesto debe ser  a 7 Alfanumerico|
2|(24)Número de Puesto|0025|El Número Puesto no es parte del catalogo de DGRH|
2|(27)Centro de Responsabilidad|0414721021|El Centro de Responsabilidad no corresponde al Estado|
2|(28)Cédula de Identidad (NSS)|000080885744971|Tamaño de campo Cédula de Identidad (NSS) debe ser  a 11 Caracters|
2|(30)Número de AHISA-Fuente de Financiamiento|1|Tamaño de campo Número de AHISA-Fuente de Financiamiento debe ser de 2 Digítos|
2|(38)Nivel de puesto - Nivel de puesto SPC||Nivel de puesto - Nivel de puesto SPC debe ser de 10 Digítos|
2|(42)Fecha de Reingreso||Fecha de Reingreso debe ser de 8 Digíto(AAAAMMDD (AAAA=año, MM=mes, DD=día))|
2|(48)Periodo de Aplicación Final|20160115|No Corresponde a datos de Aplicacion Final (15/28/29/30/31)|
2|(50)Año de Proceso Real|2016|No se aceptan años posteriores a año de periodo de pago inicial y perido de pago final |
2|(51)Tipo de Pago| 0000000000000000000000000006.0000000000|Tipo de Pago ser de 1 digitos|
2|(54)Percepciones | 0000013005.53|Percepciones debe  ser de 10 digitos y 2 decimales|
2|(55)Deducciones | 0000005550.79|Deducciones debe  ser de 10 digitos y 2 decimales |
2|(56)Neto| 0000007454.74|Neto debe  ser de 10 digitos y 2 decimales |
2|(57)Número de Trailers-Total  de Conceptos | 0000000000000000000000000021.0000000000|Número de Trailers-Total  de Conceptos debe  ser de 2 |
2|(59)Nombre del Producto|PRDE010|Nombre del Producto debe  ser de 11 caracteres/numeros|
2|(61)Número de Cheque|200000001|Número de Cheque debe  ser de 10 Digitos|
2|(63)Indicador de TESOFE -JORNADA| 0000000000000000000000000001.0000000000|Indicador de TESOFE-JORNADA debe  ser de 2 Digitos|
2|(65)Ciclo del FONAC|27|Ciclo del FONAC debe  ser de 4 Digitos|
2|(67)Acumulado de FONAC| 0000000000000000000000005427.0000000000|Acumulado de FONAC debe  ser de 10 Digitos|
2|(69)Licencia sin Goce de Sueldo / CLUES|CCSSA000264|Licencia sin Goce de Sueldo / CLUES No coincide el catalogo definido por la DGRH|
2|(70)Porcentaje de Pensión 01 | 0000000000.00|Porcentaje de Pensión 01   ser de 3 enteros y 2 decimales(###.##)|
2|(71)Porcentaje de Pensión 02 | 0000000000.00|Porcentaje de Pensión 02   ser de 3 enteros y 2 decimales(###.##)|
2|(72)Porcentaje de Pensión 03| 0000000000.00|Porcentaje de Pensión 03 ser de 3 enteros y 2 decimales(###.##)|
2|(73)Porcentaje de Pensión 04| 0000000000.00|Porcentaje de Pensión 04 ser de 3 enteros y 2 decimales(###.##)|
2|(74)Porcentaje de Pensión 05| 0000000000.00|Porcentaje de Pensión 04 ser de 3 enteros y 2 decimales(###.##)|
2|(75)Elección de tipo de retiro del ISSSTE| 0000000000000000000000000000.0000000000|Elección de tipo de retiro del ISSSTE 1 enteros [0,1,2]|
2|(76)Tipo de Unidad| 0000000000000000000000000002.0000000000|Tipo de Unidad 1 enteros [1,2]|
3|(1)Numero Empleado|0400004182|Identificador de estado Invalido (01)|
3|(9)Clave del Banco (CLABE)|00072050008815994624|Tamaño de Clave del Banco (CLABE) debe ser 18 dígitos|
3|(10)Clave del Servicio Profesional de Carrera (FUNCION)|9|Tamaño de Clave del Servicio Profesional de Carrera (FUNCION) debe ser 2 dígitos|
3|(23)Puesto|M03020|Tamaño de Puesto debe ser  a 7 Alfanumerico|
3|(24)Número de Puesto|0012|El Número Puesto no es parte del catalogo de DGRH|
3|(27)Centro de Responsabilidad|0414720000|El Centro de Responsabilidad no corresponde al Estado|
3|(28)Cédula de Identidad (NSS)|000080947216059|Tamaño de campo Cédula de Identidad (NSS) debe ser  a 11 Caracters|
3|(30)Número de AHISA-Fuente de Financiamiento|1|Tamaño de campo Número de AHISA-Fuente de Financiamiento debe ser de 2 Digítos|
3|(38)Nivel de puesto - Nivel de puesto SPC||Nivel de puesto - Nivel de puesto SPC debe ser de 10 Digítos|
3|(42)Fecha de Reingreso||Fecha de Reingreso debe ser de 8 Digíto(AAAAMMDD (AAAA=año, MM=mes, DD=día))|
3|(48)Periodo de Aplicación Final|20160115|No Corresponde a datos de Aplicacion Final (15/28/29/30/31)|
3|(50)Año de Proceso Real|2016|No se aceptan años posteriores a año de periodo de pago inicial y perido de pago final |
3|(51)Tipo de Pago| 0000000000000000000000000006.0000000000|Tipo de Pago ser de 1 digitos|
3|(54)Percepciones | 0000007791.33|Percepciones debe  ser de 10 digitos y 2 decimales|
3|(55)Deducciones | 0000001670.49|Deducciones debe  ser de 10 digitos y 2 decimales |
3|(56)Neto| 0000006120.84|Neto debe  ser de 10 digitos y 2 decimales |
3|(57)Número de Trailers-Total  de Conceptos | 0000000000000000000000000002.0000000000|Número de Trailers-Total  de Conceptos debe  ser de 2 |
3|(59)Nombre del Producto|PRDE011|Nombre del Producto debe  ser de 11 caracteres/numeros|
3|(61)Número de Cheque|500000304|Número de Cheque debe  ser de 10 Digitos|
3|(63)Indicador de TESOFE -JORNADA| 0000000000000000000000000002.0000000000|Indicador de TESOFE-JORNADA debe  ser de 2 Digitos|
3|(65)Ciclo del FONAC|27|Ciclo del FONAC debe  ser de 4 Digitos|
3|(67)Acumulado de FONAC| 0000000000000000000000005427.0000000000|Acumulado de FONAC debe  ser de 10 Digitos|
3|(69)Licencia sin Goce de Sueldo / CLUES|CCSSA017292|Licencia sin Goce de Sueldo / CLUES No coincide el catalogo definido por la DGRH|
3|(70)Porcentaje de Pensión 01 | 0000000000.00|Porcentaje de Pensión 01   ser de 3 enteros y 2 decimales(###.##)|
3|(71)Porcentaje de Pensión 02 | 0000000000.00|Porcentaje de Pensión 02   ser de 3 enteros y 2 decimales(###.##)|
3|(72)Porcentaje de Pensión 03| 0000000000.00|Porcentaje de Pensión 03 ser de 3 enteros y 2 decimales(###.##)|
3|(73)Porcentaje de Pensión 04| 0000000000.00|Porcentaje de Pensión 04 ser de 3 enteros y 2 decimales(###.##)|
3|(74)Porcentaje de Pensión 05| 0000000000.00|Porcentaje de Pensión 04 ser de 3 enteros y 2 decimales(###.##)|
3|(75)Elección de tipo de retiro del ISSSTE| 0000000000000000000000000000.0000000000|Elección de tipo de retiro del ISSSTE 1 enteros [0,1,2]|
3|(76)Tipo de Unidad| 0000000000000000000000000001.0000000000|Tipo de Unidad 1 enteros [1,2]|
4|(1)Numero Empleado|0400002026|Identificador de estado Invalido (01)|
4|(9)Clave del Banco (CLABE)|00072050002479865658|Tamaño de Clave del Banco (CLABE) debe ser 18 dígitos|
4|(10)Clave del Servicio Profesional de Carrera (FUNCION)|9|Tamaño de Clave del Servicio Profesional de Carrera (FUNCION) debe ser 2 dígitos|
4|(23)Puesto|M03020|Tamaño de Puesto debe ser  a 7 Alfanumerico|
4|(24)Número de Puesto|0096|El Número Puesto no es parte del catalogo de DGRH|
4|(27)Centro de Responsabilidad|0414720220|El Centro de Responsabilidad no corresponde al Estado|
4|(28)Cédula de Identidad (NSS)|000080916844238|Tamaño de campo Cédula de Identidad (NSS) debe ser  a 11 Caracters|
4|(30)Número de AHISA-Fuente de Financiamiento|1|Tamaño de campo Número de AHISA-Fuente de Financiamiento debe ser de 2 Digítos|
4|(38)Nivel de puesto - Nivel de puesto SPC||Nivel de puesto - Nivel de puesto SPC debe ser de 10 Digítos|
4|(42)Fecha de Reingreso||Fecha de Reingreso debe ser de 8 Digíto(AAAAMMDD (AAAA=año, MM=mes, DD=día))|
4|(48)Periodo de Aplicación Final|20160115|No Corresponde a datos de Aplicacion Final (15/28/29/30/31)|
4|(50)Año de Proceso Real|2016|No se aceptan años posteriores a año de periodo de pago inicial y perido de pago final |
4|(51)Tipo de Pago| 0000000000000000000000000006.0000000000|Tipo de Pago ser de 1 digitos|
4|(54)Percepciones | 0000000251.33|Percepciones debe  ser de 10 digitos y 2 decimales|
4|(55)Deducciones | 0000000053.68|Deducciones debe  ser de 10 digitos y 2 decimales |
4|(56)Neto| 0000000197.65|Neto debe  ser de 10 digitos y 2 decimales |
4|(57)Número de Trailers-Total  de Conceptos | 0000000000000000000000000002.0000000000|Número de Trailers-Total  de Conceptos debe  ser de 2 |
4|(59)Nombre del Producto|PRDE011|Nombre del Producto debe  ser de 11 caracteres/numeros|
4|(61)Número de Cheque|500000305|Número de Cheque debe  ser de 10 Digitos|
4|(63)Indicador de TESOFE -JORNADA| 0000000000000000000000000002.0000000000|Indicador de TESOFE-JORNADA debe  ser de 2 Digitos|
4|(65)Ciclo del FONAC|27|Ciclo del FONAC debe  ser de 4 Digitos|
4|(67)Acumulado de FONAC| 0000000000000000000000005427.0000000000|Acumulado de FONAC debe  ser de 10 Digitos|
4|(69)Licencia sin Goce de Sueldo / CLUES|CCSSA017292|Licencia sin Goce de Sueldo / CLUES No coincide el catalogo definido por la DGRH|
4|(70)Porcentaje de Pensión 01 | 0000000000.00|Porcentaje de Pensión 01   ser de 3 enteros y 2 decimales(###.##)|
4|(71)Porcentaje de Pensión 02 | 0000000000.00|Porcentaje de Pensión 02   ser de 3 enteros y 2 decimales(###.##)|
4|(72)Porcentaje de Pensión 03| 0000000000.00|Porcentaje de Pensión 03 ser de 3 enteros y 2 decimales(###.##)|
4|(73)Porcentaje de Pensión 04| 0000000000.00|Porcentaje de Pensión 04 ser de 3 enteros y 2 decimales(###.##)|
4|(74)Porcentaje de Pensión 05| 0000000000.00|Porcentaje de Pensión 04 ser de 3 enteros y 2 decimales(###.##)|
4|(75)Elección de tipo de retiro del ISSSTE| 0000000000000000000000000000.0000000000|Elección de tipo de retiro del ISSSTE 1 enteros [0,1,2]|
4|(76)Tipo de Unidad| 0000000000000000000000000001.0000000000|Tipo de Unidad 1 enteros [1,2]|
5|(1)Numero Empleado|0400000721|Identificador de estado Invalido (01)|
5|(9)Clave del Banco (CLABE)|00012050011271934916|Tamaño de Clave del Banco (CLABE) debe ser 18 dígitos|
5|(10)Clave del Servicio Profesional de Carrera (FUNCION)|6|Tamaño de Clave del Servicio Profesional de Carrera (FUNCION) debe ser 2 dígitos|
5|(23)Puesto|M02001|Tamaño de Puesto debe ser  a 7 Alfanumerico|
5|(24)Número de Puesto|0003|El Número Puesto no es parte del catalogo de DGRH|
5|(27)Centro de Responsabilidad|0414720350|El Centro de Responsabilidad no corresponde al Estado|
5|(28)Cédula de Identidad (NSS)|000080986612788|Tamaño de campo Cédula de Identidad (NSS) debe ser  a 11 Caracters|
5|(30)Número de AHISA-Fuente de Financiamiento|1|Tamaño de campo Número de AHISA-Fuente de Financiamiento debe ser de 2 Digítos|
5|(38)Nivel de puesto - Nivel de puesto SPC||Nivel de puesto - Nivel de puesto SPC debe ser de 10 Digítos|
5|(42)Fecha de Reingreso||Fecha de Reingreso debe ser de 8 Digíto(AAAAMMDD (AAAA=año, MM=mes, DD=día))|
5|(48)Periodo de Aplicación Final|20160115|No Corresponde a datos de Aplicacion Final (15/28/29/30/31)|
5|(50)Año de Proceso Real|2016|No se aceptan años posteriores a año de periodo de pago inicial y perido de pago final |
5|(51)Tipo de Pago| 0000000000000000000000000006.0000000000|Tipo de Pago ser de 1 digitos|
5|(54)Percepciones | 0000000476.30|Percepciones debe  ser de 10 digitos y 2 decimales|
5|(55)Deducciones | 0000000112.02|Deducciones debe  ser de 10 digitos y 2 decimales |
5|(56)Neto| 0000000364.28|Neto debe  ser de 10 digitos y 2 decimales |
5|(57)Número de Trailers-Total  de Conceptos | 0000000000000000000000000002.0000000000|Número de Trailers-Total  de Conceptos debe  ser de 2 |
5|(59)Nombre del Producto|PRDE011|Nombre del Producto debe  ser de 11 caracteres/numeros|
5|(61)Número de Cheque|200003732|Número de Cheque debe  ser de 10 Digitos|
5|(63)Indicador de TESOFE -JORNADA| 0000000000000000000000000001.0000000000|Indicador de TESOFE-JORNADA debe  ser de 2 Digitos|
5|(65)Ciclo del FONAC|27|Ciclo del FONAC debe  ser de 4 Digitos|
5|(67)Acumulado de FONAC| 0000000000000000000000005427.0000000000|Acumulado de FONAC debe  ser de 10 Digitos|
5|(69)Licencia sin Goce de Sueldo / CLUES|CCSSA017386|Licencia sin Goce de Sueldo / CLUES No coincide el catalogo definido por la DGRH|
5|(70)Porcentaje de Pensión 01 | 0000000000.00|Porcentaje de Pensión 01   ser de 3 enteros y 2 decimales(###.##)|
5|(71)Porcentaje de Pensión 02 | 0000000000.00|Porcentaje de Pensión 02   ser de 3 enteros y 2 decimales(###.##)|
5|(72)Porcentaje de Pensión 03| 0000000000.00|Porcentaje de Pensión 03 ser de 3 enteros y 2 decimales(###.##)|
5|(73)Porcentaje de Pensión 04| 0000000000.00|Porcentaje de Pensión 04 ser de 3 enteros y 2 decimales(###.##)|
5|(74)Porcentaje de Pensión 05| 0000000000.00|Porcentaje de Pensión 04 ser de 3 enteros y 2 decimales(###.##)|
5|(75)Elección de tipo de retiro del ISSSTE| 0000000000000000000000000000.0000000000|Elección de tipo de retiro del ISSSTE 1 enteros [0,1,2]|
5|(76)Tipo de Unidad| 0000000000000000000000000002.0000000000|Tipo de Unidad 1 enteros [1,2]|
6|(1)Numero Empleado|0400005386|Identificador de estado Invalido (01)|
6|(9)Clave del Banco (CLABE)|00012050014659246692|Tamaño de Clave del Banco (CLABE) debe ser 18 dígitos|
6|(10)Clave del Servicio Profesional de Carrera (FUNCION)|6|Tamaño de Clave del Servicio Profesional de Carrera (FUNCION) debe ser 2 dígitos|
6|(23)Puesto|M02095|Tamaño de Puesto debe ser  a 7 Alfanumerico|
6|(24)Número de Puesto|0005|El Número Puesto no es parte del catalogo de DGRH|
6|(27)Centro de Responsabilidad|0414720350|El Centro de Responsabilidad no corresponde al Estado|
6|(28)Cédula de Identidad (NSS)|000080907018164|Tamaño de campo Cédula de Identidad (NSS) debe ser  a 11 Caracters|
6|(30)Número de AHISA-Fuente de Financiamiento|1|Tamaño de campo Número de AHISA-Fuente de Financiamiento debe ser de 2 Digítos|
6|(38)Nivel de puesto - Nivel de puesto SPC||Nivel de puesto - Nivel de puesto SPC debe ser de 10 Digítos|
6|(42)Fecha de Reingreso||Fecha de Reingreso debe ser de 8 Digíto(AAAAMMDD (AAAA=año, MM=mes, DD=día))|
6|(48)Periodo de Aplicación Final|20160115|No Corresponde a datos de Aplicacion Final (15/28/29/30/31)|
6|(50)Año de Proceso Real|2016|No se aceptan años posteriores a año de periodo de pago inicial y perido de pago final |
6|(51)Tipo de Pago| 0000000000000000000000000006.0000000000|Tipo de Pago ser de 1 digitos|
6|(54)Percepciones | 0000000618.94|Percepciones debe  ser de 10 digitos y 2 decimales|
6|(55)Deducciones | 0000000132.22|Deducciones debe  ser de 10 digitos y 2 decimales |
6|(56)Neto| 0000000486.72|Neto debe  ser de 10 digitos y 2 decimales |
6|(57)Número de Trailers-Total  de Conceptos | 0000000000000000000000000002.0000000000|Número de Trailers-Total  de Conceptos debe  ser de 2 |
6|(59)Nombre del Producto|PRDE011|Nombre del Producto debe  ser de 11 caracteres/numeros|
6|(61)Número de Cheque|200003733|Número de Cheque debe  ser de 10 Digitos|
6|(63)Indicador de TESOFE -JORNADA| 0000000000000000000000000001.0000000000|Indicador de TESOFE-JORNADA debe  ser de 2 Digitos|
6|(65)Ciclo del FONAC|27|Ciclo del FONAC debe  ser de 4 Digitos|
6|(67)Acumulado de FONAC| 0000000000000000000000005427.0000000000|Acumulado de FONAC debe  ser de 10 Digitos|
6|(69)Licencia sin Goce de Sueldo / CLUES|CCSSA017386|Licencia sin Goce de Sueldo / CLUES No coincide el catalogo definido por la DGRH|
6|(70)Porcentaje de Pensión 01 | 0000000000.00|Porcentaje de Pensión 01   ser de 3 enteros y 2 decimales(###.##)|
6|(71)Porcentaje de Pensión 02 | 0000000000.00|Porcentaje de Pensión 02   ser de 3 enteros y 2 decimales(###.##)|
6|(72)Porcentaje de Pensión 03| 0000000000.00|Porcentaje de Pensión 03 ser de 3 enteros y 2 decimales(###.##)|
6|(73)Porcentaje de Pensión 04| 0000000000.00|Porcentaje de Pensión 04 ser de 3 enteros y 2 decimales(###.##)|
6|(74)Porcentaje de Pensión 05| 0000000000.00|Porcentaje de Pensión 04 ser de 3 enteros y 2 decimales(###.##)|
6|(75)Elección de tipo de retiro del ISSSTE| 0000000000000000000000000000.0000000000|Elección de tipo de retiro del ISSSTE 1 enteros [0,1,2]|
6|(76)Tipo de Unidad| 0000000000000000000000000002.0000000000|Tipo de Unidad 1 enteros [1,2]|
7|(1)Numero Empleado|0400001253|Identificador de estado Invalido (01)|
7|(9)Clave del Banco (CLABE)|00012050011329823908|Tamaño de Clave del Banco (CLABE) debe ser 18 dígitos|
7|(10)Clave del Servicio Profesional de Carrera (FUNCION)|8|Tamaño de Clave del Servicio Profesional de Carrera (FUNCION) debe ser 2 dígitos|
7|(24)Número de Puesto|0001|El Número Puesto no es parte del catalogo de DGRH|
7|(27)Centro de Responsabilidad|0414720430|El Centro de Responsabilidad no corresponde al Estado|
7|(28)Cédula de Identidad (NSS)|000080987444017|Tamaño de campo Cédula de Identidad (NSS) debe ser  a 11 Caracters|
7|(30)Número de AHISA-Fuente de Financiamiento|1|Tamaño de campo Número de AHISA-Fuente de Financiamiento debe ser de 2 Digítos|
7|(38)Nivel de puesto - Nivel de puesto SPC||Nivel de puesto - Nivel de puesto SPC debe ser de 10 Digítos|
7|(42)Fecha de Reingreso||Fecha de Reingreso debe ser de 8 Digíto(AAAAMMDD (AAAA=año, MM=mes, DD=día))|
7|(48)Periodo de Aplicación Final|20160115|No Corresponde a datos de Aplicacion Final (15/28/29/30/31)|
7|(50)Año de Proceso Real|2016|No se aceptan años posteriores a año de periodo de pago inicial y perido de pago final |
7|(51)Tipo de Pago| 0000000000000000000000000006.0000000000|Tipo de Pago ser de 1 digitos|
7|(54)Percepciones | 0000024190.47|Percepciones debe  ser de 10 digitos y 2 decimales|
7|(55)Deducciones | 0000006984.32|Deducciones debe  ser de 10 digitos y 2 decimales |
7|(56)Neto| 0000017206.15|Neto debe  ser de 10 digitos y 2 decimales |
7|(57)Número de Trailers-Total  de Conceptos | 0000000000000000000000000012.0000000000|Número de Trailers-Total  de Conceptos debe  ser de 2 |
7|(59)Nombre del Producto|PRDE011|Nombre del Producto debe  ser de 11 caracteres/numeros|
7|(61)Número de Cheque|200003734|Número de Cheque debe  ser de 10 Digitos|
7|(63)Indicador de TESOFE -JORNADA| 0000000000000000000000000003.0000000000|Indicador de TESOFE-JORNADA debe  ser de 2 Digitos|
7|(65)Ciclo del FONAC|27|Ciclo del FONAC debe  ser de 4 Digitos|
7|(66)Número de Aportaciones al FONAC|0|Número de Aportaciones al FONAC debe  ser de 2 Digitos|
7|(67)Acumulado de FONAC| 0000000000000000000000000000.0000000000|Acumulado de FONAC debe  ser de 10 Digitos|
7|(69)Licencia sin Goce de Sueldo / CLUES|CCSSA017345|Licencia sin Goce de Sueldo / CLUES No coincide el catalogo definido por la DGRH|
7|(70)Porcentaje de Pensión 01 | 0000000000.00|Porcentaje de Pensión 01   ser de 3 enteros y 2 decimales(###.##)|
7|(71)Porcentaje de Pensión 02 | 0000000000.00|Porcentaje de Pensión 02   ser de 3 enteros y 2 decimales(###.##)|
7|(72)Porcentaje de Pensión 03| 0000000000.00|Porcentaje de Pensión 03 ser de 3 enteros y 2 decimales(###.##)|
7|(73)Porcentaje de Pensión 04| 0000000000.00|Porcentaje de Pensión 04 ser de 3 enteros y 2 decimales(###.##)|
7|(74)Porcentaje de Pensión 05| 0000000000.00|Porcentaje de Pensión 04 ser de 3 enteros y 2 decimales(###.##)|
7|(75)Elección de tipo de retiro del ISSSTE| 0000000000000000000000000000.0000000000|Elección de tipo de retiro del ISSSTE 1 enteros [0,1,2]|
7|(76)Tipo de Unidad| 0000000000000000000000000001.0000000000|Tipo de Unidad 1 enteros [1,2]|
8|(1)Numero Empleado|0400008560|Identificador de estado Invalido (01)|
8|(9)Clave del Banco (CLABE)|00012050026217110831|Tamaño de Clave del Banco (CLABE) debe ser 18 dígitos|
8|(10)Clave del Servicio Profesional de Carrera (FUNCION)|5|Tamaño de Clave del Servicio Profesional de Carrera (FUNCION) debe ser 2 dígitos|
8|(23)Puesto|M02081|Tamaño de Puesto debe ser  a 7 Alfanumerico|
8|(24)Número de Puesto|0051|El Número Puesto no es parte del catalogo de DGRH|
8|(27)Centro de Responsabilidad|0414721011|El Centro de Responsabilidad no corresponde al Estado|
8|(28)Cédula de Identidad (NSS)|000000000000000|Tamaño de campo Cédula de Identidad (NSS) debe ser  a 11 Caracters|
8|(30)Número de AHISA-Fuente de Financiamiento|1|Tamaño de campo Número de AHISA-Fuente de Financiamiento debe ser de 2 Digítos|
8|(38)Nivel de puesto - Nivel de puesto SPC||Nivel de puesto - Nivel de puesto SPC debe ser de 10 Digítos|
8|(42)Fecha de Reingreso||Fecha de Reingreso debe ser de 8 Digíto(AAAAMMDD (AAAA=año, MM=mes, DD=día))|
8|(48)Periodo de Aplicación Final|20160115|No Corresponde a datos de Aplicacion Final (15/28/29/30/31)|
8|(50)Año de Proceso Real|2016|No se aceptan años posteriores a año de periodo de pago inicial y perido de pago final |
8|(51)Tipo de Pago| 0000000000000000000000000006.0000000000|Tipo de Pago ser de 1 digitos|
8|(54)Percepciones | 0000001190.08|Percepciones debe  ser de 10 digitos y 2 decimales|
8|(55)Deducciones | 0000000190.08|Deducciones debe  ser de 10 digitos y 2 decimales |
8|(56)Neto| 0000001000.00|Neto debe  ser de 10 digitos y 2 decimales |
8|(57)Número de Trailers-Total  de Conceptos | 0000000000000000000000000003.0000000000|Número de Trailers-Total  de Conceptos debe  ser de 2 |
8|(59)Nombre del Producto|PRDE011|Nombre del Producto debe  ser de 11 caracteres/numeros|
8|(61)Número de Cheque|200003736|Número de Cheque debe  ser de 10 Digitos|
8|(63)Indicador de TESOFE -JORNADA| 0000000000000000000000000001.0000000000|Indicador de TESOFE-JORNADA debe  ser de 2 Digitos|
8|(65)Ciclo del FONAC|27|Ciclo del FONAC debe  ser de 4 Digitos|
8|(66)Número de Aportaciones al FONAC|0|Número de Aportaciones al FONAC debe  ser de 2 Digitos|
8|(67)Acumulado de FONAC| 0000000000000000000000000000.0000000000|Acumulado de FONAC debe  ser de 10 Digitos|
8|(69)Licencia sin Goce de Sueldo / CLUES|CCSSA017670|Licencia sin Goce de Sueldo / CLUES No coincide el catalogo definido por la DGRH|
8|(70)Porcentaje de Pensión 01 | 0000000000.00|Porcentaje de Pensión 01   ser de 3 enteros y 2 decimales(###.##)|
8|(71)Porcentaje de Pensión 02 | 0000000000.00|Porcentaje de Pensión 02   ser de 3 enteros y 2 decimales(###.##)|
8|(72)Porcentaje de Pensión 03| 0000000000.00|Porcentaje de Pensión 03 ser de 3 enteros y 2 decimales(###.##)|
8|(73)Porcentaje de Pensión 04| 0000000000.00|Porcentaje de Pensión 04 ser de 3 enteros y 2 decimales(###.##)|
8|(74)Porcentaje de Pensión 05| 0000000000.00|Porcentaje de Pensión 04 ser de 3 enteros y 2 decimales(###.##)|
8|(75)Elección de tipo de retiro del ISSSTE| 0000000000000000000000000000.0000000000|Elección de tipo de retiro del ISSSTE 1 enteros [0,1,2]|
8|(76)Tipo de Unidad| 0000000000000000000000000002.0000000000|Tipo de Unidad 1 enteros [1,2]|
9|(1)Numero Empleado|0400002122|Identificador de estado Invalido (01)|
9|(9)Clave del Banco (CLABE)|00012050011137532559|Tamaño de Clave del Banco (CLABE) debe ser 18 dígitos|
9|(10)Clave del Servicio Profesional de Carrera (FUNCION)|9|Tamaño de Clave del Servicio Profesional de Carrera (FUNCION) debe ser 2 dígitos|
9|(23)Puesto|M03020|Tamaño de Puesto debe ser  a 7 Alfanumerico|
9|(24)Número de Puesto|0006|El Número Puesto no es parte del catalogo de DGRH|
9|(27)Centro de Responsabilidad|0414721021|El Centro de Responsabilidad no corresponde al Estado|
9|(28)Cédula de Identidad (NSS)|000080925818405|Tamaño de campo Cédula de Identidad (NSS) debe ser  a 11 Caracters|
9|(30)Número de AHISA-Fuente de Financiamiento|1|Tamaño de campo Número de AHISA-Fuente de Financiamiento debe ser de 2 Digítos|
9|(38)Nivel de puesto - Nivel de puesto SPC||Nivel de puesto - Nivel de puesto SPC debe ser de 10 Digítos|
9|(42)Fecha de Reingreso||Fecha de Reingreso debe ser de 8 Digíto(AAAAMMDD (AAAA=año, MM=mes, DD=día))|
9|(48)Periodo de Aplicación Final|20160115|No Corresponde a datos de Aplicacion Final (15/28/29/30/31)|
9|(50)Año de Proceso Real|2016|No se aceptan años posteriores a año de periodo de pago inicial y perido de pago final |
9|(51)Tipo de Pago| 0000000000000000000000000006.0000000000|Tipo de Pago ser de 1 digitos|
9|(54)Percepciones | 0000006383.00|Percepciones debe  ser de 10 digitos y 2 decimales|
9|(55)Deducciones | 0000005059.90|Deducciones debe  ser de 10 digitos y 2 decimales |
9|(56)Neto| 0000001323.10|Neto debe  ser de 10 digitos y 2 decimales |
9|(57)Número de Trailers-Total  de Conceptos | 0000000000000000000000000020.0000000000|Número de Trailers-Total  de Conceptos debe  ser de 2 |
9|(59)Nombre del Producto|PRDE011|Nombre del Producto debe  ser de 11 caracteres/numeros|
9|(61)Número de Cheque|200003737|Número de Cheque debe  ser de 10 Digitos|
9|(63)Indicador de TESOFE -JORNADA| 0000000000000000000000000002.0000000000|Indicador de TESOFE-JORNADA debe  ser de 2 Digitos|
9|(65)Ciclo del FONAC|27|Ciclo del FONAC debe  ser de 4 Digitos|
9|(66)Número de Aportaciones al FONAC|4|Número de Aportaciones al FONAC debe  ser de 2 Digitos|
9|(67)Acumulado de FONAC| 0000000000000000000000002190.0000000000|Acumulado de FONAC debe  ser de 10 Digitos|
9|(69)Licencia sin Goce de Sueldo / CLUES|CCSSA000264|Licencia sin Goce de Sueldo / CLUES No coincide el catalogo definido por la DGRH|
9|(70)Porcentaje de Pensión 01 | 0000000000.00|Porcentaje de Pensión 01   ser de 3 enteros y 2 decimales(###.##)|
9|(71)Porcentaje de Pensión 02 | 0000000000.00|Porcentaje de Pensión 02   ser de 3 enteros y 2 decimales(###.##)|
9|(72)Porcentaje de Pensión 03| 0000000000.00|Porcentaje de Pensión 03 ser de 3 enteros y 2 decimales(###.##)|
9|(73)Porcentaje de Pensión 04| 0000000000.00|Porcentaje de Pensión 04 ser de 3 enteros y 2 decimales(###.##)|
9|(74)Porcentaje de Pensión 05| 0000000000.00|Porcentaje de Pensión 04 ser de 3 enteros y 2 decimales(###.##)|
9|(75)Elección de tipo de retiro del ISSSTE| 0000000000000000000000000000.0000000000|Elección de tipo de retiro del ISSSTE 1 enteros [0,1,2]|
9|(76)Tipo de Unidad| 0000000000000000000000000001.0000000000|Tipo de Unidad 1 enteros [1,2]|
10|(1)Numero Empleado|0400002122|Identificador de estado Invalido (01)|
10|(9)Clave del Banco (CLABE)|00012050011137532559|Tamaño de Clave del Banco (CLABE) debe ser 18 dígitos|
10|(10)Clave del Servicio Profesional de Carrera (FUNCION)|9|Tamaño de Clave del Servicio Profesional de Carrera (FUNCION) debe ser 2 dígitos|
10|(23)Puesto|M03020|Tamaño de Puesto debe ser  a 7 Alfanumerico|
10|(24)Número de Puesto|0006|El Número Puesto no es parte del catalogo de DGRH|
10|(27)Centro de Responsabilidad|0414721021|El Centro de Responsabilidad no corresponde al Estado|
10|(28)Cédula de Identidad (NSS)|000080925818405|Tamaño de campo Cédula de Identidad (NSS) debe ser  a 11 Caracters|
10|(30)Número de AHISA-Fuente de Financiamiento|1|Tamaño de campo Número de AHISA-Fuente de Financiamiento debe ser de 2 Digítos|
10|(38)Nivel de puesto - Nivel de puesto SPC||Nivel de puesto - Nivel de puesto SPC debe ser de 10 Digítos|
10|(42)Fecha de Reingreso||Fecha de Reingreso debe ser de 8 Digíto(AAAAMMDD (AAAA=año, MM=mes, DD=día))|
10|(48)Periodo de Aplicación Final|20160115|No Corresponde a datos de Aplicacion Final (15/28/29/30/31)|
10|(50)Año de Proceso Real|2016|No se aceptan años posteriores a año de periodo de pago inicial y perido de pago final |
10|(51)Tipo de Pago| 0000000000000000000000000006.0000000000|Tipo de Pago ser de 1 digitos|
10|(54)Percepciones | 0000014224.90|Percepciones debe  ser de 10 digitos y 2 decimales|
10|(55)Deducciones | 0000010322.03|Deducciones debe  ser de 10 digitos y 2 decimales |
10|(56)Neto| 0000003902.87|Neto debe  ser de 10 digitos y 2 decimales |
10|(57)Número de Trailers-Total  de Conceptos | 0000000000000000000000000023.0000000000|Número de Trailers-Total  de Conceptos debe  ser de 2 |
10|(59)Nombre del Producto|PRDE011|Nombre del Producto debe  ser de 11 caracteres/numeros|
10|(61)Número de Cheque|200003738|Número de Cheque debe  ser de 10 Digitos|
10|(63)Indicador de TESOFE -JORNADA| 0000000000000000000000000002.0000000000|Indicador de TESOFE-JORNADA debe  ser de 2 Digitos|
10|(65)Ciclo del FONAC|27|Ciclo del FONAC debe  ser de 4 Digitos|
10|(66)Número de Aportaciones al FONAC|4|Número de Aportaciones al FONAC debe  ser de 2 Digitos|
10|(67)Acumulado de FONAC| 0000000000000000000000002190.0000000000|Acumulado de FONAC debe  ser de 10 Digitos|
10|(69)Licencia sin Goce de Sueldo / CLUES|CCSSA000264|Licencia sin Goce de Sueldo / CLUES No coincide el catalogo definido por la DGRH|
10|(70)Porcentaje de Pensión 01 | 0000000000.00|Porcentaje de Pensión 01   ser de 3 enteros y 2 decimales(###.##)|
10|(71)Porcentaje de Pensión 02 | 0000000000.00|Porcentaje de Pensión 02   ser de 3 enteros y 2 decimales(###.##)|
10|(72)Porcentaje de Pensión 03| 0000000000.00|Porcentaje de Pensión 03 ser de 3 enteros y 2 decimales(###.##)|
10|(73)Porcentaje de Pensión 04| 0000000000.00|Porcentaje de Pensión 04 ser de 3 enteros y 2 decimales(###.##)|
10|(74)Porcentaje de Pensión 05| 0000000000.00|Porcentaje de Pensión 04 ser de 3 enteros y 2 decimales(###.##)|
10|(75)Elección de tipo de retiro del ISSSTE| 0000000000000000000000000000.0000000000|Elección de tipo de retiro del ISSSTE 1 enteros [0,1,2]|
10|(76)Tipo de Unidad| 0000000000000000000000000001.0000000000|Tipo de Unidad 1 enteros [1,2]|
11|(1)Numero Empleado|0400004326|Identificador de estado Invalido (01)|
11|(9)Clave del Banco (CLABE)|00012050011127694177|Tamaño de Clave del Banco (CLABE) debe ser 18 dígitos|
11|(10)Clave del Servicio Profesional de Carrera (FUNCION)|2|Tamaño de Clave del Servicio Profesional de Carrera (FUNCION) debe ser 2 dígitos|
11|(23)Puesto|M01006|Tamaño de Puesto debe ser  a 7 Alfanumerico|
11|(24)Número de Puesto|0025|El Número Puesto no es parte del catalogo de DGRH|
11|(27)Centro de Responsabilidad|0414721021|El Centro de Responsabilidad no corresponde al Estado|
11|(28)Cédula de Identidad (NSS)|000080885744971|Tamaño de campo Cédula de Identidad (NSS) debe ser  a 11 Caracters|
11|(30)Número de AHISA-Fuente de Financiamiento|1|Tamaño de campo Número de AHISA-Fuente de Financiamiento debe ser de 2 Digítos|
11|(38)Nivel de puesto - Nivel de puesto SPC||Nivel de puesto - Nivel de puesto SPC debe ser de 10 Digítos|
11|(42)Fecha de Reingreso||Fecha de Reingreso debe ser de 8 Digíto(AAAAMMDD (AAAA=año, MM=mes, DD=día))|
11|(48)Periodo de Aplicación Final|20160115|No Corresponde a datos de Aplicacion Final (15/28/29/30/31)|
11|(50)Año de Proceso Real|2016|No se aceptan años posteriores a año de periodo de pago inicial y perido de pago final |
11|(51)Tipo de Pago| 0000000000000000000000000006.0000000000|Tipo de Pago ser de 1 digitos|
11|(54)Percepciones | 0000023055.65|Percepciones debe  ser de 10 digitos y 2 decimales|
11|(55)Deducciones | 0000005185.70|Deducciones debe  ser de 10 digitos y 2 decimales |
11|(56)Neto| 0000017869.95|Neto debe  ser de 10 digitos y 2 decimales |
11|(57)Número de Trailers-Total  de Conceptos | 0000000000000000000000000003.0000000000|Número de Trailers-Total  de Conceptos debe  ser de 2 |
11|(59)Nombre del Producto|PRDE011|Nombre del Producto debe  ser de 11 caracteres/numeros|
11|(61)Número de Cheque|200003739|Número de Cheque debe  ser de 10 Digitos|
11|(63)Indicador de TESOFE -JORNADA| 0000000000000000000000000001.0000000000|Indicador de TESOFE-JORNADA debe  ser de 2 Digitos|
11|(65)Ciclo del FONAC|27|Ciclo del FONAC debe  ser de 4 Digitos|
11|(67)Acumulado de FONAC| 0000000000000000000000005427.0000000000|Acumulado de FONAC debe  ser de 10 Digitos|
11|(69)Licencia sin Goce de Sueldo / CLUES|CCSSA000264|Licencia sin Goce de Sueldo / CLUES No coincide el catalogo definido por la DGRH|
11|(70)Porcentaje de Pensión 01 | 0000000000.00|Porcentaje de Pensión 01   ser de 3 enteros y 2 decimales(###.##)|
11|(71)Porcentaje de Pensión 02 | 0000000000.00|Porcentaje de Pensión 02   ser de 3 enteros y 2 decimales(###.##)|
11|(72)Porcentaje de Pensión 03| 0000000000.00|Porcentaje de Pensión 03 ser de 3 enteros y 2 decimales(###.##)|
11|(73)Porcentaje de Pensión 04| 0000000000.00|Porcentaje de Pensión 04 ser de 3 enteros y 2 decimales(###.##)|
11|(74)Porcentaje de Pensión 05| 0000000000.00|Porcentaje de Pensión 04 ser de 3 enteros y 2 decimales(###.##)|
11|(75)Elección de tipo de retiro del ISSSTE| 0000000000000000000000000000.0000000000|Elección de tipo de retiro del ISSSTE 1 enteros [0,1,2]|
11|(76)Tipo de Unidad| 0000000000000000000000000002.0000000000|Tipo de Unidad 1 enteros [1,2]|
12|(1)Numero Empleado|0400007433|Identificador de estado Invalido (01)|
12|(9)Clave del Banco (CLABE)|00012054029485078054|Tamaño de Clave del Banco (CLABE) debe ser 18 dígitos|
12|(10)Clave del Servicio Profesional de Carrera (FUNCION)|9|Tamaño de Clave del Servicio Profesional de Carrera (FUNCION) debe ser 2 dígitos|
12|(23)Puesto|M03024|Tamaño de Puesto debe ser  a 7 Alfanumerico|
12|(24)Número de Puesto|0050|El Número Puesto no es parte del catalogo de DGRH|
12|(27)Centro de Responsabilidad|0414722012|El Centro de Responsabilidad no corresponde al Estado|
12|(28)Cédula de Identidad (NSS)|000080148105184|Tamaño de campo Cédula de Identidad (NSS) debe ser  a 11 Caracters|
12|(30)Número de AHISA-Fuente de Financiamiento|1|Tamaño de campo Número de AHISA-Fuente de Financiamiento debe ser de 2 Digítos|
12|(38)Nivel de puesto - Nivel de puesto SPC||Nivel de puesto - Nivel de puesto SPC debe ser de 10 Digítos|
12|(42)Fecha de Reingreso||Fecha de Reingreso debe ser de 8 Digíto(AAAAMMDD (AAAA=año, MM=mes, DD=día))|
12|(48)Periodo de Aplicación Final|20160115|No Corresponde a datos de Aplicacion Final (15/28/29/30/31)|
12|(50)Año de Proceso Real|2016|No se aceptan años posteriores a año de periodo de pago inicial y perido de pago final |
12|(51)Tipo de Pago| 0000000000000000000000000006.0000000000|Tipo de Pago ser de 1 digitos|
12|(54)Percepciones | 0000001190.08|Percepciones debe  ser de 10 digitos y 2 decimales|
12|(55)Deducciones | 0000000190.08|Deducciones debe  ser de 10 digitos y 2 decimales |
12|(56)Neto| 0000001000.00|Neto debe  ser de 10 digitos y 2 decimales |
12|(57)Número de Trailers-Total  de Conceptos | 0000000000000000000000000003.0000000000|Número de Trailers-Total  de Conceptos debe  ser de 2 |
12|(59)Nombre del Producto|PRDE011|Nombre del Producto debe  ser de 11 caracteres/numeros|
12|(61)Número de Cheque|200003740|Número de Cheque debe  ser de 10 Digitos|
12|(63)Indicador de TESOFE -JORNADA| 0000000000000000000000000002.0000000000|Indicador de TESOFE-JORNADA debe  ser de 2 Digitos|
12|(65)Ciclo del FONAC|27|Ciclo del FONAC debe  ser de 4 Digitos|
12|(66)Número de Aportaciones al FONAC|2|Número de Aportaciones al FONAC debe  ser de 2 Digitos|
12|(67)Acumulado de FONAC| 0000000000000000000000000872.0000000000|Acumulado de FONAC debe  ser de 10 Digitos|
12|(69)Licencia sin Goce de Sueldo / CLUES|CCSSA017682|Licencia sin Goce de Sueldo / CLUES No coincide el catalogo definido por la DGRH|
12|(70)Porcentaje de Pensión 01 | 0000000000.00|Porcentaje de Pensión 01   ser de 3 enteros y 2 decimales(###.##)|
12|(71)Porcentaje de Pensión 02 | 0000000000.00|Porcentaje de Pensión 02   ser de 3 enteros y 2 decimales(###.##)|
12|(72)Porcentaje de Pensión 03| 0000000000.00|Porcentaje de Pensión 03 ser de 3 enteros y 2 decimales(###.##)|
12|(73)Porcentaje de Pensión 04| 0000000000.00|Porcentaje de Pensión 04 ser de 3 enteros y 2 decimales(###.##)|
12|(74)Porcentaje de Pensión 05| 0000000000.00|Porcentaje de Pensión 04 ser de 3 enteros y 2 decimales(###.##)|
12|(75)Elección de tipo de retiro del ISSSTE| 0000000000000000000000000000.0000000000|Elección de tipo de retiro del ISSSTE 1 enteros [0,1,2]|
12|(76)Tipo de Unidad| 0000000000000000000000000001.0000000000|Tipo de Unidad 1 enteros [1,2]|
13|(1)Numero Empleado|0400003377|Identificador de estado Invalido (01)|
13|(9)Clave del Banco (CLABE)|00072050008943349264|Tamaño de Clave del Banco (CLABE) debe ser 18 dígitos|
13|(10)Clave del Servicio Profesional de Carrera (FUNCION)|5|Tamaño de Clave del Servicio Profesional de Carrera (FUNCION) debe ser 2 dígitos|
13|(23)Puesto|M02105|Tamaño de Puesto debe ser  a 7 Alfanumerico|
13|(24)Número de Puesto|0028|El Número Puesto no es parte del catalogo de DGRH|
13|(27)Centro de Responsabilidad|0414722051|El Centro de Responsabilidad no corresponde al Estado|
13|(28)Cédula de Identidad (NSS)|000080087358927|Tamaño de campo Cédula de Identidad (NSS) debe ser  a 11 Caracters|
13|(30)Número de AHISA-Fuente de Financiamiento|1|Tamaño de campo Número de AHISA-Fuente de Financiamiento debe ser de 2 Digítos|
13|(38)Nivel de puesto - Nivel de puesto SPC||Nivel de puesto - Nivel de puesto SPC debe ser de 10 Digítos|
13|(42)Fecha de Reingreso||Fecha de Reingreso debe ser de 8 Digíto(AAAAMMDD (AAAA=año, MM=mes, DD=día))|
13|(48)Periodo de Aplicación Final|20160115|No Corresponde a datos de Aplicacion Final (15/28/29/30/31)|
13|(50)Año de Proceso Real|2016|No se aceptan años posteriores a año de periodo de pago inicial y perido de pago final |
13|(51)Tipo de Pago| 0000000000000000000000000006.0000000000|Tipo de Pago ser de 1 digitos|
13|(54)Percepciones | 0000010279.22|Percepciones debe  ser de 10 digitos y 2 decimales|
13|(55)Deducciones | 0000009174.20|Deducciones debe  ser de 10 digitos y 2 decimales |
13|(56)Neto| 0000001105.02|Neto debe  ser de 10 digitos y 2 decimales |
13|(57)Número de Trailers-Total  de Conceptos | 0000000000000000000000000024.0000000000|Número de Trailers-Total  de Conceptos debe  ser de 2 |
13|(59)Nombre del Producto|PRDE011|Nombre del Producto debe  ser de 11 caracteres/numeros|
13|(61)Número de Cheque|500000306|Número de Cheque debe  ser de 10 Digitos|
13|(63)Indicador de TESOFE -JORNADA| 0000000000000000000000000001.0000000000|Indicador de TESOFE-JORNADA debe  ser de 2 Digitos|
13|(65)Ciclo del FONAC|27|Ciclo del FONAC debe  ser de 4 Digitos|
13|(66)Número de Aportaciones al FONAC|9|Número de Aportaciones al FONAC debe  ser de 2 Digitos|
13|(67)Acumulado de FONAC| 0000000000000000000000004503.0000000000|Acumulado de FONAC debe  ser de 10 Digitos|
13|(69)Licencia sin Goce de Sueldo / CLUES|CCSSA001116|Licencia sin Goce de Sueldo / CLUES No coincide el catalogo definido por la DGRH|
13|(70)Porcentaje de Pensión 01 | 0000000000.00|Porcentaje de Pensión 01   ser de 3 enteros y 2 decimales(###.##)|
13|(71)Porcentaje de Pensión 02 | 0000000000.00|Porcentaje de Pensión 02   ser de 3 enteros y 2 decimales(###.##)|
13|(72)Porcentaje de Pensión 03| 0000000000.00|Porcentaje de Pensión 03 ser de 3 enteros y 2 decimales(###.##)|
13|(73)Porcentaje de Pensión 04| 0000000000.00|Porcentaje de Pensión 04 ser de 3 enteros y 2 decimales(###.##)|
13|(74)Porcentaje de Pensión 05| 0000000000.00|Porcentaje de Pensión 04 ser de 3 enteros y 2 decimales(###.##)|
13|(75)Elección de tipo de retiro del ISSSTE| 0000000000000000000000000000.0000000000|Elección de tipo de retiro del ISSSTE 1 enteros [0,1,2]|
13|(76)Tipo de Unidad| 0000000000000000000000000002.0000000000|Tipo de Unidad 1 enteros [1,2]|
14|(1)Numero Empleado|0400002715|Identificador de estado Invalido (01)|
14|(9)Clave del Banco (CLABE)|00012796012987487997|Tamaño de Clave del Banco (CLABE) debe ser 18 dígitos|
14|(10)Clave del Servicio Profesional de Carrera (FUNCION)|6|Tamaño de Clave del Servicio Profesional de Carrera (FUNCION) debe ser 2 dígitos|
14|(23)Puesto|M02006|Tamaño de Puesto debe ser  a 7 Alfanumerico|
14|(24)Número de Puesto|0006|El Número Puesto no es parte del catalogo de DGRH|
14|(27)Centro de Responsabilidad|0414723033|El Centro de Responsabilidad no corresponde al Estado|
14|(28)Cédula de Identidad (NSS)|000000000000000|Tamaño de campo Cédula de Identidad (NSS) debe ser  a 11 Caracters|
14|(30)Número de AHISA-Fuente de Financiamiento|1|Tamaño de campo Número de AHISA-Fuente de Financiamiento debe ser de 2 Digítos|
14|(38)Nivel de puesto - Nivel de puesto SPC||Nivel de puesto - Nivel de puesto SPC debe ser de 10 Digítos|
14|(42)Fecha de Reingreso||Fecha de Reingreso debe ser de 8 Digíto(AAAAMMDD (AAAA=año, MM=mes, DD=día))|
14|(48)Periodo de Aplicación Final|20160115|No Corresponde a datos de Aplicacion Final (15/28/29/30/31)|
14|(50)Año de Proceso Real|2016|No se aceptan años posteriores a año de periodo de pago inicial y perido de pago final |
14|(51)Tipo de Pago| 0000000000000000000000000006.0000000000|Tipo de Pago ser de 1 digitos|
14|(54)Percepciones | 0000002796.90|Percepciones debe  ser de 10 digitos y 2 decimales|
14|(55)Deducciones | 0000000608.10|Deducciones debe  ser de 10 digitos y 2 decimales |
14|(56)Neto| 0000002188.80|Neto debe  ser de 10 digitos y 2 decimales |
14|(57)Número de Trailers-Total  de Conceptos | 0000000000000000000000000002.0000000000|Número de Trailers-Total  de Conceptos debe  ser de 2 |
14|(59)Nombre del Producto|PRDE011|Nombre del Producto debe  ser de 11 caracteres/numeros|
14|(61)Número de Cheque|200003741|Número de Cheque debe  ser de 10 Digitos|
14|(63)Indicador de TESOFE -JORNADA| 0000000000000000000000000001.0000000000|Indicador de TESOFE-JORNADA debe  ser de 2 Digitos|
14|(65)Ciclo del FONAC|27|Ciclo del FONAC debe  ser de 4 Digitos|
14|(66)Número de Aportaciones al FONAC|7|Número de Aportaciones al FONAC debe  ser de 2 Digitos|
14|(67)Acumulado de FONAC| 0000000000000000000000003578.0000000000|Acumulado de FONAC debe  ser de 10 Digitos|
14|(69)Licencia sin Goce de Sueldo / CLUES|CCSSA000503|Licencia sin Goce de Sueldo / CLUES No coincide el catalogo definido por la DGRH|
14|(70)Porcentaje de Pensión 01 | 0000000000.00|Porcentaje de Pensión 01   ser de 3 enteros y 2 decimales(###.##)|
14|(71)Porcentaje de Pensión 02 | 0000000000.00|Porcentaje de Pensión 02   ser de 3 enteros y 2 decimales(###.##)|
14|(72)Porcentaje de Pensión 03| 0000000000.00|Porcentaje de Pensión 03 ser de 3 enteros y 2 decimales(###.##)|
14|(73)Porcentaje de Pensión 04| 0000000000.00|Porcentaje de Pensión 04 ser de 3 enteros y 2 decimales(###.##)|
14|(74)Porcentaje de Pensión 05| 0000000000.00|Porcentaje de Pensión 04 ser de 3 enteros y 2 decimales(###.##)|
14|(75)Elección de tipo de retiro del ISSSTE| 0000000000000000000000000000.0000000000|Elección de tipo de retiro del ISSSTE 1 enteros [0,1,2]|
14|(76)Tipo de Unidad| 0000000000000000000000000002.0000000000|Tipo de Unidad 1 enteros [1,2]|
15|(1)Numero Empleado|0400002715|Identificador de estado Invalido (01)|
15|(9)Clave del Banco (CLABE)|00012796012987487997|Tamaño de Clave del Banco (CLABE) debe ser 18 dígitos|
15|(10)Clave del Servicio Profesional de Carrera (FUNCION)|6|Tamaño de Clave del Servicio Profesional de Carrera (FUNCION) debe ser 2 dígitos|
15|(23)Puesto|M02006|Tamaño de Puesto debe ser  a 7 Alfanumerico|
15|(24)Número de Puesto|0006|El Número Puesto no es parte del catalogo de DGRH|
15|(27)Centro de Responsabilidad|0414723033|El Centro de Responsabilidad no corresponde al Estado|
15|(28)Cédula de Identidad (NSS)|000000000000000|Tamaño de campo Cédula de Identidad (NSS) debe ser  a 11 Caracters|
15|(30)Número de AHISA-Fuente de Financiamiento|1|Tamaño de campo Número de AHISA-Fuente de Financiamiento debe ser de 2 Digítos|
15|(38)Nivel de puesto - Nivel de puesto SPC||Nivel de puesto - Nivel de puesto SPC debe ser de 10 Digítos|
15|(42)Fecha de Reingreso||Fecha de Reingreso debe ser de 8 Digíto(AAAAMMDD (AAAA=año, MM=mes, DD=día))|
15|(48)Periodo de Aplicación Final|20160115|No Corresponde a datos de Aplicacion Final (15/28/29/30/31)|
15|(50)Año de Proceso Real|2016|No se aceptan años posteriores a año de periodo de pago inicial y perido de pago final |
15|(51)Tipo de Pago| 0000000000000000000000000006.0000000000|Tipo de Pago ser de 1 digitos|
15|(54)Percepciones | 0000004661.55|Percepciones debe  ser de 10 digitos y 2 decimales|
15|(55)Deducciones | 0000001049.25|Deducciones debe  ser de 10 digitos y 2 decimales |
15|(56)Neto| 0000003612.30|Neto debe  ser de 10 digitos y 2 decimales |
15|(57)Número de Trailers-Total  de Conceptos | 0000000000000000000000000002.0000000000|Número de Trailers-Total  de Conceptos debe  ser de 2 |
15|(59)Nombre del Producto|PRDE011|Nombre del Producto debe  ser de 11 caracteres/numeros|
15|(61)Número de Cheque|200003742|Número de Cheque debe  ser de 10 Digitos|
15|(63)Indicador de TESOFE -JORNADA| 0000000000000000000000000001.0000000000|Indicador de TESOFE-JORNADA debe  ser de 2 Digitos|
15|(65)Ciclo del FONAC|27|Ciclo del FONAC debe  ser de 4 Digitos|
15|(66)Número de Aportaciones al FONAC|7|Número de Aportaciones al FONAC debe  ser de 2 Digitos|
15|(67)Acumulado de FONAC| 0000000000000000000000003578.0000000000|Acumulado de FONAC debe  ser de 10 Digitos|
15|(69)Licencia sin Goce de Sueldo / CLUES|CCSSA000503|Licencia sin Goce de Sueldo / CLUES No coincide el catalogo definido por la DGRH|
15|(70)Porcentaje de Pensión 01 | 0000000000.00|Porcentaje de Pensión 01   ser de 3 enteros y 2 decimales(###.##)|
15|(71)Porcentaje de Pensión 02 | 0000000000.00|Porcentaje de Pensión 02   ser de 3 enteros y 2 decimales(###.##)|
15|(72)Porcentaje de Pensión 03| 0000000000.00|Porcentaje de Pensión 03 ser de 3 enteros y 2 decimales(###.##)|
15|(73)Porcentaje de Pensión 04| 0000000000.00|Porcentaje de Pensión 04 ser de 3 enteros y 2 decimales(###.##)|
15|(74)Porcentaje de Pensión 05| 0000000000.00|Porcentaje de Pensión 04 ser de 3 enteros y 2 decimales(###.##)|
15|(75)Elección de tipo de retiro del ISSSTE| 0000000000000000000000000000.0000000000|Elección de tipo de retiro del ISSSTE 1 enteros [0,1,2]|
15|(76)Tipo de Unidad| 0000000000000000000000000002.0000000000|Tipo de Unidad 1 enteros [1,2]|
16|(1)Numero Empleado|0400008507|Identificador de estado Invalido (01)|
16|(9)Clave del Banco (CLABE)|00012050026664331975|Tamaño de Clave del Banco (CLABE) debe ser 18 dígitos|
16|(10)Clave del Servicio Profesional de Carrera (FUNCION)|5|Tamaño de Clave del Servicio Profesional de Carrera (FUNCION) debe ser 2 dígitos|
16|(23)Puesto|M02081|Tamaño de Puesto debe ser  a 7 Alfanumerico|
16|(24)Número de Puesto|0062|El Número Puesto no es parte del catalogo de DGRH|
16|(27)Centro de Responsabilidad|0414721011|El Centro de Responsabilidad no corresponde al Estado|
16|(28)Cédula de Identidad (NSS)|000000000000000|Tamaño de campo Cédula de Identidad (NSS) debe ser  a 11 Caracters|
16|(30)Número de AHISA-Fuente de Financiamiento|1|Tamaño de campo Número de AHISA-Fuente de Financiamiento debe ser de 2 Digítos|
16|(38)Nivel de puesto - Nivel de puesto SPC||Nivel de puesto - Nivel de puesto SPC debe ser de 10 Digítos|
16|(42)Fecha de Reingreso||Fecha de Reingreso debe ser de 8 Digíto(AAAAMMDD (AAAA=año, MM=mes, DD=día))|
16|(48)Periodo de Aplicación Final|20160115|No Corresponde a datos de Aplicacion Final (15/28/29/30/31)|
16|(51)Tipo de Pago| 0000000000000000000000000006.0000000000|Tipo de Pago ser de 1 digitos|
16|(54)Percepciones | 0000001000.00|Percepciones debe  ser de 10 digitos y 2 decimales|
16|(55)Deducciones | 0000000000.00|Deducciones debe  ser de 10 digitos y 2 decimales |
16|(56)Neto| 0000001000.00|Neto debe  ser de 10 digitos y 2 decimales |
16|(57)Número de Trailers-Total  de Conceptos | 0000000000000000000000000001.0000000000|Número de Trailers-Total  de Conceptos debe  ser de 2 |
16|(59)Nombre del Producto|PRDE012|Nombre del Producto debe  ser de 11 caracteres/numeros|
16|(61)Número de Cheque|200003743|Número de Cheque debe  ser de 10 Digitos|
16|(63)Indicador de TESOFE -JORNADA| 0000000000000000000000000001.0000000000|Indicador de TESOFE-JORNADA debe  ser de 2 Digitos|
16|(65)Ciclo del FONAC|27|Ciclo del FONAC debe  ser de 4 Digitos|
16|(66)Número de Aportaciones al FONAC|0|Número de Aportaciones al FONAC debe  ser de 2 Digitos|
16|(67)Acumulado de FONAC| 0000000000000000000000000000.0000000000|Acumulado de FONAC debe  ser de 10 Digitos|
16|(69)Licencia sin Goce de Sueldo / CLUES|CCSSA017670|Licencia sin Goce de Sueldo / CLUES No coincide el catalogo definido por la DGRH|
16|(70)Porcentaje de Pensión 01 | 0000000000.00|Porcentaje de Pensión 01   ser de 3 enteros y 2 decimales(###.##)|
16|(71)Porcentaje de Pensión 02 | 0000000000.00|Porcentaje de Pensión 02   ser de 3 enteros y 2 decimales(###.##)|
16|(72)Porcentaje de Pensión 03| 0000000000.00|Porcentaje de Pensión 03 ser de 3 enteros y 2 decimales(###.##)|
16|(73)Porcentaje de Pensión 04| 0000000000.00|Porcentaje de Pensión 04 ser de 3 enteros y 2 decimales(###.##)|
16|(74)Porcentaje de Pensión 05| 0000000000.00|Porcentaje de Pensión 04 ser de 3 enteros y 2 decimales(###.##)|
16|(75)Elección de tipo de retiro del ISSSTE| 0000000000000000000000000000.0000000000|Elección de tipo de retiro del ISSSTE 1 enteros [0,1,2]|
16|(76)Tipo de Unidad| 0000000000000000000000000002.0000000000|Tipo de Unidad 1 enteros [1,2]|
17|(1)Numero Empleado|0400001493|Identificador de estado Invalido (01)|
17|(9)Clave del Banco (CLABE)|00012054012158757062|Tamaño de Clave del Banco (CLABE) debe ser 18 dígitos|
17|(10)Clave del Servicio Profesional de Carrera (FUNCION)|5|Tamaño de Clave del Servicio Profesional de Carrera (FUNCION) debe ser 2 dígitos|
17|(23)Puesto|M02107|Tamaño de Puesto debe ser  a 7 Alfanumerico|
17|(24)Número de Puesto|0049|El Número Puesto no es parte del catalogo de DGRH|
17|(27)Centro de Responsabilidad|0414722012|El Centro de Responsabilidad no corresponde al Estado|
17|(28)Cédula de Identidad (NSS)|000080947265650|Tamaño de campo Cédula de Identidad (NSS) debe ser  a 11 Caracters|
17|(30)Número de AHISA-Fuente de Financiamiento|1|Tamaño de campo Número de AHISA-Fuente de Financiamiento debe ser de 2 Digítos|
17|(38)Nivel de puesto - Nivel de puesto SPC||Nivel de puesto - Nivel de puesto SPC debe ser de 10 Digítos|
17|(42)Fecha de Reingreso||Fecha de Reingreso debe ser de 8 Digíto(AAAAMMDD (AAAA=año, MM=mes, DD=día))|
17|(48)Periodo de Aplicación Final|20160115|No Corresponde a datos de Aplicacion Final (15/28/29/30/31)|
17|(51)Tipo de Pago| 0000000000000000000000000006.0000000000|Tipo de Pago ser de 1 digitos|
17|(54)Percepciones | 0000001365.06|Percepciones debe  ser de 10 digitos y 2 decimales|
17|(55)Deducciones | 0000000321.06|Deducciones debe  ser de 10 digitos y 2 decimales |
17|(56)Neto| 0000001044.00|Neto debe  ser de 10 digitos y 2 decimales |
17|(57)Número de Trailers-Total  de Conceptos | 0000000000000000000000000002.0000000000|Número de Trailers-Total  de Conceptos debe  ser de 2 |
17|(59)Nombre del Producto|PRDE012|Nombre del Producto debe  ser de 11 caracteres/numeros|
17|(61)Número de Cheque|200003744|Número de Cheque debe  ser de 10 Digitos|
17|(63)Indicador de TESOFE -JORNADA| 0000000000000000000000000001.0000000000|Indicador de TESOFE-JORNADA debe  ser de 2 Digitos|
17|(65)Ciclo del FONAC|27|Ciclo del FONAC debe  ser de 4 Digitos|
17|(67)Acumulado de FONAC| 0000000000000000000000005427.0000000000|Acumulado de FONAC debe  ser de 10 Digitos|
17|(69)Licencia sin Goce de Sueldo / CLUES|CCSSA017682|Licencia sin Goce de Sueldo / CLUES No coincide el catalogo definido por la DGRH|
17|(70)Porcentaje de Pensión 01 | 0000000000.00|Porcentaje de Pensión 01   ser de 3 enteros y 2 decimales(###.##)|
17|(71)Porcentaje de Pensión 02 | 0000000000.00|Porcentaje de Pensión 02   ser de 3 enteros y 2 decimales(###.##)|
17|(72)Porcentaje de Pensión 03| 0000000000.00|Porcentaje de Pensión 03 ser de 3 enteros y 2 decimales(###.##)|
17|(73)Porcentaje de Pensión 04| 0000000000.00|Porcentaje de Pensión 04 ser de 3 enteros y 2 decimales(###.##)|
17|(74)Porcentaje de Pensión 05| 0000000000.00|Porcentaje de Pensión 04 ser de 3 enteros y 2 decimales(###.##)|
17|(75)Elección de tipo de retiro del ISSSTE| 0000000000000000000000000000.0000000000|Elección de tipo de retiro del ISSSTE 1 enteros [0,1,2]|
17|(76)Tipo de Unidad| 0000000000000000000000000002.0000000000|Tipo de Unidad 1 enteros [1,2]|
