1|(1)Numero Empleado|0400008760|Identificador de estado Invalido (01)|
1|(9)Clave del Banco (CLABE)|00021050064266699453|Tamaño de Clave del Banco (CLABE) debe ser 18 dígitos|
1|(24)Número de Puesto|0007|El Número Puesto no es parte del catalogo de DGRH|
1|(27)Centro de Responsabilidad|0414720000|El Centro de Responsabilidad no corresponde al Estado|
1|(28)Cédula de Identidad (NSS)|000000000000000|Tamaño de campo Cédula de Identidad (NSS) debe ser  a 11 Caracters|
1|(30)Número de AHISA-Fuente de Financiamiento|1|Tamaño de campo Número de AHISA-Fuente de Financiamiento debe ser de 2 Digítos|
1|(38)Nivel de puesto - Nivel de puesto SPC||Nivel de puesto - Nivel de puesto SPC debe ser de 10 Digítos|
1|(42)Fecha de Reingreso||Fecha de Reingreso debe ser de 8 Digíto(AAAAMMDD (AAAA=año, MM=mes, DD=día))|
1|(48)Periodo de Aplicación Final|20160115|No Corresponde a datos de Aplicacion Final (15/28/29/30/31)|
1|(50)Año de Proceso Real|2016|No se aceptan años posteriores a año de periodo de pago inicial y perido de pago final |
1|(51)Tipo de Pago| 0000000000000000000000000003.0000000000|Tipo de Pago ser de 1 digitos|
1|(54)Percepciones | 0000147809.21|Percepciones debe  ser de 10 digitos y 2 decimales|
1|(55)Deducciones | 0000035782.76|Deducciones debe  ser de 10 digitos y 2 decimales |
1|(56)Neto| 0000112026.45|Neto debe  ser de 10 digitos y 2 decimales |
1|(57)Número de Trailers-Total  de Conceptos | 0000000000000000000000000012.0000000000|Número de Trailers-Total  de Conceptos debe  ser de 2 |
1|(59)Nombre del Producto|PRDR010|Nombre del Producto debe  ser de 11 caracteres/numeros|
1|(61)Número de Cheque|300000364|Número de Cheque debe  ser de 10 Digitos|
1|(63)Indicador de TESOFE -JORNADA| 0000000000000000000000000003.0000000000|Indicador de TESOFE-JORNADA debe  ser de 2 Digitos|
1|(65)Ciclo del FONAC|27|Ciclo del FONAC debe  ser de 4 Digitos|
1|(66)Número de Aportaciones al FONAC|0|Número de Aportaciones al FONAC debe  ser de 2 Digitos|
1|(67)Acumulado de FONAC| 0000000000000000000000000000.0000000000|Acumulado de FONAC debe  ser de 10 Digitos|
1|(69)Licencia sin Goce de Sueldo / CLUES|CCSSA017292|Licencia sin Goce de Sueldo / CLUES No coincide el catalogo definido por la DGRH|
1|(70)Porcentaje de Pensión 01 | 0000000000.00|Porcentaje de Pensión 01   ser de 3 enteros y 2 decimales(###.##)|
1|(71)Porcentaje de Pensión 02 | 0000000000.00|Porcentaje de Pensión 02   ser de 3 enteros y 2 decimales(###.##)|
1|(72)Porcentaje de Pensión 03| 0000000000.00|Porcentaje de Pensión 03 ser de 3 enteros y 2 decimales(###.##)|
1|(73)Porcentaje de Pensión 04| 0000000000.00|Porcentaje de Pensión 04 ser de 3 enteros y 2 decimales(###.##)|
1|(74)Porcentaje de Pensión 05| 0000000000.00|Porcentaje de Pensión 04 ser de 3 enteros y 2 decimales(###.##)|
1|(75)Elección de tipo de retiro del ISSSTE| 0000000000000000000000000000.0000000000|Elección de tipo de retiro del ISSSTE 1 enteros [0,1,2]|
1|(76)Tipo de Unidad| 0000000000000000000000000001.0000000000|Tipo de Unidad 1 enteros [1,2]|
2|(1)Numero Empleado|0400002122|Identificador de estado Invalido (01)|
2|(9)Clave del Banco (CLABE)|00012050011137532559|Tamaño de Clave del Banco (CLABE) debe ser 18 dígitos|
2|(10)Clave del Servicio Profesional de Carrera (FUNCION)|9|Tamaño de Clave del Servicio Profesional de Carrera (FUNCION) debe ser 2 dígitos|
2|(23)Puesto|M03020|Tamaño de Puesto debe ser  a 7 Alfanumerico|
2|(24)Número de Puesto|0006|El Número Puesto no es parte del catalogo de DGRH|
2|(27)Centro de Responsabilidad|0414721021|El Centro de Responsabilidad no corresponde al Estado|
2|(28)Cédula de Identidad (NSS)|000080925818405|Tamaño de campo Cédula de Identidad (NSS) debe ser  a 11 Caracters|
2|(30)Número de AHISA-Fuente de Financiamiento|1|Tamaño de campo Número de AHISA-Fuente de Financiamiento debe ser de 2 Digítos|
2|(38)Nivel de puesto - Nivel de puesto SPC||Nivel de puesto - Nivel de puesto SPC debe ser de 10 Digítos|
2|(42)Fecha de Reingreso||Fecha de Reingreso debe ser de 8 Digíto(AAAAMMDD (AAAA=año, MM=mes, DD=día))|
2|(48)Periodo de Aplicación Final|20160115|No Corresponde a datos de Aplicacion Final (15/28/29/30/31)|
2|(50)Año de Proceso Real|2016|No se aceptan años posteriores a año de periodo de pago inicial y perido de pago final |
2|(51)Tipo de Pago| 0000000000000000000000000003.0000000000|Tipo de Pago ser de 1 digitos|
2|(54)Percepciones | 0000020697.76|Percepciones debe  ser de 10 digitos y 2 decimales|
2|(55)Deducciones | 0000004670.19|Deducciones debe  ser de 10 digitos y 2 decimales |
2|(56)Neto| 0000016027.57|Neto debe  ser de 10 digitos y 2 decimales |
2|(57)Número de Trailers-Total  de Conceptos | 0000000000000000000000000020.0000000000|Número de Trailers-Total  de Conceptos debe  ser de 2 |
2|(59)Nombre del Producto|PRDR010|Nombre del Producto debe  ser de 11 caracteres/numeros|
2|(61)Número de Cheque|200003605|Número de Cheque debe  ser de 10 Digitos|
2|(63)Indicador de TESOFE -JORNADA| 0000000000000000000000000002.0000000000|Indicador de TESOFE-JORNADA debe  ser de 2 Digitos|
2|(65)Ciclo del FONAC|27|Ciclo del FONAC debe  ser de 4 Digitos|
2|(66)Número de Aportaciones al FONAC|4|Número de Aportaciones al FONAC debe  ser de 2 Digitos|
2|(67)Acumulado de FONAC| 0000000000000000000000002190.0000000000|Acumulado de FONAC debe  ser de 10 Digitos|
2|(69)Licencia sin Goce de Sueldo / CLUES|CCSSA000264|Licencia sin Goce de Sueldo / CLUES No coincide el catalogo definido por la DGRH|
2|(70)Porcentaje de Pensión 01 | 0000000000.00|Porcentaje de Pensión 01   ser de 3 enteros y 2 decimales(###.##)|
2|(71)Porcentaje de Pensión 02 | 0000000000.00|Porcentaje de Pensión 02   ser de 3 enteros y 2 decimales(###.##)|
2|(72)Porcentaje de Pensión 03| 0000000000.00|Porcentaje de Pensión 03 ser de 3 enteros y 2 decimales(###.##)|
2|(73)Porcentaje de Pensión 04| 0000000000.00|Porcentaje de Pensión 04 ser de 3 enteros y 2 decimales(###.##)|
2|(74)Porcentaje de Pensión 05| 0000000000.00|Porcentaje de Pensión 04 ser de 3 enteros y 2 decimales(###.##)|
2|(75)Elección de tipo de retiro del ISSSTE| 0000000000000000000000000000.0000000000|Elección de tipo de retiro del ISSSTE 1 enteros [0,1,2]|
2|(76)Tipo de Unidad| 0000000000000000000000000001.0000000000|Tipo de Unidad 1 enteros [1,2]|
