1|(8)Numero de Cuenta|000000000000|Tamaño de Numero de Cuenta debe ser 16 dígitos|
1|(9)Clave del Banco (CLABE)|00000000000000000000|Tamaño de Clave del Banco (CLABE) debe ser 18 dígitos|
1|(10)Clave del Servicio Profesional de Carrera (FUNCION)|6|Tamaño de Clave del Servicio Profesional de Carrera (FUNCION) debe ser 2 dígitos|
1|(19)Programa General|02|La Programa General no es parte del catalogo de DGRH|
1|(23)Puesto|M02105|Tamaño de Puesto debe ser  a 7 Alfanumerico|
1|(24)Número de Puesto|0066|El Número Puesto no es parte del catalogo de DGRH|
1|(28)Cédula de Identidad (NSS)|000080997219847|Tamaño de campo Cédula de Identidad (NSS) debe ser  a 11 Caracters|
1|(30)Número de AHISA-Fuente de Financiamiento|1|Tamaño de campo Número de AHISA-Fuente de Financiamiento debe ser de 2 Digítos|
1|(38)Nivel de puesto - Nivel de puesto SPC||Nivel de puesto - Nivel de puesto SPC debe ser de 10 Digítos|
1|(42)Fecha de Reingreso||Fecha de Reingreso debe ser de 8 Digíto(AAAAMMDD (AAAA=año, MM=mes, DD=día))|
1|(44)Fecha de Pago|20151016|Fecha de Pago debe ser de 9 Caracteres(DDMMMAAAA (AAAA=año, MM=mes(primeras 3 letras), DD=día))|
1|(48)Periodo de Aplicación Final|20160115|No Corresponde a datos de Aplicacion Final (15/28/29/30/31)|
1|(51)Tipo de Pago| 0000000000000000000000000007.0000000000|Tipo de Pago ser de 1 digitos|
1|(54)Percepciones | 0000014015.01|Percepciones debe  ser de 10 digitos y 2 decimales|
1|(55)Deducciones | 0000010943.01|Deducciones debe  ser de 10 digitos y 2 decimales |
1|(56)Neto| 0000003072.00|Neto debe  ser de 10 digitos y 2 decimales |
1|(57)Número de Trailers-Total  de Conceptos | 0000000000000000000000000027.0000000000|Número de Trailers-Total  de Conceptos debe  ser de 2 |
1|(59)Nombre del Producto|CC012001|Nombre del Producto debe  ser de 11 caracteres/numeros|
1|(61)Número de Cheque|000184151|Número de Cheque debe  ser de 10 Digitos|
1|(63)Indicador de TESOFE -JORNADA| 0000000000000000000000000001.0000000000|Indicador de TESOFE-JORNADA debe  ser de 2 Digitos|
1|(65)Ciclo del FONAC||Ciclo del FONAC debe  ser de 4 Digitos|
1|(66)Número de Aportaciones al FONAC||Número de Aportaciones al FONAC debe  ser de 2 Digitos|
1|(67)Acumulado de FONAC| 0000000000000000000000000000.0000000000|Acumulado de FONAC debe  ser de 10 Digitos|
1|(70)Porcentaje de Pensión 01 | 0000000000.00|Porcentaje de Pensión 01   ser de 3 enteros y 2 decimales(###.##)|
1|(71)Porcentaje de Pensión 02 | 0000000000.00|Porcentaje de Pensión 02   ser de 3 enteros y 2 decimales(###.##)|
1|(72)Porcentaje de Pensión 03| 0000000000.00|Porcentaje de Pensión 03 ser de 3 enteros y 2 decimales(###.##)|
1|(73)Porcentaje de Pensión 04| 0000000000.00|Porcentaje de Pensión 04 ser de 3 enteros y 2 decimales(###.##)|
1|(74)Porcentaje de Pensión 05| 0000000000.00|Porcentaje de Pensión 04 ser de 3 enteros y 2 decimales(###.##)|
1|(75)Elección de tipo de retiro del ISSSTE| 0000000000000000000000000000.0000000000|Elección de tipo de retiro del ISSSTE 1 enteros [0,1,2]|
1|(76)Tipo de Unidad| 0000000000000000000000000002.0000000000|Tipo de Unidad 1 enteros [1,2]|
2|(8)Numero de Cuenta|000000000000|Tamaño de Numero de Cuenta debe ser 16 dígitos|
2|(9)Clave del Banco (CLABE)|00000000000000000000|Tamaño de Clave del Banco (CLABE) debe ser 18 dígitos|
2|(19)Programa General|02|La Programa General no es parte del catalogo de DGRH|
2|(24)Número de Puesto|0007|El Número Puesto no es parte del catalogo de DGRH|
2|(28)Cédula de Identidad (NSS)|000080108295728|Tamaño de campo Cédula de Identidad (NSS) debe ser  a 11 Caracters|
2|(30)Número de AHISA-Fuente de Financiamiento|1|Tamaño de campo Número de AHISA-Fuente de Financiamiento debe ser de 2 Digítos|
2|(38)Nivel de puesto - Nivel de puesto SPC||Nivel de puesto - Nivel de puesto SPC debe ser de 10 Digítos|
2|(42)Fecha de Reingreso||Fecha de Reingreso debe ser de 8 Digíto(AAAAMMDD (AAAA=año, MM=mes, DD=día))|
2|(44)Fecha de Pago|20151016|Fecha de Pago debe ser de 9 Caracteres(DDMMMAAAA (AAAA=año, MM=mes(primeras 3 letras), DD=día))|
2|(48)Periodo de Aplicación Final|20160115|No Corresponde a datos de Aplicacion Final (15/28/29/30/31)|
2|(51)Tipo de Pago| 0000000000000000000000000007.0000000000|Tipo de Pago ser de 1 digitos|
2|(54)Percepciones | 0000010010.50|Percepciones debe  ser de 10 digitos y 2 decimales|
2|(55)Deducciones | 0000003963.57|Deducciones debe  ser de 10 digitos y 2 decimales |
2|(56)Neto| 0000006046.93|Neto debe  ser de 10 digitos y 2 decimales |
2|(57)Número de Trailers-Total  de Conceptos | 0000000000000000000000000016.0000000000|Número de Trailers-Total  de Conceptos debe  ser de 2 |
2|(59)Nombre del Producto|CC012001|Nombre del Producto debe  ser de 11 caracteres/numeros|
2|(61)Número de Cheque|000182535|Número de Cheque debe  ser de 10 Digitos|
2|(63)Indicador de TESOFE -JORNADA| 0000000000000000000000000001.0000000000|Indicador de TESOFE-JORNADA debe  ser de 2 Digitos|
2|(65)Ciclo del FONAC||Ciclo del FONAC debe  ser de 4 Digitos|
2|(66)Número de Aportaciones al FONAC||Número de Aportaciones al FONAC debe  ser de 2 Digitos|
2|(67)Acumulado de FONAC| 0000000000000000000000000000.0000000000|Acumulado de FONAC debe  ser de 10 Digitos|
2|(70)Porcentaje de Pensión 01 | 0000000000.00|Porcentaje de Pensión 01   ser de 3 enteros y 2 decimales(###.##)|
2|(71)Porcentaje de Pensión 02 | 0000000000.00|Porcentaje de Pensión 02   ser de 3 enteros y 2 decimales(###.##)|
2|(72)Porcentaje de Pensión 03| 0000000000.00|Porcentaje de Pensión 03 ser de 3 enteros y 2 decimales(###.##)|
2|(73)Porcentaje de Pensión 04| 0000000000.00|Porcentaje de Pensión 04 ser de 3 enteros y 2 decimales(###.##)|
2|(74)Porcentaje de Pensión 05| 0000000000.00|Porcentaje de Pensión 04 ser de 3 enteros y 2 decimales(###.##)|
2|(75)Elección de tipo de retiro del ISSSTE| 0000000000000000000000000000.0000000000|Elección de tipo de retiro del ISSSTE 1 enteros [0,1,2]|
2|(76)Tipo de Unidad| 0000000000000000000000000002.0000000000|Tipo de Unidad 1 enteros [1,2]|
3|(8)Numero de Cuenta|000000000000|Tamaño de Numero de Cuenta debe ser 16 dígitos|
3|(9)Clave del Banco (CLABE)|00000000000000000000|Tamaño de Clave del Banco (CLABE) debe ser 18 dígitos|
3|(10)Clave del Servicio Profesional de Carrera (FUNCION)|9|Tamaño de Clave del Servicio Profesional de Carrera (FUNCION) debe ser 2 dígitos|
3|(19)Programa General|02|La Programa General no es parte del catalogo de DGRH|
3|(23)Puesto|M03024|Tamaño de Puesto debe ser  a 7 Alfanumerico|
3|(24)Número de Puesto|0008|El Número Puesto no es parte del catalogo de DGRH|
3|(28)Cédula de Identidad (NSS)|000080128360940|Tamaño de campo Cédula de Identidad (NSS) debe ser  a 11 Caracters|
3|(30)Número de AHISA-Fuente de Financiamiento|1|Tamaño de campo Número de AHISA-Fuente de Financiamiento debe ser de 2 Digítos|
3|(38)Nivel de puesto - Nivel de puesto SPC||Nivel de puesto - Nivel de puesto SPC debe ser de 10 Digítos|
3|(42)Fecha de Reingreso||Fecha de Reingreso debe ser de 8 Digíto(AAAAMMDD (AAAA=año, MM=mes, DD=día))|
3|(44)Fecha de Pago|20151016|Fecha de Pago debe ser de 9 Caracteres(DDMMMAAAA (AAAA=año, MM=mes(primeras 3 letras), DD=día))|
3|(48)Periodo de Aplicación Final|20160115|No Corresponde a datos de Aplicacion Final (15/28/29/30/31)|
3|(51)Tipo de Pago| 0000000000000000000000000007.0000000000|Tipo de Pago ser de 1 digitos|
3|(54)Percepciones | 0000005147.50|Percepciones debe  ser de 10 digitos y 2 decimales|
3|(55)Deducciones | 0000001929.86|Deducciones debe  ser de 10 digitos y 2 decimales |
3|(56)Neto| 0000003217.64|Neto debe  ser de 10 digitos y 2 decimales |
3|(57)Número de Trailers-Total  de Conceptos | 0000000000000000000000000016.0000000000|Número de Trailers-Total  de Conceptos debe  ser de 2 |
3|(59)Nombre del Producto|CC012001|Nombre del Producto debe  ser de 11 caracteres/numeros|
3|(61)Número de Cheque|000182300|Número de Cheque debe  ser de 10 Digitos|
3|(63)Indicador de TESOFE -JORNADA| 0000000000000000000000000001.0000000000|Indicador de TESOFE-JORNADA debe  ser de 2 Digitos|
3|(65)Ciclo del FONAC||Ciclo del FONAC debe  ser de 4 Digitos|
3|(66)Número de Aportaciones al FONAC||Número de Aportaciones al FONAC debe  ser de 2 Digitos|
3|(67)Acumulado de FONAC| 0000000000000000000000000000.0000000000|Acumulado de FONAC debe  ser de 10 Digitos|
3|(70)Porcentaje de Pensión 01 | 0000000000.00|Porcentaje de Pensión 01   ser de 3 enteros y 2 decimales(###.##)|
3|(71)Porcentaje de Pensión 02 | 0000000000.00|Porcentaje de Pensión 02   ser de 3 enteros y 2 decimales(###.##)|
3|(72)Porcentaje de Pensión 03| 0000000000.00|Porcentaje de Pensión 03 ser de 3 enteros y 2 decimales(###.##)|
3|(73)Porcentaje de Pensión 04| 0000000000.00|Porcentaje de Pensión 04 ser de 3 enteros y 2 decimales(###.##)|
3|(74)Porcentaje de Pensión 05| 0000000000.00|Porcentaje de Pensión 04 ser de 3 enteros y 2 decimales(###.##)|
3|(75)Elección de tipo de retiro del ISSSTE| 0000000000000000000000000000.0000000000|Elección de tipo de retiro del ISSSTE 1 enteros [0,1,2]|
3|(76)Tipo de Unidad| 0000000000000000000000000002.0000000000|Tipo de Unidad 1 enteros [1,2]|
4|(8)Numero de Cuenta|000000000000|Tamaño de Numero de Cuenta debe ser 16 dígitos|
4|(9)Clave del Banco (CLABE)|00000000000000000000|Tamaño de Clave del Banco (CLABE) debe ser 18 dígitos|
4|(10)Clave del Servicio Profesional de Carrera (FUNCION)|9|Tamaño de Clave del Servicio Profesional de Carrera (FUNCION) debe ser 2 dígitos|
4|(19)Programa General|02|La Programa General no es parte del catalogo de DGRH|
4|(23)Puesto|M03020|Tamaño de Puesto debe ser  a 7 Alfanumerico|
4|(24)Número de Puesto|0034|El Número Puesto no es parte del catalogo de DGRH|
4|(28)Cédula de Identidad (NSS)|000000000000000|Tamaño de campo Cédula de Identidad (NSS) debe ser  a 11 Caracters|
4|(30)Número de AHISA-Fuente de Financiamiento|1|Tamaño de campo Número de AHISA-Fuente de Financiamiento debe ser de 2 Digítos|
4|(38)Nivel de puesto - Nivel de puesto SPC||Nivel de puesto - Nivel de puesto SPC debe ser de 10 Digítos|
4|(42)Fecha de Reingreso||Fecha de Reingreso debe ser de 8 Digíto(AAAAMMDD (AAAA=año, MM=mes, DD=día))|
4|(44)Fecha de Pago|20151016|Fecha de Pago debe ser de 9 Caracteres(DDMMMAAAA (AAAA=año, MM=mes(primeras 3 letras), DD=día))|
4|(48)Periodo de Aplicación Final|20160115|No Corresponde a datos de Aplicacion Final (15/28/29/30/31)|
4|(51)Tipo de Pago| 0000000000000000000000000007.0000000000|Tipo de Pago ser de 1 digitos|
4|(54)Percepciones | 0000005920.50|Percepciones debe  ser de 10 digitos y 2 decimales|
4|(55)Deducciones | 0000000988.96|Deducciones debe  ser de 10 digitos y 2 decimales |
4|(56)Neto| 0000004931.54|Neto debe  ser de 10 digitos y 2 decimales |
4|(57)Número de Trailers-Total  de Conceptos | 0000000000000000000000000013.0000000000|Número de Trailers-Total  de Conceptos debe  ser de 2 |
4|(59)Nombre del Producto|CC012002|Nombre del Producto debe  ser de 11 caracteres/numeros|
4|(61)Número de Cheque|000357601|Número de Cheque debe  ser de 10 Digitos|
4|(63)Indicador de TESOFE -JORNADA| 0000000000000000000000000001.0000000000|Indicador de TESOFE-JORNADA debe  ser de 2 Digitos|
4|(65)Ciclo del FONAC||Ciclo del FONAC debe  ser de 4 Digitos|
4|(66)Número de Aportaciones al FONAC||Número de Aportaciones al FONAC debe  ser de 2 Digitos|
4|(67)Acumulado de FONAC| 0000000000000000000000000000.0000000000|Acumulado de FONAC debe  ser de 10 Digitos|
4|(70)Porcentaje de Pensión 01 | 0000000000.00|Porcentaje de Pensión 01   ser de 3 enteros y 2 decimales(###.##)|
4|(71)Porcentaje de Pensión 02 | 0000000000.00|Porcentaje de Pensión 02   ser de 3 enteros y 2 decimales(###.##)|
4|(72)Porcentaje de Pensión 03| 0000000000.00|Porcentaje de Pensión 03 ser de 3 enteros y 2 decimales(###.##)|
4|(73)Porcentaje de Pensión 04| 0000000000.00|Porcentaje de Pensión 04 ser de 3 enteros y 2 decimales(###.##)|
4|(74)Porcentaje de Pensión 05| 0000000000.00|Porcentaje de Pensión 04 ser de 3 enteros y 2 decimales(###.##)|
4|(75)Elección de tipo de retiro del ISSSTE| 0000000000000000000000000000.0000000000|Elección de tipo de retiro del ISSSTE 1 enteros [0,1,2]|
4|(76)Tipo de Unidad| 0000000000000000000000000002.0000000000|Tipo de Unidad 1 enteros [1,2]|
5|(8)Numero de Cuenta|000000000000|Tamaño de Numero de Cuenta debe ser 16 dígitos|
5|(9)Clave del Banco (CLABE)|00000000000000000000|Tamaño de Clave del Banco (CLABE) debe ser 18 dígitos|
5|(10)Clave del Servicio Profesional de Carrera (FUNCION)|3|Tamaño de Clave del Servicio Profesional de Carrera (FUNCION) debe ser 2 dígitos|
5|(19)Programa General|02|La Programa General no es parte del catalogo de DGRH|
5|(23)Puesto|M01005|Tamaño de Puesto debe ser  a 7 Alfanumerico|
5|(24)Número de Puesto|0003|El Número Puesto no es parte del catalogo de DGRH|
5|(28)Cédula de Identidad (NSS)|000000000000000|Tamaño de campo Cédula de Identidad (NSS) debe ser  a 11 Caracters|
5|(30)Número de AHISA-Fuente de Financiamiento|1|Tamaño de campo Número de AHISA-Fuente de Financiamiento debe ser de 2 Digítos|
5|(38)Nivel de puesto - Nivel de puesto SPC||Nivel de puesto - Nivel de puesto SPC debe ser de 10 Digítos|
5|(42)Fecha de Reingreso||Fecha de Reingreso debe ser de 8 Digíto(AAAAMMDD (AAAA=año, MM=mes, DD=día))|
5|(44)Fecha de Pago|20151016|Fecha de Pago debe ser de 9 Caracteres(DDMMMAAAA (AAAA=año, MM=mes(primeras 3 letras), DD=día))|
5|(48)Periodo de Aplicación Final|20160115|No Corresponde a datos de Aplicacion Final (15/28/29/30/31)|
5|(51)Tipo de Pago| 0000000000000000000000000007.0000000000|Tipo de Pago ser de 1 digitos|
5|(54)Percepciones | 0000018744.00|Percepciones debe  ser de 10 digitos y 2 decimales|
5|(55)Deducciones | 0000004534.54|Deducciones debe  ser de 10 digitos y 2 decimales |
5|(56)Neto| 0000014209.46|Neto debe  ser de 10 digitos y 2 decimales |
5|(57)Número de Trailers-Total  de Conceptos | 0000000000000000000000000013.0000000000|Número de Trailers-Total  de Conceptos debe  ser de 2 |
5|(59)Nombre del Producto|CC012002|Nombre del Producto debe  ser de 11 caracteres/numeros|
5|(61)Número de Cheque|000357614|Número de Cheque debe  ser de 10 Digitos|
5|(63)Indicador de TESOFE -JORNADA| 0000000000000000000000000001.0000000000|Indicador de TESOFE-JORNADA debe  ser de 2 Digitos|
5|(65)Ciclo del FONAC||Ciclo del FONAC debe  ser de 4 Digitos|
5|(66)Número de Aportaciones al FONAC||Número de Aportaciones al FONAC debe  ser de 2 Digitos|
5|(67)Acumulado de FONAC| 0000000000000000000000000000.0000000000|Acumulado de FONAC debe  ser de 10 Digitos|
5|(70)Porcentaje de Pensión 01 | 0000000000.00|Porcentaje de Pensión 01   ser de 3 enteros y 2 decimales(###.##)|
5|(71)Porcentaje de Pensión 02 | 0000000000.00|Porcentaje de Pensión 02   ser de 3 enteros y 2 decimales(###.##)|
5|(72)Porcentaje de Pensión 03| 0000000000.00|Porcentaje de Pensión 03 ser de 3 enteros y 2 decimales(###.##)|
5|(73)Porcentaje de Pensión 04| 0000000000.00|Porcentaje de Pensión 04 ser de 3 enteros y 2 decimales(###.##)|
5|(74)Porcentaje de Pensión 05| 0000000000.00|Porcentaje de Pensión 04 ser de 3 enteros y 2 decimales(###.##)|
5|(75)Elección de tipo de retiro del ISSSTE| 0000000000000000000000000000.0000000000|Elección de tipo de retiro del ISSSTE 1 enteros [0,1,2]|
5|(76)Tipo de Unidad| 0000000000000000000000000002.0000000000|Tipo de Unidad 1 enteros [1,2]|
6|(8)Numero de Cuenta|000000000000|Tamaño de Numero de Cuenta debe ser 16 dígitos|
6|(9)Clave del Banco (CLABE)|00000000000000000000|Tamaño de Clave del Banco (CLABE) debe ser 18 dígitos|
6|(10)Clave del Servicio Profesional de Carrera (FUNCION)|3|Tamaño de Clave del Servicio Profesional de Carrera (FUNCION) debe ser 2 dígitos|
6|(19)Programa General|02|La Programa General no es parte del catalogo de DGRH|
6|(23)Puesto|M01005|Tamaño de Puesto debe ser  a 7 Alfanumerico|
6|(24)Número de Puesto|0003|El Número Puesto no es parte del catalogo de DGRH|
6|(28)Cédula de Identidad (NSS)|000080905756047|Tamaño de campo Cédula de Identidad (NSS) debe ser  a 11 Caracters|
6|(30)Número de AHISA-Fuente de Financiamiento|1|Tamaño de campo Número de AHISA-Fuente de Financiamiento debe ser de 2 Digítos|
6|(38)Nivel de puesto - Nivel de puesto SPC||Nivel de puesto - Nivel de puesto SPC debe ser de 10 Digítos|
6|(42)Fecha de Reingreso||Fecha de Reingreso debe ser de 8 Digíto(AAAAMMDD (AAAA=año, MM=mes, DD=día))|
6|(44)Fecha de Pago|20151001|Fecha de Pago debe ser de 9 Caracteres(DDMMMAAAA (AAAA=año, MM=mes(primeras 3 letras), DD=día))|
6|(48)Periodo de Aplicación Final|20160115|No Corresponde a datos de Aplicacion Final (15/28/29/30/31)|
6|(51)Tipo de Pago| 0000000000000000000000000007.0000000000|Tipo de Pago ser de 1 digitos|
6|(54)Percepciones | 0000020560.60|Percepciones debe  ser de 10 digitos y 2 decimales|
6|(55)Deducciones | 0000005932.93|Deducciones debe  ser de 10 digitos y 2 decimales |
6|(56)Neto| 0000014627.67|Neto debe  ser de 10 digitos y 2 decimales |
6|(57)Número de Trailers-Total  de Conceptos | 0000000000000000000000000020.0000000000|Número de Trailers-Total  de Conceptos debe  ser de 2 |
6|(59)Nombre del Producto|CC012002|Nombre del Producto debe  ser de 11 caracteres/numeros|
6|(61)Número de Cheque|000356621|Número de Cheque debe  ser de 10 Digitos|
6|(63)Indicador de TESOFE -JORNADA| 0000000000000000000000000001.0000000000|Indicador de TESOFE-JORNADA debe  ser de 2 Digitos|
6|(65)Ciclo del FONAC||Ciclo del FONAC debe  ser de 4 Digitos|
6|(66)Número de Aportaciones al FONAC||Número de Aportaciones al FONAC debe  ser de 2 Digitos|
6|(67)Acumulado de FONAC| 0000000000000000000000000000.0000000000|Acumulado de FONAC debe  ser de 10 Digitos|
6|(70)Porcentaje de Pensión 01 | 0000000000.00|Porcentaje de Pensión 01   ser de 3 enteros y 2 decimales(###.##)|
6|(71)Porcentaje de Pensión 02 | 0000000000.00|Porcentaje de Pensión 02   ser de 3 enteros y 2 decimales(###.##)|
6|(72)Porcentaje de Pensión 03| 0000000000.00|Porcentaje de Pensión 03 ser de 3 enteros y 2 decimales(###.##)|
6|(73)Porcentaje de Pensión 04| 0000000000.00|Porcentaje de Pensión 04 ser de 3 enteros y 2 decimales(###.##)|
6|(74)Porcentaje de Pensión 05| 0000000000.00|Porcentaje de Pensión 04 ser de 3 enteros y 2 decimales(###.##)|
6|(75)Elección de tipo de retiro del ISSSTE| 0000000000000000000000000000.0000000000|Elección de tipo de retiro del ISSSTE 1 enteros [0,1,2]|
6|(76)Tipo de Unidad| 0000000000000000000000000002.0000000000|Tipo de Unidad 1 enteros [1,2]|
7|(8)Numero de Cuenta|000000000000|Tamaño de Numero de Cuenta debe ser 16 dígitos|
7|(9)Clave del Banco (CLABE)|00000000000000000000|Tamaño de Clave del Banco (CLABE) debe ser 18 dígitos|
7|(10)Clave del Servicio Profesional de Carrera (FUNCION)|6|Tamaño de Clave del Servicio Profesional de Carrera (FUNCION) debe ser 2 dígitos|
7|(19)Programa General|02|La Programa General no es parte del catalogo de DGRH|
7|(23)Puesto|M02074|Tamaño de Puesto debe ser  a 7 Alfanumerico|
7|(24)Número de Puesto|0005|El Número Puesto no es parte del catalogo de DGRH|
7|(28)Cédula de Identidad (NSS)|000000000000000|Tamaño de campo Cédula de Identidad (NSS) debe ser  a 11 Caracters|
7|(30)Número de AHISA-Fuente de Financiamiento|1|Tamaño de campo Número de AHISA-Fuente de Financiamiento debe ser de 2 Digítos|
7|(38)Nivel de puesto - Nivel de puesto SPC||Nivel de puesto - Nivel de puesto SPC debe ser de 10 Digítos|
7|(42)Fecha de Reingreso||Fecha de Reingreso debe ser de 8 Digíto(AAAAMMDD (AAAA=año, MM=mes, DD=día))|
7|(44)Fecha de Pago|20151016|Fecha de Pago debe ser de 9 Caracteres(DDMMMAAAA (AAAA=año, MM=mes(primeras 3 letras), DD=día))|
7|(48)Periodo de Aplicación Final|20160115|No Corresponde a datos de Aplicacion Final (15/28/29/30/31)|
7|(51)Tipo de Pago| 0000000000000000000000000007.0000000000|Tipo de Pago ser de 1 digitos|
7|(54)Percepciones | 0000007851.50|Percepciones debe  ser de 10 digitos y 2 decimales|
7|(55)Deducciones | 0000001493.12|Deducciones debe  ser de 10 digitos y 2 decimales |
7|(56)Neto| 0000006358.38|Neto debe  ser de 10 digitos y 2 decimales |
7|(57)Número de Trailers-Total  de Conceptos | 0000000000000000000000000013.0000000000|Número de Trailers-Total  de Conceptos debe  ser de 2 |
7|(59)Nombre del Producto|CC012002|Nombre del Producto debe  ser de 11 caracteres/numeros|
7|(61)Número de Cheque|000357851|Número de Cheque debe  ser de 10 Digitos|
7|(63)Indicador de TESOFE -JORNADA| 0000000000000000000000000001.0000000000|Indicador de TESOFE-JORNADA debe  ser de 2 Digitos|
7|(65)Ciclo del FONAC||Ciclo del FONAC debe  ser de 4 Digitos|
7|(66)Número de Aportaciones al FONAC||Número de Aportaciones al FONAC debe  ser de 2 Digitos|
7|(67)Acumulado de FONAC| 0000000000000000000000000000.0000000000|Acumulado de FONAC debe  ser de 10 Digitos|
7|(70)Porcentaje de Pensión 01 | 0000000000.00|Porcentaje de Pensión 01   ser de 3 enteros y 2 decimales(###.##)|
7|(71)Porcentaje de Pensión 02 | 0000000000.00|Porcentaje de Pensión 02   ser de 3 enteros y 2 decimales(###.##)|
7|(72)Porcentaje de Pensión 03| 0000000000.00|Porcentaje de Pensión 03 ser de 3 enteros y 2 decimales(###.##)|
7|(73)Porcentaje de Pensión 04| 0000000000.00|Porcentaje de Pensión 04 ser de 3 enteros y 2 decimales(###.##)|
7|(74)Porcentaje de Pensión 05| 0000000000.00|Porcentaje de Pensión 04 ser de 3 enteros y 2 decimales(###.##)|
7|(75)Elección de tipo de retiro del ISSSTE| 0000000000000000000000000000.0000000000|Elección de tipo de retiro del ISSSTE 1 enteros [0,1,2]|
7|(76)Tipo de Unidad| 0000000000000000000000000002.0000000000|Tipo de Unidad 1 enteros [1,2]|
8|(8)Numero de Cuenta|000000000000|Tamaño de Numero de Cuenta debe ser 16 dígitos|
8|(9)Clave del Banco (CLABE)|00000000000000000000|Tamaño de Clave del Banco (CLABE) debe ser 18 dígitos|
8|(10)Clave del Servicio Profesional de Carrera (FUNCION)|9|Tamaño de Clave del Servicio Profesional de Carrera (FUNCION) debe ser 2 dígitos|
8|(19)Programa General|02|La Programa General no es parte del catalogo de DGRH|
8|(23)Puesto|M03023|Tamaño de Puesto debe ser  a 7 Alfanumerico|
8|(24)Número de Puesto|0006|El Número Puesto no es parte del catalogo de DGRH|
8|(28)Cédula de Identidad (NSS)|000000000000000|Tamaño de campo Cédula de Identidad (NSS) debe ser  a 11 Caracters|
8|(30)Número de AHISA-Fuente de Financiamiento|1|Tamaño de campo Número de AHISA-Fuente de Financiamiento debe ser de 2 Digítos|
8|(38)Nivel de puesto - Nivel de puesto SPC||Nivel de puesto - Nivel de puesto SPC debe ser de 10 Digítos|
8|(42)Fecha de Reingreso||Fecha de Reingreso debe ser de 8 Digíto(AAAAMMDD (AAAA=año, MM=mes, DD=día))|
8|(44)Fecha de Pago|20150101|Fecha de Pago debe ser de 9 Caracteres(DDMMMAAAA (AAAA=año, MM=mes(primeras 3 letras), DD=día))|
8|(48)Periodo de Aplicación Final|20160115|No Corresponde a datos de Aplicacion Final (15/28/29/30/31)|
8|(51)Tipo de Pago| 0000000000000000000000000007.0000000000|Tipo de Pago ser de 1 digitos|
8|(54)Percepciones | 0000005000.00|Percepciones debe  ser de 10 digitos y 2 decimales|
8|(55)Deducciones | 0000000726.96|Deducciones debe  ser de 10 digitos y 2 decimales |
8|(56)Neto| 0000004273.04|Neto debe  ser de 10 digitos y 2 decimales |
8|(57)Número de Trailers-Total  de Conceptos | 0000000000000000000000000013.0000000000|Número de Trailers-Total  de Conceptos debe  ser de 2 |
8|(59)Nombre del Producto|CC012001|Nombre del Producto debe  ser de 11 caracteres/numeros|
8|(61)Número de Cheque|000185514|Número de Cheque debe  ser de 10 Digitos|
8|(63)Indicador de TESOFE -JORNADA| 0000000000000000000000000001.0000000000|Indicador de TESOFE-JORNADA debe  ser de 2 Digitos|
8|(65)Ciclo del FONAC||Ciclo del FONAC debe  ser de 4 Digitos|
8|(66)Número de Aportaciones al FONAC||Número de Aportaciones al FONAC debe  ser de 2 Digitos|
8|(67)Acumulado de FONAC| 0000000000000000000000000000.0000000000|Acumulado de FONAC debe  ser de 10 Digitos|
8|(70)Porcentaje de Pensión 01 | 0000000000.00|Porcentaje de Pensión 01   ser de 3 enteros y 2 decimales(###.##)|
8|(71)Porcentaje de Pensión 02 | 0000000000.00|Porcentaje de Pensión 02   ser de 3 enteros y 2 decimales(###.##)|
8|(72)Porcentaje de Pensión 03| 0000000000.00|Porcentaje de Pensión 03 ser de 3 enteros y 2 decimales(###.##)|
8|(73)Porcentaje de Pensión 04| 0000000000.00|Porcentaje de Pensión 04 ser de 3 enteros y 2 decimales(###.##)|
8|(74)Porcentaje de Pensión 05| 0000000000.00|Porcentaje de Pensión 04 ser de 3 enteros y 2 decimales(###.##)|
8|(75)Elección de tipo de retiro del ISSSTE| 0000000000000000000000000000.0000000000|Elección de tipo de retiro del ISSSTE 1 enteros [0,1,2]|
8|(76)Tipo de Unidad| 0000000000000000000000000002.0000000000|Tipo de Unidad 1 enteros [1,2]|
9|(8)Numero de Cuenta|000000000000|Tamaño de Numero de Cuenta debe ser 16 dígitos|
9|(9)Clave del Banco (CLABE)|00000000000000000000|Tamaño de Clave del Banco (CLABE) debe ser 18 dígitos|
9|(10)Clave del Servicio Profesional de Carrera (FUNCION)|6|Tamaño de Clave del Servicio Profesional de Carrera (FUNCION) debe ser 2 dígitos|
9|(19)Programa General|02|La Programa General no es parte del catalogo de DGRH|
9|(23)Puesto|M02081|Tamaño de Puesto debe ser  a 7 Alfanumerico|
9|(24)Número de Puesto|0034|El Número Puesto no es parte del catalogo de DGRH|
9|(28)Cédula de Identidad (NSS)|000080036808451|Tamaño de campo Cédula de Identidad (NSS) debe ser  a 11 Caracters|
9|(30)Número de AHISA-Fuente de Financiamiento|1|Tamaño de campo Número de AHISA-Fuente de Financiamiento debe ser de 2 Digítos|
9|(38)Nivel de puesto - Nivel de puesto SPC||Nivel de puesto - Nivel de puesto SPC debe ser de 10 Digítos|
9|(42)Fecha de Reingreso||Fecha de Reingreso debe ser de 8 Digíto(AAAAMMDD (AAAA=año, MM=mes, DD=día))|
9|(44)Fecha de Pago|20150101|Fecha de Pago debe ser de 9 Caracteres(DDMMMAAAA (AAAA=año, MM=mes(primeras 3 letras), DD=día))|
9|(48)Periodo de Aplicación Final|20160115|No Corresponde a datos de Aplicacion Final (15/28/29/30/31)|
9|(51)Tipo de Pago| 0000000000000000000000000007.0000000000|Tipo de Pago ser de 1 digitos|
9|(54)Percepciones | 0000006031.50|Percepciones debe  ser de 10 digitos y 2 decimales|
9|(55)Deducciones | 0000001255.86|Deducciones debe  ser de 10 digitos y 2 decimales |
9|(56)Neto| 0000004775.64|Neto debe  ser de 10 digitos y 2 decimales |
9|(57)Número de Trailers-Total  de Conceptos | 0000000000000000000000000014.0000000000|Número de Trailers-Total  de Conceptos debe  ser de 2 |
9|(59)Nombre del Producto|CC012001|Nombre del Producto debe  ser de 11 caracteres/numeros|
9|(61)Número de Cheque|000185883|Número de Cheque debe  ser de 10 Digitos|
9|(63)Indicador de TESOFE -JORNADA| 0000000000000000000000000001.0000000000|Indicador de TESOFE-JORNADA debe  ser de 2 Digitos|
9|(65)Ciclo del FONAC||Ciclo del FONAC debe  ser de 4 Digitos|
9|(66)Número de Aportaciones al FONAC||Número de Aportaciones al FONAC debe  ser de 2 Digitos|
9|(67)Acumulado de FONAC| 0000000000000000000000000000.0000000000|Acumulado de FONAC debe  ser de 10 Digitos|
9|(70)Porcentaje de Pensión 01 | 0000000000.00|Porcentaje de Pensión 01   ser de 3 enteros y 2 decimales(###.##)|
9|(71)Porcentaje de Pensión 02 | 0000000000.00|Porcentaje de Pensión 02   ser de 3 enteros y 2 decimales(###.##)|
9|(72)Porcentaje de Pensión 03| 0000000000.00|Porcentaje de Pensión 03 ser de 3 enteros y 2 decimales(###.##)|
9|(73)Porcentaje de Pensión 04| 0000000000.00|Porcentaje de Pensión 04 ser de 3 enteros y 2 decimales(###.##)|
9|(74)Porcentaje de Pensión 05| 0000000000.00|Porcentaje de Pensión 04 ser de 3 enteros y 2 decimales(###.##)|
9|(75)Elección de tipo de retiro del ISSSTE| 0000000000000000000000000000.0000000000|Elección de tipo de retiro del ISSSTE 1 enteros [0,1,2]|
9|(76)Tipo de Unidad| 0000000000000000000000000002.0000000000|Tipo de Unidad 1 enteros [1,2]|
10|(8)Numero de Cuenta|000000000000|Tamaño de Numero de Cuenta debe ser 16 dígitos|
10|(9)Clave del Banco (CLABE)|00000000000000000000|Tamaño de Clave del Banco (CLABE) debe ser 18 dígitos|
10|(10)Clave del Servicio Profesional de Carrera (FUNCION)|9|Tamaño de Clave del Servicio Profesional de Carrera (FUNCION) debe ser 2 dígitos|
10|(19)Programa General|02|La Programa General no es parte del catalogo de DGRH|
10|(23)Puesto|M03020|Tamaño de Puesto debe ser  a 7 Alfanumerico|
10|(24)Número de Puesto|0009|El Número Puesto no es parte del catalogo de DGRH|
10|(28)Cédula de Identidad (NSS)|000080977147216|Tamaño de campo Cédula de Identidad (NSS) debe ser  a 11 Caracters|
10|(30)Número de AHISA-Fuente de Financiamiento|1|Tamaño de campo Número de AHISA-Fuente de Financiamiento debe ser de 2 Digítos|
10|(38)Nivel de puesto - Nivel de puesto SPC||Nivel de puesto - Nivel de puesto SPC debe ser de 10 Digítos|
10|(42)Fecha de Reingreso||Fecha de Reingreso debe ser de 8 Digíto(AAAAMMDD (AAAA=año, MM=mes, DD=día))|
10|(44)Fecha de Pago|20150101|Fecha de Pago debe ser de 9 Caracteres(DDMMMAAAA (AAAA=año, MM=mes(primeras 3 letras), DD=día))|
10|(48)Periodo de Aplicación Final|20160115|No Corresponde a datos de Aplicacion Final (15/28/29/30/31)|
10|(51)Tipo de Pago| 0000000000000000000000000007.0000000000|Tipo de Pago ser de 1 digitos|
10|(54)Percepciones | 0000004326.25|Percepciones debe  ser de 10 digitos y 2 decimales|
10|(55)Deducciones | 0000000700.25|Deducciones debe  ser de 10 digitos y 2 decimales |
10|(56)Neto| 0000003626.00|Neto debe  ser de 10 digitos y 2 decimales |
10|(57)Número de Trailers-Total  de Conceptos | 0000000000000000000000000014.0000000000|Número de Trailers-Total  de Conceptos debe  ser de 2 |
10|(59)Nombre del Producto|CC012001|Nombre del Producto debe  ser de 11 caracteres/numeros|
10|(61)Número de Cheque|000186102|Número de Cheque debe  ser de 10 Digitos|
10|(63)Indicador de TESOFE -JORNADA| 0000000000000000000000000001.0000000000|Indicador de TESOFE-JORNADA debe  ser de 2 Digitos|
10|(65)Ciclo del FONAC||Ciclo del FONAC debe  ser de 4 Digitos|
10|(66)Número de Aportaciones al FONAC||Número de Aportaciones al FONAC debe  ser de 2 Digitos|
10|(67)Acumulado de FONAC| 0000000000000000000000000000.0000000000|Acumulado de FONAC debe  ser de 10 Digitos|
10|(70)Porcentaje de Pensión 01 | 0000000000.00|Porcentaje de Pensión 01   ser de 3 enteros y 2 decimales(###.##)|
10|(71)Porcentaje de Pensión 02 | 0000000000.00|Porcentaje de Pensión 02   ser de 3 enteros y 2 decimales(###.##)|
10|(72)Porcentaje de Pensión 03| 0000000000.00|Porcentaje de Pensión 03 ser de 3 enteros y 2 decimales(###.##)|
10|(73)Porcentaje de Pensión 04| 0000000000.00|Porcentaje de Pensión 04 ser de 3 enteros y 2 decimales(###.##)|
10|(74)Porcentaje de Pensión 05| 0000000000.00|Porcentaje de Pensión 04 ser de 3 enteros y 2 decimales(###.##)|
10|(75)Elección de tipo de retiro del ISSSTE| 0000000000000000000000000000.0000000000|Elección de tipo de retiro del ISSSTE 1 enteros [0,1,2]|
10|(76)Tipo de Unidad| 0000000000000000000000000002.0000000000|Tipo de Unidad 1 enteros [1,2]|
11|(8)Numero de Cuenta|000000000000|Tamaño de Numero de Cuenta debe ser 16 dígitos|
11|(9)Clave del Banco (CLABE)|00000000000000000000|Tamaño de Clave del Banco (CLABE) debe ser 18 dígitos|
11|(10)Clave del Servicio Profesional de Carrera (FUNCION)|9|Tamaño de Clave del Servicio Profesional de Carrera (FUNCION) debe ser 2 dígitos|
11|(19)Programa General|02|La Programa General no es parte del catalogo de DGRH|
11|(23)Puesto|M03020|Tamaño de Puesto debe ser  a 7 Alfanumerico|
11|(24)Número de Puesto|0034|El Número Puesto no es parte del catalogo de DGRH|
11|(28)Cédula de Identidad (NSS)|000080896562628|Tamaño de campo Cédula de Identidad (NSS) debe ser  a 11 Caracters|
11|(30)Número de AHISA-Fuente de Financiamiento|1|Tamaño de campo Número de AHISA-Fuente de Financiamiento debe ser de 2 Digítos|
11|(38)Nivel de puesto - Nivel de puesto SPC||Nivel de puesto - Nivel de puesto SPC debe ser de 10 Digítos|
11|(42)Fecha de Reingreso||Fecha de Reingreso debe ser de 8 Digíto(AAAAMMDD (AAAA=año, MM=mes, DD=día))|
11|(44)Fecha de Pago|20150101|Fecha de Pago debe ser de 9 Caracteres(DDMMMAAAA (AAAA=año, MM=mes(primeras 3 letras), DD=día))|
11|(48)Periodo de Aplicación Final|20160115|No Corresponde a datos de Aplicacion Final (15/28/29/30/31)|
11|(51)Tipo de Pago| 0000000000000000000000000007.0000000000|Tipo de Pago ser de 1 digitos|
11|(54)Percepciones | 0000005140.48|Percepciones debe  ser de 10 digitos y 2 decimales|
11|(55)Deducciones | 0000000869.67|Deducciones debe  ser de 10 digitos y 2 decimales |
11|(56)Neto| 0000004270.81|Neto debe  ser de 10 digitos y 2 decimales |
11|(57)Número de Trailers-Total  de Conceptos | 0000000000000000000000000017.0000000000|Número de Trailers-Total  de Conceptos debe  ser de 2 |
11|(59)Nombre del Producto|CC012001|Nombre del Producto debe  ser de 11 caracteres/numeros|
11|(61)Número de Cheque|000186106|Número de Cheque debe  ser de 10 Digitos|
11|(63)Indicador de TESOFE -JORNADA| 0000000000000000000000000001.0000000000|Indicador de TESOFE-JORNADA debe  ser de 2 Digitos|
11|(65)Ciclo del FONAC||Ciclo del FONAC debe  ser de 4 Digitos|
11|(66)Número de Aportaciones al FONAC||Número de Aportaciones al FONAC debe  ser de 2 Digitos|
11|(67)Acumulado de FONAC| 0000000000000000000000000000.0000000000|Acumulado de FONAC debe  ser de 10 Digitos|
11|(70)Porcentaje de Pensión 01 | 0000000000.00|Porcentaje de Pensión 01   ser de 3 enteros y 2 decimales(###.##)|
11|(71)Porcentaje de Pensión 02 | 0000000000.00|Porcentaje de Pensión 02   ser de 3 enteros y 2 decimales(###.##)|
11|(72)Porcentaje de Pensión 03| 0000000000.00|Porcentaje de Pensión 03 ser de 3 enteros y 2 decimales(###.##)|
11|(73)Porcentaje de Pensión 04| 0000000000.00|Porcentaje de Pensión 04 ser de 3 enteros y 2 decimales(###.##)|
11|(74)Porcentaje de Pensión 05| 0000000000.00|Porcentaje de Pensión 04 ser de 3 enteros y 2 decimales(###.##)|
11|(75)Elección de tipo de retiro del ISSSTE| 0000000000000000000000000000.0000000000|Elección de tipo de retiro del ISSSTE 1 enteros [0,1,2]|
11|(76)Tipo de Unidad| 0000000000000000000000000002.0000000000|Tipo de Unidad 1 enteros [1,2]|
12|(8)Numero de Cuenta|000000000000|Tamaño de Numero de Cuenta debe ser 16 dígitos|
12|(9)Clave del Banco (CLABE)|00000000000000000000|Tamaño de Clave del Banco (CLABE) debe ser 18 dígitos|
12|(10)Clave del Servicio Profesional de Carrera (FUNCION)|9|Tamaño de Clave del Servicio Profesional de Carrera (FUNCION) debe ser 2 dígitos|
12|(19)Programa General|02|La Programa General no es parte del catalogo de DGRH|
12|(23)Puesto|M03024|Tamaño de Puesto debe ser  a 7 Alfanumerico|
12|(24)Número de Puesto|0008|El Número Puesto no es parte del catalogo de DGRH|
12|(28)Cédula de Identidad (NSS)|000080128360940|Tamaño de campo Cédula de Identidad (NSS) debe ser  a 11 Caracters|
12|(30)Número de AHISA-Fuente de Financiamiento|1|Tamaño de campo Número de AHISA-Fuente de Financiamiento debe ser de 2 Digítos|
12|(38)Nivel de puesto - Nivel de puesto SPC||Nivel de puesto - Nivel de puesto SPC debe ser de 10 Digítos|
12|(42)Fecha de Reingreso||Fecha de Reingreso debe ser de 8 Digíto(AAAAMMDD (AAAA=año, MM=mes, DD=día))|
12|(44)Fecha de Pago|20150101|Fecha de Pago debe ser de 9 Caracteres(DDMMMAAAA (AAAA=año, MM=mes(primeras 3 letras), DD=día))|
12|(48)Periodo de Aplicación Final|20160115|No Corresponde a datos de Aplicacion Final (15/28/29/30/31)|
12|(51)Tipo de Pago| 0000000000000000000000000007.0000000000|Tipo de Pago ser de 1 digitos|
12|(54)Percepciones | 0000004650.00|Percepciones debe  ser de 10 digitos y 2 decimales|
12|(55)Deducciones | 0000000666.27|Deducciones debe  ser de 10 digitos y 2 decimales |
12|(56)Neto| 0000003983.73|Neto debe  ser de 10 digitos y 2 decimales |
12|(57)Número de Trailers-Total  de Conceptos | 0000000000000000000000000013.0000000000|Número de Trailers-Total  de Conceptos debe  ser de 2 |
12|(59)Nombre del Producto|CC012001|Nombre del Producto debe  ser de 11 caracteres/numeros|
12|(61)Número de Cheque|000186111|Número de Cheque debe  ser de 10 Digitos|
12|(63)Indicador de TESOFE -JORNADA| 0000000000000000000000000001.0000000000|Indicador de TESOFE-JORNADA debe  ser de 2 Digitos|
12|(65)Ciclo del FONAC||Ciclo del FONAC debe  ser de 4 Digitos|
12|(66)Número de Aportaciones al FONAC||Número de Aportaciones al FONAC debe  ser de 2 Digitos|
12|(67)Acumulado de FONAC| 0000000000000000000000000000.0000000000|Acumulado de FONAC debe  ser de 10 Digitos|
12|(70)Porcentaje de Pensión 01 | 0000000000.00|Porcentaje de Pensión 01   ser de 3 enteros y 2 decimales(###.##)|
12|(71)Porcentaje de Pensión 02 | 0000000000.00|Porcentaje de Pensión 02   ser de 3 enteros y 2 decimales(###.##)|
12|(72)Porcentaje de Pensión 03| 0000000000.00|Porcentaje de Pensión 03 ser de 3 enteros y 2 decimales(###.##)|
12|(73)Porcentaje de Pensión 04| 0000000000.00|Porcentaje de Pensión 04 ser de 3 enteros y 2 decimales(###.##)|
12|(74)Porcentaje de Pensión 05| 0000000000.00|Porcentaje de Pensión 04 ser de 3 enteros y 2 decimales(###.##)|
12|(75)Elección de tipo de retiro del ISSSTE| 0000000000000000000000000000.0000000000|Elección de tipo de retiro del ISSSTE 1 enteros [0,1,2]|
12|(76)Tipo de Unidad| 0000000000000000000000000002.0000000000|Tipo de Unidad 1 enteros [1,2]|
13|(8)Numero de Cuenta|000000000000|Tamaño de Numero de Cuenta debe ser 16 dígitos|
13|(9)Clave del Banco (CLABE)|00000000000000000000|Tamaño de Clave del Banco (CLABE) debe ser 18 dígitos|
13|(10)Clave del Servicio Profesional de Carrera (FUNCION)|3|Tamaño de Clave del Servicio Profesional de Carrera (FUNCION) debe ser 2 dígitos|
13|(19)Programa General|02|La Programa General no es parte del catalogo de DGRH|
13|(23)Puesto|M01005|Tamaño de Puesto debe ser  a 7 Alfanumerico|
13|(24)Número de Puesto|0003|El Número Puesto no es parte del catalogo de DGRH|
13|(28)Cédula de Identidad (NSS)|000080905756047|Tamaño de campo Cédula de Identidad (NSS) debe ser  a 11 Caracters|
13|(30)Número de AHISA-Fuente de Financiamiento|1|Tamaño de campo Número de AHISA-Fuente de Financiamiento debe ser de 2 Digítos|
13|(38)Nivel de puesto - Nivel de puesto SPC||Nivel de puesto - Nivel de puesto SPC debe ser de 10 Digítos|
13|(42)Fecha de Reingreso||Fecha de Reingreso debe ser de 8 Digíto(AAAAMMDD (AAAA=año, MM=mes, DD=día))|
13|(44)Fecha de Pago|20150101|Fecha de Pago debe ser de 9 Caracteres(DDMMMAAAA (AAAA=año, MM=mes(primeras 3 letras), DD=día))|
13|(48)Periodo de Aplicación Final|20160115|No Corresponde a datos de Aplicacion Final (15/28/29/30/31)|
13|(51)Tipo de Pago| 0000000000000000000000000007.0000000000|Tipo de Pago ser de 1 digitos|
13|(54)Percepciones | 0000009411.05|Percepciones debe  ser de 10 digitos y 2 decimales|
13|(55)Deducciones | 0000003213.20|Deducciones debe  ser de 10 digitos y 2 decimales |
13|(56)Neto| 0000006197.85|Neto debe  ser de 10 digitos y 2 decimales |
13|(57)Número de Trailers-Total  de Conceptos | 0000000000000000000000000020.0000000000|Número de Trailers-Total  de Conceptos debe  ser de 2 |
13|(59)Nombre del Producto|CC012001|Nombre del Producto debe  ser de 11 caracteres/numeros|
13|(61)Número de Cheque|000186145|Número de Cheque debe  ser de 10 Digitos|
13|(63)Indicador de TESOFE -JORNADA| 0000000000000000000000000001.0000000000|Indicador de TESOFE-JORNADA debe  ser de 2 Digitos|
13|(65)Ciclo del FONAC||Ciclo del FONAC debe  ser de 4 Digitos|
13|(66)Número de Aportaciones al FONAC||Número de Aportaciones al FONAC debe  ser de 2 Digitos|
13|(67)Acumulado de FONAC| 0000000000000000000000000000.0000000000|Acumulado de FONAC debe  ser de 10 Digitos|
13|(70)Porcentaje de Pensión 01 | 0000000000.00|Porcentaje de Pensión 01   ser de 3 enteros y 2 decimales(###.##)|
13|(71)Porcentaje de Pensión 02 | 0000000000.00|Porcentaje de Pensión 02   ser de 3 enteros y 2 decimales(###.##)|
13|(72)Porcentaje de Pensión 03| 0000000000.00|Porcentaje de Pensión 03 ser de 3 enteros y 2 decimales(###.##)|
13|(73)Porcentaje de Pensión 04| 0000000000.00|Porcentaje de Pensión 04 ser de 3 enteros y 2 decimales(###.##)|
13|(74)Porcentaje de Pensión 05| 0000000000.00|Porcentaje de Pensión 04 ser de 3 enteros y 2 decimales(###.##)|
13|(75)Elección de tipo de retiro del ISSSTE| 0000000000000000000000000000.0000000000|Elección de tipo de retiro del ISSSTE 1 enteros [0,1,2]|
13|(76)Tipo de Unidad| 0000000000000000000000000002.0000000000|Tipo de Unidad 1 enteros [1,2]|
14|(8)Numero de Cuenta|000000000000|Tamaño de Numero de Cuenta debe ser 16 dígitos|
14|(9)Clave del Banco (CLABE)|00000000000000000000|Tamaño de Clave del Banco (CLABE) debe ser 18 dígitos|
14|(10)Clave del Servicio Profesional de Carrera (FUNCION)|9|Tamaño de Clave del Servicio Profesional de Carrera (FUNCION) debe ser 2 dígitos|
14|(19)Programa General|02|La Programa General no es parte del catalogo de DGRH|
14|(23)Puesto|M03020|Tamaño de Puesto debe ser  a 7 Alfanumerico|
14|(24)Número de Puesto|0059|El Número Puesto no es parte del catalogo de DGRH|
14|(28)Cédula de Identidad (NSS)|000080946373901|Tamaño de campo Cédula de Identidad (NSS) debe ser  a 11 Caracters|
14|(30)Número de AHISA-Fuente de Financiamiento|1|Tamaño de campo Número de AHISA-Fuente de Financiamiento debe ser de 2 Digítos|
14|(38)Nivel de puesto - Nivel de puesto SPC||Nivel de puesto - Nivel de puesto SPC debe ser de 10 Digítos|
14|(42)Fecha de Reingreso||Fecha de Reingreso debe ser de 8 Digíto(AAAAMMDD (AAAA=año, MM=mes, DD=día))|
14|(44)Fecha de Pago|20150101|Fecha de Pago debe ser de 9 Caracteres(DDMMMAAAA (AAAA=año, MM=mes(primeras 3 letras), DD=día))|
14|(48)Periodo de Aplicación Final|20160115|No Corresponde a datos de Aplicacion Final (15/28/29/30/31)|
14|(51)Tipo de Pago| 0000000000000000000000000007.0000000000|Tipo de Pago ser de 1 digitos|
14|(54)Percepciones | 0000004781.73|Percepciones debe  ser de 10 digitos y 2 decimales|
14|(55)Deducciones | 0000000797.65|Deducciones debe  ser de 10 digitos y 2 decimales |
14|(56)Neto| 0000003984.08|Neto debe  ser de 10 digitos y 2 decimales |
14|(57)Número de Trailers-Total  de Conceptos | 0000000000000000000000000017.0000000000|Número de Trailers-Total  de Conceptos debe  ser de 2 |
14|(59)Nombre del Producto|CC012001|Nombre del Producto debe  ser de 11 caracteres/numeros|
14|(61)Número de Cheque|000186229|Número de Cheque debe  ser de 10 Digitos|
14|(63)Indicador de TESOFE -JORNADA| 0000000000000000000000000001.0000000000|Indicador de TESOFE-JORNADA debe  ser de 2 Digitos|
14|(65)Ciclo del FONAC||Ciclo del FONAC debe  ser de 4 Digitos|
14|(66)Número de Aportaciones al FONAC||Número de Aportaciones al FONAC debe  ser de 2 Digitos|
14|(67)Acumulado de FONAC| 0000000000000000000000000000.0000000000|Acumulado de FONAC debe  ser de 10 Digitos|
14|(70)Porcentaje de Pensión 01 | 0000000000.00|Porcentaje de Pensión 01   ser de 3 enteros y 2 decimales(###.##)|
14|(71)Porcentaje de Pensión 02 | 0000000000.00|Porcentaje de Pensión 02   ser de 3 enteros y 2 decimales(###.##)|
14|(72)Porcentaje de Pensión 03| 0000000000.00|Porcentaje de Pensión 03 ser de 3 enteros y 2 decimales(###.##)|
14|(73)Porcentaje de Pensión 04| 0000000000.00|Porcentaje de Pensión 04 ser de 3 enteros y 2 decimales(###.##)|
14|(74)Porcentaje de Pensión 05| 0000000000.00|Porcentaje de Pensión 04 ser de 3 enteros y 2 decimales(###.##)|
14|(75)Elección de tipo de retiro del ISSSTE| 0000000000000000000000000000.0000000000|Elección de tipo de retiro del ISSSTE 1 enteros [0,1,2]|
14|(76)Tipo de Unidad| 0000000000000000000000000002.0000000000|Tipo de Unidad 1 enteros [1,2]|
15|(8)Numero de Cuenta|000000000000|Tamaño de Numero de Cuenta debe ser 16 dígitos|
15|(9)Clave del Banco (CLABE)|00000000000000000000|Tamaño de Clave del Banco (CLABE) debe ser 18 dígitos|
15|(10)Clave del Servicio Profesional de Carrera (FUNCION)|9|Tamaño de Clave del Servicio Profesional de Carrera (FUNCION) debe ser 2 dígitos|
15|(19)Programa General|02|La Programa General no es parte del catalogo de DGRH|
15|(23)Puesto|M03021|Tamaño de Puesto debe ser  a 7 Alfanumerico|
15|(24)Número de Puesto|0014|El Número Puesto no es parte del catalogo de DGRH|
15|(28)Cédula de Identidad (NSS)|000080947707578|Tamaño de campo Cédula de Identidad (NSS) debe ser  a 11 Caracters|
15|(30)Número de AHISA-Fuente de Financiamiento|1|Tamaño de campo Número de AHISA-Fuente de Financiamiento debe ser de 2 Digítos|
15|(38)Nivel de puesto - Nivel de puesto SPC||Nivel de puesto - Nivel de puesto SPC debe ser de 10 Digítos|
15|(42)Fecha de Reingreso||Fecha de Reingreso debe ser de 8 Digíto(AAAAMMDD (AAAA=año, MM=mes, DD=día))|
15|(44)Fecha de Pago|20150101|Fecha de Pago debe ser de 9 Caracteres(DDMMMAAAA (AAAA=año, MM=mes(primeras 3 letras), DD=día))|
15|(48)Periodo de Aplicación Final|20160115|No Corresponde a datos de Aplicacion Final (15/28/29/30/31)|
15|(51)Tipo de Pago| 0000000000000000000000000007.0000000000|Tipo de Pago ser de 1 digitos|
15|(54)Percepciones | 0000005131.72|Percepciones debe  ser de 10 digitos y 2 decimales|
15|(55)Deducciones | 0000000849.65|Deducciones debe  ser de 10 digitos y 2 decimales |
15|(56)Neto| 0000004282.07|Neto debe  ser de 10 digitos y 2 decimales |
15|(57)Número de Trailers-Total  de Conceptos | 0000000000000000000000000017.0000000000|Número de Trailers-Total  de Conceptos debe  ser de 2 |
15|(59)Nombre del Producto|CC012001|Nombre del Producto debe  ser de 11 caracteres/numeros|
15|(61)Número de Cheque|000186244|Número de Cheque debe  ser de 10 Digitos|
15|(63)Indicador de TESOFE -JORNADA| 0000000000000000000000000001.0000000000|Indicador de TESOFE-JORNADA debe  ser de 2 Digitos|
15|(65)Ciclo del FONAC||Ciclo del FONAC debe  ser de 4 Digitos|
15|(66)Número de Aportaciones al FONAC||Número de Aportaciones al FONAC debe  ser de 2 Digitos|
15|(67)Acumulado de FONAC| 0000000000000000000000000000.0000000000|Acumulado de FONAC debe  ser de 10 Digitos|
15|(70)Porcentaje de Pensión 01 | 0000000000.00|Porcentaje de Pensión 01   ser de 3 enteros y 2 decimales(###.##)|
15|(71)Porcentaje de Pensión 02 | 0000000000.00|Porcentaje de Pensión 02   ser de 3 enteros y 2 decimales(###.##)|
15|(72)Porcentaje de Pensión 03| 0000000000.00|Porcentaje de Pensión 03 ser de 3 enteros y 2 decimales(###.##)|
15|(73)Porcentaje de Pensión 04| 0000000000.00|Porcentaje de Pensión 04 ser de 3 enteros y 2 decimales(###.##)|
15|(74)Porcentaje de Pensión 05| 0000000000.00|Porcentaje de Pensión 04 ser de 3 enteros y 2 decimales(###.##)|
15|(75)Elección de tipo de retiro del ISSSTE| 0000000000000000000000000000.0000000000|Elección de tipo de retiro del ISSSTE 1 enteros [0,1,2]|
15|(76)Tipo de Unidad| 0000000000000000000000000002.0000000000|Tipo de Unidad 1 enteros [1,2]|
16|(8)Numero de Cuenta|000000000000|Tamaño de Numero de Cuenta debe ser 16 dígitos|
16|(9)Clave del Banco (CLABE)|00000000000000000000|Tamaño de Clave del Banco (CLABE) debe ser 18 dígitos|
16|(19)Programa General|02|La Programa General no es parte del catalogo de DGRH|
16|(24)Número de Puesto|0007|El Número Puesto no es parte del catalogo de DGRH|
16|(28)Cédula de Identidad (NSS)|000080108295728|Tamaño de campo Cédula de Identidad (NSS) debe ser  a 11 Caracters|
16|(30)Número de AHISA-Fuente de Financiamiento|1|Tamaño de campo Número de AHISA-Fuente de Financiamiento debe ser de 2 Digítos|
16|(38)Nivel de puesto - Nivel de puesto SPC||Nivel de puesto - Nivel de puesto SPC debe ser de 10 Digítos|
16|(42)Fecha de Reingreso||Fecha de Reingreso debe ser de 8 Digíto(AAAAMMDD (AAAA=año, MM=mes, DD=día))|
16|(44)Fecha de Pago|20150101|Fecha de Pago debe ser de 9 Caracteres(DDMMMAAAA (AAAA=año, MM=mes(primeras 3 letras), DD=día))|
16|(48)Periodo de Aplicación Final|20160115|No Corresponde a datos de Aplicacion Final (15/28/29/30/31)|
16|(51)Tipo de Pago| 0000000000000000000000000007.0000000000|Tipo de Pago ser de 1 digitos|
16|(54)Percepciones | 0000005491.23|Percepciones debe  ser de 10 digitos y 2 decimales|
16|(55)Deducciones | 0000001107.31|Deducciones debe  ser de 10 digitos y 2 decimales |
16|(56)Neto| 0000004383.92|Neto debe  ser de 10 digitos y 2 decimales |
16|(57)Número de Trailers-Total  de Conceptos | 0000000000000000000000000014.0000000000|Número de Trailers-Total  de Conceptos debe  ser de 2 |
16|(59)Nombre del Producto|CC012001|Nombre del Producto debe  ser de 11 caracteres/numeros|
16|(61)Número de Cheque|000186343|Número de Cheque debe  ser de 10 Digitos|
16|(63)Indicador de TESOFE -JORNADA| 0000000000000000000000000001.0000000000|Indicador de TESOFE-JORNADA debe  ser de 2 Digitos|
16|(65)Ciclo del FONAC||Ciclo del FONAC debe  ser de 4 Digitos|
16|(66)Número de Aportaciones al FONAC||Número de Aportaciones al FONAC debe  ser de 2 Digitos|
16|(67)Acumulado de FONAC| 0000000000000000000000000000.0000000000|Acumulado de FONAC debe  ser de 10 Digitos|
16|(70)Porcentaje de Pensión 01 | 0000000000.00|Porcentaje de Pensión 01   ser de 3 enteros y 2 decimales(###.##)|
16|(71)Porcentaje de Pensión 02 | 0000000000.00|Porcentaje de Pensión 02   ser de 3 enteros y 2 decimales(###.##)|
16|(72)Porcentaje de Pensión 03| 0000000000.00|Porcentaje de Pensión 03 ser de 3 enteros y 2 decimales(###.##)|
16|(73)Porcentaje de Pensión 04| 0000000000.00|Porcentaje de Pensión 04 ser de 3 enteros y 2 decimales(###.##)|
16|(74)Porcentaje de Pensión 05| 0000000000.00|Porcentaje de Pensión 04 ser de 3 enteros y 2 decimales(###.##)|
16|(75)Elección de tipo de retiro del ISSSTE| 0000000000000000000000000000.0000000000|Elección de tipo de retiro del ISSSTE 1 enteros [0,1,2]|
16|(76)Tipo de Unidad| 0000000000000000000000000002.0000000000|Tipo de Unidad 1 enteros [1,2]|
17|(8)Numero de Cuenta|000000000000|Tamaño de Numero de Cuenta debe ser 16 dígitos|
17|(9)Clave del Banco (CLABE)|00000000000000000000|Tamaño de Clave del Banco (CLABE) debe ser 18 dígitos|
17|(10)Clave del Servicio Profesional de Carrera (FUNCION)|6|Tamaño de Clave del Servicio Profesional de Carrera (FUNCION) debe ser 2 dígitos|
17|(19)Programa General|02|La Programa General no es parte del catalogo de DGRH|
17|(23)Puesto|M02081|Tamaño de Puesto debe ser  a 7 Alfanumerico|
17|(24)Número de Puesto|0094|El Número Puesto no es parte del catalogo de DGRH|
17|(28)Cédula de Identidad (NSS)|000080047676558|Tamaño de campo Cédula de Identidad (NSS) debe ser  a 11 Caracters|
17|(30)Número de AHISA-Fuente de Financiamiento|1|Tamaño de campo Número de AHISA-Fuente de Financiamiento debe ser de 2 Digítos|
17|(38)Nivel de puesto - Nivel de puesto SPC||Nivel de puesto - Nivel de puesto SPC debe ser de 10 Digítos|
17|(42)Fecha de Reingreso||Fecha de Reingreso debe ser de 8 Digíto(AAAAMMDD (AAAA=año, MM=mes, DD=día))|
17|(44)Fecha de Pago|20150101|Fecha de Pago debe ser de 9 Caracteres(DDMMMAAAA (AAAA=año, MM=mes(primeras 3 letras), DD=día))|
17|(48)Periodo de Aplicación Final|20160115|No Corresponde a datos de Aplicacion Final (15/28/29/30/31)|
17|(51)Tipo de Pago| 0000000000000000000000000007.0000000000|Tipo de Pago ser de 1 digitos|
17|(54)Percepciones | 0000005587.50|Percepciones debe  ser de 10 digitos y 2 decimales|
17|(55)Deducciones | 0000001247.14|Deducciones debe  ser de 10 digitos y 2 decimales |
17|(56)Neto| 0000004340.36|Neto debe  ser de 10 digitos y 2 decimales |
17|(57)Número de Trailers-Total  de Conceptos | 0000000000000000000000000015.0000000000|Número de Trailers-Total  de Conceptos debe  ser de 2 |
17|(59)Nombre del Producto|CC012001|Nombre del Producto debe  ser de 11 caracteres/numeros|
17|(61)Número de Cheque|000186678|Número de Cheque debe  ser de 10 Digitos|
17|(63)Indicador de TESOFE -JORNADA| 0000000000000000000000000001.0000000000|Indicador de TESOFE-JORNADA debe  ser de 2 Digitos|
17|(65)Ciclo del FONAC||Ciclo del FONAC debe  ser de 4 Digitos|
17|(66)Número de Aportaciones al FONAC||Número de Aportaciones al FONAC debe  ser de 2 Digitos|
17|(67)Acumulado de FONAC| 0000000000000000000000000000.0000000000|Acumulado de FONAC debe  ser de 10 Digitos|
17|(70)Porcentaje de Pensión 01 | 0000000000.00|Porcentaje de Pensión 01   ser de 3 enteros y 2 decimales(###.##)|
17|(71)Porcentaje de Pensión 02 | 0000000000.00|Porcentaje de Pensión 02   ser de 3 enteros y 2 decimales(###.##)|
17|(72)Porcentaje de Pensión 03| 0000000000.00|Porcentaje de Pensión 03 ser de 3 enteros y 2 decimales(###.##)|
17|(73)Porcentaje de Pensión 04| 0000000000.00|Porcentaje de Pensión 04 ser de 3 enteros y 2 decimales(###.##)|
17|(74)Porcentaje de Pensión 05| 0000000000.00|Porcentaje de Pensión 04 ser de 3 enteros y 2 decimales(###.##)|
17|(75)Elección de tipo de retiro del ISSSTE| 0000000000000000000000000000.0000000000|Elección de tipo de retiro del ISSSTE 1 enteros [0,1,2]|
17|(76)Tipo de Unidad| 0000000000000000000000000002.0000000000|Tipo de Unidad 1 enteros [1,2]|
18|(8)Numero de Cuenta|000000000000|Tamaño de Numero de Cuenta debe ser 16 dígitos|
18|(9)Clave del Banco (CLABE)|00000000000000000000|Tamaño de Clave del Banco (CLABE) debe ser 18 dígitos|
18|(10)Clave del Servicio Profesional de Carrera (FUNCION)|1|Tamaño de Clave del Servicio Profesional de Carrera (FUNCION) debe ser 2 dígitos|
18|(19)Programa General|02|La Programa General no es parte del catalogo de DGRH|
18|(23)Puesto|M01004|Tamaño de Puesto debe ser  a 7 Alfanumerico|
18|(24)Número de Puesto|0111|El Número Puesto no es parte del catalogo de DGRH|
18|(28)Cédula de Identidad (NSS)|000080876729825|Tamaño de campo Cédula de Identidad (NSS) debe ser  a 11 Caracters|
18|(30)Número de AHISA-Fuente de Financiamiento|1|Tamaño de campo Número de AHISA-Fuente de Financiamiento debe ser de 2 Digítos|
18|(38)Nivel de puesto - Nivel de puesto SPC||Nivel de puesto - Nivel de puesto SPC debe ser de 10 Digítos|
18|(42)Fecha de Reingreso||Fecha de Reingreso debe ser de 8 Digíto(AAAAMMDD (AAAA=año, MM=mes, DD=día))|
18|(44)Fecha de Pago|20150101|Fecha de Pago debe ser de 9 Caracteres(DDMMMAAAA (AAAA=año, MM=mes(primeras 3 letras), DD=día))|
18|(48)Periodo de Aplicación Final|20160115|No Corresponde a datos de Aplicacion Final (15/28/29/30/31)|
18|(51)Tipo de Pago| 0000000000000000000000000007.0000000000|Tipo de Pago ser de 1 digitos|
18|(54)Percepciones | 0000009512.50|Percepciones debe  ser de 10 digitos y 2 decimales|
18|(55)Deducciones | 0000005279.21|Deducciones debe  ser de 10 digitos y 2 decimales |
18|(56)Neto| 0000004233.29|Neto debe  ser de 10 digitos y 2 decimales |
18|(57)Número de Trailers-Total  de Conceptos | 0000000000000000000000000017.0000000000|Número de Trailers-Total  de Conceptos debe  ser de 2 |
18|(59)Nombre del Producto|CC012001|Nombre del Producto debe  ser de 11 caracteres/numeros|
18|(61)Número de Cheque|000187093|Número de Cheque debe  ser de 10 Digitos|
18|(63)Indicador de TESOFE -JORNADA| 0000000000000000000000000001.0000000000|Indicador de TESOFE-JORNADA debe  ser de 2 Digitos|
18|(65)Ciclo del FONAC||Ciclo del FONAC debe  ser de 4 Digitos|
18|(66)Número de Aportaciones al FONAC||Número de Aportaciones al FONAC debe  ser de 2 Digitos|
18|(67)Acumulado de FONAC| 0000000000000000000000000000.0000000000|Acumulado de FONAC debe  ser de 10 Digitos|
18|(70)Porcentaje de Pensión 01 | 0000000038.00|Porcentaje de Pensión 01   ser de 3 enteros y 2 decimales(###.##)|
18|(71)Porcentaje de Pensión 02 | 0000000000.00|Porcentaje de Pensión 02   ser de 3 enteros y 2 decimales(###.##)|
18|(72)Porcentaje de Pensión 03| 0000000000.00|Porcentaje de Pensión 03 ser de 3 enteros y 2 decimales(###.##)|
18|(73)Porcentaje de Pensión 04| 0000000000.00|Porcentaje de Pensión 04 ser de 3 enteros y 2 decimales(###.##)|
18|(74)Porcentaje de Pensión 05| 0000000000.00|Porcentaje de Pensión 04 ser de 3 enteros y 2 decimales(###.##)|
18|(75)Elección de tipo de retiro del ISSSTE| 0000000000000000000000000000.0000000000|Elección de tipo de retiro del ISSSTE 1 enteros [0,1,2]|
18|(76)Tipo de Unidad| 0000000000000000000000000002.0000000000|Tipo de Unidad 1 enteros [1,2]|
19|(8)Numero de Cuenta|000000000000|Tamaño de Numero de Cuenta debe ser 16 dígitos|
19|(9)Clave del Banco (CLABE)|00000000000000000000|Tamaño de Clave del Banco (CLABE) debe ser 18 dígitos|
19|(10)Clave del Servicio Profesional de Carrera (FUNCION)|9|Tamaño de Clave del Servicio Profesional de Carrera (FUNCION) debe ser 2 dígitos|
19|(19)Programa General|02|La Programa General no es parte del catalogo de DGRH|
19|(23)Puesto|M03020|Tamaño de Puesto debe ser  a 7 Alfanumerico|
19|(24)Número de Puesto|0131|El Número Puesto no es parte del catalogo de DGRH|
19|(28)Cédula de Identidad (NSS)|000080916927181|Tamaño de campo Cédula de Identidad (NSS) debe ser  a 11 Caracters|
19|(30)Número de AHISA-Fuente de Financiamiento|1|Tamaño de campo Número de AHISA-Fuente de Financiamiento debe ser de 2 Digítos|
19|(38)Nivel de puesto - Nivel de puesto SPC||Nivel de puesto - Nivel de puesto SPC debe ser de 10 Digítos|
19|(42)Fecha de Reingreso||Fecha de Reingreso debe ser de 8 Digíto(AAAAMMDD (AAAA=año, MM=mes, DD=día))|
19|(44)Fecha de Pago|20150101|Fecha de Pago debe ser de 9 Caracteres(DDMMMAAAA (AAAA=año, MM=mes(primeras 3 letras), DD=día))|
19|(48)Periodo de Aplicación Final|20160115|No Corresponde a datos de Aplicacion Final (15/28/29/30/31)|
19|(51)Tipo de Pago| 0000000000000000000000000007.0000000000|Tipo de Pago ser de 1 digitos|
19|(54)Percepciones | 0000005063.33|Percepciones debe  ser de 10 digitos y 2 decimales|
19|(55)Deducciones | 0000000850.04|Deducciones debe  ser de 10 digitos y 2 decimales |
19|(56)Neto| 0000004213.29|Neto debe  ser de 10 digitos y 2 decimales |
19|(57)Número de Trailers-Total  de Conceptos | 0000000000000000000000000015.0000000000|Número de Trailers-Total  de Conceptos debe  ser de 2 |
19|(59)Nombre del Producto|CC012001|Nombre del Producto debe  ser de 11 caracteres/numeros|
19|(61)Número de Cheque|000187113|Número de Cheque debe  ser de 10 Digitos|
19|(63)Indicador de TESOFE -JORNADA| 0000000000000000000000000001.0000000000|Indicador de TESOFE-JORNADA debe  ser de 2 Digitos|
19|(65)Ciclo del FONAC||Ciclo del FONAC debe  ser de 4 Digitos|
19|(66)Número de Aportaciones al FONAC||Número de Aportaciones al FONAC debe  ser de 2 Digitos|
19|(67)Acumulado de FONAC| 0000000000000000000000000000.0000000000|Acumulado de FONAC debe  ser de 10 Digitos|
19|(70)Porcentaje de Pensión 01 | 0000000000.00|Porcentaje de Pensión 01   ser de 3 enteros y 2 decimales(###.##)|
19|(71)Porcentaje de Pensión 02 | 0000000000.00|Porcentaje de Pensión 02   ser de 3 enteros y 2 decimales(###.##)|
19|(72)Porcentaje de Pensión 03| 0000000000.00|Porcentaje de Pensión 03 ser de 3 enteros y 2 decimales(###.##)|
19|(73)Porcentaje de Pensión 04| 0000000000.00|Porcentaje de Pensión 04 ser de 3 enteros y 2 decimales(###.##)|
19|(74)Porcentaje de Pensión 05| 0000000000.00|Porcentaje de Pensión 04 ser de 3 enteros y 2 decimales(###.##)|
19|(75)Elección de tipo de retiro del ISSSTE| 0000000000000000000000000000.0000000000|Elección de tipo de retiro del ISSSTE 1 enteros [0,1,2]|
19|(76)Tipo de Unidad| 0000000000000000000000000002.0000000000|Tipo de Unidad 1 enteros [1,2]|
20|(8)Numero de Cuenta|000000000000|Tamaño de Numero de Cuenta debe ser 16 dígitos|
20|(9)Clave del Banco (CLABE)|00000000000000000000|Tamaño de Clave del Banco (CLABE) debe ser 18 dígitos|
20|(10)Clave del Servicio Profesional de Carrera (FUNCION)|1|Tamaño de Clave del Servicio Profesional de Carrera (FUNCION) debe ser 2 dígitos|
20|(19)Programa General|02|La Programa General no es parte del catalogo de DGRH|
20|(23)Puesto|M01004|Tamaño de Puesto debe ser  a 7 Alfanumerico|
20|(24)Número de Puesto|0050|El Número Puesto no es parte del catalogo de DGRH|
20|(28)Cédula de Identidad (NSS)|000080977123290|Tamaño de campo Cédula de Identidad (NSS) debe ser  a 11 Caracters|
20|(30)Número de AHISA-Fuente de Financiamiento|1|Tamaño de campo Número de AHISA-Fuente de Financiamiento debe ser de 2 Digítos|
20|(38)Nivel de puesto - Nivel de puesto SPC||Nivel de puesto - Nivel de puesto SPC debe ser de 10 Digítos|
20|(42)Fecha de Reingreso||Fecha de Reingreso debe ser de 8 Digíto(AAAAMMDD (AAAA=año, MM=mes, DD=día))|
20|(44)Fecha de Pago|20150101|Fecha de Pago debe ser de 9 Caracteres(DDMMMAAAA (AAAA=año, MM=mes(primeras 3 letras), DD=día))|
20|(48)Periodo de Aplicación Final|20160115|No Corresponde a datos de Aplicacion Final (15/28/29/30/31)|
20|(51)Tipo de Pago| 0000000000000000000000000007.0000000000|Tipo de Pago ser de 1 digitos|
20|(54)Percepciones | 0000008040.70|Percepciones debe  ser de 10 digitos y 2 decimales|
20|(55)Deducciones | 0000002385.63|Deducciones debe  ser de 10 digitos y 2 decimales |
20|(56)Neto| 0000005655.07|Neto debe  ser de 10 digitos y 2 decimales |
20|(57)Número de Trailers-Total  de Conceptos | 0000000000000000000000000016.0000000000|Número de Trailers-Total  de Conceptos debe  ser de 2 |
20|(59)Nombre del Producto|CC012001|Nombre del Producto debe  ser de 11 caracteres/numeros|
20|(61)Número de Cheque|000187958|Número de Cheque debe  ser de 10 Digitos|
20|(63)Indicador de TESOFE -JORNADA| 0000000000000000000000000002.0000000000|Indicador de TESOFE-JORNADA debe  ser de 2 Digitos|
20|(65)Ciclo del FONAC||Ciclo del FONAC debe  ser de 4 Digitos|
20|(66)Número de Aportaciones al FONAC||Número de Aportaciones al FONAC debe  ser de 2 Digitos|
20|(67)Acumulado de FONAC| 0000000000000000000000000000.0000000000|Acumulado de FONAC debe  ser de 10 Digitos|
20|(70)Porcentaje de Pensión 01 | 0000000000.00|Porcentaje de Pensión 01   ser de 3 enteros y 2 decimales(###.##)|
20|(71)Porcentaje de Pensión 02 | 0000000000.00|Porcentaje de Pensión 02   ser de 3 enteros y 2 decimales(###.##)|
20|(72)Porcentaje de Pensión 03| 0000000000.00|Porcentaje de Pensión 03 ser de 3 enteros y 2 decimales(###.##)|
20|(73)Porcentaje de Pensión 04| 0000000000.00|Porcentaje de Pensión 04 ser de 3 enteros y 2 decimales(###.##)|
20|(74)Porcentaje de Pensión 05| 0000000000.00|Porcentaje de Pensión 04 ser de 3 enteros y 2 decimales(###.##)|
20|(75)Elección de tipo de retiro del ISSSTE| 0000000000000000000000000002.0000000000|Elección de tipo de retiro del ISSSTE 1 enteros [0,1,2]|
20|(76)Tipo de Unidad| 0000000000000000000000000002.0000000000|Tipo de Unidad 1 enteros [1,2]|
21|(8)Numero de Cuenta|000000000000|Tamaño de Numero de Cuenta debe ser 16 dígitos|
21|(9)Clave del Banco (CLABE)|00000000000000000000|Tamaño de Clave del Banco (CLABE) debe ser 18 dígitos|
21|(10)Clave del Servicio Profesional de Carrera (FUNCION)|9|Tamaño de Clave del Servicio Profesional de Carrera (FUNCION) debe ser 2 dígitos|
21|(19)Programa General|02|La Programa General no es parte del catalogo de DGRH|
21|(23)Puesto|M03020|Tamaño de Puesto debe ser  a 7 Alfanumerico|
21|(24)Número de Puesto|0008|El Número Puesto no es parte del catalogo de DGRH|
21|(28)Cédula de Identidad (NSS)|000080936992330|Tamaño de campo Cédula de Identidad (NSS) debe ser  a 11 Caracters|
21|(30)Número de AHISA-Fuente de Financiamiento|1|Tamaño de campo Número de AHISA-Fuente de Financiamiento debe ser de 2 Digítos|
21|(38)Nivel de puesto - Nivel de puesto SPC||Nivel de puesto - Nivel de puesto SPC debe ser de 10 Digítos|
21|(42)Fecha de Reingreso||Fecha de Reingreso debe ser de 8 Digíto(AAAAMMDD (AAAA=año, MM=mes, DD=día))|
21|(44)Fecha de Pago|20150101|Fecha de Pago debe ser de 9 Caracteres(DDMMMAAAA (AAAA=año, MM=mes(primeras 3 letras), DD=día))|
21|(48)Periodo de Aplicación Final|20160115|No Corresponde a datos de Aplicacion Final (15/28/29/30/31)|
21|(51)Tipo de Pago| 0000000000000000000000000007.0000000000|Tipo de Pago ser de 1 digitos|
21|(54)Percepciones | 0000004800.00|Percepciones debe  ser de 10 digitos y 2 decimales|
21|(55)Deducciones | 0000000830.26|Deducciones debe  ser de 10 digitos y 2 decimales |
21|(56)Neto| 0000003969.74|Neto debe  ser de 10 digitos y 2 decimales |
21|(57)Número de Trailers-Total  de Conceptos | 0000000000000000000000000013.0000000000|Número de Trailers-Total  de Conceptos debe  ser de 2 |
21|(59)Nombre del Producto|CC012002|Nombre del Producto debe  ser de 11 caracteres/numeros|
21|(61)Número de Cheque|000359297|Número de Cheque debe  ser de 10 Digitos|
21|(63)Indicador de TESOFE -JORNADA| 0000000000000000000000000001.0000000000|Indicador de TESOFE-JORNADA debe  ser de 2 Digitos|
21|(65)Ciclo del FONAC||Ciclo del FONAC debe  ser de 4 Digitos|
21|(66)Número de Aportaciones al FONAC||Número de Aportaciones al FONAC debe  ser de 2 Digitos|
21|(67)Acumulado de FONAC| 0000000000000000000000000000.0000000000|Acumulado de FONAC debe  ser de 10 Digitos|
21|(70)Porcentaje de Pensión 01 | 0000000000.00|Porcentaje de Pensión 01   ser de 3 enteros y 2 decimales(###.##)|
21|(71)Porcentaje de Pensión 02 | 0000000000.00|Porcentaje de Pensión 02   ser de 3 enteros y 2 decimales(###.##)|
21|(72)Porcentaje de Pensión 03| 0000000000.00|Porcentaje de Pensión 03 ser de 3 enteros y 2 decimales(###.##)|
21|(73)Porcentaje de Pensión 04| 0000000000.00|Porcentaje de Pensión 04 ser de 3 enteros y 2 decimales(###.##)|
21|(74)Porcentaje de Pensión 05| 0000000000.00|Porcentaje de Pensión 04 ser de 3 enteros y 2 decimales(###.##)|
21|(75)Elección de tipo de retiro del ISSSTE| 0000000000000000000000000000.0000000000|Elección de tipo de retiro del ISSSTE 1 enteros [0,1,2]|
21|(76)Tipo de Unidad| 0000000000000000000000000002.0000000000|Tipo de Unidad 1 enteros [1,2]|
22|(8)Numero de Cuenta|000000000000|Tamaño de Numero de Cuenta debe ser 16 dígitos|
22|(9)Clave del Banco (CLABE)|00000000000000000000|Tamaño de Clave del Banco (CLABE) debe ser 18 dígitos|
22|(10)Clave del Servicio Profesional de Carrera (FUNCION)|9|Tamaño de Clave del Servicio Profesional de Carrera (FUNCION) debe ser 2 dígitos|
22|(19)Programa General|02|La Programa General no es parte del catalogo de DGRH|
22|(23)Puesto|M03024|Tamaño de Puesto debe ser  a 7 Alfanumerico|
22|(24)Número de Puesto|0115|El Número Puesto no es parte del catalogo de DGRH|
22|(28)Cédula de Identidad (NSS)|000080098387196|Tamaño de campo Cédula de Identidad (NSS) debe ser  a 11 Caracters|
22|(30)Número de AHISA-Fuente de Financiamiento|1|Tamaño de campo Número de AHISA-Fuente de Financiamiento debe ser de 2 Digítos|
22|(38)Nivel de puesto - Nivel de puesto SPC||Nivel de puesto - Nivel de puesto SPC debe ser de 10 Digítos|
22|(42)Fecha de Reingreso||Fecha de Reingreso debe ser de 8 Digíto(AAAAMMDD (AAAA=año, MM=mes, DD=día))|
22|(44)Fecha de Pago|20150101|Fecha de Pago debe ser de 9 Caracteres(DDMMMAAAA (AAAA=año, MM=mes(primeras 3 letras), DD=día))|
22|(48)Periodo de Aplicación Final|20160115|No Corresponde a datos de Aplicacion Final (15/28/29/30/31)|
22|(51)Tipo de Pago| 0000000000000000000000000007.0000000000|Tipo de Pago ser de 1 digitos|
22|(54)Percepciones | 0000004952.50|Percepciones debe  ser de 10 digitos y 2 decimales|
22|(55)Deducciones | 0000000979.32|Deducciones debe  ser de 10 digitos y 2 decimales |
22|(56)Neto| 0000003973.18|Neto debe  ser de 10 digitos y 2 decimales |
22|(57)Número de Trailers-Total  de Conceptos | 0000000000000000000000000016.0000000000|Número de Trailers-Total  de Conceptos debe  ser de 2 |
22|(59)Nombre del Producto|CC012002|Nombre del Producto debe  ser de 11 caracteres/numeros|
22|(61)Número de Cheque|000359518|Número de Cheque debe  ser de 10 Digitos|
22|(63)Indicador de TESOFE -JORNADA| 0000000000000000000000000001.0000000000|Indicador de TESOFE-JORNADA debe  ser de 2 Digitos|
22|(65)Ciclo del FONAC||Ciclo del FONAC debe  ser de 4 Digitos|
22|(66)Número de Aportaciones al FONAC||Número de Aportaciones al FONAC debe  ser de 2 Digitos|
22|(67)Acumulado de FONAC| 0000000000000000000000000000.0000000000|Acumulado de FONAC debe  ser de 10 Digitos|
22|(70)Porcentaje de Pensión 01 | 0000000000.00|Porcentaje de Pensión 01   ser de 3 enteros y 2 decimales(###.##)|
22|(71)Porcentaje de Pensión 02 | 0000000000.00|Porcentaje de Pensión 02   ser de 3 enteros y 2 decimales(###.##)|
22|(72)Porcentaje de Pensión 03| 0000000000.00|Porcentaje de Pensión 03 ser de 3 enteros y 2 decimales(###.##)|
22|(73)Porcentaje de Pensión 04| 0000000000.00|Porcentaje de Pensión 04 ser de 3 enteros y 2 decimales(###.##)|
22|(74)Porcentaje de Pensión 05| 0000000000.00|Porcentaje de Pensión 04 ser de 3 enteros y 2 decimales(###.##)|
22|(75)Elección de tipo de retiro del ISSSTE| 0000000000000000000000000000.0000000000|Elección de tipo de retiro del ISSSTE 1 enteros [0,1,2]|
22|(76)Tipo de Unidad| 0000000000000000000000000002.0000000000|Tipo de Unidad 1 enteros [1,2]|
23|(8)Numero de Cuenta|000000000000|Tamaño de Numero de Cuenta debe ser 16 dígitos|
23|(9)Clave del Banco (CLABE)|00000000000000000000|Tamaño de Clave del Banco (CLABE) debe ser 18 dígitos|
23|(10)Clave del Servicio Profesional de Carrera (FUNCION)|9|Tamaño de Clave del Servicio Profesional de Carrera (FUNCION) debe ser 2 dígitos|
23|(19)Programa General|02|La Programa General no es parte del catalogo de DGRH|
23|(23)Puesto|M03020|Tamaño de Puesto debe ser  a 7 Alfanumerico|
23|(24)Número de Puesto|0034|El Número Puesto no es parte del catalogo de DGRH|
23|(28)Cédula de Identidad (NSS)|000000000000000|Tamaño de campo Cédula de Identidad (NSS) debe ser  a 11 Caracters|
23|(30)Número de AHISA-Fuente de Financiamiento|1|Tamaño de campo Número de AHISA-Fuente de Financiamiento debe ser de 2 Digítos|
23|(38)Nivel de puesto - Nivel de puesto SPC||Nivel de puesto - Nivel de puesto SPC debe ser de 10 Digítos|
23|(42)Fecha de Reingreso||Fecha de Reingreso debe ser de 8 Digíto(AAAAMMDD (AAAA=año, MM=mes, DD=día))|
23|(44)Fecha de Pago|20150916|Fecha de Pago debe ser de 9 Caracteres(DDMMMAAAA (AAAA=año, MM=mes(primeras 3 letras), DD=día))|
23|(48)Periodo de Aplicación Final|20160115|No Corresponde a datos de Aplicacion Final (15/28/29/30/31)|
23|(51)Tipo de Pago| 0000000000000000000000000007.0000000000|Tipo de Pago ser de 1 digitos|
23|(54)Percepciones | 0000001050.00|Percepciones debe  ser de 10 digitos y 2 decimales|
23|(55)Deducciones | 0000000207.51|Deducciones debe  ser de 10 digitos y 2 decimales |
23|(56)Neto| 0000000842.49|Neto debe  ser de 10 digitos y 2 decimales |
23|(57)Número de Trailers-Total  de Conceptos | 0000000000000000000000000013.0000000000|Número de Trailers-Total  de Conceptos debe  ser de 2 |
23|(59)Nombre del Producto|CC012002|Nombre del Producto debe  ser de 11 caracteres/numeros|
23|(61)Número de Cheque|000359353|Número de Cheque debe  ser de 10 Digitos|
23|(63)Indicador de TESOFE -JORNADA| 0000000000000000000000000001.0000000000|Indicador de TESOFE-JORNADA debe  ser de 2 Digitos|
23|(65)Ciclo del FONAC||Ciclo del FONAC debe  ser de 4 Digitos|
23|(66)Número de Aportaciones al FONAC||Número de Aportaciones al FONAC debe  ser de 2 Digitos|
23|(67)Acumulado de FONAC| 0000000000000000000000000000.0000000000|Acumulado de FONAC debe  ser de 10 Digitos|
23|(70)Porcentaje de Pensión 01 | 0000000000.00|Porcentaje de Pensión 01   ser de 3 enteros y 2 decimales(###.##)|
23|(71)Porcentaje de Pensión 02 | 0000000000.00|Porcentaje de Pensión 02   ser de 3 enteros y 2 decimales(###.##)|
23|(72)Porcentaje de Pensión 03| 0000000000.00|Porcentaje de Pensión 03 ser de 3 enteros y 2 decimales(###.##)|
23|(73)Porcentaje de Pensión 04| 0000000000.00|Porcentaje de Pensión 04 ser de 3 enteros y 2 decimales(###.##)|
23|(74)Porcentaje de Pensión 05| 0000000000.00|Porcentaje de Pensión 04 ser de 3 enteros y 2 decimales(###.##)|
23|(75)Elección de tipo de retiro del ISSSTE| 0000000000000000000000000000.0000000000|Elección de tipo de retiro del ISSSTE 1 enteros [0,1,2]|
23|(76)Tipo de Unidad| 0000000000000000000000000002.0000000000|Tipo de Unidad 1 enteros [1,2]|
24|(8)Numero de Cuenta|000000000000|Tamaño de Numero de Cuenta debe ser 16 dígitos|
24|(9)Clave del Banco (CLABE)|00000000000000000000|Tamaño de Clave del Banco (CLABE) debe ser 18 dígitos|
24|(10)Clave del Servicio Profesional de Carrera (FUNCION)|3|Tamaño de Clave del Servicio Profesional de Carrera (FUNCION) debe ser 2 dígitos|
24|(19)Programa General|02|La Programa General no es parte del catalogo de DGRH|
24|(23)Puesto|M01005|Tamaño de Puesto debe ser  a 7 Alfanumerico|
24|(24)Número de Puesto|0003|El Número Puesto no es parte del catalogo de DGRH|
24|(28)Cédula de Identidad (NSS)|000000000000000|Tamaño de campo Cédula de Identidad (NSS) debe ser  a 11 Caracters|
24|(30)Número de AHISA-Fuente de Financiamiento|1|Tamaño de campo Número de AHISA-Fuente de Financiamiento debe ser de 2 Digítos|
24|(38)Nivel de puesto - Nivel de puesto SPC||Nivel de puesto - Nivel de puesto SPC debe ser de 10 Digítos|
24|(42)Fecha de Reingreso||Fecha de Reingreso debe ser de 8 Digíto(AAAAMMDD (AAAA=año, MM=mes, DD=día))|
24|(44)Fecha de Pago|20150901|Fecha de Pago debe ser de 9 Caracteres(DDMMMAAAA (AAAA=año, MM=mes(primeras 3 letras), DD=día))|
24|(48)Periodo de Aplicación Final|20160115|No Corresponde a datos de Aplicacion Final (15/28/29/30/31)|
24|(51)Tipo de Pago| 0000000000000000000000000007.0000000000|Tipo de Pago ser de 1 digitos|
24|(54)Percepciones | 0000002852.00|Percepciones debe  ser de 10 digitos y 2 decimales|
24|(55)Deducciones | 0000000880.64|Deducciones debe  ser de 10 digitos y 2 decimales |
24|(56)Neto| 0000001971.36|Neto debe  ser de 10 digitos y 2 decimales |
24|(57)Número de Trailers-Total  de Conceptos | 0000000000000000000000000013.0000000000|Número de Trailers-Total  de Conceptos debe  ser de 2 |
24|(59)Nombre del Producto|CC012002|Nombre del Producto debe  ser de 11 caracteres/numeros|
24|(61)Número de Cheque|000359367|Número de Cheque debe  ser de 10 Digitos|
24|(63)Indicador de TESOFE -JORNADA| 0000000000000000000000000001.0000000000|Indicador de TESOFE-JORNADA debe  ser de 2 Digitos|
24|(65)Ciclo del FONAC||Ciclo del FONAC debe  ser de 4 Digitos|
24|(66)Número de Aportaciones al FONAC||Número de Aportaciones al FONAC debe  ser de 2 Digitos|
24|(67)Acumulado de FONAC| 0000000000000000000000000000.0000000000|Acumulado de FONAC debe  ser de 10 Digitos|
24|(70)Porcentaje de Pensión 01 | 0000000000.00|Porcentaje de Pensión 01   ser de 3 enteros y 2 decimales(###.##)|
24|(71)Porcentaje de Pensión 02 | 0000000000.00|Porcentaje de Pensión 02   ser de 3 enteros y 2 decimales(###.##)|
24|(72)Porcentaje de Pensión 03| 0000000000.00|Porcentaje de Pensión 03 ser de 3 enteros y 2 decimales(###.##)|
24|(73)Porcentaje de Pensión 04| 0000000000.00|Porcentaje de Pensión 04 ser de 3 enteros y 2 decimales(###.##)|
24|(74)Porcentaje de Pensión 05| 0000000000.00|Porcentaje de Pensión 04 ser de 3 enteros y 2 decimales(###.##)|
24|(75)Elección de tipo de retiro del ISSSTE| 0000000000000000000000000000.0000000000|Elección de tipo de retiro del ISSSTE 1 enteros [0,1,2]|
24|(76)Tipo de Unidad| 0000000000000000000000000002.0000000000|Tipo de Unidad 1 enteros [1,2]|
25|(8)Numero de Cuenta|000000000000|Tamaño de Numero de Cuenta debe ser 16 dígitos|
25|(9)Clave del Banco (CLABE)|00000000000000000000|Tamaño de Clave del Banco (CLABE) debe ser 18 dígitos|
25|(10)Clave del Servicio Profesional de Carrera (FUNCION)|2|Tamaño de Clave del Servicio Profesional de Carrera (FUNCION) debe ser 2 dígitos|
25|(19)Programa General|02|La Programa General no es parte del catalogo de DGRH|
25|(23)Puesto|M01006|Tamaño de Puesto debe ser  a 7 Alfanumerico|
25|(24)Número de Puesto|0130|El Número Puesto no es parte del catalogo de DGRH|
25|(28)Cédula de Identidad (NSS)|000000000000000|Tamaño de campo Cédula de Identidad (NSS) debe ser  a 11 Caracters|
25|(30)Número de AHISA-Fuente de Financiamiento|1|Tamaño de campo Número de AHISA-Fuente de Financiamiento debe ser de 2 Digítos|
25|(38)Nivel de puesto - Nivel de puesto SPC||Nivel de puesto - Nivel de puesto SPC debe ser de 10 Digítos|
25|(44)Fecha de Pago|20150101|Fecha de Pago debe ser de 9 Caracteres(DDMMMAAAA (AAAA=año, MM=mes(primeras 3 letras), DD=día))|
25|(48)Periodo de Aplicación Final|20160115|No Corresponde a datos de Aplicacion Final (15/28/29/30/31)|
25|(51)Tipo de Pago| 0000000000000000000000000007.0000000000|Tipo de Pago ser de 1 digitos|
25|(54)Percepciones | 0000000623.00|Percepciones debe  ser de 10 digitos y 2 decimales|
25|(55)Deducciones | 0000000155.01|Deducciones debe  ser de 10 digitos y 2 decimales |
25|(56)Neto| 0000000467.99|Neto debe  ser de 10 digitos y 2 decimales |
25|(57)Número de Trailers-Total  de Conceptos | 0000000000000000000000000012.0000000000|Número de Trailers-Total  de Conceptos debe  ser de 2 |
25|(59)Nombre del Producto|CC012002|Nombre del Producto debe  ser de 11 caracteres/numeros|
25|(61)Número de Cheque|000359426|Número de Cheque debe  ser de 10 Digitos|
25|(63)Indicador de TESOFE -JORNADA| 0000000000000000000000000001.0000000000|Indicador de TESOFE-JORNADA debe  ser de 2 Digitos|
25|(65)Ciclo del FONAC||Ciclo del FONAC debe  ser de 4 Digitos|
25|(66)Número de Aportaciones al FONAC||Número de Aportaciones al FONAC debe  ser de 2 Digitos|
25|(67)Acumulado de FONAC| 0000000000000000000000000000.0000000000|Acumulado de FONAC debe  ser de 10 Digitos|
25|(70)Porcentaje de Pensión 01 | 0000000000.00|Porcentaje de Pensión 01   ser de 3 enteros y 2 decimales(###.##)|
25|(71)Porcentaje de Pensión 02 | 0000000000.00|Porcentaje de Pensión 02   ser de 3 enteros y 2 decimales(###.##)|
25|(72)Porcentaje de Pensión 03| 0000000000.00|Porcentaje de Pensión 03 ser de 3 enteros y 2 decimales(###.##)|
25|(73)Porcentaje de Pensión 04| 0000000000.00|Porcentaje de Pensión 04 ser de 3 enteros y 2 decimales(###.##)|
25|(74)Porcentaje de Pensión 05| 0000000000.00|Porcentaje de Pensión 04 ser de 3 enteros y 2 decimales(###.##)|
25|(75)Elección de tipo de retiro del ISSSTE| 0000000000000000000000000000.0000000000|Elección de tipo de retiro del ISSSTE 1 enteros [0,1,2]|
25|(76)Tipo de Unidad| 0000000000000000000000000002.0000000000|Tipo de Unidad 1 enteros [1,2]|
26|(8)Numero de Cuenta|000000000000|Tamaño de Numero de Cuenta debe ser 16 dígitos|
26|(9)Clave del Banco (CLABE)|00000000000000000000|Tamaño de Clave del Banco (CLABE) debe ser 18 dígitos|
26|(10)Clave del Servicio Profesional de Carrera (FUNCION)|1|Tamaño de Clave del Servicio Profesional de Carrera (FUNCION) debe ser 2 dígitos|
26|(19)Programa General|02|La Programa General no es parte del catalogo de DGRH|
26|(23)Puesto|M01004|Tamaño de Puesto debe ser  a 7 Alfanumerico|
26|(24)Número de Puesto|0143|El Número Puesto no es parte del catalogo de DGRH|
26|(28)Cédula de Identidad (NSS)|000080967065709|Tamaño de campo Cédula de Identidad (NSS) debe ser  a 11 Caracters|
26|(30)Número de AHISA-Fuente de Financiamiento|1|Tamaño de campo Número de AHISA-Fuente de Financiamiento debe ser de 2 Digítos|
26|(38)Nivel de puesto - Nivel de puesto SPC||Nivel de puesto - Nivel de puesto SPC debe ser de 10 Digítos|
26|(42)Fecha de Reingreso||Fecha de Reingreso debe ser de 8 Digíto(AAAAMMDD (AAAA=año, MM=mes, DD=día))|
26|(44)Fecha de Pago|20150101|Fecha de Pago debe ser de 9 Caracteres(DDMMMAAAA (AAAA=año, MM=mes(primeras 3 letras), DD=día))|
26|(48)Periodo de Aplicación Final|20160115|No Corresponde a datos de Aplicacion Final (15/28/29/30/31)|
26|(51)Tipo de Pago| 0000000000000000000000000007.0000000000|Tipo de Pago ser de 1 digitos|
26|(54)Percepciones | 0000009418.00|Percepciones debe  ser de 10 digitos y 2 decimales|
26|(55)Deducciones | 0000003551.21|Deducciones debe  ser de 10 digitos y 2 decimales |
26|(56)Neto| 0000005866.79|Neto debe  ser de 10 digitos y 2 decimales |
26|(57)Número de Trailers-Total  de Conceptos | 0000000000000000000000000016.0000000000|Número de Trailers-Total  de Conceptos debe  ser de 2 |
26|(59)Nombre del Producto|CC012002|Nombre del Producto debe  ser de 11 caracteres/numeros|
26|(61)Número de Cheque|000359532|Número de Cheque debe  ser de 10 Digitos|
26|(63)Indicador de TESOFE -JORNADA| 0000000000000000000000000001.0000000000|Indicador de TESOFE-JORNADA debe  ser de 2 Digitos|
26|(65)Ciclo del FONAC||Ciclo del FONAC debe  ser de 4 Digitos|
26|(66)Número de Aportaciones al FONAC||Número de Aportaciones al FONAC debe  ser de 2 Digitos|
26|(67)Acumulado de FONAC| 0000000000000000000000000000.0000000000|Acumulado de FONAC debe  ser de 10 Digitos|
26|(70)Porcentaje de Pensión 01 | 0000000012.00|Porcentaje de Pensión 01   ser de 3 enteros y 2 decimales(###.##)|
26|(71)Porcentaje de Pensión 02 | 0000000000.00|Porcentaje de Pensión 02   ser de 3 enteros y 2 decimales(###.##)|
26|(72)Porcentaje de Pensión 03| 0000000035.00|Porcentaje de Pensión 03 ser de 3 enteros y 2 decimales(###.##)|
26|(73)Porcentaje de Pensión 04| 0000000000.00|Porcentaje de Pensión 04 ser de 3 enteros y 2 decimales(###.##)|
26|(74)Porcentaje de Pensión 05| 0000000000.00|Porcentaje de Pensión 04 ser de 3 enteros y 2 decimales(###.##)|
26|(75)Elección de tipo de retiro del ISSSTE| 0000000000000000000000000000.0000000000|Elección de tipo de retiro del ISSSTE 1 enteros [0,1,2]|
26|(76)Tipo de Unidad| 0000000000000000000000000002.0000000000|Tipo de Unidad 1 enteros [1,2]|
27|(8)Numero de Cuenta|000000000000|Tamaño de Numero de Cuenta debe ser 16 dígitos|
27|(9)Clave del Banco (CLABE)|00000000000000000000|Tamaño de Clave del Banco (CLABE) debe ser 18 dígitos|
27|(10)Clave del Servicio Profesional de Carrera (FUNCION)|6|Tamaño de Clave del Servicio Profesional de Carrera (FUNCION) debe ser 2 dígitos|
27|(19)Programa General|02|La Programa General no es parte del catalogo de DGRH|
27|(23)Puesto|M02074|Tamaño de Puesto debe ser  a 7 Alfanumerico|
27|(24)Número de Puesto|0005|El Número Puesto no es parte del catalogo de DGRH|
27|(28)Cédula de Identidad (NSS)|000000000000000|Tamaño de campo Cédula de Identidad (NSS) debe ser  a 11 Caracters|
27|(30)Número de AHISA-Fuente de Financiamiento|1|Tamaño de campo Número de AHISA-Fuente de Financiamiento debe ser de 2 Digítos|
27|(38)Nivel de puesto - Nivel de puesto SPC||Nivel de puesto - Nivel de puesto SPC debe ser de 10 Digítos|
27|(42)Fecha de Reingreso||Fecha de Reingreso debe ser de 8 Digíto(AAAAMMDD (AAAA=año, MM=mes, DD=día))|
27|(44)Fecha de Pago|20150816|Fecha de Pago debe ser de 9 Caracteres(DDMMMAAAA (AAAA=año, MM=mes(primeras 3 letras), DD=día))|
27|(48)Periodo de Aplicación Final|20160115|No Corresponde a datos de Aplicacion Final (15/28/29/30/31)|
27|(51)Tipo de Pago| 0000000000000000000000000007.0000000000|Tipo de Pago ser de 1 digitos|
27|(54)Percepciones | 0000001750.00|Percepciones debe  ser de 10 digitos y 2 decimales|
27|(55)Deducciones | 0000000363.80|Deducciones debe  ser de 10 digitos y 2 decimales |
27|(56)Neto| 0000001386.20|Neto debe  ser de 10 digitos y 2 decimales |
27|(57)Número de Trailers-Total  de Conceptos | 0000000000000000000000000013.0000000000|Número de Trailers-Total  de Conceptos debe  ser de 2 |
27|(59)Nombre del Producto|CC012002|Nombre del Producto debe  ser de 11 caracteres/numeros|
27|(61)Número de Cheque|000359605|Número de Cheque debe  ser de 10 Digitos|
27|(63)Indicador de TESOFE -JORNADA| 0000000000000000000000000001.0000000000|Indicador de TESOFE-JORNADA debe  ser de 2 Digitos|
27|(65)Ciclo del FONAC||Ciclo del FONAC debe  ser de 4 Digitos|
27|(66)Número de Aportaciones al FONAC||Número de Aportaciones al FONAC debe  ser de 2 Digitos|
27|(67)Acumulado de FONAC| 0000000000000000000000000000.0000000000|Acumulado de FONAC debe  ser de 10 Digitos|
27|(70)Porcentaje de Pensión 01 | 0000000000.00|Porcentaje de Pensión 01   ser de 3 enteros y 2 decimales(###.##)|
27|(71)Porcentaje de Pensión 02 | 0000000000.00|Porcentaje de Pensión 02   ser de 3 enteros y 2 decimales(###.##)|
27|(72)Porcentaje de Pensión 03| 0000000000.00|Porcentaje de Pensión 03 ser de 3 enteros y 2 decimales(###.##)|
27|(73)Porcentaje de Pensión 04| 0000000000.00|Porcentaje de Pensión 04 ser de 3 enteros y 2 decimales(###.##)|
27|(74)Porcentaje de Pensión 05| 0000000000.00|Porcentaje de Pensión 04 ser de 3 enteros y 2 decimales(###.##)|
27|(75)Elección de tipo de retiro del ISSSTE| 0000000000000000000000000000.0000000000|Elección de tipo de retiro del ISSSTE 1 enteros [0,1,2]|
27|(76)Tipo de Unidad| 0000000000000000000000000002.0000000000|Tipo de Unidad 1 enteros [1,2]|
28|(8)Numero de Cuenta|000000000000|Tamaño de Numero de Cuenta debe ser 16 dígitos|
28|(9)Clave del Banco (CLABE)|00000000000000000000|Tamaño de Clave del Banco (CLABE) debe ser 18 dígitos|
28|(19)Programa General|02|La Programa General no es parte del catalogo de DGRH|
28|(24)Número de Puesto|0003|El Número Puesto no es parte del catalogo de DGRH|
28|(28)Cédula de Identidad (NSS)|000080066642762|Tamaño de campo Cédula de Identidad (NSS) debe ser  a 11 Caracters|
28|(30)Número de AHISA-Fuente de Financiamiento|1|Tamaño de campo Número de AHISA-Fuente de Financiamiento debe ser de 2 Digítos|
28|(38)Nivel de puesto - Nivel de puesto SPC||Nivel de puesto - Nivel de puesto SPC debe ser de 10 Digítos|
28|(42)Fecha de Reingreso||Fecha de Reingreso debe ser de 8 Digíto(AAAAMMDD (AAAA=año, MM=mes, DD=día))|
28|(44)Fecha de Pago|20151101|Fecha de Pago debe ser de 9 Caracteres(DDMMMAAAA (AAAA=año, MM=mes(primeras 3 letras), DD=día))|
28|(48)Periodo de Aplicación Final|20160115|No Corresponde a datos de Aplicacion Final (15/28/29/30/31)|
28|(51)Tipo de Pago| 0000000000000000000000000007.0000000000|Tipo de Pago ser de 1 digitos|
28|(54)Percepciones | 0000010409.50|Percepciones debe  ser de 10 digitos y 2 decimales|
28|(55)Deducciones | 0000003985.02|Deducciones debe  ser de 10 digitos y 2 decimales |
28|(56)Neto| 0000006424.48|Neto debe  ser de 10 digitos y 2 decimales |
28|(57)Número de Trailers-Total  de Conceptos | 0000000000000000000000000015.0000000000|Número de Trailers-Total  de Conceptos debe  ser de 2 |
28|(59)Nombre del Producto|CC012104|Nombre del Producto debe  ser de 11 caracteres/numeros|
28|(61)Número de Cheque|000189894|Número de Cheque debe  ser de 10 Digitos|
28|(63)Indicador de TESOFE -JORNADA| 0000000000000000000000000001.0000000000|Indicador de TESOFE-JORNADA debe  ser de 2 Digitos|
28|(65)Ciclo del FONAC||Ciclo del FONAC debe  ser de 4 Digitos|
28|(66)Número de Aportaciones al FONAC||Número de Aportaciones al FONAC debe  ser de 2 Digitos|
28|(67)Acumulado de FONAC| 0000000000000000000000000000.0000000000|Acumulado de FONAC debe  ser de 10 Digitos|
28|(70)Porcentaje de Pensión 01 | 0000000000.00|Porcentaje de Pensión 01   ser de 3 enteros y 2 decimales(###.##)|
28|(71)Porcentaje de Pensión 02 | 0000000000.00|Porcentaje de Pensión 02   ser de 3 enteros y 2 decimales(###.##)|
28|(72)Porcentaje de Pensión 03| 0000000000.00|Porcentaje de Pensión 03 ser de 3 enteros y 2 decimales(###.##)|
28|(73)Porcentaje de Pensión 04| 0000000000.00|Porcentaje de Pensión 04 ser de 3 enteros y 2 decimales(###.##)|
28|(74)Porcentaje de Pensión 05| 0000000000.00|Porcentaje de Pensión 04 ser de 3 enteros y 2 decimales(###.##)|
28|(75)Elección de tipo de retiro del ISSSTE| 0000000000000000000000000000.0000000000|Elección de tipo de retiro del ISSSTE 1 enteros [0,1,2]|
28|(76)Tipo de Unidad| 0000000000000000000000000002.0000000000|Tipo de Unidad 1 enteros [1,2]|
29|(8)Numero de Cuenta|000000000000|Tamaño de Numero de Cuenta debe ser 16 dígitos|
29|(9)Clave del Banco (CLABE)|00000000000000000000|Tamaño de Clave del Banco (CLABE) debe ser 18 dígitos|
29|(10)Clave del Servicio Profesional de Carrera (FUNCION)|9|Tamaño de Clave del Servicio Profesional de Carrera (FUNCION) debe ser 2 dígitos|
29|(19)Programa General|02|La Programa General no es parte del catalogo de DGRH|
29|(23)Puesto|M03024|Tamaño de Puesto debe ser  a 7 Alfanumerico|
29|(24)Número de Puesto|0008|El Número Puesto no es parte del catalogo de DGRH|
29|(28)Cédula de Identidad (NSS)|000080128360940|Tamaño de campo Cédula de Identidad (NSS) debe ser  a 11 Caracters|
29|(30)Número de AHISA-Fuente de Financiamiento|1|Tamaño de campo Número de AHISA-Fuente de Financiamiento debe ser de 2 Digítos|
29|(38)Nivel de puesto - Nivel de puesto SPC||Nivel de puesto - Nivel de puesto SPC debe ser de 10 Digítos|
29|(42)Fecha de Reingreso||Fecha de Reingreso debe ser de 8 Digíto(AAAAMMDD (AAAA=año, MM=mes, DD=día))|
29|(44)Fecha de Pago|20151101|Fecha de Pago debe ser de 9 Caracteres(DDMMMAAAA (AAAA=año, MM=mes(primeras 3 letras), DD=día))|
29|(48)Periodo de Aplicación Final|20160115|No Corresponde a datos de Aplicacion Final (15/28/29/30/31)|
29|(51)Tipo de Pago| 0000000000000000000000000007.0000000000|Tipo de Pago ser de 1 digitos|
29|(54)Percepciones | 0000005754.58|Percepciones debe  ser de 10 digitos y 2 decimales|
29|(55)Deducciones | 0000002063.82|Deducciones debe  ser de 10 digitos y 2 decimales |
29|(56)Neto| 0000003690.76|Neto debe  ser de 10 digitos y 2 decimales |
29|(57)Número de Trailers-Total  de Conceptos | 0000000000000000000000000017.0000000000|Número de Trailers-Total  de Conceptos debe  ser de 2 |
29|(59)Nombre del Producto|CC012104|Nombre del Producto debe  ser de 11 caracteres/numeros|
29|(61)Número de Cheque|000189563|Número de Cheque debe  ser de 10 Digitos|
29|(63)Indicador de TESOFE -JORNADA| 0000000000000000000000000001.0000000000|Indicador de TESOFE-JORNADA debe  ser de 2 Digitos|
29|(65)Ciclo del FONAC||Ciclo del FONAC debe  ser de 4 Digitos|
29|(66)Número de Aportaciones al FONAC||Número de Aportaciones al FONAC debe  ser de 2 Digitos|
29|(67)Acumulado de FONAC| 0000000000000000000000000000.0000000000|Acumulado de FONAC debe  ser de 10 Digitos|
29|(70)Porcentaje de Pensión 01 | 0000000000.00|Porcentaje de Pensión 01   ser de 3 enteros y 2 decimales(###.##)|
29|(71)Porcentaje de Pensión 02 | 0000000000.00|Porcentaje de Pensión 02   ser de 3 enteros y 2 decimales(###.##)|
29|(72)Porcentaje de Pensión 03| 0000000000.00|Porcentaje de Pensión 03 ser de 3 enteros y 2 decimales(###.##)|
29|(73)Porcentaje de Pensión 04| 0000000000.00|Porcentaje de Pensión 04 ser de 3 enteros y 2 decimales(###.##)|
29|(74)Porcentaje de Pensión 05| 0000000000.00|Porcentaje de Pensión 04 ser de 3 enteros y 2 decimales(###.##)|
29|(75)Elección de tipo de retiro del ISSSTE| 0000000000000000000000000000.0000000000|Elección de tipo de retiro del ISSSTE 1 enteros [0,1,2]|
29|(76)Tipo de Unidad| 0000000000000000000000000002.0000000000|Tipo de Unidad 1 enteros [1,2]|
30|(8)Numero de Cuenta|000000000000|Tamaño de Numero de Cuenta debe ser 16 dígitos|
30|(9)Clave del Banco (CLABE)|00000000000000000000|Tamaño de Clave del Banco (CLABE) debe ser 18 dígitos|
30|(10)Clave del Servicio Profesional de Carrera (FUNCION)|8|Tamaño de Clave del Servicio Profesional de Carrera (FUNCION) debe ser 2 dígitos|
30|(19)Programa General|02|La Programa General no es parte del catalogo de DGRH|
30|(24)Número de Puesto|0010|El Número Puesto no es parte del catalogo de DGRH|
30|(28)Cédula de Identidad (NSS)|000000000000000|Tamaño de campo Cédula de Identidad (NSS) debe ser  a 11 Caracters|
30|(30)Número de AHISA-Fuente de Financiamiento|1|Tamaño de campo Número de AHISA-Fuente de Financiamiento debe ser de 2 Digítos|
30|(38)Nivel de puesto - Nivel de puesto SPC||Nivel de puesto - Nivel de puesto SPC debe ser de 10 Digítos|
30|(42)Fecha de Reingreso||Fecha de Reingreso debe ser de 8 Digíto(AAAAMMDD (AAAA=año, MM=mes, DD=día))|
30|(44)Fecha de Pago|20151101|Fecha de Pago debe ser de 9 Caracteres(DDMMMAAAA (AAAA=año, MM=mes(primeras 3 letras), DD=día))|
30|(48)Periodo de Aplicación Final|20160115|No Corresponde a datos de Aplicacion Final (15/28/29/30/31)|
30|(51)Tipo de Pago| 0000000000000000000000000007.0000000000|Tipo de Pago ser de 1 digitos|
30|(54)Percepciones | 0000006551.00|Percepciones debe  ser de 10 digitos y 2 decimales|
30|(55)Deducciones | 0000001370.21|Deducciones debe  ser de 10 digitos y 2 decimales |
30|(56)Neto| 0000005180.79|Neto debe  ser de 10 digitos y 2 decimales |
30|(57)Número de Trailers-Total  de Conceptos | 0000000000000000000000000013.0000000000|Número de Trailers-Total  de Conceptos debe  ser de 2 |
30|(59)Nombre del Producto|CC012104|Nombre del Producto debe  ser de 11 caracteres/numeros|
30|(61)Número de Cheque|000189896|Número de Cheque debe  ser de 10 Digitos|
30|(63)Indicador de TESOFE -JORNADA| 0000000000000000000000000001.0000000000|Indicador de TESOFE-JORNADA debe  ser de 2 Digitos|
30|(65)Ciclo del FONAC||Ciclo del FONAC debe  ser de 4 Digitos|
30|(66)Número de Aportaciones al FONAC||Número de Aportaciones al FONAC debe  ser de 2 Digitos|
30|(67)Acumulado de FONAC| 0000000000000000000000000000.0000000000|Acumulado de FONAC debe  ser de 10 Digitos|
30|(70)Porcentaje de Pensión 01 | 0000000000.00|Porcentaje de Pensión 01   ser de 3 enteros y 2 decimales(###.##)|
30|(71)Porcentaje de Pensión 02 | 0000000000.00|Porcentaje de Pensión 02   ser de 3 enteros y 2 decimales(###.##)|
30|(72)Porcentaje de Pensión 03| 0000000000.00|Porcentaje de Pensión 03 ser de 3 enteros y 2 decimales(###.##)|
30|(73)Porcentaje de Pensión 04| 0000000000.00|Porcentaje de Pensión 04 ser de 3 enteros y 2 decimales(###.##)|
30|(74)Porcentaje de Pensión 05| 0000000000.00|Porcentaje de Pensión 04 ser de 3 enteros y 2 decimales(###.##)|
30|(75)Elección de tipo de retiro del ISSSTE| 0000000000000000000000000000.0000000000|Elección de tipo de retiro del ISSSTE 1 enteros [0,1,2]|
30|(76)Tipo de Unidad| 0000000000000000000000000002.0000000000|Tipo de Unidad 1 enteros [1,2]|
