1|(1)Numero Empleado|0020001908|Identificador de estado Invalido (03)|
1|(19)Programa General|00|La Programa General no es parte del catalogo de DGRH|
1|(23)Puesto|M020360|El Puesto no es parte del catalogo de DGRH|
1|(24)Número de Puesto|0103|El Número Puesto no es parte del catalogo de DGRH|
1|(27)Centro de Responsabilidad|0021470400|El Centro de Responsabilidad no corresponde al Estado|
1|(42)Fecha de Reingreso|00000000|Fecha de Reingreso no corresponde al formato establecido por DGRH(AAAAMMDD (AAAA=año, MM=mes, DD=día))|
1|(48)Periodo de Aplicación Final|20160128|No Corresponde a datos de Aplicacion Final (15/28/29/30/31)|
1|(53)Instrumento de Pago Nuevo|00|El valor de Instrumento de Pago Nuevo no coincide con la directiva de calidad de la DGRH|
1|(54)Percepciones | 0000005818.00|Percepciones debe  ser de 10 digitos y 2 decimales|
1|(55)Deducciones | 0000002909.00|Deducciones debe  ser de 10 digitos y 2 decimales |
1|(56)Neto| 0000002909.00|Neto debe  ser de 10 digitos y 2 decimales |
1|(59)Nombre del Producto|PRDE0101|Nombre del Producto debe  ser de 11 caracteres/numeros|
1|(69)Licencia sin Goce de Sueldo / CLUES|BCSSA000440|Licencia sin Goce de Sueldo / CLUES No coincide el catalogo definido por la DGRH|
1|(75)Elección de tipo de retiro del ISSSTE|0000000000|Elección de tipo de retiro del ISSSTE 1 enteros [0,1,2]|
2|(1)Numero Empleado|0020010140|Identificador de estado Invalido (03)|
2|(19)Programa General|00|La Programa General no es parte del catalogo de DGRH|
2|(23)Puesto|M020360|El Puesto no es parte del catalogo de DGRH|
2|(24)Número de Puesto|0276|El Número Puesto no es parte del catalogo de DGRH|
2|(27)Centro de Responsabilidad|0021470600|El Centro de Responsabilidad no corresponde al Estado|
2|(28)Cédula de Identidad (NSS)|00000000000|La Cédula de Identidad (NSS) no corresponde (80)|
2|(42)Fecha de Reingreso|00000000|Fecha de Reingreso no corresponde al formato establecido por DGRH(AAAAMMDD (AAAA=año, MM=mes, DD=día))|
2|(48)Periodo de Aplicación Final|20160128|No Corresponde a datos de Aplicacion Final (15/28/29/30/31)|
2|(53)Instrumento de Pago Nuevo|00|El valor de Instrumento de Pago Nuevo no coincide con la directiva de calidad de la DGRH|
2|(54)Percepciones | 0000001706.66|Percepciones debe  ser de 10 digitos y 2 decimales|
2|(55)Deducciones | 0000000252.16|Deducciones debe  ser de 10 digitos y 2 decimales |
2|(56)Neto| 0000001454.50|Neto debe  ser de 10 digitos y 2 decimales |
2|(59)Nombre del Producto|PRDE0101|Nombre del Producto debe  ser de 11 caracteres/numeros|
2|(69)Licencia sin Goce de Sueldo / CLUES|BCSSA000015|Licencia sin Goce de Sueldo / CLUES No coincide el catalogo definido por la DGRH|
2|(75)Elección de tipo de retiro del ISSSTE|0000000000|Elección de tipo de retiro del ISSSTE 1 enteros [0,1,2]|
3|(1)Numero Empleado|0020009725|Identificador de estado Invalido (03)|
3|(19)Programa General|00|La Programa General no es parte del catalogo de DGRH|
3|(23)Puesto|M021050|El Puesto no es parte del catalogo de DGRH|
3|(24)Número de Puesto|0059|El Número Puesto no es parte del catalogo de DGRH|
3|(27)Centro de Responsabilidad|0021470600|El Centro de Responsabilidad no corresponde al Estado|
3|(28)Cédula de Identidad (NSS)|00000000000|La Cédula de Identidad (NSS) no corresponde (80)|
3|(42)Fecha de Reingreso|00000000|Fecha de Reingreso no corresponde al formato establecido por DGRH(AAAAMMDD (AAAA=año, MM=mes, DD=día))|
3|(48)Periodo de Aplicación Final|20160128|No Corresponde a datos de Aplicacion Final (15/28/29/30/31)|
3|(53)Instrumento de Pago Nuevo|00|El valor de Instrumento de Pago Nuevo no coincide con la directiva de calidad de la DGRH|
3|(54)Percepciones | 0000002742.48|Percepciones debe  ser de 10 digitos y 2 decimales|
3|(55)Deducciones | 0000000521.31|Deducciones debe  ser de 10 digitos y 2 decimales |
3|(56)Neto| 0000002221.17|Neto debe  ser de 10 digitos y 2 decimales |
3|(69)Licencia sin Goce de Sueldo / CLUES|BCSSA000015|Licencia sin Goce de Sueldo / CLUES No coincide el catalogo definido por la DGRH|
3|(75)Elección de tipo de retiro del ISSSTE|0000000000|Elección de tipo de retiro del ISSSTE 1 enteros [0,1,2]|
4|(1)Numero Empleado|0020000436|Identificador de estado Invalido (03)|
4|(19)Programa General|00|La Programa General no es parte del catalogo de DGRH|
4|(23)Puesto|M020590|El Puesto no es parte del catalogo de DGRH|
4|(24)Número de Puesto|0004|El Número Puesto no es parte del catalogo de DGRH|
4|(27)Centro de Responsabilidad|0021470001|El Centro de Responsabilidad no corresponde al Estado|
4|(42)Fecha de Reingreso|00000000|Fecha de Reingreso no corresponde al formato establecido por DGRH(AAAAMMDD (AAAA=año, MM=mes, DD=día))|
4|(48)Periodo de Aplicación Final|20160128|No Corresponde a datos de Aplicacion Final (15/28/29/30/31)|
4|(53)Instrumento de Pago Nuevo|00|El valor de Instrumento de Pago Nuevo no coincide con la directiva de calidad de la DGRH|
4|(54)Percepciones | 0000004396.98|Percepciones debe  ser de 10 digitos y 2 decimales|
4|(55)Deducciones | 0000000466.31|Deducciones debe  ser de 10 digitos y 2 decimales |
4|(56)Neto| 0000003930.67|Neto debe  ser de 10 digitos y 2 decimales |
4|(63)Indicador de TESOFE -JORNADA| 01|Indicador de TESOFE-JORNADA debe  ser de 2 Digitos|
4|(69)Licencia sin Goce de Sueldo / CLUES|BCSSA000440|Licencia sin Goce de Sueldo / CLUES No coincide el catalogo definido por la DGRH|
4|(75)Elección de tipo de retiro del ISSSTE|0000000000|Elección de tipo de retiro del ISSSTE 1 enteros [0,1,2]|
5|(1)Numero Empleado|0020006439|Identificador de estado Invalido (03)|
5|(19)Programa General|00|La Programa General no es parte del catalogo de DGRH|
5|(23)Puesto|M030240|El Puesto no es parte del catalogo de DGRH|
5|(24)Número de Puesto|0008|El Número Puesto no es parte del catalogo de DGRH|
5|(26)Municipio|004|El Municipio no es parte del catalogo de DGRH|
5|(27)Centro de Responsabilidad|0021470200|El Centro de Responsabilidad no corresponde al Estado|
5|(42)Fecha de Reingreso|00000000|Fecha de Reingreso no corresponde al formato establecido por DGRH(AAAAMMDD (AAAA=año, MM=mes, DD=día))|
5|(48)Periodo de Aplicación Final|20160128|No Corresponde a datos de Aplicacion Final (15/28/29/30/31)|
5|(53)Instrumento de Pago Nuevo|00|El valor de Instrumento de Pago Nuevo no coincide con la directiva de calidad de la DGRH|
5|(54)Percepciones | 0000003826.18|Percepciones debe  ser de 10 digitos y 2 decimales|
5|(55)Deducciones | 0000000616.14|Deducciones debe  ser de 10 digitos y 2 decimales |
5|(56)Neto| 0000003210.04|Neto debe  ser de 10 digitos y 2 decimales |
5|(57)Número de Trailers-Total  de Conceptos | 06|Número de Trailers-Total  de Conceptos debe  ser de 2 |
5|(69)Licencia sin Goce de Sueldo / CLUES|BCSSA018075|Licencia sin Goce de Sueldo / CLUES No coincide el catalogo definido por la DGRH|
5|(75)Elección de tipo de retiro del ISSSTE|0000000000|Elección de tipo de retiro del ISSSTE 1 enteros [0,1,2]|
6|(1)Numero Empleado|0020007632|Identificador de estado Invalido (03)|
6|(19)Programa General|00|La Programa General no es parte del catalogo de DGRH|
6|(23)Puesto|CF410130|Tamaño de Puesto debe ser  a 7 Alfanumerico|
6|(24)Número de Puesto|0006|El Número Puesto no es parte del catalogo de DGRH|
6|(26)Municipio|004|El Municipio no es parte del catalogo de DGRH|
6|(27)Centro de Responsabilidad|0021470500|El Centro de Responsabilidad no corresponde al Estado|
6|(48)Periodo de Aplicación Final|20160128|No Corresponde a datos de Aplicacion Final (15/28/29/30/31)|
6|(53)Instrumento de Pago Nuevo|00|El valor de Instrumento de Pago Nuevo no coincide con la directiva de calidad de la DGRH|
6|(54)Percepciones | 0000004624.80|Percepciones debe  ser de 10 digitos y 2 decimales|
6|(55)Deducciones | 0000000572.30|Deducciones debe  ser de 10 digitos y 2 decimales |
6|(56)Neto| 0000004052.50|Neto debe  ser de 10 digitos y 2 decimales |
6|(69)Licencia sin Goce de Sueldo / CLUES|BCSSA000913|Licencia sin Goce de Sueldo / CLUES No coincide el catalogo definido por la DGRH|
6|(75)Elección de tipo de retiro del ISSSTE|0000000000|Elección de tipo de retiro del ISSSTE 1 enteros [0,1,2]|
7|(1)Numero Empleado|0020002317|Identificador de estado Invalido (03)|
7|(19)Programa General|00|La Programa General no es parte del catalogo de DGRH|
7|(23)Puesto|M021050|El Puesto no es parte del catalogo de DGRH|
7|(24)Número de Puesto|0137|El Número Puesto no es parte del catalogo de DGRH|
7|(26)Municipio|004|El Municipio no es parte del catalogo de DGRH|
7|(27)Centro de Responsabilidad|0021470500|El Centro de Responsabilidad no corresponde al Estado|
7|(42)Fecha de Reingreso||Fecha de Reingreso debe ser de 8 Digíto(AAAAMMDD (AAAA=año, MM=mes, DD=día))|
7|(48)Periodo de Aplicación Final|20160128|No Corresponde a datos de Aplicacion Final (15/28/29/30/31)|
7|(51)Tipo de Pago| 0000000000000000000000000006.0000000000|Tipo de Pago ser de 1 digitos|
7|(53)Instrumento de Pago Nuevo|00|El valor de Instrumento de Pago Nuevo no coincide con la directiva de calidad de la DGRH|
7|(54)Percepciones | 0000002825.86|Percepciones debe  ser de 10 digitos y 2 decimales|
7|(55)Deducciones | 0000000349.65|Deducciones debe  ser de 10 digitos y 2 decimales |
7|(56)Neto| 0000002476.21|Neto debe  ser de 10 digitos y 2 decimales |
7|(69)Licencia sin Goce de Sueldo / CLUES|BCSSA000913|Licencia sin Goce de Sueldo / CLUES No coincide el catalogo definido por la DGRH|
7|(75)Elección de tipo de retiro del ISSSTE|0000000000|Elección de tipo de retiro del ISSSTE 1 enteros [0,1,2]|
8|(1)Numero Empleado|0020002377|Identificador de estado Invalido (03)|
8|(19)Programa General|00|La Programa General no es parte del catalogo de DGRH|
8|(23)Puesto|M020820|El Puesto no es parte del catalogo de DGRH|
8|(24)Número de Puesto|0044|El Número Puesto no es parte del catalogo de DGRH|
8|(26)Municipio|004|El Municipio no es parte del catalogo de DGRH|
8|(27)Centro de Responsabilidad|0021470500|El Centro de Responsabilidad no corresponde al Estado|
8|(42)Fecha de Reingreso||Fecha de Reingreso debe ser de 8 Digíto(AAAAMMDD (AAAA=año, MM=mes, DD=día))|
8|(48)Periodo de Aplicación Final|20160128|No Corresponde a datos de Aplicacion Final (15/28/29/30/31)|
8|(51)Tipo de Pago| 0000000000000000000000000006.0000000000|Tipo de Pago ser de 1 digitos|
8|(53)Instrumento de Pago Nuevo|00|El valor de Instrumento de Pago Nuevo no coincide con la directiva de calidad de la DGRH|
8|(54)Percepciones | 0000000498.25|Percepciones debe  ser de 10 digitos y 2 decimales|
8|(55)Deducciones | 0000000242.67|Deducciones debe  ser de 10 digitos y 2 decimales |
8|(56)Neto| 0000000255.58|Neto debe  ser de 10 digitos y 2 decimales |
8|(69)Licencia sin Goce de Sueldo / CLUES|BCSSA000913|Licencia sin Goce de Sueldo / CLUES No coincide el catalogo definido por la DGRH|
8|(75)Elección de tipo de retiro del ISSSTE|0000000000|Elección de tipo de retiro del ISSSTE 1 enteros [0,1,2]|
9|(1)Numero Empleado|0020008574|Identificador de estado Invalido (03)|
9|(19)Programa General|00|La Programa General no es parte del catalogo de DGRH|
9|(23)Puesto|M020360|El Puesto no es parte del catalogo de DGRH|
9|(24)Número de Puesto|0282|El Número Puesto no es parte del catalogo de DGRH|
9|(26)Municipio|004|El Municipio no es parte del catalogo de DGRH|
9|(27)Centro de Responsabilidad|0021470500|El Centro de Responsabilidad no corresponde al Estado|
9|(28)Cédula de Identidad (NSS)|00000000000|La Cédula de Identidad (NSS) no corresponde (80)|
9|(48)Periodo de Aplicación Final|20160128|No Corresponde a datos de Aplicacion Final (15/28/29/30/31)|
9|(53)Instrumento de Pago Nuevo|00|El valor de Instrumento de Pago Nuevo no coincide con la directiva de calidad de la DGRH|
9|(54)Percepciones | 0000000733.23|Percepciones debe  ser de 10 digitos y 2 decimales|
9|(55)Deducciones | 0000000495.01|Deducciones debe  ser de 10 digitos y 2 decimales |
9|(56)Neto| 0000000238.22|Neto debe  ser de 10 digitos y 2 decimales |
9|(63)Indicador de TESOFE -JORNADA| 03|Indicador de TESOFE-JORNADA debe  ser de 2 Digitos|
9|(69)Licencia sin Goce de Sueldo / CLUES|BCSSA000913|Licencia sin Goce de Sueldo / CLUES No coincide el catalogo definido por la DGRH|
9|(75)Elección de tipo de retiro del ISSSTE|0000000000|Elección de tipo de retiro del ISSSTE 1 enteros [0,1,2]|
10|(1)Numero Empleado|0020002181|Identificador de estado Invalido (03)|
10|(19)Programa General|00|La Programa General no es parte del catalogo de DGRH|
10|(23)Puesto|M010060|El Puesto no es parte del catalogo de DGRH|
10|(24)Número de Puesto|0137|El Número Puesto no es parte del catalogo de DGRH|
10|(27)Centro de Responsabilidad|0021470600|El Centro de Responsabilidad no corresponde al Estado|
10|(48)Periodo de Aplicación Final|20160128|No Corresponde a datos de Aplicacion Final (15/28/29/30/31)|
10|(53)Instrumento de Pago Nuevo|00|El valor de Instrumento de Pago Nuevo no coincide con la directiva de calidad de la DGRH|
10|(54)Percepciones | 0000002799.32|Percepciones debe  ser de 10 digitos y 2 decimales|
10|(55)Deducciones | 0000000534.67|Deducciones debe  ser de 10 digitos y 2 decimales |
10|(56)Neto| 0000002264.65|Neto debe  ser de 10 digitos y 2 decimales |
10|(61)Número de Cheque|000384651|Número de Cheque debe  ser de 10 Digitos|
10|(69)Licencia sin Goce de Sueldo / CLUES|BCSSA017504|Licencia sin Goce de Sueldo / CLUES No coincide el catalogo definido por la DGRH|
10|(75)Elección de tipo de retiro del ISSSTE|0000000000|Elección de tipo de retiro del ISSSTE 1 enteros [0,1,2]|
11|(1)Numero Empleado|0020009727|Identificador de estado Invalido (03)|
11|(19)Programa General|00|La Programa General no es parte del catalogo de DGRH|
11|(23)Puesto|M021050|El Puesto no es parte del catalogo de DGRH|
11|(24)Número de Puesto|0049|El Número Puesto no es parte del catalogo de DGRH|
11|(27)Centro de Responsabilidad|0021470600|El Centro de Responsabilidad no corresponde al Estado|
11|(28)Cédula de Identidad (NSS)|00000000000|La Cédula de Identidad (NSS) no corresponde (80)|
11|(48)Periodo de Aplicación Final|20160128|No Corresponde a datos de Aplicacion Final (15/28/29/30/31)|
11|(53)Instrumento de Pago Nuevo|00|El valor de Instrumento de Pago Nuevo no coincide con la directiva de calidad de la DGRH|
11|(54)Percepciones | 0000002742.47|Percepciones debe  ser de 10 digitos y 2 decimales|
11|(55)Deducciones | 0000000521.31|Deducciones debe  ser de 10 digitos y 2 decimales |
11|(56)Neto| 0000002221.16|Neto debe  ser de 10 digitos y 2 decimales |
11|(69)Licencia sin Goce de Sueldo / CLUES|BCSSA000015|Licencia sin Goce de Sueldo / CLUES No coincide el catalogo definido por la DGRH|
11|(75)Elección de tipo de retiro del ISSSTE|0000000000|Elección de tipo de retiro del ISSSTE 1 enteros [0,1,2]|
12|(1)Numero Empleado|0020003564|Identificador de estado Invalido (03)|
12|(19)Programa General|00|La Programa General no es parte del catalogo de DGRH|
12|(23)Puesto|M020350|El Puesto no es parte del catalogo de DGRH|
12|(24)Número de Puesto|0217|El Número Puesto no es parte del catalogo de DGRH|
12|(26)Municipio|004|El Municipio no es parte del catalogo de DGRH|
12|(27)Centro de Responsabilidad|0021470500|El Centro de Responsabilidad no corresponde al Estado|
12|(42)Fecha de Reingreso||Fecha de Reingreso debe ser de 8 Digíto(AAAAMMDD (AAAA=año, MM=mes, DD=día))|
12|(48)Periodo de Aplicación Final|20160128|No Corresponde a datos de Aplicacion Final (15/28/29/30/31)|
12|(53)Instrumento de Pago Nuevo|00|El valor de Instrumento de Pago Nuevo no coincide con la directiva de calidad de la DGRH|
12|(54)Percepciones | 0000006081.40|Percepciones debe  ser de 10 digitos y 2 decimales|
12|(55)Deducciones | 0000000544.60|Deducciones debe  ser de 10 digitos y 2 decimales |
12|(56)Neto|0000005536.80|Neto debe  ser de 10 digitos y 2 decimales |
12|(67)Acumulado de FONAC| 0000000000|Acumulado de FONAC debe  ser de 10 Digitos|
12|(69)Licencia sin Goce de Sueldo / CLUES|BCSSA000913|Licencia sin Goce de Sueldo / CLUES No coincide el catalogo definido por la DGRH|
12|(75)Elección de tipo de retiro del ISSSTE|0000000000|Elección de tipo de retiro del ISSSTE 1 enteros [0,1,2]|
13|(1)Numero Empleado|0020004246|Identificador de estado Invalido (03)|
13|(19)Programa General|00|La Programa General no es parte del catalogo de DGRH|
13|(23)Puesto|CF410580|Tamaño de Puesto debe ser  a 7 Alfanumerico|
13|(24)Número de Puesto|0004|El Número Puesto no es parte del catalogo de DGRH|
13|(26)Municipio|004|El Municipio no es parte del catalogo de DGRH|
13|(27)Centro de Responsabilidad|0021470210|El Centro de Responsabilidad no corresponde al Estado|
13|(42)Fecha de Reingreso||Fecha de Reingreso debe ser de 8 Digíto(AAAAMMDD (AAAA=año, MM=mes, DD=día))|
13|(48)Periodo de Aplicación Final|20160128|No Corresponde a datos de Aplicacion Final (15/28/29/30/31)|
13|(53)Instrumento de Pago Nuevo|00|El valor de Instrumento de Pago Nuevo no coincide con la directiva de calidad de la DGRH|
13|(54)Percepciones | 0000004191.00|Percepciones debe  ser de 10 digitos y 2 decimales|
13|(55)Deducciones | 0000000177.38|Deducciones debe  ser de 10 digitos y 2 decimales |
13|(56)Neto| 0000004013.62|Neto debe  ser de 10 digitos y 2 decimales |
13|(57)Número de Trailers-Total  de Conceptos | 0000000000000000000000000010.0000000000|Número de Trailers-Total  de Conceptos debe  ser de 2 |
13|(59)Nombre del Producto|PRDE0101|Nombre del Producto debe  ser de 11 caracteres/numeros|
13|(69)Licencia sin Goce de Sueldo / CLUES|BCSSA018290|Licencia sin Goce de Sueldo / CLUES No coincide el catalogo definido por la DGRH|
13|(75)Elección de tipo de retiro del ISSSTE|0000000000|Elección de tipo de retiro del ISSSTE 1 enteros [0,1,2]|
14|(1)Numero Empleado|0020001493|Identificador de estado Invalido (03)|
14|(19)Programa General|00|La Programa General no es parte del catalogo de DGRH|
14|(23)Puesto|CF410240|Tamaño de Puesto debe ser  a 7 Alfanumerico|
14|(24)Número de Puesto|0006|El Número Puesto no es parte del catalogo de DGRH|
14|(27)Centro de Responsabilidad|0021470300|El Centro de Responsabilidad no corresponde al Estado|
14|(42)Fecha de Reingreso||Fecha de Reingreso debe ser de 8 Digíto(AAAAMMDD (AAAA=año, MM=mes, DD=día))|
14|(48)Periodo de Aplicación Final|20160128|No Corresponde a datos de Aplicacion Final (15/28/29/30/31)|
14|(53)Instrumento de Pago Nuevo|00|El valor de Instrumento de Pago Nuevo no coincide con la directiva de calidad de la DGRH|
14|(54)Percepciones | 0000021869.40|Percepciones debe  ser de 10 digitos y 2 decimales|
14|(55)Deducciones | 0000006560.82|Deducciones debe  ser de 10 digitos y 2 decimales |
14|(56)Neto| 0000015308.58|Neto debe  ser de 10 digitos y 2 decimales |
14|(69)Licencia sin Goce de Sueldo / CLUES|BCSSA017504|Licencia sin Goce de Sueldo / CLUES No coincide el catalogo definido por la DGRH|
14|(75)Elección de tipo de retiro del ISSSTE|0000000000|Elección de tipo de retiro del ISSSTE 1 enteros [0,1,2]|
15|(1)Numero Empleado|0020001875|Identificador de estado Invalido (03)|
15|(19)Programa General|00|La Programa General no es parte del catalogo de DGRH|
15|(23)Puesto|CF410760|Tamaño de Puesto debe ser  a 7 Alfanumerico|
15|(24)Número de Puesto|0002|El Número Puesto no es parte del catalogo de DGRH|
15|(27)Centro de Responsabilidad|0021470329|El Centro de Responsabilidad no corresponde al Estado|
15|(42)Fecha de Reingreso||Fecha de Reingreso debe ser de 8 Digíto(AAAAMMDD (AAAA=año, MM=mes, DD=día))|
15|(48)Periodo de Aplicación Final|20160128|No Corresponde a datos de Aplicacion Final (15/28/29/30/31)|
15|(53)Instrumento de Pago Nuevo|00|El valor de Instrumento de Pago Nuevo no coincide con la directiva de calidad de la DGRH|
15|(54)Percepciones | 0000015532.16|Percepciones debe  ser de 10 digitos y 2 decimales|
15|(55)Deducciones | 0000003653.17|Deducciones debe  ser de 10 digitos y 2 decimales |
15|(56)Neto| 0000011878.99|Neto debe  ser de 10 digitos y 2 decimales |
15|(57)Número de Trailers-Total  de Conceptos | 0000000000000000000000000004.0000000000|Número de Trailers-Total  de Conceptos debe  ser de 2 |
15|(59)Nombre del Producto|PRDE0101|Nombre del Producto debe  ser de 11 caracteres/numeros|
15|(69)Licencia sin Goce de Sueldo / CLUES|BCSSA017602|Licencia sin Goce de Sueldo / CLUES No coincide el catalogo definido por la DGRH|
15|(75)Elección de tipo de retiro del ISSSTE|0000000000|Elección de tipo de retiro del ISSSTE 1 enteros [0,1,2]|
16|(1)Numero Empleado|0020000806|Identificador de estado Invalido (03)|
16|(19)Programa General|00|La Programa General no es parte del catalogo de DGRH|
16|(23)Puesto|M021050|El Puesto no es parte del catalogo de DGRH|
16|(24)Número de Puesto|0081|El Número Puesto no es parte del catalogo de DGRH|
16|(27)Centro de Responsabilidad|0021470450|El Centro de Responsabilidad no corresponde al Estado|
16|(42)Fecha de Reingreso||Fecha de Reingreso debe ser de 8 Digíto(AAAAMMDD (AAAA=año, MM=mes, DD=día))|
16|(48)Periodo de Aplicación Final|20160128|No Corresponde a datos de Aplicacion Final (15/28/29/30/31)|
16|(53)Instrumento de Pago Nuevo|00|El valor de Instrumento de Pago Nuevo no coincide con la directiva de calidad de la DGRH|
16|(54)Percepciones | 0000001200.00|Percepciones debe  ser de 10 digitos y 2 decimales|
16|(55)Deducciones | 0000000141.12|Deducciones debe  ser de 10 digitos y 2 decimales |
16|(56)Neto| 0000001058.88|Neto debe  ser de 10 digitos y 2 decimales |
16|(69)Licencia sin Goce de Sueldo / CLUES|BCSSA018046|Licencia sin Goce de Sueldo / CLUES No coincide el catalogo definido por la DGRH|
16|(75)Elección de tipo de retiro del ISSSTE|0000000000|Elección de tipo de retiro del ISSSTE 1 enteros [0,1,2]|
17|(1)Numero Empleado|0020005453|Identificador de estado Invalido (03)|
17|(19)Programa General|00|La Programa General no es parte del catalogo de DGRH|
17|(23)Puesto|M030240|El Puesto no es parte del catalogo de DGRH|
17|(24)Número de Puesto|0112|El Número Puesto no es parte del catalogo de DGRH|
17|(26)Municipio|004|El Municipio no es parte del catalogo de DGRH|
17|(27)Centro de Responsabilidad|0021470500|El Centro de Responsabilidad no corresponde al Estado|
17|(42)Fecha de Reingreso||Fecha de Reingreso debe ser de 8 Digíto(AAAAMMDD (AAAA=año, MM=mes, DD=día))|
17|(48)Periodo de Aplicación Final|20160128|No Corresponde a datos de Aplicacion Final (15/28/29/30/31)|
17|(53)Instrumento de Pago Nuevo|00|El valor de Instrumento de Pago Nuevo no coincide con la directiva de calidad de la DGRH|
17|(54)Percepciones | 0000001100.00|Percepciones debe  ser de 10 digitos y 2 decimales|
17|(55)Deducciones | 0000000405.35|Deducciones debe  ser de 10 digitos y 2 decimales |
17|(56)Neto| 0000000694.65|Neto debe  ser de 10 digitos y 2 decimales |
17|(67)Acumulado de FONAC|0000000000 0000000000000000000000000000.0000000000|Acumulado de FONAC debe  ser de 10 Digitos|
17|(69)Licencia sin Goce de Sueldo / CLUES| 0000000030.00|Licencia sin Goce de Sueldo / CLUES  ser de 11 caracteres|
17|(70)Porcentaje de Pensión 01 | 0000000000.00|Porcentaje de Pensión 01   ser de 3 enteros y 2 decimales(###.##)|
17|(71)Porcentaje de Pensión 02 | 0000000000.00|Porcentaje de Pensión 02   ser de 3 enteros y 2 decimales(###.##)|
17|(72)Porcentaje de Pensión 03| 0000000000.00|Porcentaje de Pensión 03 ser de 3 enteros y 2 decimales(###.##)|
17|(73)Porcentaje de Pensión 04| 0000000000.00|Porcentaje de Pensión 04 ser de 3 enteros y 2 decimales(###.##)|
17|(74)Porcentaje de Pensión 05| 0000000000000000000000000002.0000000000|Porcentaje de Pensión 04 ser de 3 enteros y 2 decimales(###.##)|
17|(75)Elección de tipo de retiro del ISSSTE| 0000000000000000000000000002.0000000000|Elección de tipo de retiro del ISSSTE 1 enteros [0,1,2]|
17|(76)Tipo de Unidad|HOSPITAL GENERAL DE TIJUANA|Tipo de Unidad 1 enteros [1,2]|
18|(1)Numero Empleado|0020005475|Identificador de estado Invalido (03)|
18|(19)Programa General|00|La Programa General no es parte del catalogo de DGRH|
18|(23)Puesto|M020030|El Puesto no es parte del catalogo de DGRH|
18|(24)Número de Puesto|0014|El Número Puesto no es parte del catalogo de DGRH|
18|(26)Municipio|004|El Municipio no es parte del catalogo de DGRH|
18|(27)Centro de Responsabilidad|0021470500|El Centro de Responsabilidad no corresponde al Estado|
18|(42)Fecha de Reingreso||Fecha de Reingreso debe ser de 8 Digíto(AAAAMMDD (AAAA=año, MM=mes, DD=día))|
18|(48)Periodo de Aplicación Final|20160128|No Corresponde a datos de Aplicacion Final (15/28/29/30/31)|
18|(53)Instrumento de Pago Nuevo|00|El valor de Instrumento de Pago Nuevo no coincide con la directiva de calidad de la DGRH|
18|(54)Percepciones | 0000000900.00|Percepciones debe  ser de 10 digitos y 2 decimales|
18|(55)Deducciones | 0000000096.12|Deducciones debe  ser de 10 digitos y 2 decimales |
18|(56)Neto| 0000000803.88|Neto debe  ser de 10 digitos y 2 decimales |
18|(69)Licencia sin Goce de Sueldo / CLUES|BCSSA000913|Licencia sin Goce de Sueldo / CLUES No coincide el catalogo definido por la DGRH|
18|(75)Elección de tipo de retiro del ISSSTE|0000000000|Elección de tipo de retiro del ISSSTE 1 enteros [0,1,2]|
19|(1)Numero Empleado|0020006951|Identificador de estado Invalido (03)|
19|(19)Programa General|00|La Programa General no es parte del catalogo de DGRH|
19|(23)Puesto|M020950|El Puesto no es parte del catalogo de DGRH|
19|(24)Número de Puesto|0009|El Número Puesto no es parte del catalogo de DGRH|
19|(27)Centro de Responsabilidad|0021471000|El Centro de Responsabilidad no corresponde al Estado|
19|(42)Fecha de Reingreso||Fecha de Reingreso debe ser de 8 Digíto(AAAAMMDD (AAAA=año, MM=mes, DD=día))|
19|(48)Periodo de Aplicación Final|20160128|No Corresponde a datos de Aplicacion Final (15/28/29/30/31)|
19|(53)Instrumento de Pago Nuevo|00|El valor de Instrumento de Pago Nuevo no coincide con la directiva de calidad de la DGRH|
19|(54)Percepciones | 0000002166.27|Percepciones debe  ser de 10 digitos y 2 decimales|
19|(55)Deducciones | 0000000462.71|Deducciones debe  ser de 10 digitos y 2 decimales |
19|(56)Neto| 0000001703.56|Neto debe  ser de 10 digitos y 2 decimales |
19|(69)Licencia sin Goce de Sueldo / CLUES|BCSSA017701|Licencia sin Goce de Sueldo / CLUES No coincide el catalogo definido por la DGRH|
19|(75)Elección de tipo de retiro del ISSSTE|0000000000|Elección de tipo de retiro del ISSSTE 1 enteros [0,1,2]|
20|(1)Numero Empleado|0020006235|Identificador de estado Invalido (03)|
20|(19)Programa General|00|La Programa General no es parte del catalogo de DGRH|
20|(23)Puesto|M030250|El Puesto no es parte del catalogo de DGRH|
20|(24)Número de Puesto|0002|El Número Puesto no es parte del catalogo de DGRH|
20|(27)Centro de Responsabilidad|0021470400|El Centro de Responsabilidad no corresponde al Estado|
20|(42)Fecha de Reingreso||Fecha de Reingreso debe ser de 8 Digíto(AAAAMMDD (AAAA=año, MM=mes, DD=día))|
20|(48)Periodo de Aplicación Final|20160128|No Corresponde a datos de Aplicacion Final (15/28/29/30/31)|
20|(53)Instrumento de Pago Nuevo|00|El valor de Instrumento de Pago Nuevo no coincide con la directiva de calidad de la DGRH|
20|(54)Percepciones | 0000005106.50|Percepciones debe  ser de 10 digitos y 2 decimales|
20|(55)Deducciones | 0000001090.74|Deducciones debe  ser de 10 digitos y 2 decimales |
20|(56)Neto| 0000004015.76|Neto debe  ser de 10 digitos y 2 decimales |
20|(69)Licencia sin Goce de Sueldo / CLUES|BCSSA000440|Licencia sin Goce de Sueldo / CLUES No coincide el catalogo definido por la DGRH|
20|(75)Elección de tipo de retiro del ISSSTE|0000000000|Elección de tipo de retiro del ISSSTE 1 enteros [0,1,2]|
21|(1)Numero Empleado|0020002727|Identificador de estado Invalido (03)|
21|(19)Programa General|00|La Programa General no es parte del catalogo de DGRH|
21|(23)Puesto|M020590|El Puesto no es parte del catalogo de DGRH|
21|(24)Número de Puesto|0003|El Número Puesto no es parte del catalogo de DGRH|
21|(27)Centro de Responsabilidad|0214704000|El Centro de Responsabilidad no corresponde al Estado|
21|(42)Fecha de Reingreso||Fecha de Reingreso debe ser de 8 Digíto(AAAAMMDD (AAAA=año, MM=mes, DD=día))|
21|(48)Periodo de Aplicación Final|20160128|No Corresponde a datos de Aplicacion Final (15/28/29/30/31)|
21|(53)Instrumento de Pago Nuevo|00|El valor de Instrumento de Pago Nuevo no coincide con la directiva de calidad de la DGRH|
21|(54)Percepciones | 0000009969.84|Percepciones debe  ser de 10 digitos y 2 decimales|
21|(55)Deducciones | 0000002138.32|Deducciones debe  ser de 10 digitos y 2 decimales |
21|(56)Neto| 0000007831.52|Neto debe  ser de 10 digitos y 2 decimales |
21|(61)Número de Cheque|000382282|Número de Cheque debe  ser de 10 Digitos|
21|(69)Licencia sin Goce de Sueldo / CLUES|BCSSA000440|Licencia sin Goce de Sueldo / CLUES No coincide el catalogo definido por la DGRH|
21|(75)Elección de tipo de retiro del ISSSTE|0000000000|Elección de tipo de retiro del ISSSTE 1 enteros [0,1,2]|
22|(1)Numero Empleado|0020002178|Identificador de estado Invalido (03)|
22|(19)Programa General|00|La Programa General no es parte del catalogo de DGRH|
22|(23)Puesto|M021050|El Puesto no es parte del catalogo de DGRH|
22|(24)Número de Puesto|0210|El Número Puesto no es parte del catalogo de DGRH|
22|(27)Centro de Responsabilidad|0021470450|El Centro de Responsabilidad no corresponde al Estado|
22|(42)Fecha de Reingreso||Fecha de Reingreso debe ser de 8 Digíto(AAAAMMDD (AAAA=año, MM=mes, DD=día))|
22|(48)Periodo de Aplicación Final|20160128|No Corresponde a datos de Aplicacion Final (15/28/29/30/31)|
22|(53)Instrumento de Pago Nuevo|00|El valor de Instrumento de Pago Nuevo no coincide con la directiva de calidad de la DGRH|
22|(54)Percepciones | 0000013771.23|Percepciones debe  ser de 10 digitos y 2 decimales|
22|(55)Deducciones | 0000003819.22|Deducciones debe  ser de 10 digitos y 2 decimales |
22|(56)Neto| 0000009952.01|Neto debe  ser de 10 digitos y 2 decimales |
22|(67)Acumulado de FONAC| 0000000000000000000000000000.0000000000|Acumulado de FONAC debe  ser de 10 Digitos|
22|(69)Licencia sin Goce de Sueldo / CLUES|BCSSA018046|Licencia sin Goce de Sueldo / CLUES No coincide el catalogo definido por la DGRH|
22|(75)Elección de tipo de retiro del ISSSTE|0000000000|Elección de tipo de retiro del ISSSTE 1 enteros [0,1,2]|
