1|(1)Numero Empleado|0400000066|Identificador de estado Invalido (01)|
1|(9)Clave del Banco (CLABE)|00012050014437298189|Tamaño de Clave del Banco (CLABE) debe ser 18 dígitos|
1|(10)Clave del Servicio Profesional de Carrera (FUNCION)|9|Tamaño de Clave del Servicio Profesional de Carrera (FUNCION) debe ser 2 dígitos|
1|(23)Puesto|M03021|Tamaño de Puesto debe ser  a 7 Alfanumerico|
1|(24)Número de Puesto|0032|El Número Puesto no es parte del catalogo de DGRH|
1|(27)Centro de Responsabilidad|0414720430|El Centro de Responsabilidad no corresponde al Estado|
1|(28)Cédula de Identidad (NSS)|000080066635493|Tamaño de campo Cédula de Identidad (NSS) debe ser  a 11 Caracters|
1|(30)Número de AHISA-Fuente de Financiamiento|1|Tamaño de campo Número de AHISA-Fuente de Financiamiento debe ser de 2 Digítos|
1|(38)Nivel de puesto - Nivel de puesto SPC||Nivel de puesto - Nivel de puesto SPC debe ser de 10 Digítos|
1|(42)Fecha de Reingreso||Fecha de Reingreso debe ser de 8 Digíto(AAAAMMDD (AAAA=año, MM=mes, DD=día))|
1|(48)Periodo de Aplicación Final|20160115|No Corresponde a datos de Aplicacion Final (15/28/29/30/31)|
1|(50)Año de Proceso Real|2016|No se aceptan años posteriores a año de periodo de pago inicial y perido de pago final |
1|(51)Tipo de Pago| 0000000000000000000000000006.0000000000|Tipo de Pago ser de 1 digitos|
1|(53)Instrumento de Pago Nuevo|00|El valor de Instrumento de Pago Nuevo no coincide con la directiva de calidad de la DGRH|
1|(54)Percepciones | 0000000117.80|Percepciones debe  ser de 10 digitos y 2 decimales|
1|(55)Deducciones | 0000000000.00|Deducciones debe  ser de 10 digitos y 2 decimales |
1|(56)Neto| 0000000117.80|Neto debe  ser de 10 digitos y 2 decimales |
1|(57)Número de Trailers-Total  de Conceptos | 0000000000000000000000000001.0000000000|Número de Trailers-Total  de Conceptos debe  ser de 2 |
1|(59)Nombre del Producto|PRDE014|Nombre del Producto debe  ser de 11 caracteres/numeros|
1|(61)Número de Cheque|100000356|Número de Cheque debe  ser de 10 Digitos|
1|(63)Indicador de TESOFE -JORNADA| 0000000000000000000000000002.0000000000|Indicador de TESOFE-JORNADA debe  ser de 2 Digitos|
1|(65)Ciclo del FONAC|27|Ciclo del FONAC debe  ser de 4 Digitos|
1|(67)Acumulado de FONAC| 0000000000000000000000005086.0000000000|Acumulado de FONAC debe  ser de 10 Digitos|
1|(69)Licencia sin Goce de Sueldo / CLUES|CCSSA017345|Licencia sin Goce de Sueldo / CLUES No coincide el catalogo definido por la DGRH|
1|(70)Porcentaje de Pensión 01 | 0000000000.00|Porcentaje de Pensión 01   ser de 3 enteros y 2 decimales(###.##)|
1|(71)Porcentaje de Pensión 02 | 0000000000.00|Porcentaje de Pensión 02   ser de 3 enteros y 2 decimales(###.##)|
1|(72)Porcentaje de Pensión 03| 0000000000.00|Porcentaje de Pensión 03 ser de 3 enteros y 2 decimales(###.##)|
1|(73)Porcentaje de Pensión 04| 0000000000.00|Porcentaje de Pensión 04 ser de 3 enteros y 2 decimales(###.##)|
1|(74)Porcentaje de Pensión 05| 0000000000.00|Porcentaje de Pensión 04 ser de 3 enteros y 2 decimales(###.##)|
1|(75)Elección de tipo de retiro del ISSSTE| 0000000000000000000000000000.0000000000|Elección de tipo de retiro del ISSSTE 1 enteros [0,1,2]|
1|(76)Tipo de Unidad| 0000000000000000000000000001.0000000000|Tipo de Unidad 1 enteros [1,2]|
