1|(9)Clave del Banco (CLABE)|00000000000000000000|Tamaño de Clave del Banco (CLABE) debe ser 18 dígitos|
1|(10)Clave del Servicio Profesional de Carrera (FUNCION)|7|Tamaño de Clave del Servicio Profesional de Carrera (FUNCION) debe ser 2 dígitos|
1|(19)Programa General|05|La Programa General no es parte del catalogo de DGRH|
1|(23)Puesto|M02058|Tamaño de Puesto debe ser  a 7 Alfanumerico|
1|(24)Número de Puesto|0003|El Número Puesto no es parte del catalogo de DGRH|
1|(28)Cédula de Identidad (NSS)|000080865434106|Tamaño de campo Cédula de Identidad (NSS) debe ser  a 11 Caracters|
1|(30)Número de AHISA-Fuente de Financiamiento|1|Tamaño de campo Número de AHISA-Fuente de Financiamiento debe ser de 2 Digítos|
1|(38)Nivel de puesto - Nivel de puesto SPC||Nivel de puesto - Nivel de puesto SPC debe ser de 10 Digítos|
1|(42)Fecha de Reingreso||Fecha de Reingreso debe ser de 8 Digíto(AAAAMMDD (AAAA=año, MM=mes, DD=día))|
1|(48)Periodo de Aplicación Final|20160115|No Corresponde a datos de Aplicacion Final (15/28/29/30/31)|
1|(51)Tipo de Pago| 0000000000000000000000000006.0000000000|Tipo de Pago ser de 1 digitos|
1|(54)Percepciones | 0000001557.40|Percepciones debe  ser de 10 digitos y 2 decimales|
1|(55)Deducciones | 0000000332.66|Deducciones debe  ser de 10 digitos y 2 decimales |
1|(56)Neto| 0000001224.74|Neto debe  ser de 10 digitos y 2 decimales |
1|(57)Número de Trailers-Total  de Conceptos | 0000000000000000000000000002.0000000000|Número de Trailers-Total  de Conceptos debe  ser de 2 |
1|(59)Nombre del Producto|PRDE011|Nombre del Producto debe  ser de 11 caracteres/numeros|
1|(61)Número de Cheque|100030120|Número de Cheque debe  ser de 10 Digitos|
1|(63)Indicador de TESOFE -JORNADA| 0000000000000000000000000001.0000000000|Indicador de TESOFE-JORNADA debe  ser de 2 Digitos|
1|(65)Ciclo del FONAC|F27|Ciclo del FONAC debe  ser de 4 Digitos|
1|(67)Acumulado de FONAC| 0000000000000000000000004980.0000000000|Acumulado de FONAC debe  ser de 10 Digitos|
1|(70)Porcentaje de Pensión 01 | 0000000000.00|Porcentaje de Pensión 01   ser de 3 enteros y 2 decimales(###.##)|
1|(71)Porcentaje de Pensión 02 | 0000000000.00|Porcentaje de Pensión 02   ser de 3 enteros y 2 decimales(###.##)|
1|(72)Porcentaje de Pensión 03| 0000000000.00|Porcentaje de Pensión 03 ser de 3 enteros y 2 decimales(###.##)|
1|(73)Porcentaje de Pensión 04| 0000000000.00|Porcentaje de Pensión 04 ser de 3 enteros y 2 decimales(###.##)|
1|(74)Porcentaje de Pensión 05| 0000000000.00|Porcentaje de Pensión 04 ser de 3 enteros y 2 decimales(###.##)|
1|(75)Elección de tipo de retiro del ISSSTE| 0000000000000000000000000000.0000000000|Elección de tipo de retiro del ISSSTE 1 enteros [0,1,2]|
1|(76)Tipo de Unidad| 0000000000000000000000000002.0000000000|Tipo de Unidad 1 enteros [1,2]|
2|(9)Clave del Banco (CLABE)|00000000000000000000|Tamaño de Clave del Banco (CLABE) debe ser 18 dígitos|
2|(10)Clave del Servicio Profesional de Carrera (FUNCION)|9|Tamaño de Clave del Servicio Profesional de Carrera (FUNCION) debe ser 2 dígitos|
2|(19)Programa General|05|La Programa General no es parte del catalogo de DGRH|
2|(23)Puesto|M03022|Tamaño de Puesto debe ser  a 7 Alfanumerico|
2|(24)Número de Puesto|0037|El Número Puesto no es parte del catalogo de DGRH|
2|(28)Cédula de Identidad (NSS)|000000000000000|Tamaño de campo Cédula de Identidad (NSS) debe ser  a 11 Caracters|
2|(30)Número de AHISA-Fuente de Financiamiento|1|Tamaño de campo Número de AHISA-Fuente de Financiamiento debe ser de 2 Digítos|
2|(38)Nivel de puesto - Nivel de puesto SPC||Nivel de puesto - Nivel de puesto SPC debe ser de 10 Digítos|
2|(42)Fecha de Reingreso||Fecha de Reingreso debe ser de 8 Digíto(AAAAMMDD (AAAA=año, MM=mes, DD=día))|
2|(48)Periodo de Aplicación Final|20160115|No Corresponde a datos de Aplicacion Final (15/28/29/30/31)|
2|(51)Tipo de Pago| 0000000000000000000000000006.0000000000|Tipo de Pago ser de 1 digitos|
2|(54)Percepciones | 0000001190.83|Percepciones debe  ser de 10 digitos y 2 decimales|
2|(55)Deducciones | 0000000254.36|Deducciones debe  ser de 10 digitos y 2 decimales |
2|(56)Neto| 0000000936.47|Neto debe  ser de 10 digitos y 2 decimales |
2|(57)Número de Trailers-Total  de Conceptos | 0000000000000000000000000002.0000000000|Número de Trailers-Total  de Conceptos debe  ser de 2 |
2|(59)Nombre del Producto|PRDE011|Nombre del Producto debe  ser de 11 caracteres/numeros|
2|(61)Número de Cheque|100030121|Número de Cheque debe  ser de 10 Digitos|
2|(63)Indicador de TESOFE -JORNADA| 0000000000000000000000000001.0000000000|Indicador de TESOFE-JORNADA debe  ser de 2 Digitos|
2|(65)Ciclo del FONAC|F27|Ciclo del FONAC debe  ser de 4 Digitos|
2|(67)Acumulado de FONAC| 0000000000000000000000004980.0000000000|Acumulado de FONAC debe  ser de 10 Digitos|
2|(70)Porcentaje de Pensión 01 | 0000000000.00|Porcentaje de Pensión 01   ser de 3 enteros y 2 decimales(###.##)|
2|(71)Porcentaje de Pensión 02 | 0000000000.00|Porcentaje de Pensión 02   ser de 3 enteros y 2 decimales(###.##)|
2|(72)Porcentaje de Pensión 03| 0000000000.00|Porcentaje de Pensión 03 ser de 3 enteros y 2 decimales(###.##)|
2|(73)Porcentaje de Pensión 04| 0000000000.00|Porcentaje de Pensión 04 ser de 3 enteros y 2 decimales(###.##)|
2|(74)Porcentaje de Pensión 05| 0000000000.00|Porcentaje de Pensión 04 ser de 3 enteros y 2 decimales(###.##)|
2|(75)Elección de tipo de retiro del ISSSTE| 0000000000000000000000000000.0000000000|Elección de tipo de retiro del ISSSTE 1 enteros [0,1,2]|
2|(76)Tipo de Unidad| 0000000000000000000000000001.0000000000|Tipo de Unidad 1 enteros [1,2]|
3|(9)Clave del Banco (CLABE)|00000000000000000000|Tamaño de Clave del Banco (CLABE) debe ser 18 dígitos|
3|(10)Clave del Servicio Profesional de Carrera (FUNCION)|9|Tamaño de Clave del Servicio Profesional de Carrera (FUNCION) debe ser 2 dígitos|
3|(19)Programa General|05|La Programa General no es parte del catalogo de DGRH|
3|(23)Puesto|M03020|Tamaño de Puesto debe ser  a 7 Alfanumerico|
3|(24)Número de Puesto|0062|El Número Puesto no es parte del catalogo de DGRH|
3|(28)Cédula de Identidad (NSS)|000000000000000|Tamaño de campo Cédula de Identidad (NSS) debe ser  a 11 Caracters|
3|(30)Número de AHISA-Fuente de Financiamiento|1|Tamaño de campo Número de AHISA-Fuente de Financiamiento debe ser de 2 Digítos|
3|(38)Nivel de puesto - Nivel de puesto SPC||Nivel de puesto - Nivel de puesto SPC debe ser de 10 Digítos|
3|(42)Fecha de Reingreso||Fecha de Reingreso debe ser de 8 Digíto(AAAAMMDD (AAAA=año, MM=mes, DD=día))|
3|(48)Periodo de Aplicación Final|20160115|No Corresponde a datos de Aplicacion Final (15/28/29/30/31)|
3|(51)Tipo de Pago| 0000000000000000000000000006.0000000000|Tipo de Pago ser de 1 digitos|
3|(54)Percepciones | 0000002398.33|Percepciones debe  ser de 10 digitos y 2 decimales|
3|(55)Deducciones | 0000000512.29|Deducciones debe  ser de 10 digitos y 2 decimales |
3|(56)Neto| 0000001886.04|Neto debe  ser de 10 digitos y 2 decimales |
3|(57)Número de Trailers-Total  de Conceptos | 0000000000000000000000000002.0000000000|Número de Trailers-Total  de Conceptos debe  ser de 2 |
3|(59)Nombre del Producto|PRDE011|Nombre del Producto debe  ser de 11 caracteres/numeros|
3|(61)Número de Cheque|100030122|Número de Cheque debe  ser de 10 Digitos|
3|(63)Indicador de TESOFE -JORNADA| 0000000000000000000000000001.0000000000|Indicador de TESOFE-JORNADA debe  ser de 2 Digitos|
3|(65)Ciclo del FONAC|F27|Ciclo del FONAC debe  ser de 4 Digitos|
3|(67)Acumulado de FONAC| 0000000000000000000000004980.0000000000|Acumulado de FONAC debe  ser de 10 Digitos|
3|(70)Porcentaje de Pensión 01 | 0000000000.00|Porcentaje de Pensión 01   ser de 3 enteros y 2 decimales(###.##)|
3|(71)Porcentaje de Pensión 02 | 0000000000.00|Porcentaje de Pensión 02   ser de 3 enteros y 2 decimales(###.##)|
3|(72)Porcentaje de Pensión 03| 0000000000.00|Porcentaje de Pensión 03 ser de 3 enteros y 2 decimales(###.##)|
3|(73)Porcentaje de Pensión 04| 0000000000.00|Porcentaje de Pensión 04 ser de 3 enteros y 2 decimales(###.##)|
3|(74)Porcentaje de Pensión 05| 0000000000.00|Porcentaje de Pensión 04 ser de 3 enteros y 2 decimales(###.##)|
3|(75)Elección de tipo de retiro del ISSSTE| 0000000000000000000000000000.0000000000|Elección de tipo de retiro del ISSSTE 1 enteros [0,1,2]|
3|(76)Tipo de Unidad| 0000000000000000000000000001.0000000000|Tipo de Unidad 1 enteros [1,2]|
4|(9)Clave del Banco (CLABE)|00000000000000000000|Tamaño de Clave del Banco (CLABE) debe ser 18 dígitos|
4|(10)Clave del Servicio Profesional de Carrera (FUNCION)|9|Tamaño de Clave del Servicio Profesional de Carrera (FUNCION) debe ser 2 dígitos|
4|(19)Programa General|05|La Programa General no es parte del catalogo de DGRH|
4|(23)Puesto|M03020|Tamaño de Puesto debe ser  a 7 Alfanumerico|
4|(24)Número de Puesto|0062|El Número Puesto no es parte del catalogo de DGRH|
4|(28)Cédula de Identidad (NSS)|000000000000000|Tamaño de campo Cédula de Identidad (NSS) debe ser  a 11 Caracters|
4|(30)Número de AHISA-Fuente de Financiamiento|1|Tamaño de campo Número de AHISA-Fuente de Financiamiento debe ser de 2 Digítos|
4|(38)Nivel de puesto - Nivel de puesto SPC||Nivel de puesto - Nivel de puesto SPC debe ser de 10 Digítos|
4|(42)Fecha de Reingreso||Fecha de Reingreso debe ser de 8 Digíto(AAAAMMDD (AAAA=año, MM=mes, DD=día))|
4|(48)Periodo de Aplicación Final|20160115|No Corresponde a datos de Aplicacion Final (15/28/29/30/31)|
4|(51)Tipo de Pago| 0000000000000000000000000006.0000000000|Tipo de Pago ser de 1 digitos|
4|(54)Percepciones | 0000003837.33|Percepciones debe  ser de 10 digitos y 2 decimales|
4|(55)Deducciones | 0000000819.66|Deducciones debe  ser de 10 digitos y 2 decimales |
4|(56)Neto| 0000003017.67|Neto debe  ser de 10 digitos y 2 decimales |
4|(57)Número de Trailers-Total  de Conceptos | 0000000000000000000000000002.0000000000|Número de Trailers-Total  de Conceptos debe  ser de 2 |
4|(59)Nombre del Producto|PRDE011|Nombre del Producto debe  ser de 11 caracteres/numeros|
4|(61)Número de Cheque|100030123|Número de Cheque debe  ser de 10 Digitos|
4|(63)Indicador de TESOFE -JORNADA| 0000000000000000000000000001.0000000000|Indicador de TESOFE-JORNADA debe  ser de 2 Digitos|
4|(65)Ciclo del FONAC|F27|Ciclo del FONAC debe  ser de 4 Digitos|
4|(67)Acumulado de FONAC| 0000000000000000000000004980.0000000000|Acumulado de FONAC debe  ser de 10 Digitos|
4|(70)Porcentaje de Pensión 01 | 0000000000.00|Porcentaje de Pensión 01   ser de 3 enteros y 2 decimales(###.##)|
4|(71)Porcentaje de Pensión 02 | 0000000000.00|Porcentaje de Pensión 02   ser de 3 enteros y 2 decimales(###.##)|
4|(72)Porcentaje de Pensión 03| 0000000000.00|Porcentaje de Pensión 03 ser de 3 enteros y 2 decimales(###.##)|
4|(73)Porcentaje de Pensión 04| 0000000000.00|Porcentaje de Pensión 04 ser de 3 enteros y 2 decimales(###.##)|
4|(74)Porcentaje de Pensión 05| 0000000000.00|Porcentaje de Pensión 04 ser de 3 enteros y 2 decimales(###.##)|
4|(75)Elección de tipo de retiro del ISSSTE| 0000000000000000000000000000.0000000000|Elección de tipo de retiro del ISSSTE 1 enteros [0,1,2]|
4|(76)Tipo de Unidad| 0000000000000000000000000001.0000000000|Tipo de Unidad 1 enteros [1,2]|
5|(4)Nombre del Empleado|HERRADA,ORDO&EZ/MIGUEL ALBERTO|EL campo no cumple con estructura definida PATERNO,MATERNO/NOMBRE(S)|
5|(9)Clave del Banco (CLABE)|00000000000000000000|Tamaño de Clave del Banco (CLABE) debe ser 18 dígitos|
5|(10)Clave del Servicio Profesional de Carrera (FUNCION)|9|Tamaño de Clave del Servicio Profesional de Carrera (FUNCION) debe ser 2 dígitos|
5|(19)Programa General|05|La Programa General no es parte del catalogo de DGRH|
5|(23)Puesto|M03020|Tamaño de Puesto debe ser  a 7 Alfanumerico|
5|(24)Número de Puesto|0109|El Número Puesto no es parte del catalogo de DGRH|
5|(28)Cédula de Identidad (NSS)|000000000000000|Tamaño de campo Cédula de Identidad (NSS) debe ser  a 11 Caracters|
5|(30)Número de AHISA-Fuente de Financiamiento|1|Tamaño de campo Número de AHISA-Fuente de Financiamiento debe ser de 2 Digítos|
5|(38)Nivel de puesto - Nivel de puesto SPC||Nivel de puesto - Nivel de puesto SPC debe ser de 10 Digítos|
5|(42)Fecha de Reingreso||Fecha de Reingreso debe ser de 8 Digíto(AAAAMMDD (AAAA=año, MM=mes, DD=día))|
5|(48)Periodo de Aplicación Final|20160115|No Corresponde a datos de Aplicacion Final (15/28/29/30/31)|
5|(51)Tipo de Pago| 0000000000000000000000000006.0000000000|Tipo de Pago ser de 1 digitos|
5|(54)Percepciones | 0000002513.33|Percepciones debe  ser de 10 digitos y 2 decimales|
5|(55)Deducciones | 0000000536.85|Deducciones debe  ser de 10 digitos y 2 decimales |
5|(56)Neto| 0000001976.48|Neto debe  ser de 10 digitos y 2 decimales |
5|(57)Número de Trailers-Total  de Conceptos | 0000000000000000000000000002.0000000000|Número de Trailers-Total  de Conceptos debe  ser de 2 |
5|(59)Nombre del Producto|PRDE011|Nombre del Producto debe  ser de 11 caracteres/numeros|
5|(61)Número de Cheque|100030124|Número de Cheque debe  ser de 10 Digitos|
5|(63)Indicador de TESOFE -JORNADA| 0000000000000000000000000001.0000000000|Indicador de TESOFE-JORNADA debe  ser de 2 Digitos|
5|(65)Ciclo del FONAC|F27|Ciclo del FONAC debe  ser de 4 Digitos|
5|(67)Acumulado de FONAC| 0000000000000000000000004980.0000000000|Acumulado de FONAC debe  ser de 10 Digitos|
5|(70)Porcentaje de Pensión 01 | 0000000000.00|Porcentaje de Pensión 01   ser de 3 enteros y 2 decimales(###.##)|
5|(71)Porcentaje de Pensión 02 | 0000000000.00|Porcentaje de Pensión 02   ser de 3 enteros y 2 decimales(###.##)|
5|(72)Porcentaje de Pensión 03| 0000000000.00|Porcentaje de Pensión 03 ser de 3 enteros y 2 decimales(###.##)|
5|(73)Porcentaje de Pensión 04| 0000000000.00|Porcentaje de Pensión 04 ser de 3 enteros y 2 decimales(###.##)|
5|(74)Porcentaje de Pensión 05| 0000000000.00|Porcentaje de Pensión 04 ser de 3 enteros y 2 decimales(###.##)|
5|(75)Elección de tipo de retiro del ISSSTE| 0000000000000000000000000000.0000000000|Elección de tipo de retiro del ISSSTE 1 enteros [0,1,2]|
5|(76)Tipo de Unidad| 0000000000000000000000000001.0000000000|Tipo de Unidad 1 enteros [1,2]|
