1|(8)Numero de Cuenta|000000000000|Tamaño de Numero de Cuenta debe ser 16 dígitos|
1|(9)Clave del Banco (CLABE)|00000000000000000000|Tamaño de Clave del Banco (CLABE) debe ser 18 dígitos|
1|(10)Clave del Servicio Profesional de Carrera (FUNCION)|7|Tamaño de Clave del Servicio Profesional de Carrera (FUNCION) debe ser 2 dígitos|
1|(19)Programa General|02|La Programa General no es parte del catalogo de DGRH|
1|(23)Puesto|M03004|Tamaño de Puesto debe ser  a 7 Alfanumerico|
1|(24)Número de Puesto|0013|El Número Puesto no es parte del catalogo de DGRH|
1|(28)Cédula de Identidad (NSS)|000080905072817|Tamaño de campo Cédula de Identidad (NSS) debe ser  a 11 Caracters|
1|(30)Número de AHISA-Fuente de Financiamiento|1|Tamaño de campo Número de AHISA-Fuente de Financiamiento debe ser de 2 Digítos|
1|(35)Horario Asignado|0|Horario Asignado no corresponde al catalogo establecidas por DGRH(1-8)|
1|(38)Nivel de puesto - Nivel de puesto SPC||Nivel de puesto - Nivel de puesto SPC debe ser de 10 Digítos|
1|(42)Fecha de Reingreso||Fecha de Reingreso debe ser de 8 Digíto(AAAAMMDD (AAAA=año, MM=mes, DD=día))|
1|(44)Fecha de Pago|20151116|Fecha de Pago debe ser de 9 Caracteres(DDMMMAAAA (AAAA=año, MM=mes(primeras 3 letras), DD=día))|
1|(48)Periodo de Aplicación Final|20160131|No Corresponde a datos de Aplicacion Final (15/28/29/30/31)|
1|(51)Tipo de Pago| 0000000000000000000000000007.0000000000|Tipo de Pago ser de 1 digitos|
1|(53)Instrumento de Pago Nuevo|00|El valor de Instrumento de Pago Nuevo no coincide con la directiva de calidad de la DGRH|
1|(54)Percepciones | 0000001205.07|Percepciones debe  ser de 10 digitos y 2 decimales|
1|(55)Deducciones | 0000000000.00|Deducciones debe  ser de 10 digitos y 2 decimales |
1|(56)Neto| 0000001205.07|Neto debe  ser de 10 digitos y 2 decimales |
1|(57)Número de Trailers-Total  de Conceptos | 0000000000000000000000000001.0000000000|Número de Trailers-Total  de Conceptos debe  ser de 2 |
1|(59)Nombre del Producto|CC0222PF|Nombre del Producto debe  ser de 11 caracteres/numeros|
1|(61)Número de Cheque|000368649|Número de Cheque debe  ser de 10 Digitos|
1|(63)Indicador de TESOFE -JORNADA| 0000000000000000000000000001.0000000000|Indicador de TESOFE-JORNADA debe  ser de 2 Digitos|
1|(65)Ciclo del FONAC||Ciclo del FONAC debe  ser de 4 Digitos|
1|(66)Número de Aportaciones al FONAC||Número de Aportaciones al FONAC debe  ser de 2 Digitos|
1|(67)Acumulado de FONAC| 0000000000000000000000000000.0000000000|Acumulado de FONAC debe  ser de 10 Digitos|
1|(70)Porcentaje de Pensión 01 | 0000000020.00|Porcentaje de Pensión 01   ser de 3 enteros y 2 decimales(###.##)|
1|(71)Porcentaje de Pensión 02 | 0000000000.00|Porcentaje de Pensión 02   ser de 3 enteros y 2 decimales(###.##)|
1|(72)Porcentaje de Pensión 03| 0000000000.00|Porcentaje de Pensión 03 ser de 3 enteros y 2 decimales(###.##)|
1|(73)Porcentaje de Pensión 04| 0000000000.00|Porcentaje de Pensión 04 ser de 3 enteros y 2 decimales(###.##)|
1|(74)Porcentaje de Pensión 05| 0000000000.00|Porcentaje de Pensión 04 ser de 3 enteros y 2 decimales(###.##)|
1|(75)Elección de tipo de retiro del ISSSTE| 0000000000000000000000000000.0000000000|Elección de tipo de retiro del ISSSTE 1 enteros [0,1,2]|
1|(76)Tipo de Unidad| 0000000000000000000000000002.0000000000|Tipo de Unidad 1 enteros [1,2]|
2|(4)Nombre del Empleado|RGUEZ.,VALDEZ/IGNACIA|EL campo no cumple con estructura definida PATERNO,MATERNO/NOMBRE(S)|
2|(8)Numero de Cuenta|000000000000|Tamaño de Numero de Cuenta debe ser 16 dígitos|
2|(9)Clave del Banco (CLABE)|00000000000000000000|Tamaño de Clave del Banco (CLABE) debe ser 18 dígitos|
2|(19)Programa General|02|La Programa General no es parte del catalogo de DGRH|
2|(24)Número de Puesto|0008|El Número Puesto no es parte del catalogo de DGRH|
2|(28)Cédula de Identidad (NSS)|000080906091675|Tamaño de campo Cédula de Identidad (NSS) debe ser  a 11 Caracters|
2|(30)Número de AHISA-Fuente de Financiamiento|1|Tamaño de campo Número de AHISA-Fuente de Financiamiento debe ser de 2 Digítos|
2|(35)Horario Asignado|0|Horario Asignado no corresponde al catalogo establecidas por DGRH(1-8)|
2|(38)Nivel de puesto - Nivel de puesto SPC||Nivel de puesto - Nivel de puesto SPC debe ser de 10 Digítos|
2|(42)Fecha de Reingreso||Fecha de Reingreso debe ser de 8 Digíto(AAAAMMDD (AAAA=año, MM=mes, DD=día))|
2|(44)Fecha de Pago|20151116|Fecha de Pago debe ser de 9 Caracteres(DDMMMAAAA (AAAA=año, MM=mes(primeras 3 letras), DD=día))|
2|(48)Periodo de Aplicación Final|20160131|No Corresponde a datos de Aplicacion Final (15/28/29/30/31)|
2|(51)Tipo de Pago| 0000000000000000000000000007.0000000000|Tipo de Pago ser de 1 digitos|
2|(53)Instrumento de Pago Nuevo|00|El valor de Instrumento de Pago Nuevo no coincide con la directiva de calidad de la DGRH|
2|(54)Percepciones | 0000000006.00|Percepciones debe  ser de 10 digitos y 2 decimales|
2|(55)Deducciones | 0000000000.00|Deducciones debe  ser de 10 digitos y 2 decimales |
2|(56)Neto| 0000000006.00|Neto debe  ser de 10 digitos y 2 decimales |
2|(57)Número de Trailers-Total  de Conceptos | 0000000000000000000000000001.0000000000|Número de Trailers-Total  de Conceptos debe  ser de 2 |
2|(59)Nombre del Producto|CC0222PF|Nombre del Producto debe  ser de 11 caracteres/numeros|
2|(61)Número de Cheque|000363939|Número de Cheque debe  ser de 10 Digitos|
2|(63)Indicador de TESOFE -JORNADA| 0000000000000000000000000001.0000000000|Indicador de TESOFE-JORNADA debe  ser de 2 Digitos|
2|(65)Ciclo del FONAC||Ciclo del FONAC debe  ser de 4 Digitos|
2|(66)Número de Aportaciones al FONAC||Número de Aportaciones al FONAC debe  ser de 2 Digitos|
2|(67)Acumulado de FONAC| 0000000000000000000000000000.0000000000|Acumulado de FONAC debe  ser de 10 Digitos|
2|(70)Porcentaje de Pensión 01 | 0000000000.00|Porcentaje de Pensión 01   ser de 3 enteros y 2 decimales(###.##)|
2|(71)Porcentaje de Pensión 02 | 0000000000.00|Porcentaje de Pensión 02   ser de 3 enteros y 2 decimales(###.##)|
2|(72)Porcentaje de Pensión 03| 0000000000.00|Porcentaje de Pensión 03 ser de 3 enteros y 2 decimales(###.##)|
2|(73)Porcentaje de Pensión 04| 0000000000.00|Porcentaje de Pensión 04 ser de 3 enteros y 2 decimales(###.##)|
2|(74)Porcentaje de Pensión 05| 0000000000.00|Porcentaje de Pensión 04 ser de 3 enteros y 2 decimales(###.##)|
2|(75)Elección de tipo de retiro del ISSSTE| 0000000000000000000000000000.0000000000|Elección de tipo de retiro del ISSSTE 1 enteros [0,1,2]|
2|(76)Tipo de Unidad| 0000000000000000000000000002.0000000000|Tipo de Unidad 1 enteros [1,2]|
3|(8)Numero de Cuenta|000000000000|Tamaño de Numero de Cuenta debe ser 16 dígitos|
3|(9)Clave del Banco (CLABE)|00000000000000000000|Tamaño de Clave del Banco (CLABE) debe ser 18 dígitos|
3|(10)Clave del Servicio Profesional de Carrera (FUNCION)|7|Tamaño de Clave del Servicio Profesional de Carrera (FUNCION) debe ser 2 dígitos|
3|(19)Programa General|02|La Programa General no es parte del catalogo de DGRH|
3|(23)Puesto|M03004|Tamaño de Puesto debe ser  a 7 Alfanumerico|
3|(24)Número de Puesto|0013|El Número Puesto no es parte del catalogo de DGRH|
3|(28)Cédula de Identidad (NSS)|000080905072817|Tamaño de campo Cédula de Identidad (NSS) debe ser  a 11 Caracters|
3|(30)Número de AHISA-Fuente de Financiamiento|1|Tamaño de campo Número de AHISA-Fuente de Financiamiento debe ser de 2 Digítos|
3|(35)Horario Asignado|0|Horario Asignado no corresponde al catalogo establecidas por DGRH(1-8)|
3|(38)Nivel de puesto - Nivel de puesto SPC||Nivel de puesto - Nivel de puesto SPC debe ser de 10 Digítos|
3|(42)Fecha de Reingreso||Fecha de Reingreso debe ser de 8 Digíto(AAAAMMDD (AAAA=año, MM=mes, DD=día))|
3|(44)Fecha de Pago|20151116|Fecha de Pago debe ser de 9 Caracteres(DDMMMAAAA (AAAA=año, MM=mes(primeras 3 letras), DD=día))|
3|(48)Periodo de Aplicación Final|20160131|No Corresponde a datos de Aplicacion Final (15/28/29/30/31)|
3|(51)Tipo de Pago| 0000000000000000000000000007.0000000000|Tipo de Pago ser de 1 digitos|
3|(53)Instrumento de Pago Nuevo|00|El valor de Instrumento de Pago Nuevo no coincide con la directiva de calidad de la DGRH|
3|(54)Percepciones | 0000001355.28|Percepciones debe  ser de 10 digitos y 2 decimales|
3|(55)Deducciones | 0000000000.00|Deducciones debe  ser de 10 digitos y 2 decimales |
3|(56)Neto| 0000001355.28|Neto debe  ser de 10 digitos y 2 decimales |
3|(57)Número de Trailers-Total  de Conceptos | 0000000000000000000000000001.0000000000|Número de Trailers-Total  de Conceptos debe  ser de 2 |
3|(59)Nombre del Producto|CC0222PF|Nombre del Producto debe  ser de 11 caracteres/numeros|
3|(61)Número de Cheque|000363937|Número de Cheque debe  ser de 10 Digitos|
3|(63)Indicador de TESOFE -JORNADA| 0000000000000000000000000001.0000000000|Indicador de TESOFE-JORNADA debe  ser de 2 Digitos|
3|(65)Ciclo del FONAC||Ciclo del FONAC debe  ser de 4 Digitos|
3|(66)Número de Aportaciones al FONAC||Número de Aportaciones al FONAC debe  ser de 2 Digitos|
3|(67)Acumulado de FONAC| 0000000000000000000000000000.0000000000|Acumulado de FONAC debe  ser de 10 Digitos|
3|(70)Porcentaje de Pensión 01 | 0000000020.00|Porcentaje de Pensión 01   ser de 3 enteros y 2 decimales(###.##)|
3|(71)Porcentaje de Pensión 02 | 0000000000.00|Porcentaje de Pensión 02   ser de 3 enteros y 2 decimales(###.##)|
3|(72)Porcentaje de Pensión 03| 0000000000.00|Porcentaje de Pensión 03 ser de 3 enteros y 2 decimales(###.##)|
3|(73)Porcentaje de Pensión 04| 0000000000.00|Porcentaje de Pensión 04 ser de 3 enteros y 2 decimales(###.##)|
3|(74)Porcentaje de Pensión 05| 0000000000.00|Porcentaje de Pensión 04 ser de 3 enteros y 2 decimales(###.##)|
3|(75)Elección de tipo de retiro del ISSSTE| 0000000000000000000000000000.0000000000|Elección de tipo de retiro del ISSSTE 1 enteros [0,1,2]|
3|(76)Tipo de Unidad| 0000000000000000000000000002.0000000000|Tipo de Unidad 1 enteros [1,2]|
4|(8)Numero de Cuenta|000000000000|Tamaño de Numero de Cuenta debe ser 16 dígitos|
4|(9)Clave del Banco (CLABE)|00000000000000000000|Tamaño de Clave del Banco (CLABE) debe ser 18 dígitos|
4|(10)Clave del Servicio Profesional de Carrera (FUNCION)|7|Tamaño de Clave del Servicio Profesional de Carrera (FUNCION) debe ser 2 dígitos|
4|(19)Programa General|02|La Programa General no es parte del catalogo de DGRH|
4|(23)Puesto|M03004|Tamaño de Puesto debe ser  a 7 Alfanumerico|
4|(24)Número de Puesto|0013|El Número Puesto no es parte del catalogo de DGRH|
4|(28)Cédula de Identidad (NSS)|000080905072817|Tamaño de campo Cédula de Identidad (NSS) debe ser  a 11 Caracters|
4|(30)Número de AHISA-Fuente de Financiamiento|1|Tamaño de campo Número de AHISA-Fuente de Financiamiento debe ser de 2 Digítos|
4|(35)Horario Asignado|0|Horario Asignado no corresponde al catalogo establecidas por DGRH(1-8)|
4|(38)Nivel de puesto - Nivel de puesto SPC||Nivel de puesto - Nivel de puesto SPC debe ser de 10 Digítos|
4|(42)Fecha de Reingreso||Fecha de Reingreso debe ser de 8 Digíto(AAAAMMDD (AAAA=año, MM=mes, DD=día))|
4|(44)Fecha de Pago|20151116|Fecha de Pago debe ser de 9 Caracteres(DDMMMAAAA (AAAA=año, MM=mes(primeras 3 letras), DD=día))|
4|(48)Periodo de Aplicación Final|20160131|No Corresponde a datos de Aplicacion Final (15/28/29/30/31)|
4|(51)Tipo de Pago| 0000000000000000000000000007.0000000000|Tipo de Pago ser de 1 digitos|
4|(53)Instrumento de Pago Nuevo|00|El valor de Instrumento de Pago Nuevo no coincide con la directiva de calidad de la DGRH|
4|(54)Percepciones | 0000001325.57|Percepciones debe  ser de 10 digitos y 2 decimales|
4|(55)Deducciones | 0000000000.00|Deducciones debe  ser de 10 digitos y 2 decimales |
4|(56)Neto| 0000001325.57|Neto debe  ser de 10 digitos y 2 decimales |
4|(57)Número de Trailers-Total  de Conceptos | 0000000000000000000000000001.0000000000|Número de Trailers-Total  de Conceptos debe  ser de 2 |
4|(59)Nombre del Producto|CC0222PF|Nombre del Producto debe  ser de 11 caracteres/numeros|
4|(61)Número de Cheque|000365881|Número de Cheque debe  ser de 10 Digitos|
4|(63)Indicador de TESOFE -JORNADA| 0000000000000000000000000001.0000000000|Indicador de TESOFE-JORNADA debe  ser de 2 Digitos|
4|(65)Ciclo del FONAC||Ciclo del FONAC debe  ser de 4 Digitos|
4|(66)Número de Aportaciones al FONAC||Número de Aportaciones al FONAC debe  ser de 2 Digitos|
4|(67)Acumulado de FONAC| 0000000000000000000000000000.0000000000|Acumulado de FONAC debe  ser de 10 Digitos|
4|(70)Porcentaje de Pensión 01 | 0000000020.00|Porcentaje de Pensión 01   ser de 3 enteros y 2 decimales(###.##)|
4|(71)Porcentaje de Pensión 02 | 0000000000.00|Porcentaje de Pensión 02   ser de 3 enteros y 2 decimales(###.##)|
4|(72)Porcentaje de Pensión 03| 0000000000.00|Porcentaje de Pensión 03 ser de 3 enteros y 2 decimales(###.##)|
4|(73)Porcentaje de Pensión 04| 0000000000.00|Porcentaje de Pensión 04 ser de 3 enteros y 2 decimales(###.##)|
4|(74)Porcentaje de Pensión 05| 0000000000.00|Porcentaje de Pensión 04 ser de 3 enteros y 2 decimales(###.##)|
4|(75)Elección de tipo de retiro del ISSSTE| 0000000000000000000000000000.0000000000|Elección de tipo de retiro del ISSSTE 1 enteros [0,1,2]|
4|(76)Tipo de Unidad| 0000000000000000000000000002.0000000000|Tipo de Unidad 1 enteros [1,2]|
5|(8)Numero de Cuenta|000000000000|Tamaño de Numero de Cuenta debe ser 16 dígitos|
5|(9)Clave del Banco (CLABE)|00000000000000000000|Tamaño de Clave del Banco (CLABE) debe ser 18 dígitos|
5|(10)Clave del Servicio Profesional de Carrera (FUNCION)|7|Tamaño de Clave del Servicio Profesional de Carrera (FUNCION) debe ser 2 dígitos|
5|(19)Programa General|02|La Programa General no es parte del catalogo de DGRH|
5|(23)Puesto|M03004|Tamaño de Puesto debe ser  a 7 Alfanumerico|
5|(24)Número de Puesto|0013|El Número Puesto no es parte del catalogo de DGRH|
5|(28)Cédula de Identidad (NSS)|000080905072817|Tamaño de campo Cédula de Identidad (NSS) debe ser  a 11 Caracters|
5|(30)Número de AHISA-Fuente de Financiamiento|1|Tamaño de campo Número de AHISA-Fuente de Financiamiento debe ser de 2 Digítos|
5|(35)Horario Asignado|0|Horario Asignado no corresponde al catalogo establecidas por DGRH(1-8)|
5|(38)Nivel de puesto - Nivel de puesto SPC||Nivel de puesto - Nivel de puesto SPC debe ser de 10 Digítos|
5|(42)Fecha de Reingreso||Fecha de Reingreso debe ser de 8 Digíto(AAAAMMDD (AAAA=año, MM=mes, DD=día))|
5|(44)Fecha de Pago|20151116|Fecha de Pago debe ser de 9 Caracteres(DDMMMAAAA (AAAA=año, MM=mes(primeras 3 letras), DD=día))|
5|(48)Periodo de Aplicación Final|20160131|No Corresponde a datos de Aplicacion Final (15/28/29/30/31)|
5|(51)Tipo de Pago| 0000000000000000000000000007.0000000000|Tipo de Pago ser de 1 digitos|
5|(53)Instrumento de Pago Nuevo|00|El valor de Instrumento de Pago Nuevo no coincide con la directiva de calidad de la DGRH|
5|(54)Percepciones | 0000000482.03|Percepciones debe  ser de 10 digitos y 2 decimales|
5|(55)Deducciones | 0000000000.00|Deducciones debe  ser de 10 digitos y 2 decimales |
5|(56)Neto| 0000000482.03|Neto debe  ser de 10 digitos y 2 decimales |
5|(57)Número de Trailers-Total  de Conceptos | 0000000000000000000000000001.0000000000|Número de Trailers-Total  de Conceptos debe  ser de 2 |
5|(59)Nombre del Producto|CC0222PF|Nombre del Producto debe  ser de 11 caracteres/numeros|
5|(61)Número de Cheque|000368203|Número de Cheque debe  ser de 10 Digitos|
5|(63)Indicador de TESOFE -JORNADA| 0000000000000000000000000001.0000000000|Indicador de TESOFE-JORNADA debe  ser de 2 Digitos|
5|(65)Ciclo del FONAC||Ciclo del FONAC debe  ser de 4 Digitos|
5|(66)Número de Aportaciones al FONAC||Número de Aportaciones al FONAC debe  ser de 2 Digitos|
5|(67)Acumulado de FONAC| 0000000000000000000000000000.0000000000|Acumulado de FONAC debe  ser de 10 Digitos|
5|(70)Porcentaje de Pensión 01 | 0000000020.00|Porcentaje de Pensión 01   ser de 3 enteros y 2 decimales(###.##)|
5|(71)Porcentaje de Pensión 02 | 0000000000.00|Porcentaje de Pensión 02   ser de 3 enteros y 2 decimales(###.##)|
5|(72)Porcentaje de Pensión 03| 0000000000.00|Porcentaje de Pensión 03 ser de 3 enteros y 2 decimales(###.##)|
5|(73)Porcentaje de Pensión 04| 0000000000.00|Porcentaje de Pensión 04 ser de 3 enteros y 2 decimales(###.##)|
5|(74)Porcentaje de Pensión 05| 0000000000.00|Porcentaje de Pensión 04 ser de 3 enteros y 2 decimales(###.##)|
5|(75)Elección de tipo de retiro del ISSSTE| 0000000000000000000000000000.0000000000|Elección de tipo de retiro del ISSSTE 1 enteros [0,1,2]|
5|(76)Tipo de Unidad| 0000000000000000000000000002.0000000000|Tipo de Unidad 1 enteros [1,2]|
6|(8)Numero de Cuenta|000000000000|Tamaño de Numero de Cuenta debe ser 16 dígitos|
6|(9)Clave del Banco (CLABE)|00000000000000000000|Tamaño de Clave del Banco (CLABE) debe ser 18 dígitos|
6|(10)Clave del Servicio Profesional de Carrera (FUNCION)|1|Tamaño de Clave del Servicio Profesional de Carrera (FUNCION) debe ser 2 dígitos|
6|(19)Programa General|02|La Programa General no es parte del catalogo de DGRH|
6|(23)Puesto|M01004|Tamaño de Puesto debe ser  a 7 Alfanumerico|
6|(24)Número de Puesto|0049|El Número Puesto no es parte del catalogo de DGRH|
6|(28)Cédula de Identidad (NSS)|000080886564675|Tamaño de campo Cédula de Identidad (NSS) debe ser  a 11 Caracters|
6|(30)Número de AHISA-Fuente de Financiamiento|1|Tamaño de campo Número de AHISA-Fuente de Financiamiento debe ser de 2 Digítos|
6|(35)Horario Asignado|0|Horario Asignado no corresponde al catalogo establecidas por DGRH(1-8)|
6|(38)Nivel de puesto - Nivel de puesto SPC||Nivel de puesto - Nivel de puesto SPC debe ser de 10 Digítos|
6|(42)Fecha de Reingreso||Fecha de Reingreso debe ser de 8 Digíto(AAAAMMDD (AAAA=año, MM=mes, DD=día))|
6|(44)Fecha de Pago|20151116|Fecha de Pago debe ser de 9 Caracteres(DDMMMAAAA (AAAA=año, MM=mes(primeras 3 letras), DD=día))|
6|(48)Periodo de Aplicación Final|20160131|No Corresponde a datos de Aplicacion Final (15/28/29/30/31)|
6|(51)Tipo de Pago| 0000000000000000000000000007.0000000000|Tipo de Pago ser de 1 digitos|
6|(53)Instrumento de Pago Nuevo|00|El valor de Instrumento de Pago Nuevo no coincide con la directiva de calidad de la DGRH|
6|(54)Percepciones | 0000001575.35|Percepciones debe  ser de 10 digitos y 2 decimales|
6|(55)Deducciones | 0000000000.00|Deducciones debe  ser de 10 digitos y 2 decimales |
6|(56)Neto| 0000001575.35|Neto debe  ser de 10 digitos y 2 decimales |
6|(57)Número de Trailers-Total  de Conceptos | 0000000000000000000000000001.0000000000|Número de Trailers-Total  de Conceptos debe  ser de 2 |
6|(59)Nombre del Producto|CC0222PF|Nombre del Producto debe  ser de 11 caracteres/numeros|
6|(61)Número de Cheque|000368722|Número de Cheque debe  ser de 10 Digitos|
6|(63)Indicador de TESOFE -JORNADA| 0000000000000000000000000002.0000000000|Indicador de TESOFE-JORNADA debe  ser de 2 Digitos|
6|(65)Ciclo del FONAC||Ciclo del FONAC debe  ser de 4 Digitos|
6|(66)Número de Aportaciones al FONAC||Número de Aportaciones al FONAC debe  ser de 2 Digitos|
6|(67)Acumulado de FONAC| 0000000000000000000000000000.0000000000|Acumulado de FONAC debe  ser de 10 Digitos|
6|(70)Porcentaje de Pensión 01 | 0000000030.00|Porcentaje de Pensión 01   ser de 3 enteros y 2 decimales(###.##)|
6|(71)Porcentaje de Pensión 02 | 0000000015.00|Porcentaje de Pensión 02   ser de 3 enteros y 2 decimales(###.##)|
6|(72)Porcentaje de Pensión 03| 0000000015.00|Porcentaje de Pensión 03 ser de 3 enteros y 2 decimales(###.##)|
6|(73)Porcentaje de Pensión 04| 0000000000.00|Porcentaje de Pensión 04 ser de 3 enteros y 2 decimales(###.##)|
6|(74)Porcentaje de Pensión 05| 0000000000.00|Porcentaje de Pensión 04 ser de 3 enteros y 2 decimales(###.##)|
6|(75)Elección de tipo de retiro del ISSSTE| 0000000000000000000000000000.0000000000|Elección de tipo de retiro del ISSSTE 1 enteros [0,1,2]|
6|(76)Tipo de Unidad| 0000000000000000000000000002.0000000000|Tipo de Unidad 1 enteros [1,2]|
7|(8)Numero de Cuenta|000000000000|Tamaño de Numero de Cuenta debe ser 16 dígitos|
7|(9)Clave del Banco (CLABE)|00000000000000000000|Tamaño de Clave del Banco (CLABE) debe ser 18 dígitos|
7|(10)Clave del Servicio Profesional de Carrera (FUNCION)|1|Tamaño de Clave del Servicio Profesional de Carrera (FUNCION) debe ser 2 dígitos|
7|(19)Programa General|02|La Programa General no es parte del catalogo de DGRH|
7|(23)Puesto|M01004|Tamaño de Puesto debe ser  a 7 Alfanumerico|
7|(24)Número de Puesto|0049|El Número Puesto no es parte del catalogo de DGRH|
7|(28)Cédula de Identidad (NSS)|000080886564675|Tamaño de campo Cédula de Identidad (NSS) debe ser  a 11 Caracters|
7|(30)Número de AHISA-Fuente de Financiamiento|1|Tamaño de campo Número de AHISA-Fuente de Financiamiento debe ser de 2 Digítos|
7|(35)Horario Asignado|0|Horario Asignado no corresponde al catalogo establecidas por DGRH(1-8)|
7|(38)Nivel de puesto - Nivel de puesto SPC||Nivel de puesto - Nivel de puesto SPC debe ser de 10 Digítos|
7|(42)Fecha de Reingreso||Fecha de Reingreso debe ser de 8 Digíto(AAAAMMDD (AAAA=año, MM=mes, DD=día))|
7|(44)Fecha de Pago|20151116|Fecha de Pago debe ser de 9 Caracteres(DDMMMAAAA (AAAA=año, MM=mes(primeras 3 letras), DD=día))|
7|(48)Periodo de Aplicación Final|20160131|No Corresponde a datos de Aplicacion Final (15/28/29/30/31)|
7|(51)Tipo de Pago| 0000000000000000000000000007.0000000000|Tipo de Pago ser de 1 digitos|
7|(53)Instrumento de Pago Nuevo|00|El valor de Instrumento de Pago Nuevo no coincide con la directiva de calidad de la DGRH|
7|(54)Percepciones | 0000002113.23|Percepciones debe  ser de 10 digitos y 2 decimales|
7|(55)Deducciones | 0000000000.00|Deducciones debe  ser de 10 digitos y 2 decimales |
7|(56)Neto| 0000002113.23|Neto debe  ser de 10 digitos y 2 decimales |
7|(57)Número de Trailers-Total  de Conceptos | 0000000000000000000000000001.0000000000|Número de Trailers-Total  de Conceptos debe  ser de 2 |
7|(59)Nombre del Producto|CC0222PF|Nombre del Producto debe  ser de 11 caracteres/numeros|
7|(61)Número de Cheque|000364020|Número de Cheque debe  ser de 10 Digitos|
7|(63)Indicador de TESOFE -JORNADA| 0000000000000000000000000002.0000000000|Indicador de TESOFE-JORNADA debe  ser de 2 Digitos|
7|(65)Ciclo del FONAC||Ciclo del FONAC debe  ser de 4 Digitos|
7|(66)Número de Aportaciones al FONAC||Número de Aportaciones al FONAC debe  ser de 2 Digitos|
7|(67)Acumulado de FONAC| 0000000000000000000000000000.0000000000|Acumulado de FONAC debe  ser de 10 Digitos|
7|(70)Porcentaje de Pensión 01 | 0000000030.00|Porcentaje de Pensión 01   ser de 3 enteros y 2 decimales(###.##)|
7|(71)Porcentaje de Pensión 02 | 0000000015.00|Porcentaje de Pensión 02   ser de 3 enteros y 2 decimales(###.##)|
7|(72)Porcentaje de Pensión 03| 0000000015.00|Porcentaje de Pensión 03 ser de 3 enteros y 2 decimales(###.##)|
7|(73)Porcentaje de Pensión 04| 0000000000.00|Porcentaje de Pensión 04 ser de 3 enteros y 2 decimales(###.##)|
7|(74)Porcentaje de Pensión 05| 0000000000.00|Porcentaje de Pensión 04 ser de 3 enteros y 2 decimales(###.##)|
7|(75)Elección de tipo de retiro del ISSSTE| 0000000000000000000000000000.0000000000|Elección de tipo de retiro del ISSSTE 1 enteros [0,1,2]|
7|(76)Tipo de Unidad| 0000000000000000000000000002.0000000000|Tipo de Unidad 1 enteros [1,2]|
