1|(1)Numero Empleado|1100000001|Identificador de estado Invalido (01)|
1|Total de Pagos||Tamaño de registro debe ser 4 Digitos|
1|Pagos Efectuados||Tamaño de registro debe ser 4 Digitos|
1|Nombre del Producto|PRDE01A|Tamaño de registro debe ser 11 Digitos|
1|Número de Control|000001|Tamaño de registro debe ser 20 Digitos|
2|(1)Numero Empleado|1100000001|Identificador de estado Invalido (01)|
2|Total de Pagos||Tamaño de registro debe ser 4 Digitos|
2|Pagos Efectuados||Tamaño de registro debe ser 4 Digitos|
2|Nombre del Producto|PRDE01A|Tamaño de registro debe ser 11 Digitos|
2|Número de Control|000001|Tamaño de registro debe ser 20 Digitos|
3|(1)Numero Empleado|1100000001|Identificador de estado Invalido (01)|
3|Total de Pagos||Tamaño de registro debe ser 4 Digitos|
3|Pagos Efectuados||Tamaño de registro debe ser 4 Digitos|
3|Nombre del Producto|PRDE01A|Tamaño de registro debe ser 11 Digitos|
3|Número de Control|000001|Tamaño de registro debe ser 20 Digitos|
4|(1)Numero Empleado|1100000002|Identificador de estado Invalido (01)|
4|Total de Pagos||Tamaño de registro debe ser 4 Digitos|
4|Pagos Efectuados||Tamaño de registro debe ser 4 Digitos|
4|Nombre del Producto|PRDE01A|Tamaño de registro debe ser 11 Digitos|
4|Número de Control|000002|Tamaño de registro debe ser 20 Digitos|
5|(1)Numero Empleado|1100000002|Identificador de estado Invalido (01)|
5|Total de Pagos||Tamaño de registro debe ser 4 Digitos|
5|Pagos Efectuados||Tamaño de registro debe ser 4 Digitos|
5|Nombre del Producto|PRDE01A|Tamaño de registro debe ser 11 Digitos|
5|Número de Control|000002|Tamaño de registro debe ser 20 Digitos|
6|(1)Numero Empleado|1100000002|Identificador de estado Invalido (01)|
6|Total de Pagos||Tamaño de registro debe ser 4 Digitos|
6|Pagos Efectuados||Tamaño de registro debe ser 4 Digitos|
6|Nombre del Producto|PRDE01A|Tamaño de registro debe ser 11 Digitos|
6|Número de Control|000002|Tamaño de registro debe ser 20 Digitos|
7|(1)Numero Empleado|1100000002|Identificador de estado Invalido (01)|
7|Total de Pagos||Tamaño de registro debe ser 4 Digitos|
7|Pagos Efectuados||Tamaño de registro debe ser 4 Digitos|
7|Nombre del Producto|PRDE01A|Tamaño de registro debe ser 11 Digitos|
7|Número de Control|000002|Tamaño de registro debe ser 20 Digitos|
8|(1)Numero Empleado|1100000002|Identificador de estado Invalido (01)|
8|Total de Pagos||Tamaño de registro debe ser 4 Digitos|
8|Pagos Efectuados||Tamaño de registro debe ser 4 Digitos|
8|Nombre del Producto|PRDE01A|Tamaño de registro debe ser 11 Digitos|
8|Número de Control|000002|Tamaño de registro debe ser 20 Digitos|
9|(1)Numero Empleado|1100000002|Identificador de estado Invalido (01)|
9|Total de Pagos||Tamaño de registro debe ser 4 Digitos|
9|Pagos Efectuados||Tamaño de registro debe ser 4 Digitos|
9|Nombre del Producto|PRDE01A|Tamaño de registro debe ser 11 Digitos|
9|Número de Control|000002|Tamaño de registro debe ser 20 Digitos|
10|(1)Numero Empleado|1100000002|Identificador de estado Invalido (01)|
10|Total de Pagos||Tamaño de registro debe ser 4 Digitos|
10|Pagos Efectuados||Tamaño de registro debe ser 4 Digitos|
10|Nombre del Producto|PRDE01A|Tamaño de registro debe ser 11 Digitos|
10|Número de Control|000002|Tamaño de registro debe ser 20 Digitos|
11|(1)Numero Empleado|1100000002|Identificador de estado Invalido (01)|
11|Total de Pagos||Tamaño de registro debe ser 4 Digitos|
11|Pagos Efectuados||Tamaño de registro debe ser 4 Digitos|
11|Nombre del Producto|PRDE01A|Tamaño de registro debe ser 11 Digitos|
11|Número de Control|000002|Tamaño de registro debe ser 20 Digitos|
12|(1)Numero Empleado|1100000002|Identificador de estado Invalido (01)|
12|Total de Pagos||Tamaño de registro debe ser 4 Digitos|
12|Pagos Efectuados||Tamaño de registro debe ser 4 Digitos|
12|Nombre del Producto|PRDE01A|Tamaño de registro debe ser 11 Digitos|
12|Número de Control|000002|Tamaño de registro debe ser 20 Digitos|
13|(1)Numero Empleado|1100000002|Identificador de estado Invalido (01)|
13|Total de Pagos||Tamaño de registro debe ser 4 Digitos|
13|Pagos Efectuados||Tamaño de registro debe ser 4 Digitos|
13|Nombre del Producto|PRDE01A|Tamaño de registro debe ser 11 Digitos|
13|Número de Control|000002|Tamaño de registro debe ser 20 Digitos|
14|(1)Numero Empleado|1100000002|Identificador de estado Invalido (01)|
14|Total de Pagos||Tamaño de registro debe ser 4 Digitos|
14|Pagos Efectuados||Tamaño de registro debe ser 4 Digitos|
14|Nombre del Producto|PRDE01A|Tamaño de registro debe ser 11 Digitos|
14|Número de Control|000002|Tamaño de registro debe ser 20 Digitos|
15|(1)Numero Empleado|1100000002|Identificador de estado Invalido (01)|
15|Total de Pagos||Tamaño de registro debe ser 4 Digitos|
15|Pagos Efectuados||Tamaño de registro debe ser 4 Digitos|
15|Nombre del Producto|PRDE01A|Tamaño de registro debe ser 11 Digitos|
15|Número de Control|000002|Tamaño de registro debe ser 20 Digitos|
16|(1)Numero Empleado|1100000002|Identificador de estado Invalido (01)|
16|Total de Pagos||Tamaño de registro debe ser 4 Digitos|
16|Pagos Efectuados||Tamaño de registro debe ser 4 Digitos|
16|Nombre del Producto|PRDE01A|Tamaño de registro debe ser 11 Digitos|
16|Número de Control|000002|Tamaño de registro debe ser 20 Digitos|
17|(1)Numero Empleado|1100000002|Identificador de estado Invalido (01)|
17|Total de Pagos||Tamaño de registro debe ser 4 Digitos|
17|Pagos Efectuados||Tamaño de registro debe ser 4 Digitos|
17|Nombre del Producto|PRDE01A|Tamaño de registro debe ser 11 Digitos|
17|Número de Control|000002|Tamaño de registro debe ser 20 Digitos|
18|(1)Numero Empleado|1100000002|Identificador de estado Invalido (01)|
18|Total de Pagos||Tamaño de registro debe ser 4 Digitos|
18|Pagos Efectuados||Tamaño de registro debe ser 4 Digitos|
18|Nombre del Producto|PRDE01A|Tamaño de registro debe ser 11 Digitos|
18|Número de Control|000002|Tamaño de registro debe ser 20 Digitos|
19|(1)Numero Empleado|1100000002|Identificador de estado Invalido (01)|
19|Total de Pagos||Tamaño de registro debe ser 4 Digitos|
19|Pagos Efectuados||Tamaño de registro debe ser 4 Digitos|
19|Nombre del Producto|PRDE01A|Tamaño de registro debe ser 11 Digitos|
19|Número de Control|000002|Tamaño de registro debe ser 20 Digitos|
20|(1)Numero Empleado|1100000002|Identificador de estado Invalido (01)|
20|Total de Pagos||Tamaño de registro debe ser 4 Digitos|
20|Pagos Efectuados||Tamaño de registro debe ser 4 Digitos|
20|Nombre del Producto|PRDE01A|Tamaño de registro debe ser 11 Digitos|
20|Número de Control|000002|Tamaño de registro debe ser 20 Digitos|
21|(1)Numero Empleado|1100000002|Identificador de estado Invalido (01)|
21|Total de Pagos||Tamaño de registro debe ser 4 Digitos|
21|Pagos Efectuados||Tamaño de registro debe ser 4 Digitos|
21|Nombre del Producto|PRDE01A|Tamaño de registro debe ser 11 Digitos|
21|Número de Control|000002|Tamaño de registro debe ser 20 Digitos|
22|(1)Numero Empleado|1100000002|Identificador de estado Invalido (01)|
22|Total de Pagos||Tamaño de registro debe ser 4 Digitos|
22|Pagos Efectuados||Tamaño de registro debe ser 4 Digitos|
22|Nombre del Producto|PRDE01A|Tamaño de registro debe ser 11 Digitos|
22|Número de Control|000002|Tamaño de registro debe ser 20 Digitos|
23|(1)Numero Empleado|1100000002|Identificador de estado Invalido (01)|
23|Total de Pagos||Tamaño de registro debe ser 4 Digitos|
23|Pagos Efectuados||Tamaño de registro debe ser 4 Digitos|
23|Nombre del Producto|PRDE01A|Tamaño de registro debe ser 11 Digitos|
23|Número de Control|000002|Tamaño de registro debe ser 20 Digitos|
24|(1)Numero Empleado|1100000002|Identificador de estado Invalido (01)|
24|Total de Pagos||Tamaño de registro debe ser 4 Digitos|
24|Pagos Efectuados||Tamaño de registro debe ser 4 Digitos|
24|Nombre del Producto|PRDE01A|Tamaño de registro debe ser 11 Digitos|
24|Número de Control|000002|Tamaño de registro debe ser 20 Digitos|
25|(1)Numero Empleado|1100000003|Identificador de estado Invalido (01)|
25|Total de Pagos||Tamaño de registro debe ser 4 Digitos|
25|Pagos Efectuados||Tamaño de registro debe ser 4 Digitos|
25|Nombre del Producto|PRDE01A|Tamaño de registro debe ser 11 Digitos|
25|Número de Control|000003|Tamaño de registro debe ser 20 Digitos|
26|(1)Numero Empleado|1100000004|Identificador de estado Invalido (01)|
26|Total de Pagos||Tamaño de registro debe ser 4 Digitos|
26|Pagos Efectuados||Tamaño de registro debe ser 4 Digitos|
26|Nombre del Producto|PRDE01A|Tamaño de registro debe ser 11 Digitos|
26|Número de Control|000004|Tamaño de registro debe ser 20 Digitos|
27|(1)Numero Empleado|1100000004|Identificador de estado Invalido (01)|
27|Total de Pagos||Tamaño de registro debe ser 4 Digitos|
27|Pagos Efectuados||Tamaño de registro debe ser 4 Digitos|
27|Nombre del Producto|PRDE01A|Tamaño de registro debe ser 11 Digitos|
27|Número de Control|000004|Tamaño de registro debe ser 20 Digitos|
28|(1)Numero Empleado|1100000004|Identificador de estado Invalido (01)|
28|Total de Pagos||Tamaño de registro debe ser 4 Digitos|
28|Pagos Efectuados||Tamaño de registro debe ser 4 Digitos|
28|Nombre del Producto|PRDE01A|Tamaño de registro debe ser 11 Digitos|
28|Número de Control|000004|Tamaño de registro debe ser 20 Digitos|
29|(1)Numero Empleado|1100000004|Identificador de estado Invalido (01)|
29|Total de Pagos||Tamaño de registro debe ser 4 Digitos|
29|Pagos Efectuados||Tamaño de registro debe ser 4 Digitos|
29|Nombre del Producto|PRDE01A|Tamaño de registro debe ser 11 Digitos|
29|Número de Control|000004|Tamaño de registro debe ser 20 Digitos|
30|(1)Numero Empleado|1100000004|Identificador de estado Invalido (01)|
30|Total de Pagos||Tamaño de registro debe ser 4 Digitos|
30|Pagos Efectuados||Tamaño de registro debe ser 4 Digitos|
30|Nombre del Producto|PRDE01A|Tamaño de registro debe ser 11 Digitos|
30|Número de Control|000004|Tamaño de registro debe ser 20 Digitos|
31|(1)Numero Empleado|1100000004|Identificador de estado Invalido (01)|
31|Total de Pagos||Tamaño de registro debe ser 4 Digitos|
31|Pagos Efectuados||Tamaño de registro debe ser 4 Digitos|
31|Nombre del Producto|PRDE01A|Tamaño de registro debe ser 11 Digitos|
31|Número de Control|000004|Tamaño de registro debe ser 20 Digitos|
32|(1)Numero Empleado|1100000004|Identificador de estado Invalido (01)|
32|Total de Pagos||Tamaño de registro debe ser 4 Digitos|
32|Pagos Efectuados||Tamaño de registro debe ser 4 Digitos|
32|Nombre del Producto|PRDE01A|Tamaño de registro debe ser 11 Digitos|
32|Número de Control|000004|Tamaño de registro debe ser 20 Digitos|
33|(1)Numero Empleado|1100000004|Identificador de estado Invalido (01)|
33|Total de Pagos||Tamaño de registro debe ser 4 Digitos|
33|Pagos Efectuados||Tamaño de registro debe ser 4 Digitos|
33|Nombre del Producto|PRDE01A|Tamaño de registro debe ser 11 Digitos|
33|Número de Control|000004|Tamaño de registro debe ser 20 Digitos|
34|(1)Numero Empleado|1100000004|Identificador de estado Invalido (01)|
34|Total de Pagos||Tamaño de registro debe ser 4 Digitos|
34|Pagos Efectuados||Tamaño de registro debe ser 4 Digitos|
34|Nombre del Producto|PRDE01A|Tamaño de registro debe ser 11 Digitos|
34|Número de Control|000004|Tamaño de registro debe ser 20 Digitos|
35|(1)Numero Empleado|1100000004|Identificador de estado Invalido (01)|
35|Total de Pagos||Tamaño de registro debe ser 4 Digitos|
35|Pagos Efectuados||Tamaño de registro debe ser 4 Digitos|
35|Nombre del Producto|PRDE01A|Tamaño de registro debe ser 11 Digitos|
35|Número de Control|000004|Tamaño de registro debe ser 20 Digitos|
36|(1)Numero Empleado|1100000004|Identificador de estado Invalido (01)|
36|Total de Pagos||Tamaño de registro debe ser 4 Digitos|
36|Pagos Efectuados||Tamaño de registro debe ser 4 Digitos|
36|Nombre del Producto|PRDE01A|Tamaño de registro debe ser 11 Digitos|
36|Número de Control|000004|Tamaño de registro debe ser 20 Digitos|
37|(1)Numero Empleado|1100000004|Identificador de estado Invalido (01)|
37|Total de Pagos||Tamaño de registro debe ser 4 Digitos|
37|Pagos Efectuados||Tamaño de registro debe ser 4 Digitos|
37|Nombre del Producto|PRDE01A|Tamaño de registro debe ser 11 Digitos|
37|Número de Control|000004|Tamaño de registro debe ser 20 Digitos|
38|(1)Numero Empleado|1100000004|Identificador de estado Invalido (01)|
38|Total de Pagos||Tamaño de registro debe ser 4 Digitos|
38|Pagos Efectuados||Tamaño de registro debe ser 4 Digitos|
38|Nombre del Producto|PRDE01A|Tamaño de registro debe ser 11 Digitos|
38|Número de Control|000004|Tamaño de registro debe ser 20 Digitos|
39|(1)Numero Empleado|1100000004|Identificador de estado Invalido (01)|
39|Total de Pagos||Tamaño de registro debe ser 4 Digitos|
39|Pagos Efectuados||Tamaño de registro debe ser 4 Digitos|
39|Nombre del Producto|PRDE01A|Tamaño de registro debe ser 11 Digitos|
39|Número de Control|000004|Tamaño de registro debe ser 20 Digitos|
40|(1)Numero Empleado|1100000004|Identificador de estado Invalido (01)|
40|Total de Pagos||Tamaño de registro debe ser 4 Digitos|
40|Pagos Efectuados||Tamaño de registro debe ser 4 Digitos|
40|Nombre del Producto|PRDE01A|Tamaño de registro debe ser 11 Digitos|
40|Número de Control|000004|Tamaño de registro debe ser 20 Digitos|
41|(1)Numero Empleado|1100000004|Identificador de estado Invalido (01)|
41|Total de Pagos||Tamaño de registro debe ser 4 Digitos|
41|Pagos Efectuados||Tamaño de registro debe ser 4 Digitos|
41|Nombre del Producto|PRDE01A|Tamaño de registro debe ser 11 Digitos|
41|Número de Control|000004|Tamaño de registro debe ser 20 Digitos|
42|(1)Numero Empleado|1100000004|Identificador de estado Invalido (01)|
42|Total de Pagos||Tamaño de registro debe ser 4 Digitos|
42|Pagos Efectuados||Tamaño de registro debe ser 4 Digitos|
42|Nombre del Producto|PRDE01A|Tamaño de registro debe ser 11 Digitos|
42|Número de Control|000004|Tamaño de registro debe ser 20 Digitos|
43|(1)Numero Empleado|1100000004|Identificador de estado Invalido (01)|
43|Total de Pagos||Tamaño de registro debe ser 4 Digitos|
43|Pagos Efectuados||Tamaño de registro debe ser 4 Digitos|
43|Nombre del Producto|PRDE01A|Tamaño de registro debe ser 11 Digitos|
43|Número de Control|000004|Tamaño de registro debe ser 20 Digitos|
44|(1)Numero Empleado|1100000004|Identificador de estado Invalido (01)|
44|Total de Pagos||Tamaño de registro debe ser 4 Digitos|
44|Pagos Efectuados||Tamaño de registro debe ser 4 Digitos|
44|Nombre del Producto|PRDE01A|Tamaño de registro debe ser 11 Digitos|
44|Número de Control|000004|Tamaño de registro debe ser 20 Digitos|
45|(1)Numero Empleado|1100000004|Identificador de estado Invalido (01)|
45|Total de Pagos||Tamaño de registro debe ser 4 Digitos|
45|Pagos Efectuados||Tamaño de registro debe ser 4 Digitos|
45|Nombre del Producto|PRDE01A|Tamaño de registro debe ser 11 Digitos|
45|Número de Control|000004|Tamaño de registro debe ser 20 Digitos|
46|(1)Numero Empleado|1100000004|Identificador de estado Invalido (01)|
46|Total de Pagos||Tamaño de registro debe ser 4 Digitos|
46|Pagos Efectuados||Tamaño de registro debe ser 4 Digitos|
46|Nombre del Producto|PRDE01A|Tamaño de registro debe ser 11 Digitos|
46|Número de Control|000004|Tamaño de registro debe ser 20 Digitos|
47|(1)Numero Empleado|1100000004|Identificador de estado Invalido (01)|
47|Total de Pagos||Tamaño de registro debe ser 4 Digitos|
47|Pagos Efectuados||Tamaño de registro debe ser 4 Digitos|
47|Nombre del Producto|PRDE01A|Tamaño de registro debe ser 11 Digitos|
47|Número de Control|000004|Tamaño de registro debe ser 20 Digitos|
48|(1)Numero Empleado|1100000004|Identificador de estado Invalido (01)|
48|Total de Pagos||Tamaño de registro debe ser 4 Digitos|
48|Pagos Efectuados||Tamaño de registro debe ser 4 Digitos|
48|Nombre del Producto|PRDE01A|Tamaño de registro debe ser 11 Digitos|
48|Número de Control|000004|Tamaño de registro debe ser 20 Digitos|
49|(1)Numero Empleado|1100000004|Identificador de estado Invalido (01)|
49|Total de Pagos||Tamaño de registro debe ser 4 Digitos|
49|Pagos Efectuados||Tamaño de registro debe ser 4 Digitos|
49|Nombre del Producto|PRDE01A|Tamaño de registro debe ser 11 Digitos|
49|Número de Control|000004|Tamaño de registro debe ser 20 Digitos|
50|(1)Numero Empleado|1100000004|Identificador de estado Invalido (01)|
50|Total de Pagos||Tamaño de registro debe ser 4 Digitos|
50|Pagos Efectuados||Tamaño de registro debe ser 4 Digitos|
50|Nombre del Producto|PRDE01A|Tamaño de registro debe ser 11 Digitos|
50|Número de Control|000004|Tamaño de registro debe ser 20 Digitos|
51|(1)Numero Empleado|1100000004|Identificador de estado Invalido (01)|
51|Total de Pagos||Tamaño de registro debe ser 4 Digitos|
51|Pagos Efectuados||Tamaño de registro debe ser 4 Digitos|
51|Nombre del Producto|PRDE01A|Tamaño de registro debe ser 11 Digitos|
51|Número de Control|000004|Tamaño de registro debe ser 20 Digitos|
52|(1)Numero Empleado|1100000005|Identificador de estado Invalido (01)|
52|Total de Pagos||Tamaño de registro debe ser 4 Digitos|
52|Pagos Efectuados||Tamaño de registro debe ser 4 Digitos|
52|Nombre del Producto|PRDE01A|Tamaño de registro debe ser 11 Digitos|
52|Número de Control|000005|Tamaño de registro debe ser 20 Digitos|
53|(1)Numero Empleado|1100000005|Identificador de estado Invalido (01)|
53|Total de Pagos||Tamaño de registro debe ser 4 Digitos|
53|Pagos Efectuados||Tamaño de registro debe ser 4 Digitos|
53|Nombre del Producto|PRDE01A|Tamaño de registro debe ser 11 Digitos|
53|Número de Control|000005|Tamaño de registro debe ser 20 Digitos|
54|(1)Numero Empleado|1100000005|Identificador de estado Invalido (01)|
54|Total de Pagos||Tamaño de registro debe ser 4 Digitos|
54|Pagos Efectuados||Tamaño de registro debe ser 4 Digitos|
54|Nombre del Producto|PRDE01A|Tamaño de registro debe ser 11 Digitos|
54|Número de Control|000005|Tamaño de registro debe ser 20 Digitos|
55|(1)Numero Empleado|1100000005|Identificador de estado Invalido (01)|
55|Total de Pagos||Tamaño de registro debe ser 4 Digitos|
55|Pagos Efectuados||Tamaño de registro debe ser 4 Digitos|
55|Nombre del Producto|PRDE01A|Tamaño de registro debe ser 11 Digitos|
55|Número de Control|000005|Tamaño de registro debe ser 20 Digitos|
56|(1)Numero Empleado|1100000005|Identificador de estado Invalido (01)|
56|Total de Pagos||Tamaño de registro debe ser 4 Digitos|
56|Pagos Efectuados||Tamaño de registro debe ser 4 Digitos|
56|Nombre del Producto|PRDE01A|Tamaño de registro debe ser 11 Digitos|
56|Número de Control|000005|Tamaño de registro debe ser 20 Digitos|
57|(1)Numero Empleado|1100000005|Identificador de estado Invalido (01)|
57|Total de Pagos||Tamaño de registro debe ser 4 Digitos|
57|Pagos Efectuados||Tamaño de registro debe ser 4 Digitos|
57|Nombre del Producto|PRDE01A|Tamaño de registro debe ser 11 Digitos|
57|Número de Control|000005|Tamaño de registro debe ser 20 Digitos|
58|(1)Numero Empleado|1100000005|Identificador de estado Invalido (01)|
58|Total de Pagos||Tamaño de registro debe ser 4 Digitos|
58|Pagos Efectuados||Tamaño de registro debe ser 4 Digitos|
58|Nombre del Producto|PRDE01A|Tamaño de registro debe ser 11 Digitos|
58|Número de Control|000005|Tamaño de registro debe ser 20 Digitos|
59|(1)Numero Empleado|1100000005|Identificador de estado Invalido (01)|
59|Total de Pagos||Tamaño de registro debe ser 4 Digitos|
59|Pagos Efectuados||Tamaño de registro debe ser 4 Digitos|
59|Nombre del Producto|PRDE01A|Tamaño de registro debe ser 11 Digitos|
59|Número de Control|000005|Tamaño de registro debe ser 20 Digitos|
60|(1)Numero Empleado|1100000005|Identificador de estado Invalido (01)|
60|Total de Pagos||Tamaño de registro debe ser 4 Digitos|
60|Pagos Efectuados||Tamaño de registro debe ser 4 Digitos|
60|Nombre del Producto|PRDE01A|Tamaño de registro debe ser 11 Digitos|
60|Número de Control|000005|Tamaño de registro debe ser 20 Digitos|
61|(1)Numero Empleado|1100000005|Identificador de estado Invalido (01)|
61|Total de Pagos||Tamaño de registro debe ser 4 Digitos|
61|Pagos Efectuados||Tamaño de registro debe ser 4 Digitos|
61|Nombre del Producto|PRDE01A|Tamaño de registro debe ser 11 Digitos|
61|Número de Control|000005|Tamaño de registro debe ser 20 Digitos|
62|(1)Numero Empleado|1100000005|Identificador de estado Invalido (01)|
62|Total de Pagos||Tamaño de registro debe ser 4 Digitos|
62|Pagos Efectuados||Tamaño de registro debe ser 4 Digitos|
62|Nombre del Producto|PRDE01A|Tamaño de registro debe ser 11 Digitos|
62|Número de Control|000005|Tamaño de registro debe ser 20 Digitos|
63|(1)Numero Empleado|1100000005|Identificador de estado Invalido (01)|
63|Total de Pagos||Tamaño de registro debe ser 4 Digitos|
63|Pagos Efectuados||Tamaño de registro debe ser 4 Digitos|
63|Nombre del Producto|PRDE01A|Tamaño de registro debe ser 11 Digitos|
63|Número de Control|000005|Tamaño de registro debe ser 20 Digitos|
64|(1)Numero Empleado|1100000005|Identificador de estado Invalido (01)|
64|Total de Pagos||Tamaño de registro debe ser 4 Digitos|
64|Pagos Efectuados||Tamaño de registro debe ser 4 Digitos|
64|Nombre del Producto|PRDE01A|Tamaño de registro debe ser 11 Digitos|
64|Número de Control|000005|Tamaño de registro debe ser 20 Digitos|
65|(1)Numero Empleado|1100000005|Identificador de estado Invalido (01)|
65|Total de Pagos||Tamaño de registro debe ser 4 Digitos|
65|Pagos Efectuados||Tamaño de registro debe ser 4 Digitos|
65|Nombre del Producto|PRDE01A|Tamaño de registro debe ser 11 Digitos|
65|Número de Control|000005|Tamaño de registro debe ser 20 Digitos|
66|(1)Numero Empleado|1100000005|Identificador de estado Invalido (01)|
66|Total de Pagos||Tamaño de registro debe ser 4 Digitos|
66|Pagos Efectuados||Tamaño de registro debe ser 4 Digitos|
66|Nombre del Producto|PRDE01A|Tamaño de registro debe ser 11 Digitos|
66|Número de Control|000005|Tamaño de registro debe ser 20 Digitos|
67|(1)Numero Empleado|1100000005|Identificador de estado Invalido (01)|
67|Total de Pagos||Tamaño de registro debe ser 4 Digitos|
67|Pagos Efectuados||Tamaño de registro debe ser 4 Digitos|
67|Nombre del Producto|PRDE01A|Tamaño de registro debe ser 11 Digitos|
67|Número de Control|000005|Tamaño de registro debe ser 20 Digitos|
68|(1)Numero Empleado|1100000005|Identificador de estado Invalido (01)|
68|Total de Pagos||Tamaño de registro debe ser 4 Digitos|
68|Pagos Efectuados||Tamaño de registro debe ser 4 Digitos|
68|Nombre del Producto|PRDE01A|Tamaño de registro debe ser 11 Digitos|
68|Número de Control|000005|Tamaño de registro debe ser 20 Digitos|
69|(1)Numero Empleado|1100000005|Identificador de estado Invalido (01)|
69|Total de Pagos||Tamaño de registro debe ser 4 Digitos|
69|Pagos Efectuados||Tamaño de registro debe ser 4 Digitos|
69|Nombre del Producto|PRDE01A|Tamaño de registro debe ser 11 Digitos|
69|Número de Control|000005|Tamaño de registro debe ser 20 Digitos|
70|(1)Numero Empleado|1100000005|Identificador de estado Invalido (01)|
70|Total de Pagos||Tamaño de registro debe ser 4 Digitos|
70|Pagos Efectuados||Tamaño de registro debe ser 4 Digitos|
70|Nombre del Producto|PRDE01A|Tamaño de registro debe ser 11 Digitos|
70|Número de Control|000005|Tamaño de registro debe ser 20 Digitos|
71|(1)Numero Empleado|1100000005|Identificador de estado Invalido (01)|
71|Total de Pagos||Tamaño de registro debe ser 4 Digitos|
71|Pagos Efectuados||Tamaño de registro debe ser 4 Digitos|
71|Nombre del Producto|PRDE01A|Tamaño de registro debe ser 11 Digitos|
71|Número de Control|000005|Tamaño de registro debe ser 20 Digitos|
72|(1)Numero Empleado|1100000006|Identificador de estado Invalido (01)|
72|Total de Pagos||Tamaño de registro debe ser 4 Digitos|
72|Pagos Efectuados||Tamaño de registro debe ser 4 Digitos|
72|Nombre del Producto|PRDE01A|Tamaño de registro debe ser 11 Digitos|
72|Número de Control|000006|Tamaño de registro debe ser 20 Digitos|
73|(1)Numero Empleado|1100000006|Identificador de estado Invalido (01)|
73|Total de Pagos||Tamaño de registro debe ser 4 Digitos|
73|Pagos Efectuados||Tamaño de registro debe ser 4 Digitos|
73|Nombre del Producto|PRDE01A|Tamaño de registro debe ser 11 Digitos|
73|Número de Control|000006|Tamaño de registro debe ser 20 Digitos|
74|(1)Numero Empleado|1100000006|Identificador de estado Invalido (01)|
74|Total de Pagos||Tamaño de registro debe ser 4 Digitos|
74|Pagos Efectuados||Tamaño de registro debe ser 4 Digitos|
74|Nombre del Producto|PRDE01A|Tamaño de registro debe ser 11 Digitos|
74|Número de Control|000006|Tamaño de registro debe ser 20 Digitos|
75|(1)Numero Empleado|1100000006|Identificador de estado Invalido (01)|
75|Total de Pagos||Tamaño de registro debe ser 4 Digitos|
75|Pagos Efectuados||Tamaño de registro debe ser 4 Digitos|
75|Nombre del Producto|PRDE01A|Tamaño de registro debe ser 11 Digitos|
75|Número de Control|000006|Tamaño de registro debe ser 20 Digitos|
76|(1)Numero Empleado|1100000006|Identificador de estado Invalido (01)|
76|Total de Pagos||Tamaño de registro debe ser 4 Digitos|
76|Pagos Efectuados||Tamaño de registro debe ser 4 Digitos|
76|Nombre del Producto|PRDE01A|Tamaño de registro debe ser 11 Digitos|
76|Número de Control|000006|Tamaño de registro debe ser 20 Digitos|
77|(1)Numero Empleado|1100000006|Identificador de estado Invalido (01)|
77|Total de Pagos||Tamaño de registro debe ser 4 Digitos|
77|Pagos Efectuados||Tamaño de registro debe ser 4 Digitos|
77|Nombre del Producto|PRDE01A|Tamaño de registro debe ser 11 Digitos|
77|Número de Control|000006|Tamaño de registro debe ser 20 Digitos|
78|(1)Numero Empleado|1100000006|Identificador de estado Invalido (01)|
78|Total de Pagos||Tamaño de registro debe ser 4 Digitos|
78|Pagos Efectuados||Tamaño de registro debe ser 4 Digitos|
78|Nombre del Producto|PRDE01A|Tamaño de registro debe ser 11 Digitos|
78|Número de Control|000006|Tamaño de registro debe ser 20 Digitos|
79|(1)Numero Empleado|1100000006|Identificador de estado Invalido (01)|
79|Total de Pagos||Tamaño de registro debe ser 4 Digitos|
79|Pagos Efectuados||Tamaño de registro debe ser 4 Digitos|
79|Nombre del Producto|PRDE01A|Tamaño de registro debe ser 11 Digitos|
79|Número de Control|000006|Tamaño de registro debe ser 20 Digitos|
80|(1)Numero Empleado|1100000006|Identificador de estado Invalido (01)|
80|Total de Pagos||Tamaño de registro debe ser 4 Digitos|
80|Pagos Efectuados||Tamaño de registro debe ser 4 Digitos|
80|Nombre del Producto|PRDE01A|Tamaño de registro debe ser 11 Digitos|
80|Número de Control|000006|Tamaño de registro debe ser 20 Digitos|
81|(1)Numero Empleado|1100000006|Identificador de estado Invalido (01)|
81|Total de Pagos||Tamaño de registro debe ser 4 Digitos|
81|Pagos Efectuados||Tamaño de registro debe ser 4 Digitos|
81|Nombre del Producto|PRDE01A|Tamaño de registro debe ser 11 Digitos|
81|Número de Control|000006|Tamaño de registro debe ser 20 Digitos|
82|(1)Numero Empleado|1100000006|Identificador de estado Invalido (01)|
82|Total de Pagos||Tamaño de registro debe ser 4 Digitos|
82|Pagos Efectuados||Tamaño de registro debe ser 4 Digitos|
82|Nombre del Producto|PRDE01A|Tamaño de registro debe ser 11 Digitos|
82|Número de Control|000006|Tamaño de registro debe ser 20 Digitos|
83|(1)Numero Empleado|1100000006|Identificador de estado Invalido (01)|
83|Total de Pagos||Tamaño de registro debe ser 4 Digitos|
83|Pagos Efectuados||Tamaño de registro debe ser 4 Digitos|
83|Nombre del Producto|PRDE01A|Tamaño de registro debe ser 11 Digitos|
83|Número de Control|000006|Tamaño de registro debe ser 20 Digitos|
84|(1)Numero Empleado|1100000006|Identificador de estado Invalido (01)|
84|Total de Pagos||Tamaño de registro debe ser 4 Digitos|
84|Pagos Efectuados||Tamaño de registro debe ser 4 Digitos|
84|Nombre del Producto|PRDE01A|Tamaño de registro debe ser 11 Digitos|
84|Número de Control|000006|Tamaño de registro debe ser 20 Digitos|
85|(1)Numero Empleado|1100000006|Identificador de estado Invalido (01)|
85|Total de Pagos||Tamaño de registro debe ser 4 Digitos|
85|Pagos Efectuados||Tamaño de registro debe ser 4 Digitos|
85|Nombre del Producto|PRDE01A|Tamaño de registro debe ser 11 Digitos|
85|Número de Control|000006|Tamaño de registro debe ser 20 Digitos|
86|(1)Numero Empleado|1100000006|Identificador de estado Invalido (01)|
86|Tipo de Concepto|3|No cumple con la Directiva de Calidad definida por la DGRH [1-2]|
86|Total de Pagos||Tamaño de registro debe ser 4 Digitos|
86|Pagos Efectuados||Tamaño de registro debe ser 4 Digitos|
86|Nombre del Producto|PRDE01A|Tamaño de registro debe ser 11 Digitos|
86|Número de Control|000006|Tamaño de registro debe ser 20 Digitos|
87|(1)Numero Empleado|1100000006|Identificador de estado Invalido (01)|
87|Total de Pagos||Tamaño de registro debe ser 4 Digitos|
87|Pagos Efectuados||Tamaño de registro debe ser 4 Digitos|
87|Nombre del Producto|PRDE01A|Tamaño de registro debe ser 11 Digitos|
87|Número de Control|000006|Tamaño de registro debe ser 20 Digitos|
88|(1)Numero Empleado|1100000006|Identificador de estado Invalido (01)|
88|Total de Pagos||Tamaño de registro debe ser 4 Digitos|
88|Pagos Efectuados||Tamaño de registro debe ser 4 Digitos|
88|Nombre del Producto|PRDE01A|Tamaño de registro debe ser 11 Digitos|
88|Número de Control|000006|Tamaño de registro debe ser 20 Digitos|
89|(1)Numero Empleado|1100000006|Identificador de estado Invalido (01)|
89|Total de Pagos||Tamaño de registro debe ser 4 Digitos|
89|Pagos Efectuados||Tamaño de registro debe ser 4 Digitos|
89|Nombre del Producto|PRDE01A|Tamaño de registro debe ser 11 Digitos|
89|Número de Control|000006|Tamaño de registro debe ser 20 Digitos|
90|(1)Numero Empleado|1100000006|Identificador de estado Invalido (01)|
90|Total de Pagos||Tamaño de registro debe ser 4 Digitos|
90|Pagos Efectuados||Tamaño de registro debe ser 4 Digitos|
90|Nombre del Producto|PRDE01A|Tamaño de registro debe ser 11 Digitos|
90|Número de Control|000006|Tamaño de registro debe ser 20 Digitos|
91|(1)Numero Empleado|1100000006|Identificador de estado Invalido (01)|
91|Total de Pagos||Tamaño de registro debe ser 4 Digitos|
91|Pagos Efectuados||Tamaño de registro debe ser 4 Digitos|
91|Nombre del Producto|PRDE01A|Tamaño de registro debe ser 11 Digitos|
91|Número de Control|000006|Tamaño de registro debe ser 20 Digitos|
92|(1)Numero Empleado|1100000006|Identificador de estado Invalido (01)|
92|Total de Pagos||Tamaño de registro debe ser 4 Digitos|
92|Pagos Efectuados||Tamaño de registro debe ser 4 Digitos|
92|Nombre del Producto|PRDE01A|Tamaño de registro debe ser 11 Digitos|
92|Número de Control|000006|Tamaño de registro debe ser 20 Digitos|
93|(1)Numero Empleado|1100000006|Identificador de estado Invalido (01)|
93|Total de Pagos||Tamaño de registro debe ser 4 Digitos|
93|Pagos Efectuados||Tamaño de registro debe ser 4 Digitos|
93|Nombre del Producto|PRDE01A|Tamaño de registro debe ser 11 Digitos|
93|Número de Control|000006|Tamaño de registro debe ser 20 Digitos|
94|(1)Numero Empleado|1100000006|Identificador de estado Invalido (01)|
94|Total de Pagos||Tamaño de registro debe ser 4 Digitos|
94|Pagos Efectuados||Tamaño de registro debe ser 4 Digitos|
94|Nombre del Producto|PRDE01A|Tamaño de registro debe ser 11 Digitos|
94|Número de Control|000006|Tamaño de registro debe ser 20 Digitos|
95|(1)Numero Empleado|1100000006|Identificador de estado Invalido (01)|
95|Total de Pagos||Tamaño de registro debe ser 4 Digitos|
95|Pagos Efectuados||Tamaño de registro debe ser 4 Digitos|
95|Nombre del Producto|PRDE01A|Tamaño de registro debe ser 11 Digitos|
95|Número de Control|000006|Tamaño de registro debe ser 20 Digitos|
96|(1)Numero Empleado|1100000006|Identificador de estado Invalido (01)|
96|Total de Pagos||Tamaño de registro debe ser 4 Digitos|
96|Pagos Efectuados||Tamaño de registro debe ser 4 Digitos|
96|Nombre del Producto|PRDE01A|Tamaño de registro debe ser 11 Digitos|
96|Número de Control|000006|Tamaño de registro debe ser 20 Digitos|
97|(1)Numero Empleado|1100000006|Identificador de estado Invalido (01)|
97|Total de Pagos||Tamaño de registro debe ser 4 Digitos|
97|Pagos Efectuados||Tamaño de registro debe ser 4 Digitos|
97|Nombre del Producto|PRDE01A|Tamaño de registro debe ser 11 Digitos|
97|Número de Control|000006|Tamaño de registro debe ser 20 Digitos|
98|(1)Numero Empleado|1100000006|Identificador de estado Invalido (01)|
98|Total de Pagos||Tamaño de registro debe ser 4 Digitos|
98|Pagos Efectuados||Tamaño de registro debe ser 4 Digitos|
98|Nombre del Producto|PRDE01A|Tamaño de registro debe ser 11 Digitos|
98|Número de Control|000006|Tamaño de registro debe ser 20 Digitos|
99|(1)Numero Empleado|1100000007|Identificador de estado Invalido (01)|
99|Total de Pagos||Tamaño de registro debe ser 4 Digitos|
99|Pagos Efectuados||Tamaño de registro debe ser 4 Digitos|
99|Nombre del Producto|PRDE01A|Tamaño de registro debe ser 11 Digitos|
99|Número de Control|000007|Tamaño de registro debe ser 20 Digitos|
100|(1)Numero Empleado|1100000008|Identificador de estado Invalido (01)|
100|Total de Pagos||Tamaño de registro debe ser 4 Digitos|
100|Pagos Efectuados||Tamaño de registro debe ser 4 Digitos|
100|Nombre del Producto|PRDE01A|Tamaño de registro debe ser 11 Digitos|
100|Número de Control|000008|Tamaño de registro debe ser 20 Digitos|
101|(1)Numero Empleado|1100000008|Identificador de estado Invalido (01)|
101|Total de Pagos||Tamaño de registro debe ser 4 Digitos|
101|Pagos Efectuados||Tamaño de registro debe ser 4 Digitos|
101|Nombre del Producto|PRDE01A|Tamaño de registro debe ser 11 Digitos|
101|Número de Control|000008|Tamaño de registro debe ser 20 Digitos|
102|(1)Numero Empleado|1100000009|Identificador de estado Invalido (01)|
102|Total de Pagos||Tamaño de registro debe ser 4 Digitos|
102|Pagos Efectuados||Tamaño de registro debe ser 4 Digitos|
102|Nombre del Producto|PRDE01A|Tamaño de registro debe ser 11 Digitos|
102|Número de Control|000009|Tamaño de registro debe ser 20 Digitos|
103|(1)Numero Empleado|1100000010|Identificador de estado Invalido (01)|
103|Total de Pagos||Tamaño de registro debe ser 4 Digitos|
103|Pagos Efectuados||Tamaño de registro debe ser 4 Digitos|
103|Nombre del Producto|PRDE01C|Tamaño de registro debe ser 11 Digitos|
103|Número de Control|000010|Tamaño de registro debe ser 20 Digitos|
104|(1)Numero Empleado|1100000010|Identificador de estado Invalido (01)|
104|Total de Pagos||Tamaño de registro debe ser 4 Digitos|
104|Pagos Efectuados||Tamaño de registro debe ser 4 Digitos|
104|Nombre del Producto|PRDE01C|Tamaño de registro debe ser 11 Digitos|
104|Número de Control|000010|Tamaño de registro debe ser 20 Digitos|
105|(1)Numero Empleado|1100000011|Identificador de estado Invalido (01)|
105|Total de Pagos||Tamaño de registro debe ser 4 Digitos|
105|Pagos Efectuados||Tamaño de registro debe ser 4 Digitos|
105|Nombre del Producto|PRDE01C|Tamaño de registro debe ser 11 Digitos|
105|Número de Control|000011|Tamaño de registro debe ser 20 Digitos|
106|(1)Numero Empleado|1100000011|Identificador de estado Invalido (01)|
106|Total de Pagos||Tamaño de registro debe ser 4 Digitos|
106|Pagos Efectuados||Tamaño de registro debe ser 4 Digitos|
106|Nombre del Producto|PRDE01C|Tamaño de registro debe ser 11 Digitos|
106|Número de Control|000011|Tamaño de registro debe ser 20 Digitos|
107|(1)Numero Empleado|1100000012|Identificador de estado Invalido (01)|
107|Total de Pagos||Tamaño de registro debe ser 4 Digitos|
107|Pagos Efectuados||Tamaño de registro debe ser 4 Digitos|
107|Nombre del Producto|PRDE01F|Tamaño de registro debe ser 11 Digitos|
107|Número de Control|000012|Tamaño de registro debe ser 20 Digitos|
