1|(1)Numero Empleado|1100000001|Identificador de estado Invalido (01)|
1|(9)Clave del Banco (CLABE)||Tamaño de Clave del Banco (CLABE) debe ser 18 dígitos|
1|(10)Clave del Servicio Profesional de Carrera (FUNCION)|7|Tamaño de Clave del Servicio Profesional de Carrera (FUNCION) debe ser 2 dígitos|
1|(19)Programa General|11|La Programa General no es parte del catalogo de DGRH|
1|(24)Número de Puesto|0001|El Número Puesto no es parte del catalogo de DGRH|
1|(26)Municipio|017|El Municipio no es parte del catalogo de DGRH|
1|(27)Centro de Responsabilidad|1123140000|El Centro de Responsabilidad no corresponde al Estado|
1|(28)Cédula de Identidad (NSS)|000080936204306|Tamaño de campo Cédula de Identidad (NSS) debe ser  a 11 Caracters|
1|(30)Número de AHISA-Fuente de Financiamiento|1|Tamaño de campo Número de AHISA-Fuente de Financiamiento debe ser de 2 Digítos|
1|(38)Nivel de puesto - Nivel de puesto SPC||Nivel de puesto - Nivel de puesto SPC debe ser de 10 Digítos|
1|(42)Fecha de Reingreso|19870901|Fecha de Reingreso no puede ser menor a Fecha de Ingreso al Gobierno Federal|
1|(44)Fecha de Pago|291215|Fecha de Pago debe ser de 9 Caracteres(DDMMMAAAA (AAAA=año, MM=mes(primeras 3 letras), DD=día))|
1|(48)Periodo de Aplicación Final|20160115|No Corresponde a datos de Aplicacion Final (15/28/29/30/31)|
1|(50)Año de Proceso Real|2016|No se aceptan años posteriores a año de periodo de pago inicial y perido de pago final |
1|(54)Percepciones |8046.28|Percepciones debe  ser de 10 digitos y 2 decimales|
1|(55)Deducciones |0|Deducciones debe  ser de 10 digitos y 2 decimales |
1|(56)Neto|8046.28|Neto debe  ser de 10 digitos y 2 decimales |
1|(59)Nombre del Producto|PRDE01B|Nombre del Producto debe  ser de 11 caracteres/numeros|
1|(61)Número de Cheque|000568336|Número de Cheque debe  ser de 10 Digitos|
1|(65)Ciclo del FONAC|26|Ciclo del FONAC debe  ser de 4 Digitos|
1|(66)Número de Aportaciones al FONAC||Número de Aportaciones al FONAC debe  ser de 2 Digitos|
1|(67)Acumulado de FONAC|250.25|Acumulado de FONAC debe  ser de 10 Digitos|
1|(69)Licencia sin Goce de Sueldo / CLUES|GTSSA001290|Licencia sin Goce de Sueldo / CLUES No coincide el catalogo definido por la DGRH|
1|(70)Porcentaje de Pensión 01 |00000000|Porcentaje de Pensión 01   ser de 3 enteros y 2 decimales(###.##)|
1|(71)Porcentaje de Pensión 02 |00000000|Porcentaje de Pensión 02   ser de 3 enteros y 2 decimales(###.##)|
1|(72)Porcentaje de Pensión 03|00000000|Porcentaje de Pensión 03 ser de 3 enteros y 2 decimales(###.##)|
1|(73)Porcentaje de Pensión 04|00000000|Porcentaje de Pensión 04 ser de 3 enteros y 2 decimales(###.##)|
1|(74)Porcentaje de Pensión 05|00000000|Porcentaje de Pensión 04 ser de 3 enteros y 2 decimales(###.##)|
2|(1)Numero Empleado|1100000002|Identificador de estado Invalido (01)|
2|(9)Clave del Banco (CLABE)||Tamaño de Clave del Banco (CLABE) debe ser 18 dígitos|
2|(10)Clave del Servicio Profesional de Carrera (FUNCION)|1|Tamaño de Clave del Servicio Profesional de Carrera (FUNCION) debe ser 2 dígitos|
2|(19)Programa General|11|La Programa General no es parte del catalogo de DGRH|
2|(23)Puesto| M01004|El Puesto no es parte del catalogo de DGRH|
2|(24)Número de Puesto|0054|El Número Puesto no es parte del catalogo de DGRH|
2|(26)Municipio|017|El Municipio no es parte del catalogo de DGRH|
2|(27)Centro de Responsabilidad|1125170000|El Centro de Responsabilidad no corresponde al Estado|
2|(28)Cédula de Identidad (NSS)|000080886261645|Tamaño de campo Cédula de Identidad (NSS) debe ser  a 11 Caracters|
2|(30)Número de AHISA-Fuente de Financiamiento|1|Tamaño de campo Número de AHISA-Fuente de Financiamiento debe ser de 2 Digítos|
2|(38)Nivel de puesto - Nivel de puesto SPC||Nivel de puesto - Nivel de puesto SPC debe ser de 10 Digítos|
2|(42)Fecha de Reingreso|19910301|Fecha de Reingreso no puede ser menor a Fecha de Ingreso al Gobierno Federal|
2|(44)Fecha de Pago|291215|Fecha de Pago debe ser de 9 Caracteres(DDMMMAAAA (AAAA=año, MM=mes(primeras 3 letras), DD=día))|
2|(48)Periodo de Aplicación Final|20160115|No Corresponde a datos de Aplicacion Final (15/28/29/30/31)|
2|(50)Año de Proceso Real|2016|No se aceptan años posteriores a año de periodo de pago inicial y perido de pago final |
2|(54)Percepciones |12543.4|Percepciones debe  ser de 10 digitos y 2 decimales|
2|(55)Deducciones |0|Deducciones debe  ser de 10 digitos y 2 decimales |
2|(56)Neto|12543.4|Neto debe  ser de 10 digitos y 2 decimales |
2|(59)Nombre del Producto|PRDE01B|Nombre del Producto debe  ser de 11 caracteres/numeros|
2|(61)Número de Cheque|000568337|Número de Cheque debe  ser de 10 Digitos|
2|(65)Ciclo del FONAC|26|Ciclo del FONAC debe  ser de 4 Digitos|
2|(66)Número de Aportaciones al FONAC||Número de Aportaciones al FONAC debe  ser de 2 Digitos|
2|(67)Acumulado de FONAC|250.25|Acumulado de FONAC debe  ser de 10 Digitos|
2|(69)Licencia sin Goce de Sueldo / CLUES|GTSSA001652|Licencia sin Goce de Sueldo / CLUES No coincide el catalogo definido por la DGRH|
2|(70)Porcentaje de Pensión 01 |00000000|Porcentaje de Pensión 01   ser de 3 enteros y 2 decimales(###.##)|
2|(71)Porcentaje de Pensión 02 |00000000|Porcentaje de Pensión 02   ser de 3 enteros y 2 decimales(###.##)|
2|(72)Porcentaje de Pensión 03|00000000|Porcentaje de Pensión 03 ser de 3 enteros y 2 decimales(###.##)|
2|(73)Porcentaje de Pensión 04|00000000|Porcentaje de Pensión 04 ser de 3 enteros y 2 decimales(###.##)|
2|(74)Porcentaje de Pensión 05|00000000|Porcentaje de Pensión 04 ser de 3 enteros y 2 decimales(###.##)|
3|(1)Numero Empleado|1100000003|Identificador de estado Invalido (01)|
3|(9)Clave del Banco (CLABE)||Tamaño de Clave del Banco (CLABE) debe ser 18 dígitos|
3|(10)Clave del Servicio Profesional de Carrera (FUNCION)|6|Tamaño de Clave del Servicio Profesional de Carrera (FUNCION) debe ser 2 dígitos|
3|(19)Programa General|11|La Programa General no es parte del catalogo de DGRH|
3|(23)Puesto| M02006|El Puesto no es parte del catalogo de DGRH|
3|(26)Municipio|017|El Municipio no es parte del catalogo de DGRH|
3|(27)Centro de Responsabilidad|1125170000|El Centro de Responsabilidad no corresponde al Estado|
3|(28)Cédula de Identidad (NSS)|000080896262864|Tamaño de campo Cédula de Identidad (NSS) debe ser  a 11 Caracters|
3|(30)Número de AHISA-Fuente de Financiamiento|1|Tamaño de campo Número de AHISA-Fuente de Financiamiento debe ser de 2 Digítos|
3|(38)Nivel de puesto - Nivel de puesto SPC||Nivel de puesto - Nivel de puesto SPC debe ser de 10 Digítos|
3|(42)Fecha de Reingreso|19790301|Fecha de Reingreso no puede ser menor a Fecha de Ingreso al Gobierno Federal|
3|(44)Fecha de Pago|291215|Fecha de Pago debe ser de 9 Caracteres(DDMMMAAAA (AAAA=año, MM=mes(primeras 3 letras), DD=día))|
3|(48)Periodo de Aplicación Final|20160115|No Corresponde a datos de Aplicacion Final (15/28/29/30/31)|
3|(50)Año de Proceso Real|2016|No se aceptan años posteriores a año de periodo de pago inicial y perido de pago final |
3|(54)Percepciones |5264.78|Percepciones debe  ser de 10 digitos y 2 decimales|
3|(55)Deducciones |0|Deducciones debe  ser de 10 digitos y 2 decimales |
3|(56)Neto|5264.78|Neto debe  ser de 10 digitos y 2 decimales |
3|(59)Nombre del Producto|PRDE01B|Nombre del Producto debe  ser de 11 caracteres/numeros|
3|(61)Número de Cheque|000568338|Número de Cheque debe  ser de 10 Digitos|
3|(65)Ciclo del FONAC|26|Ciclo del FONAC debe  ser de 4 Digitos|
3|(66)Número de Aportaciones al FONAC||Número de Aportaciones al FONAC debe  ser de 2 Digitos|
3|(67)Acumulado de FONAC|250.25|Acumulado de FONAC debe  ser de 10 Digitos|
3|(69)Licencia sin Goce de Sueldo / CLUES|GTSSA001652|Licencia sin Goce de Sueldo / CLUES No coincide el catalogo definido por la DGRH|
3|(70)Porcentaje de Pensión 01 |00000000|Porcentaje de Pensión 01   ser de 3 enteros y 2 decimales(###.##)|
3|(71)Porcentaje de Pensión 02 |00000000|Porcentaje de Pensión 02   ser de 3 enteros y 2 decimales(###.##)|
3|(72)Porcentaje de Pensión 03|00000000|Porcentaje de Pensión 03 ser de 3 enteros y 2 decimales(###.##)|
3|(73)Porcentaje de Pensión 04|00000000|Porcentaje de Pensión 04 ser de 3 enteros y 2 decimales(###.##)|
3|(74)Porcentaje de Pensión 05|00000000|Porcentaje de Pensión 04 ser de 3 enteros y 2 decimales(###.##)|
4|(1)Numero Empleado|1100000004|Identificador de estado Invalido (01)|
4|(9)Clave del Banco (CLABE)||Tamaño de Clave del Banco (CLABE) debe ser 18 dígitos|
4|(10)Clave del Servicio Profesional de Carrera (FUNCION)|9|Tamaño de Clave del Servicio Profesional de Carrera (FUNCION) debe ser 2 dígitos|
4|(19)Programa General|11|La Programa General no es parte del catalogo de DGRH|
4|(23)Puesto| M03020|El Puesto no es parte del catalogo de DGRH|
4|(24)Número de Puesto|0160|El Número Puesto no es parte del catalogo de DGRH|
4|(26)Municipio|017|El Municipio no es parte del catalogo de DGRH|
4|(27)Centro de Responsabilidad|1128280000|El Centro de Responsabilidad no corresponde al Estado|
4|(28)Cédula de Identidad (NSS)|000080936562166|Tamaño de campo Cédula de Identidad (NSS) debe ser  a 11 Caracters|
4|(30)Número de AHISA-Fuente de Financiamiento|1|Tamaño de campo Número de AHISA-Fuente de Financiamiento debe ser de 2 Digítos|
4|(38)Nivel de puesto - Nivel de puesto SPC||Nivel de puesto - Nivel de puesto SPC debe ser de 10 Digítos|
4|(42)Fecha de Reingreso|19871116|Fecha de Reingreso no puede ser menor a Fecha de Ingreso al Gobierno Federal|
4|(44)Fecha de Pago|291215|Fecha de Pago debe ser de 9 Caracteres(DDMMMAAAA (AAAA=año, MM=mes(primeras 3 letras), DD=día))|
4|(48)Periodo de Aplicación Final|20160115|No Corresponde a datos de Aplicacion Final (15/28/29/30/31)|
4|(50)Año de Proceso Real|2016|No se aceptan años posteriores a año de periodo de pago inicial y perido de pago final |
4|(54)Percepciones |1960.05|Percepciones debe  ser de 10 digitos y 2 decimales|
4|(55)Deducciones |0|Deducciones debe  ser de 10 digitos y 2 decimales |
4|(56)Neto|1960.05|Neto debe  ser de 10 digitos y 2 decimales |
4|(59)Nombre del Producto|PRDE01B|Nombre del Producto debe  ser de 11 caracteres/numeros|
4|(61)Número de Cheque|000568339|Número de Cheque debe  ser de 10 Digitos|
4|(65)Ciclo del FONAC|26|Ciclo del FONAC debe  ser de 4 Digitos|
4|(66)Número de Aportaciones al FONAC||Número de Aportaciones al FONAC debe  ser de 2 Digitos|
4|(67)Acumulado de FONAC|250.25|Acumulado de FONAC debe  ser de 10 Digitos|
4|(69)Licencia sin Goce de Sueldo / CLUES|GTSSA003361|Licencia sin Goce de Sueldo / CLUES No coincide el catalogo definido por la DGRH|
4|(70)Porcentaje de Pensión 01 |00000000|Porcentaje de Pensión 01   ser de 3 enteros y 2 decimales(###.##)|
4|(71)Porcentaje de Pensión 02 |00000000|Porcentaje de Pensión 02   ser de 3 enteros y 2 decimales(###.##)|
4|(72)Porcentaje de Pensión 03|00000000|Porcentaje de Pensión 03 ser de 3 enteros y 2 decimales(###.##)|
4|(73)Porcentaje de Pensión 04|00000000|Porcentaje de Pensión 04 ser de 3 enteros y 2 decimales(###.##)|
4|(74)Porcentaje de Pensión 05|00000000|Porcentaje de Pensión 04 ser de 3 enteros y 2 decimales(###.##)|
5|(1)Numero Empleado|1100000005|Identificador de estado Invalido (01)|
5|(9)Clave del Banco (CLABE)||Tamaño de Clave del Banco (CLABE) debe ser 18 dígitos|
5|(10)Clave del Servicio Profesional de Carrera (FUNCION)|7|Tamaño de Clave del Servicio Profesional de Carrera (FUNCION) debe ser 2 dígitos|
5|(19)Programa General|11|La Programa General no es parte del catalogo de DGRH|
5|(24)Número de Puesto|0001|El Número Puesto no es parte del catalogo de DGRH|
5|(26)Municipio|017|El Municipio no es parte del catalogo de DGRH|
5|(27)Centro de Responsabilidad|1123140000|El Centro de Responsabilidad no corresponde al Estado|
5|(28)Cédula de Identidad (NSS)|000080936204306|Tamaño de campo Cédula de Identidad (NSS) debe ser  a 11 Caracters|
5|(30)Número de AHISA-Fuente de Financiamiento|1|Tamaño de campo Número de AHISA-Fuente de Financiamiento debe ser de 2 Digítos|
5|(38)Nivel de puesto - Nivel de puesto SPC||Nivel de puesto - Nivel de puesto SPC debe ser de 10 Digítos|
5|(42)Fecha de Reingreso|19870901|Fecha de Reingreso no puede ser menor a Fecha de Ingreso al Gobierno Federal|
5|(44)Fecha de Pago|291215|Fecha de Pago debe ser de 9 Caracteres(DDMMMAAAA (AAAA=año, MM=mes(primeras 3 letras), DD=día))|
5|(48)Periodo de Aplicación Final|20160115|No Corresponde a datos de Aplicacion Final (15/28/29/30/31)|
5|(50)Año de Proceso Real|2016|No se aceptan años posteriores a año de periodo de pago inicial y perido de pago final |
5|(54)Percepciones |2516.38|Percepciones debe  ser de 10 digitos y 2 decimales|
5|(55)Deducciones |0|Deducciones debe  ser de 10 digitos y 2 decimales |
5|(56)Neto|2516.38|Neto debe  ser de 10 digitos y 2 decimales |
5|(59)Nombre del Producto|PRDE01D|Nombre del Producto debe  ser de 11 caracteres/numeros|
5|(61)Número de Cheque|000568342|Número de Cheque debe  ser de 10 Digitos|
5|(65)Ciclo del FONAC|26|Ciclo del FONAC debe  ser de 4 Digitos|
5|(66)Número de Aportaciones al FONAC||Número de Aportaciones al FONAC debe  ser de 2 Digitos|
5|(67)Acumulado de FONAC|250.25|Acumulado de FONAC debe  ser de 10 Digitos|
5|(69)Licencia sin Goce de Sueldo / CLUES|GTSSA001290|Licencia sin Goce de Sueldo / CLUES No coincide el catalogo definido por la DGRH|
5|(70)Porcentaje de Pensión 01 |00000000|Porcentaje de Pensión 01   ser de 3 enteros y 2 decimales(###.##)|
5|(71)Porcentaje de Pensión 02 |00000000|Porcentaje de Pensión 02   ser de 3 enteros y 2 decimales(###.##)|
5|(72)Porcentaje de Pensión 03|00000000|Porcentaje de Pensión 03 ser de 3 enteros y 2 decimales(###.##)|
5|(73)Porcentaje de Pensión 04|00000000|Porcentaje de Pensión 04 ser de 3 enteros y 2 decimales(###.##)|
5|(74)Porcentaje de Pensión 05|00000000|Porcentaje de Pensión 04 ser de 3 enteros y 2 decimales(###.##)|
6|(1)Numero Empleado|1100000006|Identificador de estado Invalido (01)|
6|(9)Clave del Banco (CLABE)||Tamaño de Clave del Banco (CLABE) debe ser 18 dígitos|
6|(10)Clave del Servicio Profesional de Carrera (FUNCION)|1|Tamaño de Clave del Servicio Profesional de Carrera (FUNCION) debe ser 2 dígitos|
6|(19)Programa General|11|La Programa General no es parte del catalogo de DGRH|
6|(23)Puesto| M01004|El Puesto no es parte del catalogo de DGRH|
6|(24)Número de Puesto|0054|El Número Puesto no es parte del catalogo de DGRH|
6|(26)Municipio|017|El Municipio no es parte del catalogo de DGRH|
6|(27)Centro de Responsabilidad|1125170000|El Centro de Responsabilidad no corresponde al Estado|
6|(28)Cédula de Identidad (NSS)|000080886261645|Tamaño de campo Cédula de Identidad (NSS) debe ser  a 11 Caracters|
6|(30)Número de AHISA-Fuente de Financiamiento|1|Tamaño de campo Número de AHISA-Fuente de Financiamiento debe ser de 2 Digítos|
6|(38)Nivel de puesto - Nivel de puesto SPC||Nivel de puesto - Nivel de puesto SPC debe ser de 10 Digítos|
6|(42)Fecha de Reingreso|19910301|Fecha de Reingreso no puede ser menor a Fecha de Ingreso al Gobierno Federal|
6|(44)Fecha de Pago|291215|Fecha de Pago debe ser de 9 Caracteres(DDMMMAAAA (AAAA=año, MM=mes(primeras 3 letras), DD=día))|
6|(48)Periodo de Aplicación Final|20160115|No Corresponde a datos de Aplicacion Final (15/28/29/30/31)|
6|(50)Año de Proceso Real|2016|No se aceptan años posteriores a año de periodo de pago inicial y perido de pago final |
6|(54)Percepciones |4339.2|Percepciones debe  ser de 10 digitos y 2 decimales|
6|(55)Deducciones |0|Deducciones debe  ser de 10 digitos y 2 decimales |
6|(56)Neto|4339.2|Neto debe  ser de 10 digitos y 2 decimales |
6|(59)Nombre del Producto|PRDE01D|Nombre del Producto debe  ser de 11 caracteres/numeros|
6|(61)Número de Cheque|000568343|Número de Cheque debe  ser de 10 Digitos|
6|(65)Ciclo del FONAC|26|Ciclo del FONAC debe  ser de 4 Digitos|
6|(66)Número de Aportaciones al FONAC||Número de Aportaciones al FONAC debe  ser de 2 Digitos|
6|(67)Acumulado de FONAC|250.25|Acumulado de FONAC debe  ser de 10 Digitos|
6|(69)Licencia sin Goce de Sueldo / CLUES|GTSSA001652|Licencia sin Goce de Sueldo / CLUES No coincide el catalogo definido por la DGRH|
6|(70)Porcentaje de Pensión 01 |00000000|Porcentaje de Pensión 01   ser de 3 enteros y 2 decimales(###.##)|
6|(71)Porcentaje de Pensión 02 |00000000|Porcentaje de Pensión 02   ser de 3 enteros y 2 decimales(###.##)|
6|(72)Porcentaje de Pensión 03|00000000|Porcentaje de Pensión 03 ser de 3 enteros y 2 decimales(###.##)|
6|(73)Porcentaje de Pensión 04|00000000|Porcentaje de Pensión 04 ser de 3 enteros y 2 decimales(###.##)|
6|(74)Porcentaje de Pensión 05|00000000|Porcentaje de Pensión 04 ser de 3 enteros y 2 decimales(###.##)|
