1|Total de Pagos||Tamaño de registro debe ser 4 Digitos|
1|Pagos Efectuados||Tamaño de registro debe ser 4 Digitos|
1|Nombre del Producto|PRDR040|Tamaño de registro debe ser 11 Digitos|
1|Número de Control|2|Tamaño de registro debe ser 20 Digitos|
2|Total de Pagos||Tamaño de registro debe ser 4 Digitos|
2|Pagos Efectuados||Tamaño de registro debe ser 4 Digitos|
2|Nombre del Producto|PRDR040|Tamaño de registro debe ser 11 Digitos|
2|Número de Control|2|Tamaño de registro debe ser 20 Digitos|
3|Total de Pagos||Tamaño de registro debe ser 4 Digitos|
3|Pagos Efectuados||Tamaño de registro debe ser 4 Digitos|
3|Nombre del Producto|PRDR040|Tamaño de registro debe ser 11 Digitos|
3|Número de Control|2|Tamaño de registro debe ser 20 Digitos|
4|Total de Pagos||Tamaño de registro debe ser 4 Digitos|
4|Pagos Efectuados||Tamaño de registro debe ser 4 Digitos|
4|Nombre del Producto|PRDR040|Tamaño de registro debe ser 11 Digitos|
4|Número de Control|2|Tamaño de registro debe ser 20 Digitos|
5|Total de Pagos||Tamaño de registro debe ser 4 Digitos|
5|Pagos Efectuados||Tamaño de registro debe ser 4 Digitos|
5|Nombre del Producto|PRDR040|Tamaño de registro debe ser 11 Digitos|
5|Número de Control|2|Tamaño de registro debe ser 20 Digitos|
6|Total de Pagos||Tamaño de registro debe ser 4 Digitos|
6|Pagos Efectuados||Tamaño de registro debe ser 4 Digitos|
6|Nombre del Producto|PRDR040|Tamaño de registro debe ser 11 Digitos|
6|Número de Control|2|Tamaño de registro debe ser 20 Digitos|
7|Total de Pagos||Tamaño de registro debe ser 4 Digitos|
7|Pagos Efectuados||Tamaño de registro debe ser 4 Digitos|
7|Nombre del Producto|PRDR040|Tamaño de registro debe ser 11 Digitos|
7|Número de Control|2|Tamaño de registro debe ser 20 Digitos|
8|Total de Pagos||Tamaño de registro debe ser 4 Digitos|
8|Pagos Efectuados||Tamaño de registro debe ser 4 Digitos|
8|Nombre del Producto|PRDR040|Tamaño de registro debe ser 11 Digitos|
8|Número de Control|3|Tamaño de registro debe ser 20 Digitos|
9|Total de Pagos||Tamaño de registro debe ser 4 Digitos|
9|Pagos Efectuados||Tamaño de registro debe ser 4 Digitos|
9|Nombre del Producto|PRDR040|Tamaño de registro debe ser 11 Digitos|
9|Número de Control|3|Tamaño de registro debe ser 20 Digitos|
10|Total de Pagos||Tamaño de registro debe ser 4 Digitos|
10|Pagos Efectuados||Tamaño de registro debe ser 4 Digitos|
10|Nombre del Producto|PRDR040|Tamaño de registro debe ser 11 Digitos|
10|Número de Control|3|Tamaño de registro debe ser 20 Digitos|
11|Total de Pagos||Tamaño de registro debe ser 4 Digitos|
11|Pagos Efectuados||Tamaño de registro debe ser 4 Digitos|
11|Nombre del Producto|PRDR040|Tamaño de registro debe ser 11 Digitos|
11|Número de Control|3|Tamaño de registro debe ser 20 Digitos|
12|Total de Pagos||Tamaño de registro debe ser 4 Digitos|
12|Pagos Efectuados||Tamaño de registro debe ser 4 Digitos|
12|Nombre del Producto|PRDR040|Tamaño de registro debe ser 11 Digitos|
12|Número de Control|3|Tamaño de registro debe ser 20 Digitos|
13|Total de Pagos||Tamaño de registro debe ser 4 Digitos|
13|Pagos Efectuados||Tamaño de registro debe ser 4 Digitos|
13|Nombre del Producto|PRDR040|Tamaño de registro debe ser 11 Digitos|
13|Número de Control|3|Tamaño de registro debe ser 20 Digitos|
14|Total de Pagos||Tamaño de registro debe ser 4 Digitos|
14|Pagos Efectuados||Tamaño de registro debe ser 4 Digitos|
14|Nombre del Producto|PRDR040|Tamaño de registro debe ser 11 Digitos|
14|Número de Control|3|Tamaño de registro debe ser 20 Digitos|
15|Total de Pagos||Tamaño de registro debe ser 4 Digitos|
15|Pagos Efectuados||Tamaño de registro debe ser 4 Digitos|
15|Nombre del Producto|PRDR040|Tamaño de registro debe ser 11 Digitos|
15|Número de Control|3|Tamaño de registro debe ser 20 Digitos|
16|Total de Pagos||Tamaño de registro debe ser 4 Digitos|
16|Pagos Efectuados||Tamaño de registro debe ser 4 Digitos|
16|Nombre del Producto|PRDR040|Tamaño de registro debe ser 11 Digitos|
16|Número de Control|3|Tamaño de registro debe ser 20 Digitos|
17|Total de Pagos||Tamaño de registro debe ser 4 Digitos|
17|Pagos Efectuados||Tamaño de registro debe ser 4 Digitos|
17|Nombre del Producto|PRDR040|Tamaño de registro debe ser 11 Digitos|
17|Número de Control|3|Tamaño de registro debe ser 20 Digitos|
18|Total de Pagos||Tamaño de registro debe ser 4 Digitos|
18|Pagos Efectuados||Tamaño de registro debe ser 4 Digitos|
18|Nombre del Producto|PRDR040|Tamaño de registro debe ser 11 Digitos|
18|Número de Control|3|Tamaño de registro debe ser 20 Digitos|
19|Total de Pagos||Tamaño de registro debe ser 4 Digitos|
19|Pagos Efectuados||Tamaño de registro debe ser 4 Digitos|
19|Nombre del Producto|PRDR040|Tamaño de registro debe ser 11 Digitos|
19|Número de Control|3|Tamaño de registro debe ser 20 Digitos|
20|Total de Pagos||Tamaño de registro debe ser 4 Digitos|
20|Pagos Efectuados||Tamaño de registro debe ser 4 Digitos|
20|Nombre del Producto|PRDR040|Tamaño de registro debe ser 11 Digitos|
20|Número de Control|3|Tamaño de registro debe ser 20 Digitos|
21|Total de Pagos||Tamaño de registro debe ser 4 Digitos|
21|Pagos Efectuados||Tamaño de registro debe ser 4 Digitos|
21|Nombre del Producto|PRDR040|Tamaño de registro debe ser 11 Digitos|
21|Número de Control|3|Tamaño de registro debe ser 20 Digitos|
22|Total de Pagos||Tamaño de registro debe ser 4 Digitos|
22|Pagos Efectuados||Tamaño de registro debe ser 4 Digitos|
22|Nombre del Producto|PRDR040|Tamaño de registro debe ser 11 Digitos|
22|Número de Control|3|Tamaño de registro debe ser 20 Digitos|
23|Total de Pagos||Tamaño de registro debe ser 4 Digitos|
23|Pagos Efectuados||Tamaño de registro debe ser 4 Digitos|
23|Nombre del Producto|PRDR040|Tamaño de registro debe ser 11 Digitos|
23|Número de Control|4|Tamaño de registro debe ser 20 Digitos|
24|Total de Pagos||Tamaño de registro debe ser 4 Digitos|
24|Pagos Efectuados||Tamaño de registro debe ser 4 Digitos|
24|Nombre del Producto|PRDR040|Tamaño de registro debe ser 11 Digitos|
24|Número de Control|4|Tamaño de registro debe ser 20 Digitos|
25|Total de Pagos||Tamaño de registro debe ser 4 Digitos|
25|Pagos Efectuados||Tamaño de registro debe ser 4 Digitos|
25|Nombre del Producto|PRDR040|Tamaño de registro debe ser 11 Digitos|
25|Número de Control|4|Tamaño de registro debe ser 20 Digitos|
26|Total de Pagos||Tamaño de registro debe ser 4 Digitos|
26|Pagos Efectuados||Tamaño de registro debe ser 4 Digitos|
26|Nombre del Producto|PRDR040|Tamaño de registro debe ser 11 Digitos|
26|Número de Control|4|Tamaño de registro debe ser 20 Digitos|
27|Total de Pagos||Tamaño de registro debe ser 4 Digitos|
27|Pagos Efectuados||Tamaño de registro debe ser 4 Digitos|
27|Nombre del Producto|PRDR040|Tamaño de registro debe ser 11 Digitos|
27|Número de Control|4|Tamaño de registro debe ser 20 Digitos|
28|Total de Pagos||Tamaño de registro debe ser 4 Digitos|
28|Pagos Efectuados||Tamaño de registro debe ser 4 Digitos|
28|Nombre del Producto|PRDR040|Tamaño de registro debe ser 11 Digitos|
28|Número de Control|4|Tamaño de registro debe ser 20 Digitos|
29|Total de Pagos||Tamaño de registro debe ser 4 Digitos|
29|Pagos Efectuados||Tamaño de registro debe ser 4 Digitos|
29|Nombre del Producto|PRDR040|Tamaño de registro debe ser 11 Digitos|
29|Número de Control|4|Tamaño de registro debe ser 20 Digitos|
30|Total de Pagos||Tamaño de registro debe ser 4 Digitos|
30|Pagos Efectuados||Tamaño de registro debe ser 4 Digitos|
30|Nombre del Producto|PRDR040|Tamaño de registro debe ser 11 Digitos|
30|Número de Control|5|Tamaño de registro debe ser 20 Digitos|
31|Total de Pagos||Tamaño de registro debe ser 4 Digitos|
31|Pagos Efectuados||Tamaño de registro debe ser 4 Digitos|
31|Nombre del Producto|PRDR040|Tamaño de registro debe ser 11 Digitos|
31|Número de Control|5|Tamaño de registro debe ser 20 Digitos|
32|Total de Pagos||Tamaño de registro debe ser 4 Digitos|
32|Pagos Efectuados||Tamaño de registro debe ser 4 Digitos|
32|Nombre del Producto|PRDR040|Tamaño de registro debe ser 11 Digitos|
32|Número de Control|5|Tamaño de registro debe ser 20 Digitos|
33|Total de Pagos||Tamaño de registro debe ser 4 Digitos|
33|Pagos Efectuados||Tamaño de registro debe ser 4 Digitos|
33|Nombre del Producto|PRDR040|Tamaño de registro debe ser 11 Digitos|
33|Número de Control|5|Tamaño de registro debe ser 20 Digitos|
34|Total de Pagos||Tamaño de registro debe ser 4 Digitos|
34|Pagos Efectuados||Tamaño de registro debe ser 4 Digitos|
34|Nombre del Producto|PRDR040|Tamaño de registro debe ser 11 Digitos|
34|Número de Control|5|Tamaño de registro debe ser 20 Digitos|
35|Total de Pagos||Tamaño de registro debe ser 4 Digitos|
35|Pagos Efectuados||Tamaño de registro debe ser 4 Digitos|
35|Nombre del Producto|PRDR040|Tamaño de registro debe ser 11 Digitos|
35|Número de Control|5|Tamaño de registro debe ser 20 Digitos|
36|Total de Pagos||Tamaño de registro debe ser 4 Digitos|
36|Pagos Efectuados||Tamaño de registro debe ser 4 Digitos|
36|Nombre del Producto|PRDR040|Tamaño de registro debe ser 11 Digitos|
36|Número de Control|5|Tamaño de registro debe ser 20 Digitos|
37|Total de Pagos||Tamaño de registro debe ser 4 Digitos|
37|Pagos Efectuados||Tamaño de registro debe ser 4 Digitos|
37|Nombre del Producto|PRDR040|Tamaño de registro debe ser 11 Digitos|
37|Número de Control|5|Tamaño de registro debe ser 20 Digitos|
38|Total de Pagos||Tamaño de registro debe ser 4 Digitos|
38|Pagos Efectuados||Tamaño de registro debe ser 4 Digitos|
38|Nombre del Producto|PRDR040|Tamaño de registro debe ser 11 Digitos|
38|Número de Control|5|Tamaño de registro debe ser 20 Digitos|
39|Total de Pagos||Tamaño de registro debe ser 4 Digitos|
39|Pagos Efectuados||Tamaño de registro debe ser 4 Digitos|
39|Nombre del Producto|PRDR040|Tamaño de registro debe ser 11 Digitos|
39|Número de Control|5|Tamaño de registro debe ser 20 Digitos|
40|Total de Pagos||Tamaño de registro debe ser 4 Digitos|
40|Pagos Efectuados||Tamaño de registro debe ser 4 Digitos|
40|Nombre del Producto|PRDR040|Tamaño de registro debe ser 11 Digitos|
40|Número de Control|5|Tamaño de registro debe ser 20 Digitos|
41|Total de Pagos||Tamaño de registro debe ser 4 Digitos|
41|Pagos Efectuados||Tamaño de registro debe ser 4 Digitos|
41|Nombre del Producto|PRDR040|Tamaño de registro debe ser 11 Digitos|
41|Número de Control|5|Tamaño de registro debe ser 20 Digitos|
42|Total de Pagos||Tamaño de registro debe ser 4 Digitos|
42|Pagos Efectuados||Tamaño de registro debe ser 4 Digitos|
42|Nombre del Producto|PRDR040|Tamaño de registro debe ser 11 Digitos|
42|Número de Control|5|Tamaño de registro debe ser 20 Digitos|
43|Total de Pagos||Tamaño de registro debe ser 4 Digitos|
43|Pagos Efectuados||Tamaño de registro debe ser 4 Digitos|
43|Nombre del Producto|PRDR040|Tamaño de registro debe ser 11 Digitos|
43|Número de Control|5|Tamaño de registro debe ser 20 Digitos|
44|Total de Pagos||Tamaño de registro debe ser 4 Digitos|
44|Pagos Efectuados||Tamaño de registro debe ser 4 Digitos|
44|Nombre del Producto|PRDR040|Tamaño de registro debe ser 11 Digitos|
44|Número de Control|5|Tamaño de registro debe ser 20 Digitos|
45|Total de Pagos||Tamaño de registro debe ser 4 Digitos|
45|Pagos Efectuados||Tamaño de registro debe ser 4 Digitos|
45|Nombre del Producto|PRDR040|Tamaño de registro debe ser 11 Digitos|
45|Número de Control|6|Tamaño de registro debe ser 20 Digitos|
46|Total de Pagos||Tamaño de registro debe ser 4 Digitos|
46|Pagos Efectuados||Tamaño de registro debe ser 4 Digitos|
46|Nombre del Producto|PRDR040|Tamaño de registro debe ser 11 Digitos|
46|Número de Control|6|Tamaño de registro debe ser 20 Digitos|
47|Total de Pagos||Tamaño de registro debe ser 4 Digitos|
47|Pagos Efectuados||Tamaño de registro debe ser 4 Digitos|
47|Nombre del Producto|PRDR040|Tamaño de registro debe ser 11 Digitos|
47|Número de Control|6|Tamaño de registro debe ser 20 Digitos|
48|Total de Pagos||Tamaño de registro debe ser 4 Digitos|
48|Pagos Efectuados||Tamaño de registro debe ser 4 Digitos|
48|Nombre del Producto|PRDR040|Tamaño de registro debe ser 11 Digitos|
48|Número de Control|6|Tamaño de registro debe ser 20 Digitos|
49|Total de Pagos||Tamaño de registro debe ser 4 Digitos|
49|Pagos Efectuados||Tamaño de registro debe ser 4 Digitos|
49|Nombre del Producto|PRDR040|Tamaño de registro debe ser 11 Digitos|
49|Número de Control|6|Tamaño de registro debe ser 20 Digitos|
50|Total de Pagos||Tamaño de registro debe ser 4 Digitos|
50|Pagos Efectuados||Tamaño de registro debe ser 4 Digitos|
50|Nombre del Producto|PRDR040|Tamaño de registro debe ser 11 Digitos|
50|Número de Control|6|Tamaño de registro debe ser 20 Digitos|
51|Total de Pagos||Tamaño de registro debe ser 4 Digitos|
51|Pagos Efectuados||Tamaño de registro debe ser 4 Digitos|
51|Nombre del Producto|PRDR040|Tamaño de registro debe ser 11 Digitos|
51|Número de Control|6|Tamaño de registro debe ser 20 Digitos|
52|Total de Pagos||Tamaño de registro debe ser 4 Digitos|
52|Pagos Efectuados||Tamaño de registro debe ser 4 Digitos|
52|Nombre del Producto|PRDR040|Tamaño de registro debe ser 11 Digitos|
52|Número de Control|7|Tamaño de registro debe ser 20 Digitos|
53|Total de Pagos||Tamaño de registro debe ser 4 Digitos|
53|Pagos Efectuados||Tamaño de registro debe ser 4 Digitos|
53|Nombre del Producto|PRDR040|Tamaño de registro debe ser 11 Digitos|
53|Número de Control|7|Tamaño de registro debe ser 20 Digitos|
54|Total de Pagos||Tamaño de registro debe ser 4 Digitos|
54|Pagos Efectuados||Tamaño de registro debe ser 4 Digitos|
54|Nombre del Producto|PRDR040|Tamaño de registro debe ser 11 Digitos|
54|Número de Control|7|Tamaño de registro debe ser 20 Digitos|
55|Total de Pagos||Tamaño de registro debe ser 4 Digitos|
55|Pagos Efectuados||Tamaño de registro debe ser 4 Digitos|
55|Nombre del Producto|PRDR040|Tamaño de registro debe ser 11 Digitos|
55|Número de Control|7|Tamaño de registro debe ser 20 Digitos|
56|Total de Pagos||Tamaño de registro debe ser 4 Digitos|
56|Pagos Efectuados||Tamaño de registro debe ser 4 Digitos|
56|Nombre del Producto|PRDR040|Tamaño de registro debe ser 11 Digitos|
56|Número de Control|7|Tamaño de registro debe ser 20 Digitos|
57|Total de Pagos||Tamaño de registro debe ser 4 Digitos|
57|Pagos Efectuados||Tamaño de registro debe ser 4 Digitos|
57|Nombre del Producto|PRDR040|Tamaño de registro debe ser 11 Digitos|
57|Número de Control|7|Tamaño de registro debe ser 20 Digitos|
58|Total de Pagos||Tamaño de registro debe ser 4 Digitos|
58|Pagos Efectuados||Tamaño de registro debe ser 4 Digitos|
58|Nombre del Producto|PRDR040|Tamaño de registro debe ser 11 Digitos|
58|Número de Control|7|Tamaño de registro debe ser 20 Digitos|
59|Total de Pagos||Tamaño de registro debe ser 4 Digitos|
59|Pagos Efectuados||Tamaño de registro debe ser 4 Digitos|
59|Nombre del Producto|PRDR040|Tamaño de registro debe ser 11 Digitos|
59|Número de Control|7|Tamaño de registro debe ser 20 Digitos|
60|Total de Pagos||Tamaño de registro debe ser 4 Digitos|
60|Pagos Efectuados||Tamaño de registro debe ser 4 Digitos|
60|Nombre del Producto|PRDR040|Tamaño de registro debe ser 11 Digitos|
60|Número de Control|7|Tamaño de registro debe ser 20 Digitos|
61|Total de Pagos||Tamaño de registro debe ser 4 Digitos|
61|Pagos Efectuados||Tamaño de registro debe ser 4 Digitos|
61|Nombre del Producto|PRDR040|Tamaño de registro debe ser 11 Digitos|
61|Número de Control|7|Tamaño de registro debe ser 20 Digitos|
62|Total de Pagos||Tamaño de registro debe ser 4 Digitos|
62|Pagos Efectuados||Tamaño de registro debe ser 4 Digitos|
62|Nombre del Producto|PRDR040|Tamaño de registro debe ser 11 Digitos|
62|Número de Control|7|Tamaño de registro debe ser 20 Digitos|
63|Total de Pagos||Tamaño de registro debe ser 4 Digitos|
63|Pagos Efectuados||Tamaño de registro debe ser 4 Digitos|
63|Nombre del Producto|PRDR040|Tamaño de registro debe ser 11 Digitos|
63|Número de Control|7|Tamaño de registro debe ser 20 Digitos|
64|Total de Pagos||Tamaño de registro debe ser 4 Digitos|
64|Pagos Efectuados||Tamaño de registro debe ser 4 Digitos|
64|Nombre del Producto|PRDR040|Tamaño de registro debe ser 11 Digitos|
64|Número de Control|7|Tamaño de registro debe ser 20 Digitos|
65|Total de Pagos||Tamaño de registro debe ser 4 Digitos|
65|Pagos Efectuados||Tamaño de registro debe ser 4 Digitos|
65|Nombre del Producto|PRDR040|Tamaño de registro debe ser 11 Digitos|
65|Número de Control|7|Tamaño de registro debe ser 20 Digitos|
66|Total de Pagos||Tamaño de registro debe ser 4 Digitos|
66|Pagos Efectuados||Tamaño de registro debe ser 4 Digitos|
66|Nombre del Producto|PRDR040|Tamaño de registro debe ser 11 Digitos|
66|Número de Control|7|Tamaño de registro debe ser 20 Digitos|
67|Total de Pagos||Tamaño de registro debe ser 4 Digitos|
67|Pagos Efectuados||Tamaño de registro debe ser 4 Digitos|
67|Nombre del Producto|PRDR040|Tamaño de registro debe ser 11 Digitos|
67|Número de Control|8|Tamaño de registro debe ser 20 Digitos|
68|Total de Pagos||Tamaño de registro debe ser 4 Digitos|
68|Pagos Efectuados||Tamaño de registro debe ser 4 Digitos|
68|Nombre del Producto|PRDR040|Tamaño de registro debe ser 11 Digitos|
68|Número de Control|8|Tamaño de registro debe ser 20 Digitos|
69|Total de Pagos||Tamaño de registro debe ser 4 Digitos|
69|Pagos Efectuados||Tamaño de registro debe ser 4 Digitos|
69|Nombre del Producto|PRDR040|Tamaño de registro debe ser 11 Digitos|
69|Número de Control|8|Tamaño de registro debe ser 20 Digitos|
70|Total de Pagos||Tamaño de registro debe ser 4 Digitos|
70|Pagos Efectuados||Tamaño de registro debe ser 4 Digitos|
70|Nombre del Producto|PRDR040|Tamaño de registro debe ser 11 Digitos|
70|Número de Control|8|Tamaño de registro debe ser 20 Digitos|
71|Total de Pagos||Tamaño de registro debe ser 4 Digitos|
71|Pagos Efectuados||Tamaño de registro debe ser 4 Digitos|
71|Nombre del Producto|PRDR040|Tamaño de registro debe ser 11 Digitos|
71|Número de Control|8|Tamaño de registro debe ser 20 Digitos|
72|Total de Pagos||Tamaño de registro debe ser 4 Digitos|
72|Pagos Efectuados||Tamaño de registro debe ser 4 Digitos|
72|Nombre del Producto|PRDR040|Tamaño de registro debe ser 11 Digitos|
72|Número de Control|8|Tamaño de registro debe ser 20 Digitos|
73|Total de Pagos||Tamaño de registro debe ser 4 Digitos|
73|Pagos Efectuados||Tamaño de registro debe ser 4 Digitos|
73|Nombre del Producto|PRDR040|Tamaño de registro debe ser 11 Digitos|
73|Número de Control|8|Tamaño de registro debe ser 20 Digitos|
74|Total de Pagos||Tamaño de registro debe ser 4 Digitos|
74|Pagos Efectuados||Tamaño de registro debe ser 4 Digitos|
74|Nombre del Producto|PRDR040|Tamaño de registro debe ser 11 Digitos|
74|Número de Control|8|Tamaño de registro debe ser 20 Digitos|
75|Total de Pagos||Tamaño de registro debe ser 4 Digitos|
75|Pagos Efectuados||Tamaño de registro debe ser 4 Digitos|
75|Nombre del Producto|PRDR040|Tamaño de registro debe ser 11 Digitos|
75|Número de Control|8|Tamaño de registro debe ser 20 Digitos|
76|Total de Pagos||Tamaño de registro debe ser 4 Digitos|
76|Pagos Efectuados||Tamaño de registro debe ser 4 Digitos|
76|Nombre del Producto|PRDR040|Tamaño de registro debe ser 11 Digitos|
76|Número de Control|8|Tamaño de registro debe ser 20 Digitos|
77|Total de Pagos||Tamaño de registro debe ser 4 Digitos|
77|Pagos Efectuados||Tamaño de registro debe ser 4 Digitos|
77|Nombre del Producto|PRDR040|Tamaño de registro debe ser 11 Digitos|
77|Número de Control|8|Tamaño de registro debe ser 20 Digitos|
78|Total de Pagos||Tamaño de registro debe ser 4 Digitos|
78|Pagos Efectuados||Tamaño de registro debe ser 4 Digitos|
78|Nombre del Producto|PRDR040|Tamaño de registro debe ser 11 Digitos|
78|Número de Control|8|Tamaño de registro debe ser 20 Digitos|
79|Total de Pagos||Tamaño de registro debe ser 4 Digitos|
79|Pagos Efectuados||Tamaño de registro debe ser 4 Digitos|
79|Nombre del Producto|PRDR040|Tamaño de registro debe ser 11 Digitos|
79|Número de Control|8|Tamaño de registro debe ser 20 Digitos|
80|Total de Pagos||Tamaño de registro debe ser 4 Digitos|
80|Pagos Efectuados||Tamaño de registro debe ser 4 Digitos|
80|Nombre del Producto|PRDR040|Tamaño de registro debe ser 11 Digitos|
80|Número de Control|8|Tamaño de registro debe ser 20 Digitos|
81|Total de Pagos||Tamaño de registro debe ser 4 Digitos|
81|Pagos Efectuados||Tamaño de registro debe ser 4 Digitos|
81|Nombre del Producto|PRDR040|Tamaño de registro debe ser 11 Digitos|
81|Número de Control|8|Tamaño de registro debe ser 20 Digitos|
82|Total de Pagos||Tamaño de registro debe ser 4 Digitos|
82|Pagos Efectuados||Tamaño de registro debe ser 4 Digitos|
82|Nombre del Producto|PRDR040|Tamaño de registro debe ser 11 Digitos|
82|Número de Control|9|Tamaño de registro debe ser 20 Digitos|
83|Total de Pagos||Tamaño de registro debe ser 4 Digitos|
83|Pagos Efectuados||Tamaño de registro debe ser 4 Digitos|
83|Nombre del Producto|PRDR040|Tamaño de registro debe ser 11 Digitos|
83|Número de Control|9|Tamaño de registro debe ser 20 Digitos|
84|Total de Pagos||Tamaño de registro debe ser 4 Digitos|
84|Pagos Efectuados||Tamaño de registro debe ser 4 Digitos|
84|Nombre del Producto|PRDR040|Tamaño de registro debe ser 11 Digitos|
84|Número de Control|9|Tamaño de registro debe ser 20 Digitos|
85|Total de Pagos||Tamaño de registro debe ser 4 Digitos|
85|Pagos Efectuados||Tamaño de registro debe ser 4 Digitos|
85|Nombre del Producto|PRDR040|Tamaño de registro debe ser 11 Digitos|
85|Número de Control|9|Tamaño de registro debe ser 20 Digitos|
86|Total de Pagos||Tamaño de registro debe ser 4 Digitos|
86|Pagos Efectuados||Tamaño de registro debe ser 4 Digitos|
86|Nombre del Producto|PRDR040|Tamaño de registro debe ser 11 Digitos|
86|Número de Control|9|Tamaño de registro debe ser 20 Digitos|
87|Total de Pagos||Tamaño de registro debe ser 4 Digitos|
87|Pagos Efectuados||Tamaño de registro debe ser 4 Digitos|
87|Nombre del Producto|PRDR040|Tamaño de registro debe ser 11 Digitos|
87|Número de Control|9|Tamaño de registro debe ser 20 Digitos|
88|Total de Pagos||Tamaño de registro debe ser 4 Digitos|
88|Pagos Efectuados||Tamaño de registro debe ser 4 Digitos|
88|Nombre del Producto|PRDR040|Tamaño de registro debe ser 11 Digitos|
88|Número de Control|9|Tamaño de registro debe ser 20 Digitos|
89|Total de Pagos||Tamaño de registro debe ser 4 Digitos|
89|Pagos Efectuados||Tamaño de registro debe ser 4 Digitos|
89|Nombre del Producto|PRDR040|Tamaño de registro debe ser 11 Digitos|
89|Número de Control|9|Tamaño de registro debe ser 20 Digitos|
90|Total de Pagos||Tamaño de registro debe ser 4 Digitos|
90|Pagos Efectuados||Tamaño de registro debe ser 4 Digitos|
90|Nombre del Producto|PRDR040|Tamaño de registro debe ser 11 Digitos|
90|Número de Control|9|Tamaño de registro debe ser 20 Digitos|
91|Total de Pagos||Tamaño de registro debe ser 4 Digitos|
91|Pagos Efectuados||Tamaño de registro debe ser 4 Digitos|
91|Nombre del Producto|PRDR040|Tamaño de registro debe ser 11 Digitos|
91|Número de Control|9|Tamaño de registro debe ser 20 Digitos|
92|Total de Pagos||Tamaño de registro debe ser 4 Digitos|
92|Pagos Efectuados||Tamaño de registro debe ser 4 Digitos|
92|Nombre del Producto|PRDR040|Tamaño de registro debe ser 11 Digitos|
92|Número de Control|9|Tamaño de registro debe ser 20 Digitos|
93|Total de Pagos||Tamaño de registro debe ser 4 Digitos|
93|Pagos Efectuados||Tamaño de registro debe ser 4 Digitos|
93|Nombre del Producto|PRDR040|Tamaño de registro debe ser 11 Digitos|
93|Número de Control|9|Tamaño de registro debe ser 20 Digitos|
94|Total de Pagos||Tamaño de registro debe ser 4 Digitos|
94|Pagos Efectuados||Tamaño de registro debe ser 4 Digitos|
94|Nombre del Producto|PRDR040|Tamaño de registro debe ser 11 Digitos|
94|Número de Control|9|Tamaño de registro debe ser 20 Digitos|
95|Total de Pagos||Tamaño de registro debe ser 4 Digitos|
95|Pagos Efectuados||Tamaño de registro debe ser 4 Digitos|
95|Nombre del Producto|PRDR040|Tamaño de registro debe ser 11 Digitos|
95|Número de Control|9|Tamaño de registro debe ser 20 Digitos|
96|Total de Pagos||Tamaño de registro debe ser 4 Digitos|
96|Pagos Efectuados||Tamaño de registro debe ser 4 Digitos|
96|Nombre del Producto|PRDR040|Tamaño de registro debe ser 11 Digitos|
96|Número de Control|9|Tamaño de registro debe ser 20 Digitos|
97|Total de Pagos||Tamaño de registro debe ser 4 Digitos|
97|Pagos Efectuados||Tamaño de registro debe ser 4 Digitos|
97|Nombre del Producto|PRDR040|Tamaño de registro debe ser 11 Digitos|
97|Número de Control|10|Tamaño de registro debe ser 20 Digitos|
98|Total de Pagos||Tamaño de registro debe ser 4 Digitos|
98|Pagos Efectuados||Tamaño de registro debe ser 4 Digitos|
98|Nombre del Producto|PRDR040|Tamaño de registro debe ser 11 Digitos|
98|Número de Control|10|Tamaño de registro debe ser 20 Digitos|
99|Total de Pagos||Tamaño de registro debe ser 4 Digitos|
99|Pagos Efectuados||Tamaño de registro debe ser 4 Digitos|
99|Nombre del Producto|PRDR040|Tamaño de registro debe ser 11 Digitos|
99|Número de Control|10|Tamaño de registro debe ser 20 Digitos|
100|Total de Pagos||Tamaño de registro debe ser 4 Digitos|
100|Pagos Efectuados||Tamaño de registro debe ser 4 Digitos|
100|Nombre del Producto|PRDR040|Tamaño de registro debe ser 11 Digitos|
100|Número de Control|10|Tamaño de registro debe ser 20 Digitos|
101|Total de Pagos||Tamaño de registro debe ser 4 Digitos|
101|Pagos Efectuados||Tamaño de registro debe ser 4 Digitos|
101|Nombre del Producto|PRDR040|Tamaño de registro debe ser 11 Digitos|
101|Número de Control|10|Tamaño de registro debe ser 20 Digitos|
102|Total de Pagos||Tamaño de registro debe ser 4 Digitos|
102|Pagos Efectuados||Tamaño de registro debe ser 4 Digitos|
102|Nombre del Producto|PRDR040|Tamaño de registro debe ser 11 Digitos|
102|Número de Control|10|Tamaño de registro debe ser 20 Digitos|
103|Total de Pagos||Tamaño de registro debe ser 4 Digitos|
103|Pagos Efectuados||Tamaño de registro debe ser 4 Digitos|
103|Nombre del Producto|PRDR040|Tamaño de registro debe ser 11 Digitos|
103|Número de Control|10|Tamaño de registro debe ser 20 Digitos|
104|Total de Pagos||Tamaño de registro debe ser 4 Digitos|
104|Pagos Efectuados||Tamaño de registro debe ser 4 Digitos|
104|Nombre del Producto|PRDR040|Tamaño de registro debe ser 11 Digitos|
104|Número de Control|10|Tamaño de registro debe ser 20 Digitos|
105|Total de Pagos||Tamaño de registro debe ser 4 Digitos|
105|Pagos Efectuados||Tamaño de registro debe ser 4 Digitos|
105|Nombre del Producto|PRDR040|Tamaño de registro debe ser 11 Digitos|
105|Número de Control|10|Tamaño de registro debe ser 20 Digitos|
106|Total de Pagos||Tamaño de registro debe ser 4 Digitos|
106|Pagos Efectuados||Tamaño de registro debe ser 4 Digitos|
106|Nombre del Producto|PRDR040|Tamaño de registro debe ser 11 Digitos|
106|Número de Control|10|Tamaño de registro debe ser 20 Digitos|
107|Total de Pagos||Tamaño de registro debe ser 4 Digitos|
107|Pagos Efectuados||Tamaño de registro debe ser 4 Digitos|
107|Nombre del Producto|PRDR040|Tamaño de registro debe ser 11 Digitos|
107|Número de Control|10|Tamaño de registro debe ser 20 Digitos|
108|Total de Pagos||Tamaño de registro debe ser 4 Digitos|
108|Pagos Efectuados||Tamaño de registro debe ser 4 Digitos|
108|Nombre del Producto|PRDR040|Tamaño de registro debe ser 11 Digitos|
108|Número de Control|10|Tamaño de registro debe ser 20 Digitos|
109|Total de Pagos||Tamaño de registro debe ser 4 Digitos|
109|Pagos Efectuados||Tamaño de registro debe ser 4 Digitos|
109|Nombre del Producto|PRDR040|Tamaño de registro debe ser 11 Digitos|
109|Número de Control|10|Tamaño de registro debe ser 20 Digitos|
110|Total de Pagos||Tamaño de registro debe ser 4 Digitos|
110|Pagos Efectuados||Tamaño de registro debe ser 4 Digitos|
110|Nombre del Producto|PRDR040|Tamaño de registro debe ser 11 Digitos|
110|Número de Control|10|Tamaño de registro debe ser 20 Digitos|
111|Total de Pagos||Tamaño de registro debe ser 4 Digitos|
111|Pagos Efectuados||Tamaño de registro debe ser 4 Digitos|
111|Nombre del Producto|PRDR040|Tamaño de registro debe ser 11 Digitos|
111|Número de Control|10|Tamaño de registro debe ser 20 Digitos|
112|Total de Pagos||Tamaño de registro debe ser 4 Digitos|
112|Pagos Efectuados||Tamaño de registro debe ser 4 Digitos|
112|Nombre del Producto|PRDR040|Tamaño de registro debe ser 11 Digitos|
112|Número de Control|11|Tamaño de registro debe ser 20 Digitos|
113|Total de Pagos||Tamaño de registro debe ser 4 Digitos|
113|Pagos Efectuados||Tamaño de registro debe ser 4 Digitos|
113|Nombre del Producto|PRDR040|Tamaño de registro debe ser 11 Digitos|
113|Número de Control|11|Tamaño de registro debe ser 20 Digitos|
114|Total de Pagos||Tamaño de registro debe ser 4 Digitos|
114|Pagos Efectuados||Tamaño de registro debe ser 4 Digitos|
114|Nombre del Producto|PRDR040|Tamaño de registro debe ser 11 Digitos|
114|Número de Control|11|Tamaño de registro debe ser 20 Digitos|
115|Total de Pagos||Tamaño de registro debe ser 4 Digitos|
115|Pagos Efectuados||Tamaño de registro debe ser 4 Digitos|
115|Nombre del Producto|PRDR040|Tamaño de registro debe ser 11 Digitos|
115|Número de Control|11|Tamaño de registro debe ser 20 Digitos|
116|Total de Pagos||Tamaño de registro debe ser 4 Digitos|
116|Pagos Efectuados||Tamaño de registro debe ser 4 Digitos|
116|Nombre del Producto|PRDR040|Tamaño de registro debe ser 11 Digitos|
116|Número de Control|11|Tamaño de registro debe ser 20 Digitos|
117|Total de Pagos||Tamaño de registro debe ser 4 Digitos|
117|Pagos Efectuados||Tamaño de registro debe ser 4 Digitos|
117|Nombre del Producto|PRDR040|Tamaño de registro debe ser 11 Digitos|
117|Número de Control|11|Tamaño de registro debe ser 20 Digitos|
118|Total de Pagos||Tamaño de registro debe ser 4 Digitos|
118|Pagos Efectuados||Tamaño de registro debe ser 4 Digitos|
118|Nombre del Producto|PRDR040|Tamaño de registro debe ser 11 Digitos|
118|Número de Control|11|Tamaño de registro debe ser 20 Digitos|
119|Total de Pagos||Tamaño de registro debe ser 4 Digitos|
119|Pagos Efectuados||Tamaño de registro debe ser 4 Digitos|
119|Nombre del Producto|PRDR040|Tamaño de registro debe ser 11 Digitos|
119|Número de Control|11|Tamaño de registro debe ser 20 Digitos|
120|Total de Pagos||Tamaño de registro debe ser 4 Digitos|
120|Pagos Efectuados||Tamaño de registro debe ser 4 Digitos|
120|Nombre del Producto|PRDR040|Tamaño de registro debe ser 11 Digitos|
120|Número de Control|11|Tamaño de registro debe ser 20 Digitos|
121|Total de Pagos||Tamaño de registro debe ser 4 Digitos|
121|Pagos Efectuados||Tamaño de registro debe ser 4 Digitos|
121|Nombre del Producto|PRDR040|Tamaño de registro debe ser 11 Digitos|
121|Número de Control|11|Tamaño de registro debe ser 20 Digitos|
122|Total de Pagos||Tamaño de registro debe ser 4 Digitos|
122|Pagos Efectuados||Tamaño de registro debe ser 4 Digitos|
122|Nombre del Producto|PRDR040|Tamaño de registro debe ser 11 Digitos|
122|Número de Control|11|Tamaño de registro debe ser 20 Digitos|
123|Total de Pagos||Tamaño de registro debe ser 4 Digitos|
123|Pagos Efectuados||Tamaño de registro debe ser 4 Digitos|
123|Nombre del Producto|PRDR040|Tamaño de registro debe ser 11 Digitos|
123|Número de Control|11|Tamaño de registro debe ser 20 Digitos|
124|Total de Pagos||Tamaño de registro debe ser 4 Digitos|
124|Pagos Efectuados||Tamaño de registro debe ser 4 Digitos|
124|Nombre del Producto|PRDR040|Tamaño de registro debe ser 11 Digitos|
124|Número de Control|11|Tamaño de registro debe ser 20 Digitos|
125|Total de Pagos||Tamaño de registro debe ser 4 Digitos|
125|Pagos Efectuados||Tamaño de registro debe ser 4 Digitos|
125|Nombre del Producto|PRDR040|Tamaño de registro debe ser 11 Digitos|
125|Número de Control|11|Tamaño de registro debe ser 20 Digitos|
126|Total de Pagos||Tamaño de registro debe ser 4 Digitos|
126|Pagos Efectuados||Tamaño de registro debe ser 4 Digitos|
126|Nombre del Producto|PRDR040|Tamaño de registro debe ser 11 Digitos|
126|Número de Control|11|Tamaño de registro debe ser 20 Digitos|
127|Total de Pagos||Tamaño de registro debe ser 4 Digitos|
127|Pagos Efectuados||Tamaño de registro debe ser 4 Digitos|
127|Nombre del Producto|PRDR040|Tamaño de registro debe ser 11 Digitos|
127|Número de Control|12|Tamaño de registro debe ser 20 Digitos|
128|Total de Pagos||Tamaño de registro debe ser 4 Digitos|
128|Pagos Efectuados||Tamaño de registro debe ser 4 Digitos|
128|Nombre del Producto|PRDR040|Tamaño de registro debe ser 11 Digitos|
128|Número de Control|12|Tamaño de registro debe ser 20 Digitos|
129|Total de Pagos||Tamaño de registro debe ser 4 Digitos|
129|Pagos Efectuados||Tamaño de registro debe ser 4 Digitos|
129|Nombre del Producto|PRDR040|Tamaño de registro debe ser 11 Digitos|
129|Número de Control|12|Tamaño de registro debe ser 20 Digitos|
130|Total de Pagos||Tamaño de registro debe ser 4 Digitos|
130|Pagos Efectuados||Tamaño de registro debe ser 4 Digitos|
130|Nombre del Producto|PRDR040|Tamaño de registro debe ser 11 Digitos|
130|Número de Control|12|Tamaño de registro debe ser 20 Digitos|
131|Total de Pagos||Tamaño de registro debe ser 4 Digitos|
131|Pagos Efectuados||Tamaño de registro debe ser 4 Digitos|
131|Nombre del Producto|PRDR040|Tamaño de registro debe ser 11 Digitos|
131|Número de Control|12|Tamaño de registro debe ser 20 Digitos|
132|Total de Pagos||Tamaño de registro debe ser 4 Digitos|
132|Pagos Efectuados||Tamaño de registro debe ser 4 Digitos|
132|Nombre del Producto|PRDR040|Tamaño de registro debe ser 11 Digitos|
132|Número de Control|12|Tamaño de registro debe ser 20 Digitos|
133|Total de Pagos||Tamaño de registro debe ser 4 Digitos|
133|Pagos Efectuados||Tamaño de registro debe ser 4 Digitos|
133|Nombre del Producto|PRDR040|Tamaño de registro debe ser 11 Digitos|
133|Número de Control|12|Tamaño de registro debe ser 20 Digitos|
134|Total de Pagos||Tamaño de registro debe ser 4 Digitos|
134|Pagos Efectuados||Tamaño de registro debe ser 4 Digitos|
134|Nombre del Producto|PRDR040|Tamaño de registro debe ser 11 Digitos|
134|Número de Control|12|Tamaño de registro debe ser 20 Digitos|
135|Total de Pagos||Tamaño de registro debe ser 4 Digitos|
135|Pagos Efectuados||Tamaño de registro debe ser 4 Digitos|
135|Nombre del Producto|PRDR040|Tamaño de registro debe ser 11 Digitos|
135|Número de Control|12|Tamaño de registro debe ser 20 Digitos|
136|Total de Pagos||Tamaño de registro debe ser 4 Digitos|
136|Pagos Efectuados||Tamaño de registro debe ser 4 Digitos|
136|Nombre del Producto|PRDR040|Tamaño de registro debe ser 11 Digitos|
136|Número de Control|12|Tamaño de registro debe ser 20 Digitos|
137|Total de Pagos||Tamaño de registro debe ser 4 Digitos|
137|Pagos Efectuados||Tamaño de registro debe ser 4 Digitos|
137|Nombre del Producto|PRDR040|Tamaño de registro debe ser 11 Digitos|
137|Número de Control|12|Tamaño de registro debe ser 20 Digitos|
138|Total de Pagos||Tamaño de registro debe ser 4 Digitos|
138|Pagos Efectuados||Tamaño de registro debe ser 4 Digitos|
138|Nombre del Producto|PRDR040|Tamaño de registro debe ser 11 Digitos|
138|Número de Control|12|Tamaño de registro debe ser 20 Digitos|
139|Total de Pagos||Tamaño de registro debe ser 4 Digitos|
139|Pagos Efectuados||Tamaño de registro debe ser 4 Digitos|
139|Nombre del Producto|PRDR040|Tamaño de registro debe ser 11 Digitos|
139|Número de Control|12|Tamaño de registro debe ser 20 Digitos|
140|Total de Pagos||Tamaño de registro debe ser 4 Digitos|
140|Pagos Efectuados||Tamaño de registro debe ser 4 Digitos|
140|Nombre del Producto|PRDR040|Tamaño de registro debe ser 11 Digitos|
140|Número de Control|12|Tamaño de registro debe ser 20 Digitos|
141|Total de Pagos||Tamaño de registro debe ser 4 Digitos|
141|Pagos Efectuados||Tamaño de registro debe ser 4 Digitos|
141|Nombre del Producto|PRDR040|Tamaño de registro debe ser 11 Digitos|
141|Número de Control|12|Tamaño de registro debe ser 20 Digitos|
142|Total de Pagos||Tamaño de registro debe ser 4 Digitos|
142|Pagos Efectuados||Tamaño de registro debe ser 4 Digitos|
142|Nombre del Producto|PRDR040|Tamaño de registro debe ser 11 Digitos|
142|Número de Control|13|Tamaño de registro debe ser 20 Digitos|
143|Total de Pagos||Tamaño de registro debe ser 4 Digitos|
143|Pagos Efectuados||Tamaño de registro debe ser 4 Digitos|
143|Nombre del Producto|PRDR040|Tamaño de registro debe ser 11 Digitos|
143|Número de Control|13|Tamaño de registro debe ser 20 Digitos|
144|Total de Pagos||Tamaño de registro debe ser 4 Digitos|
144|Pagos Efectuados||Tamaño de registro debe ser 4 Digitos|
144|Nombre del Producto|PRDR040|Tamaño de registro debe ser 11 Digitos|
144|Número de Control|13|Tamaño de registro debe ser 20 Digitos|
145|Total de Pagos||Tamaño de registro debe ser 4 Digitos|
145|Pagos Efectuados||Tamaño de registro debe ser 4 Digitos|
145|Nombre del Producto|PRDR040|Tamaño de registro debe ser 11 Digitos|
145|Número de Control|13|Tamaño de registro debe ser 20 Digitos|
146|Total de Pagos||Tamaño de registro debe ser 4 Digitos|
146|Pagos Efectuados||Tamaño de registro debe ser 4 Digitos|
146|Nombre del Producto|PRDR040|Tamaño de registro debe ser 11 Digitos|
146|Número de Control|13|Tamaño de registro debe ser 20 Digitos|
147|Total de Pagos||Tamaño de registro debe ser 4 Digitos|
147|Pagos Efectuados||Tamaño de registro debe ser 4 Digitos|
147|Nombre del Producto|PRDR040|Tamaño de registro debe ser 11 Digitos|
147|Número de Control|13|Tamaño de registro debe ser 20 Digitos|
148|Total de Pagos||Tamaño de registro debe ser 4 Digitos|
148|Pagos Efectuados||Tamaño de registro debe ser 4 Digitos|
148|Nombre del Producto|PRDR040|Tamaño de registro debe ser 11 Digitos|
148|Número de Control|13|Tamaño de registro debe ser 20 Digitos|
149|Total de Pagos||Tamaño de registro debe ser 4 Digitos|
149|Pagos Efectuados||Tamaño de registro debe ser 4 Digitos|
149|Nombre del Producto|PRDR040|Tamaño de registro debe ser 11 Digitos|
149|Número de Control|13|Tamaño de registro debe ser 20 Digitos|
150|Total de Pagos||Tamaño de registro debe ser 4 Digitos|
150|Pagos Efectuados||Tamaño de registro debe ser 4 Digitos|
150|Nombre del Producto|PRDR040|Tamaño de registro debe ser 11 Digitos|
150|Número de Control|13|Tamaño de registro debe ser 20 Digitos|
151|Total de Pagos||Tamaño de registro debe ser 4 Digitos|
151|Pagos Efectuados||Tamaño de registro debe ser 4 Digitos|
151|Nombre del Producto|PRDR040|Tamaño de registro debe ser 11 Digitos|
151|Número de Control|13|Tamaño de registro debe ser 20 Digitos|
152|Total de Pagos||Tamaño de registro debe ser 4 Digitos|
152|Pagos Efectuados||Tamaño de registro debe ser 4 Digitos|
152|Nombre del Producto|PRDR040|Tamaño de registro debe ser 11 Digitos|
152|Número de Control|13|Tamaño de registro debe ser 20 Digitos|
153|Total de Pagos||Tamaño de registro debe ser 4 Digitos|
153|Pagos Efectuados||Tamaño de registro debe ser 4 Digitos|
153|Nombre del Producto|PRDR040|Tamaño de registro debe ser 11 Digitos|
153|Número de Control|13|Tamaño de registro debe ser 20 Digitos|
154|Total de Pagos||Tamaño de registro debe ser 4 Digitos|
154|Pagos Efectuados||Tamaño de registro debe ser 4 Digitos|
154|Nombre del Producto|PRDR040|Tamaño de registro debe ser 11 Digitos|
154|Número de Control|13|Tamaño de registro debe ser 20 Digitos|
155|Total de Pagos||Tamaño de registro debe ser 4 Digitos|
155|Pagos Efectuados||Tamaño de registro debe ser 4 Digitos|
155|Nombre del Producto|PRDR040|Tamaño de registro debe ser 11 Digitos|
155|Número de Control|13|Tamaño de registro debe ser 20 Digitos|
156|Total de Pagos||Tamaño de registro debe ser 4 Digitos|
156|Pagos Efectuados||Tamaño de registro debe ser 4 Digitos|
156|Nombre del Producto|PRDR040|Tamaño de registro debe ser 11 Digitos|
156|Número de Control|13|Tamaño de registro debe ser 20 Digitos|
157|Total de Pagos||Tamaño de registro debe ser 4 Digitos|
157|Pagos Efectuados||Tamaño de registro debe ser 4 Digitos|
157|Nombre del Producto|PRDR040|Tamaño de registro debe ser 11 Digitos|
157|Número de Control|14|Tamaño de registro debe ser 20 Digitos|
158|Total de Pagos||Tamaño de registro debe ser 4 Digitos|
158|Pagos Efectuados||Tamaño de registro debe ser 4 Digitos|
158|Nombre del Producto|PRDR040|Tamaño de registro debe ser 11 Digitos|
158|Número de Control|14|Tamaño de registro debe ser 20 Digitos|
159|Total de Pagos||Tamaño de registro debe ser 4 Digitos|
159|Pagos Efectuados||Tamaño de registro debe ser 4 Digitos|
159|Nombre del Producto|PRDR040|Tamaño de registro debe ser 11 Digitos|
159|Número de Control|14|Tamaño de registro debe ser 20 Digitos|
160|Total de Pagos||Tamaño de registro debe ser 4 Digitos|
160|Pagos Efectuados||Tamaño de registro debe ser 4 Digitos|
160|Nombre del Producto|PRDR040|Tamaño de registro debe ser 11 Digitos|
160|Número de Control|14|Tamaño de registro debe ser 20 Digitos|
161|Total de Pagos||Tamaño de registro debe ser 4 Digitos|
161|Pagos Efectuados||Tamaño de registro debe ser 4 Digitos|
161|Nombre del Producto|PRDR040|Tamaño de registro debe ser 11 Digitos|
161|Número de Control|14|Tamaño de registro debe ser 20 Digitos|
162|Total de Pagos||Tamaño de registro debe ser 4 Digitos|
162|Pagos Efectuados||Tamaño de registro debe ser 4 Digitos|
162|Nombre del Producto|PRDR040|Tamaño de registro debe ser 11 Digitos|
162|Número de Control|14|Tamaño de registro debe ser 20 Digitos|
163|Total de Pagos||Tamaño de registro debe ser 4 Digitos|
163|Pagos Efectuados||Tamaño de registro debe ser 4 Digitos|
163|Nombre del Producto|PRDR040|Tamaño de registro debe ser 11 Digitos|
163|Número de Control|14|Tamaño de registro debe ser 20 Digitos|
164|Total de Pagos||Tamaño de registro debe ser 4 Digitos|
164|Pagos Efectuados||Tamaño de registro debe ser 4 Digitos|
164|Nombre del Producto|PRDR040|Tamaño de registro debe ser 11 Digitos|
164|Número de Control|14|Tamaño de registro debe ser 20 Digitos|
165|Total de Pagos||Tamaño de registro debe ser 4 Digitos|
165|Pagos Efectuados||Tamaño de registro debe ser 4 Digitos|
165|Nombre del Producto|PRDR040|Tamaño de registro debe ser 11 Digitos|
165|Número de Control|14|Tamaño de registro debe ser 20 Digitos|
166|Total de Pagos||Tamaño de registro debe ser 4 Digitos|
166|Pagos Efectuados||Tamaño de registro debe ser 4 Digitos|
166|Nombre del Producto|PRDR040|Tamaño de registro debe ser 11 Digitos|
166|Número de Control|14|Tamaño de registro debe ser 20 Digitos|
167|Total de Pagos||Tamaño de registro debe ser 4 Digitos|
167|Pagos Efectuados||Tamaño de registro debe ser 4 Digitos|
167|Nombre del Producto|PRDR040|Tamaño de registro debe ser 11 Digitos|
167|Número de Control|14|Tamaño de registro debe ser 20 Digitos|
168|Total de Pagos||Tamaño de registro debe ser 4 Digitos|
168|Pagos Efectuados||Tamaño de registro debe ser 4 Digitos|
168|Nombre del Producto|PRDR040|Tamaño de registro debe ser 11 Digitos|
168|Número de Control|14|Tamaño de registro debe ser 20 Digitos|
169|Total de Pagos||Tamaño de registro debe ser 4 Digitos|
169|Pagos Efectuados||Tamaño de registro debe ser 4 Digitos|
169|Nombre del Producto|PRDR040|Tamaño de registro debe ser 11 Digitos|
169|Número de Control|14|Tamaño de registro debe ser 20 Digitos|
170|Total de Pagos||Tamaño de registro debe ser 4 Digitos|
170|Pagos Efectuados||Tamaño de registro debe ser 4 Digitos|
170|Nombre del Producto|PRDR040|Tamaño de registro debe ser 11 Digitos|
170|Número de Control|14|Tamaño de registro debe ser 20 Digitos|
171|Total de Pagos||Tamaño de registro debe ser 4 Digitos|
171|Pagos Efectuados||Tamaño de registro debe ser 4 Digitos|
171|Nombre del Producto|PRDR040|Tamaño de registro debe ser 11 Digitos|
171|Número de Control|14|Tamaño de registro debe ser 20 Digitos|
172|Total de Pagos||Tamaño de registro debe ser 4 Digitos|
172|Pagos Efectuados||Tamaño de registro debe ser 4 Digitos|
172|Nombre del Producto|PRDR040|Tamaño de registro debe ser 11 Digitos|
172|Número de Control|15|Tamaño de registro debe ser 20 Digitos|
173|Total de Pagos||Tamaño de registro debe ser 4 Digitos|
173|Pagos Efectuados||Tamaño de registro debe ser 4 Digitos|
173|Nombre del Producto|PRDR040|Tamaño de registro debe ser 11 Digitos|
173|Número de Control|15|Tamaño de registro debe ser 20 Digitos|
174|Total de Pagos||Tamaño de registro debe ser 4 Digitos|
174|Pagos Efectuados||Tamaño de registro debe ser 4 Digitos|
174|Nombre del Producto|PRDR040|Tamaño de registro debe ser 11 Digitos|
174|Número de Control|15|Tamaño de registro debe ser 20 Digitos|
175|Total de Pagos||Tamaño de registro debe ser 4 Digitos|
175|Pagos Efectuados||Tamaño de registro debe ser 4 Digitos|
175|Nombre del Producto|PRDR040|Tamaño de registro debe ser 11 Digitos|
175|Número de Control|15|Tamaño de registro debe ser 20 Digitos|
176|Total de Pagos||Tamaño de registro debe ser 4 Digitos|
176|Pagos Efectuados||Tamaño de registro debe ser 4 Digitos|
176|Nombre del Producto|PRDR040|Tamaño de registro debe ser 11 Digitos|
176|Número de Control|15|Tamaño de registro debe ser 20 Digitos|
177|Total de Pagos||Tamaño de registro debe ser 4 Digitos|
177|Pagos Efectuados||Tamaño de registro debe ser 4 Digitos|
177|Nombre del Producto|PRDR040|Tamaño de registro debe ser 11 Digitos|
177|Número de Control|15|Tamaño de registro debe ser 20 Digitos|
178|Total de Pagos||Tamaño de registro debe ser 4 Digitos|
178|Pagos Efectuados||Tamaño de registro debe ser 4 Digitos|
178|Nombre del Producto|PRDR040|Tamaño de registro debe ser 11 Digitos|
178|Número de Control|15|Tamaño de registro debe ser 20 Digitos|
179|Total de Pagos||Tamaño de registro debe ser 4 Digitos|
179|Pagos Efectuados||Tamaño de registro debe ser 4 Digitos|
179|Nombre del Producto|PRDR040|Tamaño de registro debe ser 11 Digitos|
179|Número de Control|15|Tamaño de registro debe ser 20 Digitos|
180|Total de Pagos||Tamaño de registro debe ser 4 Digitos|
180|Pagos Efectuados||Tamaño de registro debe ser 4 Digitos|
180|Nombre del Producto|PRDR040|Tamaño de registro debe ser 11 Digitos|
180|Número de Control|15|Tamaño de registro debe ser 20 Digitos|
181|Total de Pagos||Tamaño de registro debe ser 4 Digitos|
181|Pagos Efectuados||Tamaño de registro debe ser 4 Digitos|
181|Nombre del Producto|PRDR040|Tamaño de registro debe ser 11 Digitos|
181|Número de Control|15|Tamaño de registro debe ser 20 Digitos|
182|Total de Pagos||Tamaño de registro debe ser 4 Digitos|
182|Pagos Efectuados||Tamaño de registro debe ser 4 Digitos|
182|Nombre del Producto|PRDR040|Tamaño de registro debe ser 11 Digitos|
182|Número de Control|15|Tamaño de registro debe ser 20 Digitos|
183|Total de Pagos||Tamaño de registro debe ser 4 Digitos|
183|Pagos Efectuados||Tamaño de registro debe ser 4 Digitos|
183|Nombre del Producto|PRDR040|Tamaño de registro debe ser 11 Digitos|
183|Número de Control|15|Tamaño de registro debe ser 20 Digitos|
184|Total de Pagos||Tamaño de registro debe ser 4 Digitos|
184|Pagos Efectuados||Tamaño de registro debe ser 4 Digitos|
184|Nombre del Producto|PRDR040|Tamaño de registro debe ser 11 Digitos|
184|Número de Control|15|Tamaño de registro debe ser 20 Digitos|
185|Total de Pagos||Tamaño de registro debe ser 4 Digitos|
185|Pagos Efectuados||Tamaño de registro debe ser 4 Digitos|
185|Nombre del Producto|PRDR040|Tamaño de registro debe ser 11 Digitos|
185|Número de Control|15|Tamaño de registro debe ser 20 Digitos|
186|Total de Pagos||Tamaño de registro debe ser 4 Digitos|
186|Pagos Efectuados||Tamaño de registro debe ser 4 Digitos|
186|Nombre del Producto|PRDR040|Tamaño de registro debe ser 11 Digitos|
186|Número de Control|15|Tamaño de registro debe ser 20 Digitos|
187|Total de Pagos||Tamaño de registro debe ser 4 Digitos|
187|Pagos Efectuados||Tamaño de registro debe ser 4 Digitos|
187|Nombre del Producto|PRDR040|Tamaño de registro debe ser 11 Digitos|
187|Número de Control|16|Tamaño de registro debe ser 20 Digitos|
188|Total de Pagos||Tamaño de registro debe ser 4 Digitos|
188|Pagos Efectuados||Tamaño de registro debe ser 4 Digitos|
188|Nombre del Producto|PRDR040|Tamaño de registro debe ser 11 Digitos|
188|Número de Control|16|Tamaño de registro debe ser 20 Digitos|
189|Total de Pagos||Tamaño de registro debe ser 4 Digitos|
189|Pagos Efectuados||Tamaño de registro debe ser 4 Digitos|
189|Nombre del Producto|PRDR040|Tamaño de registro debe ser 11 Digitos|
189|Número de Control|16|Tamaño de registro debe ser 20 Digitos|
190|Total de Pagos||Tamaño de registro debe ser 4 Digitos|
190|Pagos Efectuados||Tamaño de registro debe ser 4 Digitos|
190|Nombre del Producto|PRDR040|Tamaño de registro debe ser 11 Digitos|
190|Número de Control|16|Tamaño de registro debe ser 20 Digitos|
191|Total de Pagos||Tamaño de registro debe ser 4 Digitos|
191|Pagos Efectuados||Tamaño de registro debe ser 4 Digitos|
191|Nombre del Producto|PRDR040|Tamaño de registro debe ser 11 Digitos|
191|Número de Control|16|Tamaño de registro debe ser 20 Digitos|
192|Total de Pagos||Tamaño de registro debe ser 4 Digitos|
192|Pagos Efectuados||Tamaño de registro debe ser 4 Digitos|
192|Nombre del Producto|PRDR040|Tamaño de registro debe ser 11 Digitos|
192|Número de Control|16|Tamaño de registro debe ser 20 Digitos|
193|Total de Pagos||Tamaño de registro debe ser 4 Digitos|
193|Pagos Efectuados||Tamaño de registro debe ser 4 Digitos|
193|Nombre del Producto|PRDR040|Tamaño de registro debe ser 11 Digitos|
193|Número de Control|16|Tamaño de registro debe ser 20 Digitos|
194|Total de Pagos||Tamaño de registro debe ser 4 Digitos|
194|Pagos Efectuados||Tamaño de registro debe ser 4 Digitos|
194|Nombre del Producto|PRDR040|Tamaño de registro debe ser 11 Digitos|
194|Número de Control|16|Tamaño de registro debe ser 20 Digitos|
195|Total de Pagos||Tamaño de registro debe ser 4 Digitos|
195|Pagos Efectuados||Tamaño de registro debe ser 4 Digitos|
195|Nombre del Producto|PRDR040|Tamaño de registro debe ser 11 Digitos|
195|Número de Control|16|Tamaño de registro debe ser 20 Digitos|
196|Tipo de Concepto|4|No cumple con la Directiva de Calidad definida por la DGRH [1-2]|
196|Importe|-24.75|Tamaño de registro debe ser mayor a CERO|
196|Total de Pagos||Tamaño de registro debe ser 4 Digitos|
196|Pagos Efectuados||Tamaño de registro debe ser 4 Digitos|
196|Nombre del Producto|PRDR040|Tamaño de registro debe ser 11 Digitos|
196|Número de Control|16|Tamaño de registro debe ser 20 Digitos|
