1|(1)Numero Empleado|1100000005|Identificador de estado Invalido (01)|
1|(9)Clave del Banco (CLABE)||Tamaño de Clave del Banco (CLABE) debe ser 18 dígitos|
1|(10)Clave del Servicio Profesional de Carrera (FUNCION)|9|Tamaño de Clave del Servicio Profesional de Carrera (FUNCION) debe ser 2 dígitos|
1|(19)Programa General|11|La Programa General no es parte del catalogo de DGRH|
1|(23)Puesto| M03023|El Puesto no es parte del catalogo de DGRH|
1|(24)Número de Puesto|0120|El Número Puesto no es parte del catalogo de DGRH|
1|(27)Centro de Responsabilidad|1104020000|El Centro de Responsabilidad no corresponde al Estado|
1|(28)Cédula de Identidad (NSS)|000080076916982|Tamaño de campo Cédula de Identidad (NSS) debe ser  a 11 Caracters|
1|(30)Número de AHISA-Fuente de Financiamiento|1|Tamaño de campo Número de AHISA-Fuente de Financiamiento debe ser de 2 Digítos|
1|(38)Nivel de puesto - Nivel de puesto SPC||Nivel de puesto - Nivel de puesto SPC debe ser de 10 Digítos|
1|(42)Fecha de Reingreso|19901101|Fecha de Reingreso no puede ser menor a Fecha de Ingreso al Gobierno Federal|
1|(44)Fecha de Pago|140116|Fecha de Pago debe ser de 9 Caracteres(DDMMMAAAA (AAAA=año, MM=mes(primeras 3 letras), DD=día))|
1|(48)Periodo de Aplicación Final|20160115|No Corresponde a datos de Aplicacion Final (15/28/29/30/31)|
1|(50)Año de Proceso Real|2016|No se aceptan años posteriores a año de periodo de pago inicial y perido de pago final |
1|(54)Percepciones |23435.34|Percepciones debe  ser de 10 digitos y 2 decimales|
1|(55)Deducciones |13745.9|Deducciones debe  ser de 10 digitos y 2 decimales |
1|(56)Neto|9689.44|Neto debe  ser de 10 digitos y 2 decimales |
1|(59)Nombre del Producto|PRDR010|Nombre del Producto debe  ser de 11 caracteres/numeros|
1|(61)Número de Cheque|000568309|Número de Cheque debe  ser de 10 Digitos|
1|(65)Ciclo del FONAC|26|Ciclo del FONAC debe  ser de 4 Digitos|
1|(66)Número de Aportaciones al FONAC||Número de Aportaciones al FONAC debe  ser de 2 Digitos|
1|(67)Acumulado de FONAC|101.75|Acumulado de FONAC debe  ser de 10 Digitos|
1|(69)Licencia sin Goce de Sueldo / CLUES|GTSSA000112|Licencia sin Goce de Sueldo / CLUES No coincide el catalogo definido por la DGRH|
1|(70)Porcentaje de Pensión 01 |00000000|Porcentaje de Pensión 01   ser de 3 enteros y 2 decimales(###.##)|
1|(71)Porcentaje de Pensión 02 |00000000|Porcentaje de Pensión 02   ser de 3 enteros y 2 decimales(###.##)|
1|(72)Porcentaje de Pensión 03|00000000|Porcentaje de Pensión 03 ser de 3 enteros y 2 decimales(###.##)|
1|(73)Porcentaje de Pensión 04|00000000|Porcentaje de Pensión 04 ser de 3 enteros y 2 decimales(###.##)|
1|(74)Porcentaje de Pensión 05|00000000|Porcentaje de Pensión 04 ser de 3 enteros y 2 decimales(###.##)|
2|(1)Numero Empleado|1100000006|Identificador de estado Invalido (01)|
2|(9)Clave del Banco (CLABE)||Tamaño de Clave del Banco (CLABE) debe ser 18 dígitos|
2|(10)Clave del Servicio Profesional de Carrera (FUNCION)|9|Tamaño de Clave del Servicio Profesional de Carrera (FUNCION) debe ser 2 dígitos|
2|(19)Programa General|11|La Programa General no es parte del catalogo de DGRH|
2|(23)Puesto| M03020|El Puesto no es parte del catalogo de DGRH|
2|(24)Número de Puesto|0017|El Número Puesto no es parte del catalogo de DGRH|
2|(26)Municipio|027|El Municipio no es parte del catalogo de DGRH|
2|(27)Centro de Responsabilidad|1105000000|El Centro de Responsabilidad no corresponde al Estado|
2|(28)Cédula de Identidad (NSS)|000080098156153|Tamaño de campo Cédula de Identidad (NSS) debe ser  a 11 Caracters|
2|(30)Número de AHISA-Fuente de Financiamiento|1|Tamaño de campo Número de AHISA-Fuente de Financiamiento debe ser de 2 Digítos|
2|(38)Nivel de puesto - Nivel de puesto SPC||Nivel de puesto - Nivel de puesto SPC debe ser de 10 Digítos|
2|(42)Fecha de Reingreso|20030116|Fecha de Reingreso no puede ser menor a Fecha de Ingreso al Gobierno Federal|
2|(44)Fecha de Pago|140116|Fecha de Pago debe ser de 9 Caracteres(DDMMMAAAA (AAAA=año, MM=mes(primeras 3 letras), DD=día))|
2|(48)Periodo de Aplicación Final|20160115|No Corresponde a datos de Aplicacion Final (15/28/29/30/31)|
2|(50)Año de Proceso Real|2016|No se aceptan años posteriores a año de periodo de pago inicial y perido de pago final |
2|(54)Percepciones |6456.25|Percepciones debe  ser de 10 digitos y 2 decimales|
2|(55)Deducciones |1291.75|Deducciones debe  ser de 10 digitos y 2 decimales |
2|(56)Neto|5164.5|Neto debe  ser de 10 digitos y 2 decimales |
2|(59)Nombre del Producto|PRDR010|Nombre del Producto debe  ser de 11 caracteres/numeros|
2|(61)Número de Cheque|000568310|Número de Cheque debe  ser de 10 Digitos|
2|(65)Ciclo del FONAC|26|Ciclo del FONAC debe  ser de 4 Digitos|
2|(66)Número de Aportaciones al FONAC||Número de Aportaciones al FONAC debe  ser de 2 Digitos|
2|(67)Acumulado de FONAC|250.25|Acumulado de FONAC debe  ser de 10 Digitos|
2|(69)Licencia sin Goce de Sueldo / CLUES|GTSSA016534|Licencia sin Goce de Sueldo / CLUES No coincide el catalogo definido por la DGRH|
2|(70)Porcentaje de Pensión 01 |00000000|Porcentaje de Pensión 01   ser de 3 enteros y 2 decimales(###.##)|
2|(71)Porcentaje de Pensión 02 |00000000|Porcentaje de Pensión 02   ser de 3 enteros y 2 decimales(###.##)|
2|(72)Porcentaje de Pensión 03|00000000|Porcentaje de Pensión 03 ser de 3 enteros y 2 decimales(###.##)|
2|(73)Porcentaje de Pensión 04|00000000|Porcentaje de Pensión 04 ser de 3 enteros y 2 decimales(###.##)|
2|(74)Porcentaje de Pensión 05|00000000|Porcentaje de Pensión 04 ser de 3 enteros y 2 decimales(###.##)|
