1|(1)Numero Empleado|1100000005|Identificador de estado Invalido (01)|
1|Total de Pagos||Tamaño de registro debe ser 4 Digitos|
1|Pagos Efectuados||Tamaño de registro debe ser 4 Digitos|
1|Nombre del Producto|PRDR010|Tamaño de registro debe ser 11 Digitos|
1|Número de Control|000001|Tamaño de registro debe ser 20 Digitos|
2|(1)Numero Empleado|1100000005|Identificador de estado Invalido (01)|
2|Total de Pagos||Tamaño de registro debe ser 4 Digitos|
2|Pagos Efectuados||Tamaño de registro debe ser 4 Digitos|
2|Nombre del Producto|PRDR010|Tamaño de registro debe ser 11 Digitos|
2|Número de Control|000001|Tamaño de registro debe ser 20 Digitos|
3|(1)Numero Empleado|1100000005|Identificador de estado Invalido (01)|
3|Total de Pagos||Tamaño de registro debe ser 4 Digitos|
3|Pagos Efectuados||Tamaño de registro debe ser 4 Digitos|
3|Nombre del Producto|PRDR010|Tamaño de registro debe ser 11 Digitos|
3|Número de Control|000001|Tamaño de registro debe ser 20 Digitos|
4|(1)Numero Empleado|1100000005|Identificador de estado Invalido (01)|
4|Total de Pagos||Tamaño de registro debe ser 4 Digitos|
4|Pagos Efectuados||Tamaño de registro debe ser 4 Digitos|
4|Nombre del Producto|PRDR010|Tamaño de registro debe ser 11 Digitos|
4|Número de Control|000001|Tamaño de registro debe ser 20 Digitos|
5|(1)Numero Empleado|1100000005|Identificador de estado Invalido (01)|
5|Total de Pagos||Tamaño de registro debe ser 4 Digitos|
5|Pagos Efectuados||Tamaño de registro debe ser 4 Digitos|
5|Nombre del Producto|PRDR010|Tamaño de registro debe ser 11 Digitos|
5|Número de Control|000001|Tamaño de registro debe ser 20 Digitos|
6|(1)Numero Empleado|1100000005|Identificador de estado Invalido (01)|
6|Total de Pagos||Tamaño de registro debe ser 4 Digitos|
6|Pagos Efectuados||Tamaño de registro debe ser 4 Digitos|
6|Nombre del Producto|PRDR010|Tamaño de registro debe ser 11 Digitos|
6|Número de Control|000001|Tamaño de registro debe ser 20 Digitos|
7|(1)Numero Empleado|1100000005|Identificador de estado Invalido (01)|
7|Total de Pagos||Tamaño de registro debe ser 4 Digitos|
7|Pagos Efectuados||Tamaño de registro debe ser 4 Digitos|
7|Nombre del Producto|PRDR010|Tamaño de registro debe ser 11 Digitos|
7|Número de Control|000001|Tamaño de registro debe ser 20 Digitos|
8|(1)Numero Empleado|1100000005|Identificador de estado Invalido (01)|
8|Total de Pagos||Tamaño de registro debe ser 4 Digitos|
8|Pagos Efectuados||Tamaño de registro debe ser 4 Digitos|
8|Nombre del Producto|PRDR010|Tamaño de registro debe ser 11 Digitos|
8|Número de Control|000001|Tamaño de registro debe ser 20 Digitos|
9|(1)Numero Empleado|1100000005|Identificador de estado Invalido (01)|
9|Total de Pagos||Tamaño de registro debe ser 4 Digitos|
9|Pagos Efectuados||Tamaño de registro debe ser 4 Digitos|
9|Nombre del Producto|PRDR010|Tamaño de registro debe ser 11 Digitos|
9|Número de Control|000001|Tamaño de registro debe ser 20 Digitos|
10|(1)Numero Empleado|1100000005|Identificador de estado Invalido (01)|
10|Total de Pagos||Tamaño de registro debe ser 4 Digitos|
10|Pagos Efectuados||Tamaño de registro debe ser 4 Digitos|
10|Nombre del Producto|PRDR010|Tamaño de registro debe ser 11 Digitos|
10|Número de Control|000001|Tamaño de registro debe ser 20 Digitos|
11|(1)Numero Empleado|1100000005|Identificador de estado Invalido (01)|
11|Total de Pagos||Tamaño de registro debe ser 4 Digitos|
11|Pagos Efectuados||Tamaño de registro debe ser 4 Digitos|
11|Nombre del Producto|PRDR010|Tamaño de registro debe ser 11 Digitos|
11|Número de Control|000001|Tamaño de registro debe ser 20 Digitos|
12|(1)Numero Empleado|1100000005|Identificador de estado Invalido (01)|
12|Total de Pagos||Tamaño de registro debe ser 4 Digitos|
12|Pagos Efectuados||Tamaño de registro debe ser 4 Digitos|
12|Nombre del Producto|PRDR010|Tamaño de registro debe ser 11 Digitos|
12|Número de Control|000001|Tamaño de registro debe ser 20 Digitos|
13|(1)Numero Empleado|1100000005|Identificador de estado Invalido (01)|
13|Total de Pagos||Tamaño de registro debe ser 4 Digitos|
13|Pagos Efectuados||Tamaño de registro debe ser 4 Digitos|
13|Nombre del Producto|PRDR010|Tamaño de registro debe ser 11 Digitos|
13|Número de Control|000001|Tamaño de registro debe ser 20 Digitos|
14|(1)Numero Empleado|1100000005|Identificador de estado Invalido (01)|
14|Total de Pagos||Tamaño de registro debe ser 4 Digitos|
14|Pagos Efectuados||Tamaño de registro debe ser 4 Digitos|
14|Nombre del Producto|PRDR010|Tamaño de registro debe ser 11 Digitos|
14|Número de Control|000001|Tamaño de registro debe ser 20 Digitos|
15|(1)Numero Empleado|1100000005|Identificador de estado Invalido (01)|
15|Total de Pagos||Tamaño de registro debe ser 4 Digitos|
15|Pagos Efectuados||Tamaño de registro debe ser 4 Digitos|
15|Nombre del Producto|PRDR010|Tamaño de registro debe ser 11 Digitos|
15|Número de Control|000001|Tamaño de registro debe ser 20 Digitos|
16|(1)Numero Empleado|1100000005|Identificador de estado Invalido (01)|
16|Total de Pagos||Tamaño de registro debe ser 4 Digitos|
16|Pagos Efectuados||Tamaño de registro debe ser 4 Digitos|
16|Nombre del Producto|PRDR010|Tamaño de registro debe ser 11 Digitos|
16|Número de Control|000001|Tamaño de registro debe ser 20 Digitos|
17|(1)Numero Empleado|1100000005|Identificador de estado Invalido (01)|
17|Total de Pagos||Tamaño de registro debe ser 4 Digitos|
17|Pagos Efectuados||Tamaño de registro debe ser 4 Digitos|
17|Nombre del Producto|PRDR010|Tamaño de registro debe ser 11 Digitos|
17|Número de Control|000001|Tamaño de registro debe ser 20 Digitos|
18|(1)Numero Empleado|1100000005|Identificador de estado Invalido (01)|
18|Total de Pagos||Tamaño de registro debe ser 4 Digitos|
18|Pagos Efectuados||Tamaño de registro debe ser 4 Digitos|
18|Nombre del Producto|PRDR010|Tamaño de registro debe ser 11 Digitos|
18|Número de Control|000001|Tamaño de registro debe ser 20 Digitos|
19|(1)Numero Empleado|1100000005|Identificador de estado Invalido (01)|
19|Total de Pagos||Tamaño de registro debe ser 4 Digitos|
19|Pagos Efectuados||Tamaño de registro debe ser 4 Digitos|
19|Nombre del Producto|PRDR010|Tamaño de registro debe ser 11 Digitos|
19|Número de Control|000001|Tamaño de registro debe ser 20 Digitos|
20|(1)Numero Empleado|1100000005|Identificador de estado Invalido (01)|
20|Total de Pagos||Tamaño de registro debe ser 4 Digitos|
20|Pagos Efectuados||Tamaño de registro debe ser 4 Digitos|
20|Nombre del Producto|PRDR010|Tamaño de registro debe ser 11 Digitos|
20|Número de Control|000001|Tamaño de registro debe ser 20 Digitos|
21|(1)Numero Empleado|1100000005|Identificador de estado Invalido (01)|
21|Nombre del Producto|PRDR010|Tamaño de registro debe ser 11 Digitos|
21|Número de Control|000001|Tamaño de registro debe ser 20 Digitos|
22|(1)Numero Empleado|1100000005|Identificador de estado Invalido (01)|
22|Total de Pagos||Tamaño de registro debe ser 4 Digitos|
22|Pagos Efectuados||Tamaño de registro debe ser 4 Digitos|
22|Nombre del Producto|PRDR010|Tamaño de registro debe ser 11 Digitos|
22|Número de Control|000001|Tamaño de registro debe ser 20 Digitos|
23|(1)Numero Empleado|1100000006|Identificador de estado Invalido (01)|
23|Total de Pagos||Tamaño de registro debe ser 4 Digitos|
23|Pagos Efectuados||Tamaño de registro debe ser 4 Digitos|
23|Nombre del Producto|PRDR010|Tamaño de registro debe ser 11 Digitos|
23|Número de Control|000002|Tamaño de registro debe ser 20 Digitos|
24|(1)Numero Empleado|1100000006|Identificador de estado Invalido (01)|
24|Total de Pagos||Tamaño de registro debe ser 4 Digitos|
24|Pagos Efectuados||Tamaño de registro debe ser 4 Digitos|
24|Nombre del Producto|PRDR010|Tamaño de registro debe ser 11 Digitos|
24|Número de Control|000002|Tamaño de registro debe ser 20 Digitos|
25|(1)Numero Empleado|1100000006|Identificador de estado Invalido (01)|
25|Total de Pagos||Tamaño de registro debe ser 4 Digitos|
25|Pagos Efectuados||Tamaño de registro debe ser 4 Digitos|
25|Nombre del Producto|PRDR010|Tamaño de registro debe ser 11 Digitos|
25|Número de Control|000002|Tamaño de registro debe ser 20 Digitos|
26|(1)Numero Empleado|1100000006|Identificador de estado Invalido (01)|
26|Total de Pagos||Tamaño de registro debe ser 4 Digitos|
26|Pagos Efectuados||Tamaño de registro debe ser 4 Digitos|
26|Nombre del Producto|PRDR010|Tamaño de registro debe ser 11 Digitos|
26|Número de Control|000002|Tamaño de registro debe ser 20 Digitos|
27|(1)Numero Empleado|1100000006|Identificador de estado Invalido (01)|
27|Total de Pagos||Tamaño de registro debe ser 4 Digitos|
27|Pagos Efectuados||Tamaño de registro debe ser 4 Digitos|
27|Nombre del Producto|PRDR010|Tamaño de registro debe ser 11 Digitos|
27|Número de Control|000002|Tamaño de registro debe ser 20 Digitos|
28|(1)Numero Empleado|1100000006|Identificador de estado Invalido (01)|
28|Total de Pagos||Tamaño de registro debe ser 4 Digitos|
28|Pagos Efectuados||Tamaño de registro debe ser 4 Digitos|
28|Nombre del Producto|PRDR010|Tamaño de registro debe ser 11 Digitos|
28|Número de Control|000002|Tamaño de registro debe ser 20 Digitos|
29|(1)Numero Empleado|1100000006|Identificador de estado Invalido (01)|
29|Total de Pagos||Tamaño de registro debe ser 4 Digitos|
29|Pagos Efectuados||Tamaño de registro debe ser 4 Digitos|
29|Nombre del Producto|PRDR010|Tamaño de registro debe ser 11 Digitos|
29|Número de Control|000002|Tamaño de registro debe ser 20 Digitos|
30|(1)Numero Empleado|1100000006|Identificador de estado Invalido (01)|
30|Total de Pagos||Tamaño de registro debe ser 4 Digitos|
30|Pagos Efectuados||Tamaño de registro debe ser 4 Digitos|
30|Nombre del Producto|PRDR010|Tamaño de registro debe ser 11 Digitos|
30|Número de Control|000002|Tamaño de registro debe ser 20 Digitos|
31|(1)Numero Empleado|1100000006|Identificador de estado Invalido (01)|
31|Total de Pagos||Tamaño de registro debe ser 4 Digitos|
31|Pagos Efectuados||Tamaño de registro debe ser 4 Digitos|
31|Nombre del Producto|PRDR010|Tamaño de registro debe ser 11 Digitos|
31|Número de Control|000002|Tamaño de registro debe ser 20 Digitos|
32|(1)Numero Empleado|1100000006|Identificador de estado Invalido (01)|
32|Total de Pagos||Tamaño de registro debe ser 4 Digitos|
32|Pagos Efectuados||Tamaño de registro debe ser 4 Digitos|
32|Nombre del Producto|PRDR010|Tamaño de registro debe ser 11 Digitos|
32|Número de Control|000002|Tamaño de registro debe ser 20 Digitos|
33|(1)Numero Empleado|1100000006|Identificador de estado Invalido (01)|
33|Total de Pagos||Tamaño de registro debe ser 4 Digitos|
33|Pagos Efectuados||Tamaño de registro debe ser 4 Digitos|
33|Nombre del Producto|PRDR010|Tamaño de registro debe ser 11 Digitos|
33|Número de Control|000002|Tamaño de registro debe ser 20 Digitos|
34|(1)Numero Empleado|1100000006|Identificador de estado Invalido (01)|
34|Total de Pagos||Tamaño de registro debe ser 4 Digitos|
34|Pagos Efectuados||Tamaño de registro debe ser 4 Digitos|
34|Nombre del Producto|PRDR010|Tamaño de registro debe ser 11 Digitos|
34|Número de Control|000002|Tamaño de registro debe ser 20 Digitos|
35|(1)Numero Empleado|1100000006|Identificador de estado Invalido (01)|
35|Total de Pagos||Tamaño de registro debe ser 4 Digitos|
35|Pagos Efectuados||Tamaño de registro debe ser 4 Digitos|
35|Nombre del Producto|PRDR010|Tamaño de registro debe ser 11 Digitos|
35|Número de Control|000002|Tamaño de registro debe ser 20 Digitos|
36|(1)Numero Empleado|1100000006|Identificador de estado Invalido (01)|
36|Total de Pagos||Tamaño de registro debe ser 4 Digitos|
36|Pagos Efectuados||Tamaño de registro debe ser 4 Digitos|
36|Nombre del Producto|PRDR010|Tamaño de registro debe ser 11 Digitos|
36|Número de Control|000002|Tamaño de registro debe ser 20 Digitos|
37|(1)Numero Empleado|1100000006|Identificador de estado Invalido (01)|
37|Total de Pagos||Tamaño de registro debe ser 4 Digitos|
37|Pagos Efectuados||Tamaño de registro debe ser 4 Digitos|
37|Nombre del Producto|PRDR010|Tamaño de registro debe ser 11 Digitos|
37|Número de Control|000002|Tamaño de registro debe ser 20 Digitos|
38|(1)Numero Empleado|1100000006|Identificador de estado Invalido (01)|
38|Total de Pagos||Tamaño de registro debe ser 4 Digitos|
38|Pagos Efectuados||Tamaño de registro debe ser 4 Digitos|
38|Nombre del Producto|PRDR010|Tamaño de registro debe ser 11 Digitos|
38|Número de Control|000002|Tamaño de registro debe ser 20 Digitos|
39|(1)Numero Empleado|1100000006|Identificador de estado Invalido (01)|
39|Total de Pagos||Tamaño de registro debe ser 4 Digitos|
39|Pagos Efectuados||Tamaño de registro debe ser 4 Digitos|
39|Nombre del Producto|PRDR010|Tamaño de registro debe ser 11 Digitos|
39|Número de Control|000002|Tamaño de registro debe ser 20 Digitos|
40|(1)Numero Empleado|1100000006|Identificador de estado Invalido (01)|
40|Nombre del Producto|PRDR010|Tamaño de registro debe ser 11 Digitos|
40|Número de Control|000002|Tamaño de registro debe ser 20 Digitos|
41|(1)Numero Empleado|1100000006|Identificador de estado Invalido (01)|
41|Total de Pagos||Tamaño de registro debe ser 4 Digitos|
41|Pagos Efectuados||Tamaño de registro debe ser 4 Digitos|
41|Nombre del Producto|PRDR010|Tamaño de registro debe ser 11 Digitos|
41|Número de Control|000002|Tamaño de registro debe ser 20 Digitos|
