
SQL*Loader: Release 11.2.0.2.0 - Production on Tue Aug 9 17:58:26 2016

Copyright (c) 1982, 2009, Oracle and/or its affiliates.  All rights reserved.

Control File:   cuete.ctl
Data File:      cuete.dat
  Bad File:     cuete.bad
  Discard File:  none specified
 
 (Allow all discards)

Number to load: ALL
Number to skip: 0
Errors allowed: 1
Bind array:     64 rows, maximum of 256000 bytes
Continuation:    none specified
Path used:      Conventional

Table "PRO_NOMINA"."TABLA", loaded from every logical record.
Insert option in effect for this table: APPEND
TRAILING NULLCOLS option in effect

   Column Name                  Position   Len  Term Encl Datatype
------------------------------ ---------- ----- ---- ---- ---------------------
"COL1"                              FIRST     *   |  O(") CHARACTER            
"COL2"                                                    CONSTANT
    Value is 'x'
"COL3"                               NEXT     *   |  O(") CHARACTER            


Table "PRO_NOMINA"."TABLA":
  3 Rows successfully loaded.
  0 Rows not loaded due to data errors.
  0 Rows not loaded because all WHEN clauses were failed.
  0 Rows not loaded because all fields were null.


Space allocated for bind array:                  33152 bytes(64 rows)
Read   buffer bytes: 1048576

Total logical records skipped:          0
Total logical records read:             3
Total logical records rejected:         0
Total logical records discarded:        0

Run began on Tue Aug 09 17:58:26 2016
Run ended on Tue Aug 09 17:58:26 2016

Elapsed time was:     00:00:00.37
CPU time was:         00:00:00.01
